Flow report for LimeSDR-Mini_lms7_trx
Fri Sep 14 13:29:07 2018
Quartus Prime Version 18.0.0 Build 614 04/24/2018 SJ Lite Edition


---------------------
; Table of Contents ;
---------------------
  1. Legal Notice
  2. Flow Summary
  3. Flow Settings
  4. Flow Non-Default Global Settings
  5. Flow Elapsed Time
  6. Flow OS Summary
  7. Flow Log
  8. Flow Messages
  9. Flow Suppressed Messages



----------------
; Legal Notice ;
----------------
Copyright (C) 2018  Intel Corporation. All rights reserved.
Your use of Intel Corporation's design tools, logic functions 
and other software and tools, and its AMPP partner logic 
functions, and any output files from any of the foregoing 
(including device programming or simulation files), and any 
associated documentation or information are expressly subject 
to the terms and conditions of the Intel Program License 
Subscription Agreement, the Intel Quartus Prime License Agreement,
the Intel FPGA IP License Agreement, or other applicable license
agreement, including, without limitation, that your use is for
the sole purpose of programming logic devices manufactured by
Intel and sold by Intel or its authorized distributors.  Please
refer to the applicable agreement for further details.



+----------------------------------------------------------------------------------+
; Flow Summary                                                                     ;
+------------------------------------+---------------------------------------------+
; Flow Status                        ; Successful - Fri Sep 14 13:29:07 2018       ;
; Quartus Prime Version              ; 18.0.0 Build 614 04/24/2018 SJ Lite Edition ;
; Revision Name                      ; LimeSDR-Mini_lms7_trx                       ;
; Top-level Entity Name              ; lms7_trx_top                                ;
; Family                             ; MAX 10                                      ;
; Device                             ; 10M16SAU169C8G                              ;
; Timing Models                      ; Final                                       ;
; Total logic elements               ; 12,536 / 15,840 ( 79 % )                    ;
;     Total combinational functions  ; 8,838 / 15,840 ( 56 % )                     ;
;     Dedicated logic registers      ; 9,588 / 15,840 ( 61 % )                     ;
; Total registers                    ; 9686                                        ;
; Total pins                         ; 117 / 130 ( 90 % )                          ;
; Total virtual pins                 ; 0                                           ;
; Total memory bits                  ; 412,178 / 562,176 ( 73 % )                  ;
; Embedded Multiplier 9-bit elements ; 0 / 90 ( 0 % )                              ;
; Total PLLs                         ; 1 / 1 ( 100 % )                             ;
; UFM blocks                         ; 1 / 1 ( 100 % )                             ;
; ADC blocks                         ; 0 / 1 ( 0 % )                               ;
+------------------------------------+---------------------------------------------+


+-------------------------------------------+
; Flow Settings                             ;
+-------------------+-----------------------+
; Option            ; Setting               ;
+-------------------+-----------------------+
; Start date & time ; 09/14/2018 13:25:59   ;
; Main task         ; Compilation           ;
; Revision Name     ; LimeSDR-Mini_lms7_trx ;
+-------------------+-----------------------+


+--------------------------------------------------------------------------------------------------------------------------------------------------------------------------+
; Flow Non-Default Global Settings                                                                                                                                         ;
+--------------------------------------+--------------------------------------------------------------------+-----------------------+---------------------+----------------+
; Assignment Name                      ; Value                                                              ; Default Value         ; Entity Name         ; Section Id     ;
+--------------------------------------+--------------------------------------------------------------------+-----------------------+---------------------+----------------+
; AUTO_GLOBAL_REGISTER_CONTROLS        ; Off                                                                ; On                    ; --                  ; --             ;
; AUTO_MERGE_PLLS                      ; Off                                                                ; On                    ; --                  ; --             ;
; COMPILER_SIGNATURE_ID                ; 247207020763958.153692795911484                                    ; --                    ; --                  ; --             ;
; EDA_OUTPUT_DATA_FORMAT               ; Vhdl                                                               ; --                    ; --                  ; eda_simulation ;
; EDA_SIMULATION_TOOL                  ; ModelSim-Altera (VHDL)                                             ; <None>                ; --                  ; --             ;
; ENABLE_SIGNALTAP                     ; Off                                                                ; --                    ; --                  ; --             ;
; FITTER_EFFORT                        ; Standard Fit                                                       ; Auto Fit              ; --                  ; --             ;
; FLOW_ENABLE_POWER_ANALYZER           ; On                                                                 ; Off                   ; --                  ; --             ;
; MAX_CORE_JUNCTION_TEMP               ; 85                                                                 ; --                    ; --                  ; --             ;
; MESSAGE_DISABLE                      ; 332060                                                             ; --                    ; altera_onchip_flash ; --             ;
; MIN_CORE_JUNCTION_TEMP               ; 0                                                                  ; --                    ; --                  ; --             ;
; MISC_FILE                            ; lms_ctr/synthesis/../lms_ctr.cmp                                   ; --                    ; --                  ; --             ;
; MISC_FILE                            ; lms_ctr/synthesis/../../lms_ctr.qsys                               ; --                    ; --                  ; --             ;
; MISC_FILE                            ; ip/clkctrl/clkctrl/synthesis/../clkctrl.cmp                        ; --                    ; --                  ; --             ;
; MISC_FILE                            ; ip/clkctrl/clkctrl/synthesis/../../clkctrl.qsys                    ; --                    ; --                  ; --             ;
; MISC_FILE                            ; ip/ddrox13/ddrox13.cmp                                             ; --                    ; --                  ; --             ;
; MISC_FILE                            ; ip/fifo/fifo.bsf                                                   ; --                    ; --                  ; --             ;
; MISC_FILE                            ; ip/fifo/fifo.cmp                                                   ; --                    ; --                  ; --             ;
; MISC_FILE                            ; ip/pll/pll.bsf                                                     ; --                    ; --                  ; --             ;
; MISC_FILE                            ; ip/pll/pll.cmp                                                     ; --                    ; --                  ; --             ;
; MISC_FILE                            ; ip/pll/pll.ppf                                                     ; --                    ; --                  ; --             ;
; MISC_FILE                            ; ip/ddrox13/ddrox13_sim/ddrox13.vhd                                 ; --                    ; --                  ; --             ;
; MISC_FILE                            ; ip/ddrox13/ddrox13_sim/altera_gpio_lite/altera_gpio_lite.sv        ; --                    ; --                  ; --             ;
; MISC_FILE                            ; ip/ddrox13/ddrox13_sim/altera_gpio_lite/mentor/altera_gpio_lite.sv ; --                    ; --                  ; --             ;
; MISC_FILE                            ; ip/pll_reconfig_module/pll_reconfig_module.bsf                     ; --                    ; --                  ; --             ;
; MISC_FILE                            ; ip/pll_reconfig_module/pll_reconfig_module.cmp                     ; --                    ; --                  ; --             ;
; MISC_FILE                            ; ip/ddrox1/ddrox1.cmp                                               ; --                    ; --                  ; --             ;
; MISC_FILE                            ; ip/ddrox1/ddrox1_sim/ddrox1.vhd                                    ; --                    ; --                  ; --             ;
; MISC_FILE                            ; ip/ddrox1/ddrox1_sim/altera_gpio_lite/altera_gpio_lite.sv          ; --                    ; --                  ; --             ;
; MISC_FILE                            ; ip/ddrox1/ddrox1_sim/altera_gpio_lite/mentor/altera_gpio_lite.sv   ; --                    ; --                  ; --             ;
; NUM_PARALLEL_PROCESSORS              ; All                                                                ; --                    ; --                  ; --             ;
; OPTIMIZATION_MODE                    ; High Performance Effort                                            ; Balanced              ; --                  ; --             ;
; OUTPUT_IO_TIMING_FAR_END_VMEAS       ; Half Signal Swing                                                  ; --                    ; --                  ; --             ;
; OUTPUT_IO_TIMING_FAR_END_VMEAS       ; Half Signal Swing                                                  ; --                    ; --                  ; --             ;
; OUTPUT_IO_TIMING_NEAR_END_VMEAS      ; Half Vccio                                                         ; --                    ; --                  ; --             ;
; OUTPUT_IO_TIMING_NEAR_END_VMEAS      ; Half Vccio                                                         ; --                    ; --                  ; --             ;
; PARTITION_COLOR                      ; -- (Not supported for targeted family)                             ; --                    ; lms7_trx_top        ; Top            ;
; PARTITION_FITTER_PRESERVATION_LEVEL  ; -- (Not supported for targeted family)                             ; --                    ; lms7_trx_top        ; Top            ;
; PARTITION_NETLIST_TYPE               ; -- (Not supported for targeted family)                             ; --                    ; lms7_trx_top        ; Top            ;
; PHYSICAL_SYNTHESIS_COMBO_LOGIC       ; On                                                                 ; Off                   ; --                  ; --             ;
; PHYSICAL_SYNTHESIS_REGISTER_RETIMING ; On                                                                 ; Off                   ; --                  ; --             ;
; PLACEMENT_EFFORT_MULTIPLIER          ; 4.0                                                                ; 1.0                   ; --                  ; --             ;
; POST_FLOW_SCRIPT_FILE                ; quartus_sh:gen_prg_files.tcl                                       ; --                    ; --                  ; --             ;
; POWER_BOARD_THERMAL_MODEL            ; None (CONSERVATIVE)                                                ; --                    ; --                  ; --             ;
; POWER_DEFAULT_INPUT_IO_TOGGLE_RATE   ; 50 %                                                               ; 12.5%                 ; --                  ; --             ;
; POWER_DEFAULT_TOGGLE_RATE            ; 12.5 %                                                             ; 12.5%                 ; --                  ; --             ;
; POWER_PRESET_COOLING_SOLUTION        ; 23 MM HEAT SINK WITH 200 LFPM AIRFLOW                              ; --                    ; --                  ; --             ;
; POWER_USE_PVA                        ; Off                                                                ; On                    ; --                  ; --             ;
; PRE_FLOW_SCRIPT_FILE                 ; quartus_sh:gui.tcl                                                 ; --                    ; --                  ; --             ;
; PROJECT_OUTPUT_DIRECTORY             ; output_files                                                       ; --                    ; --                  ; --             ;
; ROUTER_TIMING_OPTIMIZATION_LEVEL     ; MAXIMUM                                                            ; Normal                ; --                  ; --             ;
; SEARCH_PATH                          ; software/lms_ctr_app/mem_init/                                     ; --                    ; --                  ; --             ;
; SLD_FILE                             ; lms_ctr/synthesis/lms_ctr.regmap                                   ; --                    ; --                  ; --             ;
; SLD_FILE                             ; lms_ctr/synthesis/lms_ctr.debuginfo                                ; --                    ; --                  ; --             ;
; SLD_FILE                             ; ip/clkctrl/clkctrl/synthesis/clkctrl.debuginfo                     ; --                    ; --                  ; --             ;
; SLD_INFO                             ; QSYS_NAME clkctrl HAS_SOPCINFO 1 GENERATION_ID 1500298026          ; --                    ; clkctrl             ; --             ;
; SLD_INFO                             ; QSYS_NAME lms_ctr HAS_SOPCINFO 1 GENERATION_ID 1509460762          ; --                    ; lms_ctr             ; --             ;
; SOPCINFO_FILE                        ; lms_ctr/synthesis/../../lms_ctr.sopcinfo                           ; --                    ; --                  ; --             ;
; SOPCINFO_FILE                        ; ip/clkctrl/clkctrl/synthesis/../../clkctrl.sopcinfo                ; --                    ; --                  ; --             ;
; SPD_FILE                             ; ip/ddrox13/ddrox13.spd                                             ; --                    ; --                  ; --             ;
; SPD_FILE                             ; ip/ddrox1/ddrox1.spd                                               ; --                    ; --                  ; --             ;
; SYNTHESIS_ONLY_QIP                   ; On                                                                 ; --                    ; --                  ; --             ;
; SYNTHESIS_ONLY_QIP                   ; On                                                                 ; --                    ; --                  ; --             ;
; SYNTHESIS_ONLY_QIP                   ; On                                                                 ; --                    ; --                  ; --             ;
; SYNTHESIS_ONLY_QIP                   ; On                                                                 ; --                    ; --                  ; --             ;
; TOP_LEVEL_ENTITY                     ; lms7_trx_top                                                       ; LimeSDR-Mini_lms7_trx ; --                  ; --             ;
; USE_SIGNALTAP_FILE                   ; signal_tap/debug.stp                                               ; --                    ; --                  ; --             ;
+--------------------------------------+--------------------------------------------------------------------+-----------------------+---------------------+----------------+


+--------------------------------------------------------------------------------------------------------------------------+
; Flow Elapsed Time                                                                                                        ;
+----------------------+--------------+-------------------------+---------------------+------------------------------------+
; Module Name          ; Elapsed Time ; Average Processors Used ; Peak Virtual Memory ; Total CPU Time (on all processors) ;
+----------------------+--------------+-------------------------+---------------------+------------------------------------+
; Analysis & Synthesis ; 00:01:11     ; 1.0                     ; 5181 MB             ; 00:01:27                           ;
; Fitter               ; 00:01:17     ; 1.4                     ; 6115 MB             ; 00:02:46                           ;
; Assembler            ; 00:00:02     ; 1.0                     ; 4753 MB             ; 00:00:02                           ;
; Power Analyzer       ; 00:00:10     ; 2.2                     ; 4994 MB             ; 00:00:19                           ;
; Timing Analyzer      ; 00:00:10     ; 2.5                     ; 4992 MB             ; 00:00:19                           ;
; EDA Netlist Writer   ; 00:00:04     ; 1.0                     ; 4826 MB             ; 00:00:04                           ;
; Total                ; 00:02:54     ; --                      ; --                  ; 00:04:57                           ;
+----------------------+--------------+-------------------------+---------------------+------------------------------------+


+------------------------------------------------------------------------------------+
; Flow OS Summary                                                                    ;
+----------------------+------------------+------------+------------+----------------+
; Module Name          ; Machine Hostname ; OS Name    ; OS Version ; Processor type ;
+----------------------+------------------+------------+------------+----------------+
; Analysis & Synthesis ; DESKTOP-4GU2K7R  ; Windows 10 ; 10.0       ; x86_64         ;
; Fitter               ; DESKTOP-4GU2K7R  ; Windows 10 ; 10.0       ; x86_64         ;
; Assembler            ; DESKTOP-4GU2K7R  ; Windows 10 ; 10.0       ; x86_64         ;
; Power Analyzer       ; DESKTOP-4GU2K7R  ; Windows 10 ; 10.0       ; x86_64         ;
; Timing Analyzer      ; DESKTOP-4GU2K7R  ; Windows 10 ; 10.0       ; x86_64         ;
; EDA Netlist Writer   ; DESKTOP-4GU2K7R  ; Windows 10 ; 10.0       ; x86_64         ;
+----------------------+------------------+------------+------------+----------------+


------------
; Flow Log ;
------------
quartus_map --read_settings_files=on --write_settings_files=off LimeSDR-Mini_lms7_trx -c LimeSDR-Mini_lms7_trx
quartus_fit --read_settings_files=off --write_settings_files=off LimeSDR-Mini_lms7_trx -c LimeSDR-Mini_lms7_trx
quartus_asm --read_settings_files=off --write_settings_files=off LimeSDR-Mini_lms7_trx -c LimeSDR-Mini_lms7_trx
quartus_pow --read_settings_files=off --write_settings_files=off LimeSDR-Mini_lms7_trx -c LimeSDR-Mini_lms7_trx
quartus_sta LimeSDR-Mini_lms7_trx -c LimeSDR-Mini_lms7_trx
quartus_eda --read_settings_files=off --write_settings_files=off LimeSDR-Mini_lms7_trx -c LimeSDR-Mini_lms7_trx



