ARM GAS  /tmp/ccGxO8dR.s 			page 1


   1              		.cpu cortex-m4
   2              		.eabi_attribute 27, 1
   3              		.eabi_attribute 28, 1
   4              		.eabi_attribute 20, 1
   5              		.eabi_attribute 21, 1
   6              		.eabi_attribute 23, 3
   7              		.eabi_attribute 24, 1
   8              		.eabi_attribute 25, 1
   9              		.eabi_attribute 26, 1
  10              		.eabi_attribute 30, 6
  11              		.eabi_attribute 34, 1
  12              		.eabi_attribute 18, 4
  13              		.file	"board.c"
  14              		.section	.gnu.lto_.inline.5329c9c592865f10,"",%progbits
  15 0000 789C6363 		.ascii	"x\234cc``\360g@\000\026 \342a``bZ \017d3\201\204\030"
  15      6060F067 
  15      40001620 
  15      E2616060 
  15      625A200F 
  16 0019 B9400403 		.ascii	"\271@\004\0033\023\2520\023\206\0103\206\010\003\000"
  16      3313AA30 
  16      13860833 
  16      86080300 
  17 0029 A47203AE 		.ascii	"\244r\003\256"
  18              		.text
  19              		.section	.gnu.lto___early_init.5329c9c592865f10,"",%progbits
  20 0000 789C6363 		.ascii	"x\234cc``X\000\304\\@,\012\304\014\314\014\214L\014"
  20      60605800 
  20      C45C402C 
  20      0AC40CCC 
  20      0C8C4C0C 
  21 0014 40CCC808 		.ascii	"@\314\310\010\34402\32431\3263\3660Oaf<\324\376l'\223"
  21      E43032D4 
  21      3331D633 
  21      F6304F61 
  21      663CD4FE 
  22 002b E6F20620 		.ascii	"\346\362\006 80}\033[[C\253\304\034f\006\206i\314\014"
  22      38307D1B 
  22      5B5B43AB 
  22      C41C6606 
  22      8669CC0C 
  23 003f 60C0B899 		.ascii	"`\300\270\231Q\223\001\250\354\321\306\177Sy\331X \342"
  23      519301A8 
  23      ECD1C67F 
  23      5379D958 
  23      20E2
  24 0051 8C5B18D9 		.ascii	"\214[\030\331\030@\006\255\277\304z\240\341\337\377"
  24      184006AD 
  24      BFC47AA0 
  24      E1DFFF
  25 0060 F6860367 		.ascii	"\366\206\003g\0263\356u\003\312u\200\365u2\003-c~\303"
  25      1633EE75 
  25      03CA7580 
  25      F5753203 
  25      2D637EC3 
  26 0074 D8BCE07B 		.ascii	"\330\274\340{\0173X5\320\210\235;\337\334f\257\377\333"
  26      0F335835 
ARM GAS  /tmp/ccGxO8dR.s 			page 2


  26      D0889D3B 
  26      DFDC66AF 
  26      FFDB
  27 0086 C0318799 		.ascii	"\3001\207\231q\0323P;\343V\306z\2069@\245\357\030\233"
  27      711A3350 
  27      3BE356C6 
  27      7A863940 
  27      A5EF189B 
  28 009a 16FCEE61 		.ascii	"\026\374\356a\004+\004\201\016\220,\320\004\216\244"
  28      042B0481 
  28      0E902CD0 
  28      048EA4
  29 00a9 FCC4A214 		.ascii	"\374\304\242\024\275d\006\000\327\2732\213"
  29      BD640600 
  29      D7BB328B 
  30              		.text
  31              		.section	.gnu.lto_sdc_lld_is_card_inserted.5329c9c592865f10,"",%progbits
  32 0000 789C5D50 		.ascii	"x\234]P\273J\003Q\020\235\263\263.\242&\"X\210l\221"
  32      BB4A0351 
  32      109DB3B3 
  32      2EA22622 
  32      58886C91 
  33 0014 C210D288 		.ascii	"\302\020\322\210`\347\337h\322+\372\001\271n\214k\320"
  33      60E7DF68 
  33      D22BFA01 
  33      B96E8C6B 
  33      D0
  34 0025 4A8C9175 		.ascii	"J\214\221u;\0116b\022\334\370H\232E\013\033-|\200)\254"
  34      3B093662 
  34      12DCF848 
  34      9A450B1B 
  34      2D7C8029 
  35 003a 1464B510 		.ascii	"\024d\265\020\004\353\325\271\213\225\305\274\356\234"
  35      04EBD5B9 
  35      8B95C5BC 
  35      EE9C
  36 0048 3967EE58 		.ascii	"9g\356XD4\007\242Q\211\266\030\231\004\203\304\300\342"
  36      443407A2 
  36      5189B618 
  36      990483C4 
  36      C0E2
  37 005a 19D22250 		.ascii	"\031\322\"P\311`\224\260\305;\214Z\265\367\224\312\037"
  37      C96094B0 
  37      C53B8C5A 
  37      B5F794CA 
  37      1F
  38 006b 2AE5A8B0 		.ascii	"*\345\250\260\336\267\326\313\225\011_\240\273L\230"
  38      DEB7D6CB 
  38      95095FA0 
  38      BB4C98
  39 007a B531A339 		.ascii	"\2651\2439p\202\274 \357\326Z>o\262/$\246\224_\267\336"
  39      7082BC20 
  39      EFD65A3E 
  39      6FB22F24 
  39      A6945FB7 
  40 008f 6B5A9706 		.ascii	"kZ\227\0062R\276?\\\273i\036\006I\336?>\352\216\344"
  40      3252BE3F 
ARM GAS  /tmp/ccGxO8dR.s 			page 3


  40      5CBB691E 
  40      0649DE3F 
  40      3EEA8EE4 
  41 00a3 1A09E763 		.ascii	"\032\011\347c\203\325\224\317\214S\260&\355\300F\000"
  41      83D594CF 
  41      8C53B026 
  41      EDC04600 
  42 00b3 9BE48970 		.ascii	"\233\344\211p\206\234\306\277\264\343Z\3122\265\250"
  42      869CC6BF 
  42      B4E35ACA 
  42      32B5A8
  43 00c2 A89DC392 		.ascii	"\250\235\303\222\025\011\322\010.\367{V\366@\251m\025"
  43      1509D208 
  43      2EF77B56 
  43      F640A96D 
  43      15
  44 00d3 C6DEF86A 		.ascii	"\306\336\370j\271\262\247\314\377\353\011\364\002\331"
  44      B9B2A7CC 
  44      FFEB09F4 
  44      02D9
  45 00e1 E6FD40A8 		.ascii	"\346\375@\250\342\037W\205o\223Q\360<\306 \015\244\015"
  45      E21F5785 
  45      6F9351F0 
  45      3CC6200D 
  45      A40D
  46 00f3 EDA8CA72 		.ascii	"\355\250\312r\004\376\200\363\0355\257,-\341\261\026"
  46      04FE80F3 
  46      1D35AF2C 
  46      2DE1B116 
  47 0103 E8B837ED 		.ascii	"\350\2707\355!\375\011\002\320\205\235@e\202#\271T]"
  47      21FD0902 
  47      D0859D40 
  47      658223B9 
  47      545D
  48 0115 924F3899 		.ascii	"\222O8\231?8%l\022\204jpaq~\2718] s\245XX\372\005\243"
  48      3F38256C 
  48      12846A70 
  48      61717EB9 
  48      385D2073 
  49 012f C65EF4   		.ascii	"\306^\364"
  50              		.text
  51              		.section	.gnu.lto_sdc_lld_is_write_protected.5329c9c592865f10,"",%progbits
  52 0000 789C5D50 		.ascii	"x\234]P\273J\003Q\020\235\263\263^\005MDH!\270E\012"
  52      BB4A0351 
  52      109DB3B3 
  52      5E054D44 
  52      4821B845 
  53 0015 43482382 		.ascii	"CH#\202\235\177\243I\037\321\017\310u\343\032\203Vb"
  53      9D7FA349 
  53      1FD10FC8 
  53      75E31A83 
  53      5662
  54 0027 1289DB49 		.ascii	"\022\211\333I\260\021\037\030_I\263DP\033\021\265\320"
  54      B0111F18 
  54      5F49B344 
  54      501B11B5 
  54      D0
ARM GAS  /tmp/ccGxO8dR.s 			page 4


  55 0038 5A53C414 		.ascii	"ZS\304\024\001!\225Et\356be1\257;g\316\231;\212\210"
  55      01219545 
  55      74EE6265 
  55      31AF3B67 
  55      CE993B8A 
  56 004d E641342E 		.ascii	"\346A4.\321\021#\233`\221\030X<CZ\004\312Y\214\034\266"
  56      D111239B 
  56      60911858 
  56      3C435A04 
  56      CA598C1C 
  57 0062 7887512A 		.ascii	"x\207Q*6_#\251\003\255]\035T\276\325z\336\233\364\005"
  57      365F23A9 
  57      03AD5D1D 
  57      54BED57A 
  57      DE9BF405 
  58 0076 5A66C29C 		.ascii	"Zf\302\234\203Y\303\2013\244\004\371\264v\342\363&\373"
  58      8359C381 
  58      33A404F9 
  58      B476E2F3 
  58      26FB
  59 0088 42624BF9 		.ascii	"BbK\371\365P\375\210\232\322B\\\312\317\227\273B\224"
  59      F550FD88 
  59      9AD2425C 
  59      CACF97BB 
  59      4294
  60 009a 474192BF 		.ascii	"GA\222\277\035\0356\306\222\265\220\263]c=\3553\343"
  60      1D1D36C6 
  60      92B590B3 
  60      5D633DED 
  60      33E3
  61 00ac 026C48CF 		.ascii	"\002lH\317\341\240\016\207\344\211p\211\244\301\277"
  61      E1A00E87 
  61      E4897089 
  61      A4C1BF
  62 00bb 9F0E4A11 		.ascii	"\237\016J\021e\033QQ\273\202\222\025\011\322\250\267"
  62      651B5151 
  62      BB829215 
  62      09D2A8B7 
  63 00cb F69A2AB1 		.ascii	"\366\232*\261\257\365\266\016n\375\330j\336\333\325"
  63      AFF5B60E 
  63      6EFDD86A 
  63      DEDBD5
  64 00da F6FFF504 		.ascii	"\366\377\365\004z\215\304\361\363P\240\007?\005\035"
  64      7A8DC4F1 
  64      F350A007 
  64      3F051D
  65 00e9 F4A6BAFD 		.ascii	"\364\246\272\375\366\004\203\014\2206\214\243\"\313"
  65      F604830C 
  65      90368CA3 
  65      22CB
  66 00f7 11B80BB7 		.ascii	"\021\270\013\267\337\271\277QF\242\312F\240\354\265"
  66      DFB9BF51 
  66      46A2CA46 
  66      A0ECB5
  67 0106 1E87CD27 		.ascii	"\036\207\315'D\021\0158!T&\270#\227\252H\322\203\033"
  67      44110D38 
  67      215426B8 
ARM GAS  /tmp/ccGxO8dR.s 			page 5


  67      2397AA48 
  67      D2831B
  68 0119 FF8353C8 		.ascii	"\377\203S\310&A\250F\026\263\013\313\231\2314\331+\231"
  68      2641A846 
  68      16B30BCB 
  68      999934D9 
  68      2B99
  69 012b F4D22FE1 		.ascii	"\364\322/\341\371_K"
  69      F95F4B
  70              		.text
  71              		.section	.gnu.lto_boardInit.5329c9c592865f10,"",%progbits
  72 0000 789C6363 		.ascii	"x\234cc``(\001b. \026\005b\006f\006F&\006 fd\004r\030"
  72      60602801 
  72      622E2016 
  72      05620666 
  72      06462606 
  73 001a 19EA9918 		.ascii	"\031\352\231\030\353\031{\230\24703\036j\177\266\223"
  73      EB197B98 
  73      A730331E 
  73      6A7FB693 
  74 002a 49737903 		.ascii	"Isy\003\020\034\230\376\203\275\255\241Ub\0163\003\303"
  74      101C98FE 
  74      83BDADA1 
  74      55620E33 
  74      03C3
  75 003c 34660630 		.ascii	"4f\0060`\334\314\250\311\000T\366h\343\277\251\274l"
  75      60DCCCA8 
  75      C90054F6 
  75      68E3BFA9 
  75      BC6C
  76 004e 2C1071C6 		.ascii	",\020q\306-\214l\014 \203\326_b=\320\360\357\177{\303"
  76      2D8C6C0C 
  76      2083D65F 
  76      623DD0F0 
  76      EF7F7BC3 
  77 0062 812F8B18 		.ascii	"\201/\213\030\177\273\003m\350\000\353\353d\0062\231"
  77      7FBB036D 
  77      E800EBEB 
  77      64063299 
  78 0072 DF313629 		.ascii	"\33716)\200\225\202@\0073P\003P\224#)?\261(E/\231\001"
  78      80958240 
  78      07335003 
  78      50942329 
  78      3FB12845 
  79 0089 008F9E23 		.ascii	"\000\217\236#\300"
  79      C0
  80              		.text
  81              		.section	.gnu.lto_pal_default_config.5329c9c592865f10,"",%progbits
  82 0000 789CED52 		.ascii	"x\234\355RMK\002Q\024}\327\247\343G\332\374\201\026"
  82      4D4B0251 
  82      147DD7A7 
  82      E347DAFC 
  82      8116
  83 0012 FD8CF959 		.ascii	"\375\214\371Y\375\204GP\010Q\264h2PJ\004\027\215V`f"
  83      FD844750 
  83      0851B468 
  83      32504A04 
ARM GAS  /tmp/ccGxO8dR.s 			page 6


  83      178D5660 
  84 0027 7E546ACD 		.ascii	"~Tj\315\244\015A\037`\213\"0p\221\321\"h\225R\323\275"
  84      A40D411F 
  84      608B2230 
  84      7091D122 
  84      689552D3 
  85 003c BDC19890 		.ascii	"\275\301\230\220v\355\232\305\034\316y\217s\016\367"
  85      76ED9AC5 
  85      1CCE798F 
  85      730EF7
  86 004b 5D853156 		.ascii	"]\2051V\340\214\001\223\337\012\207\235\347\312[l\201"
  86      E08C0193 
  86      DF0A879D 
  86      E7CA5B6C 
  86      81
  87 005c A7388A48 		.ascii	"\2478\212H\263\203\341\013\227\324q8\012\327\333\331"
  87      B383E10B 
  87      97D47138 
  87      0AD7DBD9 
  88 006c B85F0A1D 		.ascii	"\270_\012\035\243c\004P\272oo\346Fw\034GE\351\341\352"
  88      A3630450 
  88      BA6F6FE6 
  88      46771C47 
  88      45E9E1EA 
  89 0080 7143D54A 		.ascii	"qC\325J\"\236\0263)\016:\036\355\302\224\316A\202\017"
  89      229E1633 
  89      290E3A1E 
  89      EDC294CE 
  89      41820F
  90 0093 4A041CF6 		.ascii	"J\004\034\366\010\374P$\010\3103\205\200\375{\374\211"
  90      08FC5024 
  90      08C83385 
  90      80FD7BFC 
  90      89
  91 00a4 C7D66A65 		.ascii	"\307\326je\250\312\247\252\177=\247i:\027 \0051\215"
  91      A8CAA7AA 
  91      7F3DA769 
  91      3A172005 
  91      318D
  92 00b6 BC735B7E 		.ascii	"\274s[~\002o\310\321/!\207\343B\326\227>\222\256\247"
  92      026FC8D1 
  92      2F2187E3 
  92      42D6973E 
  92      92AEA7
  93 00c9 2944378A 		.ascii	")D7\212\322k\342\356\334\335\032!D9\210Ru\256\325\217"
  93      D26BE2EE 
  93      DCDD1A21 
  93      44398852 
  93      75AED58F 
  94 00dd 8D16C9A6 		.ascii	"\215\026\311\246E\352e{\351\260{KA\376nw\363\021\227"
  94      45EA657B 
  94      E9B07B4B 
  94      41FE6E77 
  94      F31197
  95 00f0 B70D1141 		.ascii	"\267\015\021A\351\246\273V\377\321\317\224\375N<\375"
  95      E9A6BB56 
  95      FFD1CF94 
ARM GAS  /tmp/ccGxO8dR.s 			page 7


  95      FD4E3CFD 
  96 0100 8E3D4368 		.ascii	"\216=Ch\312~\015\331\257h\266\346C\322\026\220\346\362"
  96      CA7E0DD9 
  96      AF68B6E6 
  96      43D21690 
  96      E6F2
  97 0112 D662F47B 		.ascii	"\326b\364{\243)8c\367\023n\335Y!\032>\224\222\205\214"
  97      A3293863 
  97      F7136EDD 
  97      59211A3E 
  97      9492858C 
  98 0126 DF9BDB1E 		.ascii	"\337\233\333\0367\227\226'\367\3243\227\2325\270T\244"
  98      37979627 
  98      F7D43397 
  98      9A35B854 
  98      A4
  99 0137 C7327AFB 		.ascii	"\3072z\373t\036\2043\320t\036\002\213 \014u\202\010"
  99      741E8433 
  99      D0741E02 
  99      8B200C75 
  99      8208
 100 0149 1C104C40 		.ascii	"\034\020L@\215 \012U\202\030T\010&\241L\240\302>h\014"
 100      8D200A55 
 100      82185408 
 100      26A14CA0 
 100      C23E680C 
 101 015d 6CFC7D02 		.ascii	"l\374}\002\312\003\030\355"
 101      CA0318ED 
 102              		.text
 103              		.section	.gnu.lto_.symbol_nodes.5329c9c592865f10,"",%progbits
 104 0000 789C6363 		.ascii	"x\234cc``\310\001b\006\246^\246z\006\206\011\347\030"
 104      6060C801 
 104      6206A65E 
 104      A67A0686 
 104      09E718
 105 0013 1880D4AE 		.ascii	"\030\200\324\256FG\240H\037S=#\252H?S=\023\252\310\004"
 105      4647A048 
 105      1F533D23 
 105      AA483F53 
 105      3D13AAC8 
 106 0028 A67A6614 		.ascii	"\246zf\024\021\326\036&\206V%\240\201\214\023\231\352"
 106      11D61E26 
 106      865625A0 
 106      818C1399 
 106      EA
 107 0039 59C0520C 		.ascii	"Y\300R\014\014\015\015\016\014\014\314\014\254\014\213"
 107      0C0D0D0E 
 107      0C0CCC0C 
 107      AC0C8B
 108 0048 1FFC6364 		.ascii	"\037\374cd\000\000\236X\031\234"
 108      00009E58 
 108      199C
 109              		.text
 110              		.section	.gnu.lto_.refs.5329c9c592865f10,"",%progbits
 111 0000 789C6363 		.ascii	"x\234cc```\004b\006\000\000D\000\010"
 111      60606004 
 111      62060000 
ARM GAS  /tmp/ccGxO8dR.s 			page 8


 111      440008
 112              		.text
 113              		.section	.gnu.lto_.decls.5329c9c592865f10,"",%progbits
 114 0000 789CB57C 		.ascii	"x\234\265|yXTY\226g\334\270\261\020\301f\241S_V7\323"
 114      79585459 
 114      9667DCB8 
 114      B110C166 
 114      A1535F56 
 115 0016 93534557 		.ascii	"\223SEW\322]\323\211KVVV\317LM\233hf9\231\232\266Z\325"
 115      D25DD389 
 115      4B565656 
 115      CF4C4D9B 
 115      68663999 
 116 002e 5D35DF74 		.ascii	"]5\337t$\011aJ\027\333D\204K\316\374\321\241\254\202"
 116      2409614A 
 116      17DB4484 
 116      4BCEFCD1 
 116      A1AC82
 117 0041 0AE2C62E 		.ascii	"\012\342\306.\012*\270\201\342\306\216\354\213\310&"
 117      0A2AB881 
 117      E2C68EEC 
 117      8BC826
 118 0050 2008C8A2 		.ascii	" \010\310\242l\212,*\233\010s\356\275/\"^<^\230\331"
 118      6C8A2C2A 
 118      9B0873EE 
 118      BD2F225E 
 118      3C5E98D9 
 119 0064 F34DC7E7 		.ascii	"\363M\307\347!\336y\357w\3179\367\334s\357=\367\276"
 119      21DE79EF 
 119      77CF39F7 
 119      DC73EF3D 
 119      F7BE
 120 0076 1B2A2412 		.ascii	"\033*$\022\211\363\027\022I\220J\"1 \211d\011>\012\270"
 120      89F31712 
 120      49904A22 
 120      31208964 
 120      093E0AB8 
 121 008a 775762F9 		.ascii	"wWb\371\310\201\362\201j\244\022I\035P=P\003\020\"\317"
 121      C881F281 
 121      6AA41249 
 121      1D503D50 
 121      031022CF 
 122 009e B0C4EAB3 		.ascii	"\260\304\352\263\027n\222[_\003)\340\"\217\273/\345"
 122      176E925B 
 122      5F0329E0 
 122      228FBB2F 
 122      E5
 123 00af 649072C2 		.ascii	"d\220r\302\3171P \203\357O\341\231\013|\257\002\252"
 123      CF315020 
 123      83EF4FE1 
 123      990B7CAF 
 123      02AA
 124 00c1 E47088D3 		.ascii	"\344p\210\323K\276\225\002]\247\276\247\\\035W\316N"
 124      4BBE9502 
 124      5DA7BEA7 
 124      5C1D57CE 
 124      4E
ARM GAS  /tmp/ccGxO8dR.s 			page 9


 125 00d2 502E51CE 		.ascii	"P.Q\316\356\177-\261`\353E\354\262W\260\272|\0004\002"
 125      EE7F2DB1 
 125      60EB45EC 
 125      B257B0BA 
 125      7C003402 
 126 00e6 CF65C0AC 		.ascii	"\317e\300\254\200\353\001\270\036\002\352\007z\002\324"
 126      80EB01B8 
 126      1E02EA07 
 126      7A02D4
 127 00f5 0B3408F4 		.ascii	"\0134\010\364\030h\011h\232\310\002\354\034|/\000\315"
 127      18680968 
 127      9AC802EC 
 127      1C7C2F00 
 127      CD
 128 0106 00BD017A 		.ascii	"\000\275\001z\0134/\242\207|\216c4\272\377\360%\207"
 128      0B342FA2 
 128      877C8E63 
 128      34BAFFF0 
 128      2587
 129 0118 C7A89B98 		.ascii	"\307\250\233\230\203V \204\230e\374\017\341\227L\037"
 129      83562084 
 129      9865FC0F 
 129      E1974C1F 
 130 0128 F29C01A4 		.ascii	"\362\234\001\244\310\364\220\241\204\305\3503\304H*"
 130      C8F490A1 
 130      84C5E833 
 130      C4482A
 131 0137 B1602D25 		.ascii	"\261`-%xRy\205\021\375H\250)|[\250eHb\272mR\217\314"
 131      78527985 
 131      11FD48A8 
 131      297C5BA8 
 131      654862BA 
 132 014f 18139E27 		.ascii	"\030\023\236'\025q\205\304\254c\356\242N\350\312\232"
 132      157185C4 
 132      AC63EEA2 
 132      4EE8CA9A 
 133 015f A896F7A2 		.ascii	"\250\226\367\242\036\200\376\301I\022c\347\217\310\335"
 133      1E80FEC1 
 133      491263E7 
 133      8FC8DD
 134 016e C9B1E8FB 		.ascii	"\311\261\350\373\316XJ\257\037\026\267\2659`gz\235T"
 134      CE584AAF 
 134      1F16B7B5 
 134      3960677A 
 134      9D54
 135 0180 743BDDF9 		.ascii	"t;\335\371\303\313F\366\261\363\220\240[\010\233\374"
 135      C3CB46F6 
 135      B1F390A0 
 135      5B089BFC 
 136 0190 59B13453 		.ascii	"Y\2614S\342\034\205\221\213\032I\201m\236\270\227l\017"
 136      E21C8591 
 136      8B1A4981 
 136      6D9EB897 
 136      6C0F
 137 01a2 EC2A355A 		.ascii	"\354*5Z\001\354\345CK\307\345\357\235$\345b\202\215"
 137      01ECE543 
 137      4BC7E5EF 
ARM GAS  /tmp/ccGxO8dR.s 			page 10


 137      9D24E562 
 137      828D
 138 01b4 2BA4E8EB 		.ascii	"+\244\350\353\037\243\\\344\212\356 W\2601\017\275\007"
 138      1FA35CE4 
 138      8AEE2057 
 138      B0310FBD 
 138      07
 139 01c5 7F03644C 		.ascii	"\177\003dL\322\253\273\0257\324?M5\246\226\030K\252"
 139      D2ABBB15 
 139      37D43F4D 
 139      35A69618 
 139      4BAA
 140 01d7 9EFCBCEF 		.ascii	"\236\374\274\357\206\321\030\012\345d\004\206n\"\214"
 140      86D1180A 
 140      E5640486 
 140      6E228C
 141 01e6 6EA30F49 		.ascii	"n\243\017I\215o\022\345\350\006\352E(\007=\206*\344"
 141      8D6F12E5 
 141      E806EA45 
 141      28073D86 
 141      2AE4
 142 01f8 A39F42F1 		.ascii	"\243\237B\361\266\250\340,'\374W\324\342\246\220\354"
 142      B6A8E02C 
 142      27FC57D4 
 142      E2A690EC 
 143 0208 24CC8C92 		.ascii	"$\314\214\222\221\212\325'\01481\243\336\0076\252\342"
 143      918AD527 
 143      0C3831A3 
 143      DE0736AA 
 143      E2
 144 0219 6625F7B4 		.ascii	"f%\367\264\232\240o\277\270t\333\221\361%\204\357\035"
 144      9AA06FBF 
 144      B874DB91 
 144      F12584EF 
 144      1D
 145 022a B91E26C3 		.ascii	"\271\036&\303\237RI\011\371\257j\345\354\231\035\260"
 145      9F524909 
 145      F9AF6AE5 
 145      EC991DB0 
 146 023a 674FCE77 		.ascii	"gO\316w\330\343\317\350\243\254\320'\231v\360\310U\215"
 146      D8E3CFE8 
 146      A3ACD027 
 146      9976F0C8 
 146      558D
 147 024c 9610E19F 		.ascii	"\226\020\341\237\347\31692\236<\276Q\362\362\212\014"
 147      E7CE3932 
 147      9E3CBE51 
 147      F2F28A0C 
 148 025c 6F25D7D2 		.ascii	"o%\327\322kW\236\3743rW\237'~(iO\37404\334h\224\242"
 148      6B579EFC 
 148      3372579F 
 148      277E2869 
 148      4FFC3034 
 149 0274 6AA44695 		.ascii	"j\244F\225\226z\271\252\341o\204\321x\300hL3\342\367"
 149      967AB9AA 
 149      E16F84D1 
 149      78C0684C 
ARM GAS  /tmp/ccGxO8dR.s 			page 11


 149      33E2F7
 150 0287 24689D2B 		.ascii	"$h\235+Z\355*AU\310\235\310$(T\001\276+\007\337\201"
 150      5AED2A41 
 150      55C89DC8 
 150      24285401 
 150      BE2B07DF 
 151 029c FCCCD319 		.ascii	"\374\314\323\031\345\2168\032Q\005=W\306\357c\263\206"
 151      E58E381A 
 151      51053D57 
 151      C6EF63B3 
 151      86
 152 02ad A58B3FCD 		.ascii	"\245\213?\315\011%\032\352@C\215E\003(\024WQ+\256\""
 152      09251AEA 
 152      40438D45 
 152      03281457 
 152      512BAE22 
 153 02c1 67E24482 		.ascii	"g\342D\202\032\337\245*\320\333\354\226E\025\256fLw"
 153      1ADFA52A 
 153      D0DBEC96 
 153      4515AE66 
 153      4C77
 154 02d3 75E625E2 		.ascii	"u\346%\342\302\017\240\356\360q\346U\377\003V\375\346"
 154      C20FA0EE 
 154      F071E655 
 154      FF0356FD 
 154      E6
 155 02e4 E8A97425 		.ascii	"\350\251t%\256g\346=\356x\323\345\204\324\356Tuj\260"
 155      AE67E63D 
 155      EE78D3E5 
 155      84D4EE54 
 155      756AB0
 156 02f7 51F55B09 		.ascii	"Q\365[\011*\002=\205\240\0075\203\362\0178\345\015p"
 156      2A023D85 
 156      A0073583 
 156      F20F38E5 
 156      0D70
 157 0309 F33EDC34 		.ascii	"\363>\3344y\3527\361SF\343\373\250\011\352\321h\251"
 157      79EA37F1 
 157      5346E3FB 
 157      A809EAD1 
 157      68A9
 158 031b C7076A16 		.ascii	"\307\007j\0261\231\351G\317*\360C\246#?\361i\205\324"
 158      3199E947 
 158      CF2AF043 
 158      A6233FF1 
 158      6985D4
 159 032e 968E569B 		.ascii	"\226\216V\233:\300W\225\324W\017@G\213EG\023\342\224"
 159      3AC05795 
 159      D4570F40 
 159      478B4547 
 159      13E294
 160 0341 C4355FDB 		.ascii	"\3045_\333\250\006\241\301?H(\024\2707\034\336\247p"
 160      A806A1C1 
 160      3F482814 
 160      B8371CDE 
 160      A770
 161 0353 88349B81 		.ascii	"\2104\233\201\332@\262\251\220\004\265#\007\256\353"
ARM GAS  /tmp/ccGxO8dR.s 			page 12


 161      DA40B2A9 
 161      9004B523 
 161      07AEEB
 162 0362 E48E3EDD 		.ascii	"\344\216>\335\203\373\230CM\375\306\205\365\233'\013"
 162      83FB9843 
 162      4DFDC685 
 162      F59B270B 
 163 0372 1587E478 		.ascii	"\025\207\344x\230=\353+\030NR\3411\306\304\336x\230"
 163      983DEB2B 
 163      184E52E1 
 163      31C6C4DE 
 163      7898
 164 0384 A1C4538C 		.ascii	"\241\304S\2149Ux\371\256\032O3\2461\257\367\251\023"
 164      395578F9 
 164      AE1A4F33 
 164      A631AFF7 
 164      A913
 165 0396 7EC39817 		.ascii	"~\303\230\027!O{9y\357\001\233]\0202\306\365\200\022"
 165      214F7B39 
 165      79EF019B 
 165      5D1032C6 
 165      F58012
 166 03a9 12AB079E 		.ascii	"\022\253\007\236\327\017\313\361\"\305\332\035\233|"
 166      D70FCBF1 
 166      22C5DA1D 
 166      9B7C
 167 03b7 36AB406E 		.ascii	"6\253@nnn+\335\334\335\334\316\032C\202\301\365\325"
 167      6E6E2BDD 
 167      DCDDDCCE 
 167      1A4382C1 
 167      F5D5
 168 03c9 6E8F9A87 		.ascii	"n\217\232\207\215\306X\007j~78\346)Zi\251\273\007\251"
 168      8DC65807 
 168      6A7E3738 
 168      E6295A69 
 168      A9BB07A9 
 169 03dd 4A11A990 		.ascii	"J\021\251\220\204\025h\376\037\011\306\222\020L\321"
 169      841568FE 
 169      1F09C692 
 169      104CD1
 170 03ec 5D427429 		.ascii	"]Bt)\255\371\032\013\272\224\207\356\021\225M\301G\351"
 170      ADF91A0B 
 170      BA9487EE 
 170      11954DC1 
 170      47E9
 171 03fe C0018464 		.ascii	"\300\001\204d\022\350\357\256\320\335\3113\202\006\257"
 171      12E8EFAE 
 171      D0DDC933 
 171      8206AF
 172 040d A3216880 		.ascii	"\243!h\200'\310\015\365\003\015\000\215\000\015\002"
 172      27C80DF5 
 172      030D008D 
 172      000D02
 173 041c 0D23373A 		.ascii	"\015#7:<1]\375<]\235B]\035\026\313X<Lw\272\354\007}"
 173      3C315DFD 
 173      3C5D9D42 
 173      5D1D16CB 
ARM GAS  /tmp/ccGxO8dR.s 			page 13


 173      583C4C77 
 174 0434 0425E162 		.ascii	"\004%\341b\301\"\352\305#\227\263\301\306\352\325TV"
 174      C122EAC5 
 174      2397B3C1 
 174      C6EAD554 
 174      56
 175 0445 9FB82CBE 		.ascii	"\237\270,\276S:y\252\037\211;\205\301\241I\036\227\334"
 175      533A79AA 
 175      1F893B85 
 175      C1A1491E 
 175      97DC
 176 0457 87D1F716 		.ascii	"\207\321\367\026\035~\245\267\363\227\332\224h\245\273"
 176      1D7EA5B7 
 176      F397DA94 
 176      68A5BB
 177 0466 A803D073 		.ascii	"\250\003\320s\250\367\017\365\001W\253G\012\030\271"
 177      A8F70FF5 
 177      0157AB47 
 177      0A18B9
 178 0475 D1332834 		.ascii	"\3213(4j\211qRG\252\273\372\321\321`\007~\310>\343\031"
 178      6A897152 
 178      47AABBFA 
 178      D1D16007 
 178      7EC83EE3 
 179 048a 2A4163E6 		.ascii	"*Ac\346\220}3|\274\003\261\260r a\224\337q\324\231\205"
 179      907D337C 
 179      BC03B1B0 
 179      72206194 
 179      DF71D499 
 180 049f 552F795C 		.ascii	"U/y\\\360\360\345\274\012\327\320:(\233KB\243dh\245"
 180      F0F0E5BC 
 180      0AD7D03A 
 180      289B4B42 
 180      A36468A5 
 181 04b3 1BF95857 		.ascii	"\033\371XWd\034$\277\240\222'\271Z\314@-^\201\325\257"
 181      641C24BF 
 181      A09227B9 
 181      5ACC402D 
 181      5E81D5AF 
 182 04c7 81A6805E 		.ascii	"\201\246\200^\002M\233[\021\314*\251\352|\277g\252\327"
 182      024D9B5B 
 182      11CC2AA9 
 182      EA7CBF67 
 182      AAD7
 183 04d9 680C73A0 		.ascii	"h\014s\240\243\332=\250\005)\314\015`V\001F\340\315"
 183      A3DA3DA8 
 183      0529CC0D 
 183      60560146 
 183      E0CD
 184 04eb FF14672C 		.ascii	"\377\024g,\331\217)\266L\014\273\316\202\235\356^\225"
 184      D98F29B6 
 184      4C0CBBCE 
 184      829DEE5E 
 184      95
 185 04fc 465B15EA 		.ascii	"F[\025\352\211\036r`\221hd\350\371\377\311\332\024\372"
 185      891E7260 
 185      916864E8 
ARM GAS  /tmp/ccGxO8dR.s 			page 14


 185      F9FFC9DA 
 185      14FA
 186 050e 31AA1705 		.ascii	"1\252\027\005\233\"\200\240{z\\\202\203\215q\253\251"
 186      9B2280A0 
 186      7B7A5C82 
 186      838D71AB 
 186      A9
 187 051f 21136286 		.ascii	"!\023b\206\344\"K\360\275\350f\3017i\035|\340\331\247"
 187      E4224BF0 
 187      BDE866C1 
 187      37691D7C 
 187      E0D9A7
 188 0532 974692ED 		.ascii	"\227F\222\355q(\246\321\021\226\335\360\033\344\276"
 188      7128A6D1 
 188      1196DDF0 
 188      1BE4BE
 189 0541 929519EC 		.ascii	"\222\225\031\354\241M;\017rg-M;I\233V\324\353h\016\234"
 189      A14D3B0F 
 189      72672D4D 
 189      3B499B56 
 189      D4EB680E 
 190 0556 FD431C4F 		.ascii	"\375C\034O\306\371\320\203\021\216+91\0216\305H\336"
 190      C6F9D083 
 190      118E2B39 
 190      311136C5 
 190      48DE
 191 0568 2563A1F4 		.ascii	"%c\241\364\332\244Up\275\261\012\256\005sp\365\3154"
 191      DAA45570 
 191      BDB10AAE 
 191      057370F5 
 191      CD34
 192 057a 043BE338 		.ascii	"\004;\3438ZG\2241\230t\304\201E\332'\300\246\277\215"
 192      5A479431 
 192      9874C481 
 192      45DA27C0 
 192      A6BF8D
 193 058d 76C4A9EC 		.ascii	"v\304\251\354Qe\323R\221\012_`Lx\360|\273\014g1\306"
 193      5165D352 
 193      910A5F60 
 193      4C78F07C 
 193      BB0C6731 
 194 05a2 78FCCD69 		.ascii	"x\374\315iG\234\307\2744\036\234x\316\346\244\023\""
 194      479CC7BC 
 194      341E9C78 
 194      CEE6A413 
 194      22
 195 05b3 B539E9CC 		.ascii	"\2659\351\314\276\0377O&\235`\251\032\035\220\232=\372"
 195      BE1F374F 
 195      269D60A9 
 195      1A1D909A 
 195      3DFA
 196 05c5 C0342174 		.ascii	"\3004!t\215\237\014S\3409\246q\356\316\263$\005\016"
 196      8D9F0C53 
 196      E039A671 
 196      EECEB324 
 196      050E
 197 05d7 9651A6B6 		.ascii	"\226Q\246\266\377x\267\024G2\306\224U\254\342\262\212"
ARM GAS  /tmp/ccGxO8dR.s 			page 15


 197      FF78B714 
 197      4732C694 
 197      55ACE2B2 
 197      8A
 198 05e8 E437372A 		.ascii	"\34477*\354q,{x\375U\324Op\002\273.\037h\251\226\343"
 198      EC712C7B 
 198      78FD55D4 
 198      4F7002BB 
 198      2E1F68A9 
 199 05fe 338C89CA 		.ascii	"3\214\211\312\0119#\303\327\031\223w\242`\314\016\347"
 199      093923C3 
 199      D7199377 
 199      A260CC0E 
 199      E7
 200 060f 32E6EEDB 		.ascii	"2\346\356\333\216$5\256a\314\255\301\232J5\023n$\343"
 200      8E2435AE 
 200      61CCADC1 
 200      9A4A3513 
 200      6E24E3
 201 0622 F9C2B986 		.ascii	"\371\302\271\206\207v\270\211=<\024c\254\262\307\235"
 201      8776B889 
 201      3D3C1463 
 201      ACB2C79D 
 202 0632 8CA98C0E 		.ascii	"\214\251\214\0169\244\306O)#}\335\364<^a\313%\307m\272"
 202      39A4C64F 
 202      29237DDD 
 202      F43C5E61 
 202      CB25C76D 
 203 0647 A4F33D12 		.ascii	"\244\363=\022a\307\300\037\261\"\376\310\277]P\311\245"
 203      61C7C01F 
 203      B122FEC8 
 203      BF5D50C9 
 203      A5
 204 0658 48AB89C2 		.ascii	"H\253\211\302\336\267S\316x\222i\017=|\345\024\261S"
 204      DEB753CE 
 204      7892690F 
 204      3D7CE514 
 204      B153
 205 066a C1F20425 		.ascii	"\301\362\004%\231\332&\346o\311\330-\"|\037qM|\3275"
 205      99DA26E6 
 205      6FC9D82D 
 205      227C1F71 
 205      4D7CD735 
 206 067e 273CC36C 		.ascii	"'<\303l,j\271\023\342\310K\226>\216\237 \255\221\010"
 206      2C6AB913 
 206      E2C84B96 
 206      3E8E9F20 
 206      AD9108
 207 0691 DAE32DDA 		.ascii	"\332\343-\332\025\\&c\\V\215\004\250\206\202\253F\234"
 207      155C2663 
 207      5C568D04 
 207      A88682AB 
 207      469C
 208 06a3 D4159D92 		.ascii	"\324\025\235\222\322Yyjn\342\206\014\357\227S\0359\307"
 208      D259796A 
 208      6EE2860C 
 208      EF97531D 
ARM GAS  /tmp/ccGxO8dR.s 			page 16


 208      39C7
 209 06b5 16E29C78 		.ascii	"\026\342\234x\351\322\332\2334\005H\001\035I\026\035"
 209      E9D2DA9B 
 209      34054801 
 209      1D49161D 
 210 06c5 A0D29692 		.ascii	"\240\322\226\222dq%\355\207Z\036)\360A\246\344v]\327"
 210      647125ED 
 210      875A1E29 
 210      F041A6E4 
 210      765DD7
 211 06d8 1B4B4ED6 		.ascii	"\033KN\326>\353\306\302\352\014(9mQ\222b[I\252\270\222"
 211      3EEBC6C2 
 211      EA0C2839 
 211      6D519262 
 211      5B49AAB8 
 212 06ed C497DD23 		.ascii	"\304\227\335#*\346ow`\243_\036m\227\343h\252\023%G\267"
 212      2AE66F77 
 212      60A35F1E 
 212      6D97E368 
 212      AA132547 
 213 0702 DEC23881 		.ascii	"\336\3028\2011\007/\037\254t\302\351\2149[\234\377\\"
 213      31072F1F 
 213      AC74C2E9 
 213      8C395B9C 
 213      FF5C
 214 0714 896F30C6 		.ascii	"\211o0\306\224\020\273\260\204x\262\355\300\200\032"
 214      9410BBB0 
 214      8478B2ED 
 214      C0801A
 215 0723 97B1677D 		.ascii	"\227\261g}]U\331N\270\2121\3713\211\371\316\370>c\352"
 215      5D55D94E 
 215      B88A31F9 
 215      3389F9CE 
 215      F83E63EA 
 216 0737 0796A6D4 		.ascii	"\007\226\246\324\270\2251M\373\317@lvqe\214o\342\035"
 216      B895314D 
 216      FBCF406C 
 216      7671658C 
 216      6FE21D
 217 074a 703FAB77 		.ascii	"p?\253wb\351\331\034\251\271\336\2434v\262\240\322W"
 217      62E9D91C 
 217      A9B9DEA3 
 217      3476B2A0 
 217      D257
 218 075c 7E50A5AF 		.ascii	"~P\245\257\212W\372\376d\344\2023\036f\352\242N\214"
 218      8A57FAFE 
 218      64E48233 
 218      1E66EAA2 
 218      4E8C
 219 076e 9D77C213 		.ascii	"\235w\302\023\214\251lH}i\207\3372\246'.*\337\036\007"
 219      8CA96C48 
 219      7D6987DF 
 219      32A6272E 
 219      2ADF1E07 
 220 0782 2B285314 		.ascii	"+(S\024=uG\205#\031\023>\333\237\355\214\2171&\355A"
 220      3D754785 
 220      2319133E 
ARM GAS  /tmp/ccGxO8dR.s 			page 17


 220      DB9FED8C 
 220      8F3126ED 
 221 0797 D9941C27 		.ascii	"\331\224\034'0\346\300\261\226\313*|\2062\322\003\025"
 221      30E6C0B1 
 221      96CB2A7C 
 221      8632D203 
 221      15
 222 07a8 314D4A53 		.ascii	"1MJS\017\261N\222s\245\313\223dV\307)\345\337\241;P"
 222      0FB14E92 
 222      73A5CB93 
 222      6456C729 
 222      E5DFA13B 
 223 07bd C3DB961A 		.ascii	"\303\333\226\032\326\231zGyFn\217#\316d\252\242\016"
 223      D6997A47 
 223      79466E8F 
 223      23CE64AA 
 223      A20E
 224 07cf 2D       		.ascii	"-"
 225 07d0 66617C8D 		.ascii	"fa|\215\251\032;\222q[!\256\252\320\246\252~PU\000\252"
 225      A91A3B92 
 225      715B21AE 
 225      AAD0A6AA 
 225      7E505500 
 226 07e5 F2455415 		.ascii	"\362ET\025\206M\005\341\\\246)\275,\253I\211\3572M\035"
 226      864D05E1 
 226      5CA629BD 
 226      2CAB4989 
 226      EF324D1D 
 227 07f9 AFEB8EF1 		.ascii	"\257\353\216\361Z\004D\334\005\021\305B\021\"\206\224"
 227      5A0444DC 
 227      0511C542 
 227      11228694 
 228 0809 881802D2 		.ascii	"\210\030\002\322#z\037\314\330\341Z\246j\354\334\375"
 228      237A1FCC 
 228      D8E15AA6 
 228      6AECDCFD 
 229 0819 EB241EDD 		.ascii	"\353$\036\335\325\350_x\353\000w\266\016H:\332\177J"
 229      D5E85F78 
 229      EB0077B6 
 229      0E483ADA 
 229      7F4A
 230 082b 855B9921 		.ascii	"\205[\231!\361\257o\2741\017\311\331\301\306\037\355"
 230      F1AF6FBC 
 230      310FC9D9 
 230      C1C61FED 
 231 083b 5F234111 		.ascii	"_#A\021\320\312d*DU\240\314\235SV\0167\313\244\226\205"
 231      D0CA642A 
 231      4455A0CC 
 231      9D53560E 
 231      37CBA496 
 232 0850 C0CF93E9 		.ascii	"\300\317\223\351B\240\022\354\256\260\330\355\316\325"
 232      42A012EC 
 232      AEB0D8ED 
 232      CED5
 233 085e 3C3C2423 		.ascii	"<<$#\332\036\3672%\307\243\373\037)\371\235\273\212"
 233      DA1EF732 
 233      25C7A3FB 
ARM GAS  /tmp/ccGxO8dR.s 			page 18


 233      1F29F99D 
 233      BB8A
 234 0870 76EE5A28 		.ascii	"v\356Z(Zm)Z)5Wy\231!5\"\206\220\340\312zT.\303#L\313"
 234      5A6D295A 
 234      29355779 
 234      99213522 
 234      8690E0CA 
 235 088b EB8363A9 		.ascii	"\353\203c\251\266\253Ro\263*C=\270\273,\222,k\357\201"
 235      B6AB526F 
 235      B32A433D 
 235      B8BB2C92 
 235      2C6BEF81 
 236 089f 41751683 		.ascii	"Au\026\203j\245\\e\362\016\275\016\261\347\317\227\004"
 236      6AA55C65 
 236      F20EBD0E 
 236      B1E7CF97 
 236      04
 237 08b0 68992FEF 		.ascii	"h\231/\357KM\363\345\351\302\246L\031NRR?\267\316\026"
 237      4B4DF3E5 
 237      E9C2A64C 
 237      194E5252 
 237      3FB7CE16 
 238 08c4 CE3BE034 		.ascii	"\316;\3404\312\310.\007_\234\220!wW\004\245\020s\004"
 238      CAC82E07 
 238      5F9C9021 
 238      775704A5 
 238      107304
 239 08d7 59B9C3A0 		.ascii	"Y\271\303\240\015\242\032\245\346\235\232\004\230\323"
 239      0DA21AA5 
 239      E69D9A04 
 239      98D3
 240 08e5 8D13FF42 		.ascii	"\215\023\377Bn\303\265\035\375\026\211\202&\250\015"
 240      6EC3B51D 
 240      FD168982 
 240      26A80D
 241 08f4 7924412D 		.ascii	"y$A-P\227f\346\215kI\325s*5\207\216\370>t\337\354R\271"
 241      509766E6 
 241      8D6B49D5 
 241      732A3587 
 241      8EF83E74 
 242 090c 5512D06A 		.ascii	"U\022\320jU\2516K\245\036\346\366\310p\006\253\324\200"
 242      55A9364B 
 242      A51EE6F6 
 242      C87006AB 
 242      D480
 243 091e B1AC458A 		.ascii	"\261\254E\212\263\031s%\255\347\234\012\337aLag\354"
 243      B3197325 
 243      ADE79C0A 
 243      DF614C61 
 243      67EC
 244 0930 B0232E62 		.ascii	"\260#.b\214)\015u\341\322\320\236\253\213\005\012\\"
 244      8C290D75 
 244      E1D2D09E 
 244      AB8B050A 
 244      5C
 245 0941 CA1E9EEE 		.ascii	"\312\036\236\356\232\274\242\304\025\224\221\266-\015"
 245      9ABCA2C4 
ARM GAS  /tmp/ccGxO8dR.s 			page 19


 245      159491B6 
 245      2D0D
 246 094f 0F43EAEA 		.ascii	"\017C\352\352\3163\344\353\037[\006\237\307`\272\306"
 246      CE33E4EB 
 246      1F5B069F 
 246      C760BAC6 
 247 095f 816B112E 		.ascii	"\201k\021.%K\372\013\232\222\365H\035P\267\245\2654"
 247      254BFA0B 
 247      9A92F548 
 247      1D50B7A5 
 247      B534
 248 0971 0ECCDCDB 		.ascii	"\016\314\334\333}'\212\271\301\370!\335;8P\331b\207"
 248      7D278AB9 
 248      C1F821DD 
 248      3B3850D9 
 248      6287
 249 0983 EF33D593 		.ascii	"\3573\325\223/\036,8\342f\306\264\014\236\011\341\022"
 249      2F1E2C38 
 249      E266C6B4 
 249      0C9E09E1 
 249      12
 250 0994 9A469AAB 		.ascii	"\232F\232\253\314\025u*p\033{\370\350\304l\257\012w"
 250      CC15752A 
 250      701B7BF8 
 250      E8C46CAF 
 250      0A77
 251 09a6 30A6BA35 		.ascii	"0\246\2725\252X\206\273\030s\241\256\327(\307\217\031"
 251      AA5886BB 
 251      1873A1AE 
 251      D728C78F 
 251      19
 252 09b7 531059B7 		.ascii	"S\020Y\267`\207\373\031\223\220\027~\000fv\306\264\325"
 252      6087FB19 
 252      9390177E 
 252      006676C6 
 252      B4D5
 253 09c9 7646DAE3 		.ascii	"vF\332\343a\306\224\266\236m\220\343\347\2149\366r\366"
 253      61C694B6 
 253      9E6D90E3 
 253      E78C39F6 
 253      72F6
 254 09db 32C2138C 		.ascii	"2\302\023\214yz\375Q\275\022\277bLj\356\343\032\005"
 254      797AFD51 
 254      BD12BF62 
 254      4C6AEEE3 
 254      1A05
 255 09ed 9E65CC54 		.ascii	"\236e\314TU\322^\274\300\256#nt\306\2521\304\003\035"
 255      55D25EBC 
 255      C0AE236E 
 255      74C6AA31 
 255      C4031D
 256 0a00 2BF39EDF 		.ascii	"+\363\236\337\3058\2041\363\341\327\016\251p\004c\206"
 256      C5388431 
 256      F3E1D70E 
 256      A9700463 
 256      86
 257 0a11 6A0FAFC3 		.ascii	"j\017\257\303\207\330u\322\310\222\001\307\260\353\313"
ARM GAS  /tmp/ccGxO8dR.s 			page 20


 257      87D875D2 
 257      C89201C7 
 257      B0EBCB
 258 0a20 03F9454A 		.ascii	"\003\371EJ|\2341q=\327Bd8\2161\355)\363\363\3668\211"
 258      7C9C3171 
 258      3DD74264 
 258      388E31ED 
 258      29F3F3F6 
 259 0a36 318F0FF7 		.ascii	"1\217\017\367\374\021\247\262\353\342\266\310\005\007"
 259      FC11A7B2 
 259      EBE2B6C8 
 259      0507
 260 0a44 9CCE984B 		.ascii	"\234\316\230KK/\243\035p\006cj\323\246K\271\354\342"
 260      4B2FA31D 
 260      7006636A 
 260      D3A64BB9 
 260      ECE2
 261 0a56 094DB8AE 		.ascii	"\011M\270\256M\276\262c\231O\252\3428\376\363\203\347"
 261      4DBEB263 
 261      994FAAE2 
 261      38FEF383 
 261      E7
 262 0a67 BBF210A2 		.ascii	"\273\362\020\242\213\014\266\324\260|\334\351_\226\207"
 262      8B0CB6D4 
 262      B07CDCE9 
 262      5F9687
 263 0a76 0F1D9167 		.ascii	"\017\035\221gdF\0366\246\226\262\246\034\201\246<\200"
 263      64461E36 
 263      A696B2A6 
 263      1C81A63C 
 263      80
 264 0a87 79997B89 		.ascii	"y\231{\211p\0051\372[\226\347\023\364K!\372\261\020"
 264      700531FA 
 264      5B96E713 
 264      F44B21FA 
 264      B110
 265 0a99 DDBFC982 		.ascii	"\335\277\311\202~.D\237\220\012\227\005\363\377\335"
 265      7E2E449F 
 265      900A9705 
 265      F3FFDD
 266 0aa8 02EF13C2 		.ascii	"\002\357\023\302{\227\301ky\360aq\313\031\334*\341_"
 266      7B97C16B 
 266      79F06171 
 266      CB19DC2A 
 266      E15F
 267 0aba 80EEF706 		.ascii	"\200\356\367\006d\241y\256\010I\370c\261;$\214n\350"
 267      64A179AE 
 267      0849F863 
 267      B13B248C 
 267      6EE8
 268 0acc 08502850 		.ascii	"\010P(P$\320)\240\030\240E\251\033:\010\337\307\200"
 268      24D029A0 
 268      18A045A9 
 268      1B3A08DF 
 268      C780
 269 0ade 42800E01 		.ascii	"B\200\016\001\035\005\212\006Z\202gQ\360\035\006\364"
 269      1D058A06 
ARM GAS  /tmp/ccGxO8dR.s 			page 21


 269      5A826751 
 269      F01D06F4 
 270 0aee 16AEF7C3 		.ascii	"\026\256\367\303w0P\004P8\320a\240\223@F\240\023\230"
 270      77305004 
 270      5038D061 
 270      A0934046 
 270      A01398
 271 0b01 BF726BE6 		.ascii	"\277rk\346\031?$4\276X\350\310R\236#'\204\350\013\313"
 271      193F2434 
 271      BE58E8C8 
 271      529E2327 
 271      84E80BCB 
 272 0b15 3DC36BA5 		.ascii	"=\303k\245\031!|\331\252p\212'|T\210^DB\341\375<\313"
 272      19217CD9 
 272      AA708A27 
 272      7C54885E 
 272      4442E1FD 
 273 0b2b 9F0AE103 		.ascii	"\237\012\341\003R\201\360N\036zP\274\236|\341S<\313"
 273      5281F04E 
 273      1E7A50BC 
 273      9E7CE153 
 273      3CCB
 274 0b3d A7C4E38B 		.ascii	"\247\304\343\213\017o\346\301\247\305+\312\207\217\362"
 274      0F6FE6C1 
 274      A7C52BCA 
 274      878FF2
 275 0b4c 6AFA4CBC 		.ascii	"j\372L\274\246<\323ky\350q!\372\254\260\242\243\274"
 275      A63CD36B 
 275      79E87121 
 275      FAACB0A2 
 275      A3BC
 276 0b5e 8A3E1177 		.ascii	"\212>\021w\013\337\224R\236\345\263B\370\262\005s'\317"
 276      0BDF9452 
 276      9EE5B342 
 276      F8B20573 
 276      27CF
 277 0b70 9431F18E 		.ascii	"\2241\361\216\304\357v<\331\257\204\350\216\345N\344"
 277      C4EF763C 
 277      D9AF84E8 
 277      8EE54EE4 
 278 0b80 097F215E 		.ascii	"\011\177!^\317\"\376r\274x\005\035\373\001f\275\027"
 278      CF22FE72 
 278      BC78051D 
 278      FB0166BD 
 278      17
 279 0b91 44642D56 		.ascii	"Dd-Vs{AD\330\244x\244\362\267\015\376\233E\365\234\250"
 279      737B4144 
 279      D8A478A4 
 279      F2B70DFE 
 279      9B45F59C 
 280 0ba6 17F89DE0 		.ascii	"\027\370\235\340\013\013\270K\010~$\024=\305k\217~\361"
 280      0B0BB84B 
 280      087E2414 
 280      3DC56B8F 
 280      7EF1
 281 0bb8 C1841FA6 		.ascii	"\301\204\037\246<\227\275\026w\331\032nK\252#)9\317"
 281      3C97BD16 
ARM GAS  /tmp/ccGxO8dR.s 			page 22


 281      77D91A6E 
 281      4BAA2329 
 281      39CF
 282 0bca 913F69F3 		.ascii	"\221?i\363\261\220\236c\323\244}{itB\216{\351\210\215"
 282      B1909E63 
 282      D3A47D7B 
 282      6974428E 
 282      7BE9888D 
 283 0bde C343A70B 		.ascii	"\303C\247\013\244h\245\273\333Q.\277\247\203\221YE<"
 283      A468A5BB 
 283      DB512EBF 
 283      A7839159 
 283      453C
 284 0bf0 86A98B1B 		.ascii	"\206\251\213\033\214\022a0J\302\374\215*H\217\342C\303"
 284      8C126130 
 284      4AC2FC8D 
 284      2A488FE2 
 284      43C3
 285 0c02 487A9420 		.ascii	"Hz\224 \346\364\266\314\277`N\007\335\250S\312$\211"
 285      E6F4B6CC 
 285      BF604E07 
 285      DDA853CA 
 285      2489
 286 0c14 B891AC8B 		.ascii	"\270\221\254\213\272\356B\027\037f\263\310\263\301K"
 286      BAEE4217 
 286      1F66B3C8 
 286      B3C14B
 287 0c23 6D523CCE 		.ascii	"mR<\316\230'\347\236\244\252\270\3053L!\350\314\370"
 287      9827E79E 
 287      A4AAB8C5 
 287      334C21E8 
 287      CCF8
 288 0c35 8918273C 		.ascii	"\211\030'<\307\036\2765\036?\351\204\367\253(\323\020"
 288      C71EBE35 
 288      1E3FE984 
 288      F7AB28D3 
 288      10
 289 0c46 DF7BC411 		.ascii	"\337{\304\021\007SF\0323S:\247\264\265xN\307\266\367"
 289      0753461A 
 289      33533AA7 
 289      B4B5784E 
 289      C7B6F7
 290 0c59 133E610B 		.ascii	"\023>a\013\2774\254Fg\361\362\365\363\376\244\226\001"
 290      BF34AC46 
 290      67F1F2F5 
 290      F3FEA496 
 290      01
 291 0c6a 298E641A 		.ascii	")\216d\032G\256\264\264`\034\3154\326\314FO`[\0323l"
 291      47AEB4B4 
 291      601CCD34 
 291      D6CC464F 
 291      605B1A33 
 292 0c7f 6AAC8504 		.ascii	"j\254\205\004\377\002(;/\242,9\370T6\306\247\230\262"
 292      FF02283B 
 292      2FA22C39 
 292      F85436C6 
 292      A798B2
ARM GAS  /tmp/ccGxO8dR.s 			page 23


 293 0c92 89D2A511 		.ascii	"\211\322\245\021\214\223\031\023\363\250a\312\001\237"
 293      8C931913 
 293      F3A861CA 
 293      019F
 294 0ca0 654CF2D9 		.ascii	"eL\362\331\364\177\304W\230\025\211c\325]*\233\231\356"
 294      F47FC457 
 294      98158963 
 294      D55D2A9B 
 294      99EE
 295 0cb2 556C2BD3 		.ascii	"Ul+\323m\0063\256\200\031\227\361\262\034WYu\375\364"
 295      6D0633AE 
 295      801997F1 
 295      B21C5759 
 295      75FDF4
 296 0cc5 8879CB99 		.ascii	"\210y\313\2315\355\314Uyb\332\0216C\023\353\317A\261"
 296      35EDCC55 
 296      7962DA11 
 296      364313EB 
 296      CF41B1
 297 0cd8 EBEF1CCD 		.ascii	"\353\357\034\315\233\177\302\"\231\2403\205\350e\003"
 297      9B7FC222 
 297      99A03385 
 297      E86503
 298 0ce7 CBE84F12 		.ascii	"\313\350O\022\215%q\253\251I\2278\264\271\026\274\270"
 298      8D2571AB 
 298      A9499738 
 298      B4B916BC 
 298      B8
 299 0cf8 B74CA1EF 		.ascii	"\267L\241\357\361\367\234\257s!{\003\352{\023\346\270"
 299      F1F79CAF 
 299      73217B03 
 299      EA7B13E6 
 299      B8
 300 0d09 6CA02CA0 		.ascii	"l\240,\240\034\240kV\363]?g\026i\3573\342\225\340\017"
 300      1CA06B56 
 300      F35D3F67 
 300      1669EF33 
 300      E295E00F 
 301 0d1d 3295F16C 		.ascii	"2\225\361l\317\357\272X\274\337\217wa[\223\244\216\027"
 301      CFEFBA58 
 301      BCDF8F77 
 301      615B93A4 
 301      8E17
 302 0d2f 45EB688A 		.ascii	"E\353h\212\367\252\353}\361N\270\235\265Yc\363\333*"
 302      F7AAEB7D 
 302      F14EB89D 
 302      B55963F3 
 302      DB2A
 303 0d41 7BF316E1 		.ascii	"{\363\026\341t<\335\"\274\003eoY\032\203(\264Q]t\033"
 303      743CDD22 
 303      BC03656F 
 303      591A8328 
 303      B4515D74 
 304 0d56 6AF9436A 		.ascii	"j\371Cj\014zs\2262\3030\036eq\223{4v\314\016\277\244"
 304      0C7A7396 
 304      32C3301E 
 304      6571937B 
ARM GAS  /tmp/ccGxO8dR.s 			page 24


 304      3476CC0E 
 305 0d6c CC6FEE54 		.ascii	"\314o\356T\206\037uD+\335\034V\322\324\314\201^\271"
 305      861F7544 
 305      2BDD1C56 
 305      D2D4CC81 
 305      5EB9
 306 0d7e 11C61D3E 		.ascii	"\021\306\035>4c\203\257U\354\021\304\201\203\203\273"
 306      346383AF 
 306      55EC11C4 
 306      818383BB 
 307 0d8e 396BE332 		.ascii	"9k\34328w\3611\344\034\364\374|\316\274\207`^\201U\003"
 307      3877F131 
 307      E41CF4FC 
 307      7CCEBC87 
 307      605E8155 
 308 0da3 CC54CB47 		.ascii	"\314T\313G*\270H*\204q\"\222C\213\370\2157\266\025Y"
 308      2AB8482A 
 308      84712292 
 308      438BF88D 
 308      37B61559 
 309 0db7 8D6DA41C 		.ascii	"\215m\244\034\363\223\225\203NcW:\376\242Y\320Z\302"
 309      F3939583 
 309      4E63573A 
 309      FEA259D0 
 309      5AC2
 310 0dc9 593003D7 		.ascii	"Y0\003\327\323\340\224\327@\257\200^\002M\001M\002M"
 310      D3E094D7 
 310      40AF805E 
 310      024D014D 
 310      024D
 311 0ddb 008D03BD 		.ascii	"\000\215\003\275\000\032\003z\016\324\011\324\006\324"
 311      001A037A 
 311      0ED409D4 
 311      06D4
 312 0de9 0AF400A8 		.ascii	"\012\364\000\250\005\250\014\250\024\350.P\261\2456"
 312      05A80CA8 
 312      14E82E50 
 312      B1A536
 313 0df8 74EBDEE5 		.ascii	"t\353\336\345\230\321\030\021\254\240\355\227\012\355"
 313      98D11811 
 313      ACA0ED97 
 313      0AED
 314 0e06 47F49A5B 		.ascii	"G\364\232[\252\330F\344\232-M\341J\374\033[\012~\257"
 314      AAD846E4 
 314      9A2D4DE1 
 314      4AFC1B5B 
 314      0A7EAF
 315 0e19 7CC4EDA3 		.ascii	"|\304\355\243\303\022\312(eZE\263T.\266;\271\330&\033"
 315      C312CA28 
 315      655A45B3 
 315      542EB63B 
 315      B9D8261B 
 316 0e2d ADFBC5F1 		.ascii	"\255\373\305\361\274\336\376\242\203\223^\016M\023*"
 316      BCDEFEA2 
 316      83935E0E 
 316      4D132A
 317 0e3c 84F39337 		.ascii	"\204\363\2237^\243VX5j9\233\260\254\222\344h\030\002"
ARM GAS  /tmp/ccGxO8dR.s 			page 25


 317      5EA35658 
 317      356A399B 
 317      B0AC92E4 
 317      681802
 318 0e4f 48EF4731 		.ascii	"H\357G1 \262\202\363S\023\370\251\026\352W\003TiU\307"
 318      20B282F3 
 318      5313F8A9 
 318      16EA5703 
 318      546955C7 
 319 0e63 BA7AF9E2 		.ascii	"\272z\371\342\015\243\361\240\002U\201\031a\\\031\321"
 319      0DA3F1A0 
 319      02558119 
 319      615C19D1 
 320 0e73 EECD33A3 		.ascii	"\356\3153\243\332\312\214\252w\231\321\014\252\277\337"
 320      DACA8CAA 
 320      7799D10C 
 320      AABFDF
 321 0e82 8CFE0BD8 		.ascii	"\214\376\013\330\230\376\036\215\322pq\033L\236\203"
 321      98FE1E8D 
 321      D270711B 
 321      4C9E83
 322 0e91 086A3BA5 		.ascii	"\010j;\245\334OG\244:\200\035\344\340\346\241\317\306"
 322      DC4F47A4 
 322      3A801DE4 
 322      E0E6A1CF 
 322      C6
 323 0ea2 DB36F3F3 		.ascii	"\3336\363\363F0\242\2363\250\001\256\357\2031\367\204"
 323      4630A29E 
 323      33A801AE 
 323      EF8331F7 
 323      84
 324 0eb3 FD6D8EDF 		.ascii	"\375m\216\337\337\016\201\212z\033c\261\270\216(\256"
 324      DF0E818A 
 324      7A1B63B1 
 324      B88E28AE 
 325 0ec3 846D1DA5 		.ascii	"\204m\035\245\036lP5\365\347\345\362y\357\360\026\257"
 325      1E6C5035 
 325      F5E7E5F2 
 325      79EFF016 
 325      AF
 326 0ed4 B2BCADDE 		.ascii	"\262\274\255\336zHe\017\037w\3103\322bI\206A\334q\330"
 326      7A48650F 
 326      1F77C833 
 326      D2624986 
 326      41DC71D8 
 327 0ee8 B2A4AFA7 		.ascii	"\262\244\257\247\343!\0035\324\313\347\262\311\244]"
 327      E3210335 
 327      D4CBE7B2 
 327      C9A45D
 328 0ef7 212662F0 		.ascii	"!&b\360\244\222\214\247\244U\217X\312W\320\362\314\334"
 328      A4928CA7 
 328      A4558F58 
 328      CA57D0F2 
 328      CCDC
 329 0f09 97D5F223 		.ascii	"\227\325\362#ua\306\030/\272k~T<ZyMT\372\217\254zds"
 329      7561C618 
 329      2FBA6B7E 
ARM GAS  /tmp/ccGxO8dR.s 			page 26


 329      543C5A79 
 329      4D54FA8F 
 330 0f21 F8A4102D 		.ascii	"\370\244\020-X>\222]\300\257,\015\232\306\301\315\316"
 330      583E925D 
 330      C0AF2C0D 
 330      9AC6C1CD 
 330      CE
 331 0f32 3CBB0C3E 		.ascii	"<\273\014>\265\205{e\005\260t\241t^z/>\330v@\203\210"
 331      B5857B65 
 331      05B074A1 
 331      745E7A2F 
 331      3ED87640 
 332 0f48 0DB6DCF4 		.ascii	"\015\266\334\364\305\371:\337\206\257\343\203\251\257"
 332      C5F93ADF 
 332      86AFE383 
 332      A9AF
 333 0f56 89EAF316 		.ascii	"\211\352\363\026_\345\233|ed\303u&\027>\217\360*\224"
 333      5FE59B7C 
 333      6564C375 
 333      26173E8F 
 333      F02A94
 334 0f69 21B490BF 		.ascii	"!\264\220\277\352\213\0253QB\313\021\373\236\201}\243"
 334      EA8B1533 
 334      5142CB11 
 334      FB9E817D 
 334      A3
 335 0f7a 103C2340 		.ascii	"\020<#@\303@O\200z\200\272\201\272\254\002j~3\363\011"
 335      C3404F80 
 335      7A80BA81 
 335      BAAC026A 
 335      7E33F309 
 336 0f8e 699F4CD0 		.ascii	"i\237L\320H$\330\314\307\027\357\361\306\236\213\337"
 336      4824D8CC 
 336      C717EFF1 
 336      C69E8BDF 
 337 0f9e 879E     		.ascii	"\207\236"
 338 0fa0 E2B2F7C7 		.ascii	"\342\262\367\307\000\276d\033\314\033\037z\255\306\207"
 338      00BE641B 
 338      CC1B1F7A 
 338      ADC687
 339 0faf C722E383 		.ascii	"\307\"\343\203\371\255\3335\020\330\313\265\306\000"
 339      F9ADDB35 
 339      10D8CBB5 
 339      C600
 340 0fbd D4B61F6A 		.ascii	"\324\266\037j\326g5a\264\367\310\307\247\330\253{\262"
 340      D6673561 
 340      B4F7C8C7 
 340      A7D8AB7B 
 340      B2
 341 0fce ED7E992B 		.ascii	"\355~\231+`{|\030\3751\031KH,esX\221\301\201\213\374"
 341      607B7C18 
 341      FD31194B 
 341      482C6573 
 341      5891C181 
 342 0fe4 303989FC 		.ascii	"09\211\374^\261\\\005\332\361j\015\327\216O\241\352"
 342      5EB15C05 
 342      DAF16A0D 
ARM GAS  /tmp/ccGxO8dR.s 			page 27


 342      D78E4FA1 
 342      EA
 343 0ff5 D77F50D5 		.ascii	"\327\177P\325\007\001i\251\372SV"
 343      070169A9 
 343      FA5356
 344 1000 751BD332 		.ascii	"u\033\3232\032\202\012[ffs\214\035\012\216\"1FD\345"
 344      1A820A5B 
 344      6666738C 
 344      1D0A8E22 
 344      314644E5 
 345 1014 59F29B42 		.ascii	"Y\362\233B*\313l\333i\223m0;\345\274\263\011IT\327p"
 345      2ACB6CDB 
 345      69936D30 
 345      3BE5BCB3 
 345      094954D7 
 346 1029 7313E990 		.ascii	"s\023\351\2207\276\017m\332\204 \340\233\266\301\314"
 346      37BE0F6D 
 346      DA8420E0 
 346      9BB6C1CC 
 347 1039 DEB6629A 		.ascii	"\336\266b\232\214\001f\271\013\247\013\270\267\305\344"
 347      8C0166B9 
 347      0BA70BB8 
 347      B7C5E4
 348 1048 6DC22DAE 		.ascii	"m\302-\256\037p\333\252\254\027\344\362\367>\376\013"
 348      1F70DBAA 
 348      AC17E4F2 
 348      F73EFE0B 
 349 1058 7BC74DDE 		.ascii	"{\307M\336\007\344\211\201y\357\270G\3773\303\222\215"
 349      07E48981 
 349      79EFB847 
 349      FF33C392 
 349      8D
 350 1069 FF22312C 		.ascii	"\377\"1,/~+\363\271h\277\017K\304Rao\024\331\232\370"
 350      2F7E2BF3 
 350      B968BF0F 
 350      4BC45261 
 350      6F14D99A 
 351 107e 5BEE9403 		.ascii	"[\356\224\003\300\033\304\341\374\365\347\257-#y\273"
 351      C01BC4E1 
 351      FCF5E7AF 
 351      2D2379BB 
 352 108e 102DB264 		.ascii	"\020-\262d\347\301\037\212\303\371\355\226\313\265\033"
 352      E7C11F8A 
 352      C3F9ED96 
 352      CBB51B
 353 109d 59177608 		.ascii	"Y\027v\010\341\313\267I\346?a\322I\012\222\214E\341"
 353      E1CBB749 
 353      E63F61D2 
 353      490A928C 
 353      45E1
 354 10af FC14E40E 		.ascii	"\374\024\344\016\347\030\323,Wbc\226\343j\372\211\365"
 354      E718D32C 
 354      57626396 
 354      E36AFA89 
 354      F5
 355 10c0 9CB51CCD 		.ascii	"\234\265\034\315\017\213;l\034-\2611\216.\275\"\323"
 355      0F8B3B6C 
ARM GAS  /tmp/ccGxO8dR.s 			page 28


 355      1C2DB131 
 355      8E2EBD22 
 355      D3
 356 10d1 11E90DB9 		.ascii	"\021\351\015\271\226\020/\301\334\001\216\271\204\212"
 356      96102FC1 
 356      DC018EB9 
 356      848A
 357 10df 1E077CDC 		.ascii	"\036\007|\334\236&\341\035/\007U8\216]\307&=8 \303\247"
 357      9E26E11D 
 357      2F075538 
 357      8E5DC726 
 357      3D3820C3 
 358 10f4 29233DD3 		.ascii	")#=\323Z\022e\363\215\370[\333+\3301\371\235*\372\312"
 358      5A1265F3 
 358      8DF85BDB 
 358      2BD831F9 
 358      9D2AFACA 
 359 1108 62015621 		.ascii	"b\001V!oDV\225\3439\345W\035p\017Syd\262\270Y\205\207"
 359      6F445695 
 359      E339E557 
 359      1D700F53 
 359      7964B2B8 
 360 111f 98CAE0EC 		.ascii	"\230\312\340\354\254a{[*\367\313l\276q\376[\322G\214"
 360      AC617B5B 
 360      2AF7CB6C 
 360      BE71FE5B 
 360      D2478C
 361 1132 32355A12 		.ascii	"25Z\022Q7\262\2305$\303\223L]\325P\334\277\307\263\354"
 361      5137B298 
 361      3524C393 
 361      4C5DD550 
 361      DCBFC7B3 
 362 1147 FAE28DCB 		.ascii	"\372\342\215\313\347\235\371\033\026uVG\257Bd\246\015"
 362      E79DF91B 
 362      16755647 
 362      AF4264A6 
 362      0D
 363 1158 8BBAB263 		.ascii	"\213\272\262c\311N8\330\201\2262\035a\374#;\302\230"
 363      C94E38D8 
 363      8196321D 
 363      61FC233B 
 363      C298
 364 116a 3D12956C 		.ascii	"=\022\225l\207\017\263g\306\316\223\3312\231T\202\302"
 364      870FB367 
 364      C6CE93D9 
 364      32995482 
 364      C2
 365 117b 651885C9 		.ascii	"e\030\205\311\\\331I\305\216\214\004g\234\310\020s\267"
 365      5CD949C5 
 365      8E8C0467 
 365      9CC81073 
 365      B7
 366 118c 4EBEC604 		.ascii	"N\276\306\004q\020\020\277pE\0212\031\271}\253?&\302"
 366      711010BF 
 366      70451132 
 366      19B97DAB 
 366      3F26C2
ARM GAS  /tmp/ccGxO8dR.s 			page 29


 367 119f 116732CC 		.ascii	"\021g2\314\265#\306{N\004\023\005\230\277vE\221\024"
 367      B523C67B 
 367      4E041305 
 367      98BF7645 
 367      9114
 368 11b1 23EDCB1C 		.ascii	"#\355\313\034\317R!;\3670\372\022%x\277\345%\212\004"
 368      CF52213B 
 368      F730FA12 
 368      2578BFE5 
 368      258A04
 369 11c4 1D96D9D1 		.ascii	"\035\226\331\3211\376\010\370\350\220L&x\015\270tD9"
 369      31FE08F8 
 369      E8904C26 
 369      780DB874 
 369      4439
 370 11d6 5F164E9A 		.ascii	"_\026N\232\004p\202\243\"\271\345O\345\370!U,m\251;"
 370      047082A3 
 370      22B9E54F 
 370      E5F82155 
 370      2C6DA93B 
 371 11ea DFA410D5 		.ascii	"\337\244\020\325\200\216\202\340w+\231>MG\252\030\000"
 371      808E82E0 
 371      772B993E 
 371      4D47AA18 
 371      00
 372 11fb 45CBCCAD 		.ascii	"E\313\314\255@\024\022=\262\260\354\323\267U\210\254"
 372      4014123D 
 372      B2B0ECD3 
 372      B75588AC 
 373 120b E658B843 		.ascii	"\346X\270C\230\014_\210<d\354-A\264L(\2249&3\0173\337"
 373      980C5F88 
 373      3C64EC2D 
 373      41B44C28 
 373      94392633 
 374 1222 97044A28 		.ascii	"\227\004J(\230Xs\002\2549.sC\2612\376\204=X\270\212"
 374      98587302 
 374      AC392E73 
 374      43B132FE 
 374      843D58B8 
 375 1237 6DFD402B 		.ascii	"m\375@+\242`N\266\315\356\324S\300V\325\000\022\270"
 375      A2604EB6 
 375      CDEED453 
 375      C056D500 
 375      12B8
 376 1249 A7A1F115 		.ascii	"\247\241\361\025\014RO\231\177b\257\26578\011\317Y\231"
 376      0C524F99 
 376      7F62AFB5 
 376      373809CF 
 376      5999
 377 125b 67BF3830 		.ascii	"g\27780\304\226Q\\\257-\242.:\005\240\223\026\027\021"
 377      C496515C 
 377      AF2DA22E 
 377      3A05A093 
 377      161711
 378 126e A554576A 		.ascii	"\245TWj\353x\204\314\372\370\214\230p\211\225d\362\006"
 378      EB7884CC 
 378      FAF88C98 
ARM GAS  /tmp/ccGxO8dR.s 			page 30


 378      70899564 
 378      F206
 379 1280 E8C06C99 		.ascii	"\350\300l\231\222\037\307\3612~\202\220`\216\343\276"
 379      921FC7F1 
 379      327E8290 
 379      608EE3BE 
 380 1290 8CD81167 		.ascii	"\214\330\021g<\316\242\354\364\375\205*\005\236eL\351"
 380      3CCEA2EC 
 380      F4FD852A 
 380      059E654C 
 380      E9
 381 12a1 54F605EE 		.ascii	"T\366\005\356u\023&\357\245b\312\226\234\325\2267\356"
 381      751326EF 
 381      A562CA96 
 381      9CD59637 
 381      EE
 382 12b2 E4BE4560 		.ascii	"\344\276E`\212\214\274\256\363pE\3112\372\266\356uL"
 382      8A8CBCAE 
 382      F37045C9 
 382      32FAB6EE 
 382      754C
 383 12c4 F6672E31 		.ascii	"\366g.1\234O\376NF\317F\232V(\260\264\224\271\230\312"
 383      9C4FFE4E 
 383      46CF469A 
 383      5628B0B4 
 383      94B998CA 
 384 12d8 D0B75C51 		.ascii	"\320\267\\Q\021\2570^`j\273\223\307_\312\260\321\221"
 384      11AF305E 
 384      606ABB93 
 384      C75FCAB0 
 384      D191
 385 12ea BDA1E20E 		.ascii	"\275\241\342\016\317\376\221\035\236\255\033\214\231"
 385      CFFE911D 
 385      9EAD1B8C 
 385      99
 386 12f7 72C261EC 		.ascii	"r\302a\354Y\371\330\376y\332\261\322\300ogM\035+2t\006"
 386      59F9D8FE 
 386      79DAB1D2 
 386      C06F674D 
 386      1D2B3274 
 387 130c B302E4A8 		.ascii	"\263\002\344\250\310\365\213!\015\012\034\313\012<\354"
 387      C8F58B21 
 387      0D0A1CCB 
 387      0A3CEC
 388 131b BFD52D27 		.ascii	"\277\325-'\005\316C\201s2W\224\316:\332\2237W\362\234"
 388      05CE4381 
 388      73325794 
 388      CE3ADA93 
 388      3757F29C 
 389 132f 5819B299 		.ascii	"X\031\262\231\267\330Wz\024\343\024V&\306\030\223J\373"
 389      B7D8577A 
 389      14E31456 
 389      26C61893 
 389      4AFB
 390 1341 5D2694C9 		.ascii	"]&\224\311\2002\027X\231\232\364\274\005\007VF\016l"
 390      80321758 
 390      999AF4BC 
ARM GAS  /tmp/ccGxO8dR.s 			page 31


 390      05075646 
 390      0E6C
 391 1353 F3CC911E 		.ascii	"\363\314\221\0369\276\310\312\214O\337*\266#e.C\231"
 391      39BEC8CA 
 391      8C4FDF2A 
 391      B623652E 
 391      4399
 392 1365 4B50E622 		.ascii	"KP\346\"+c:S\374Gv\246\270\263\273\262\320\036\337`"
 392      2B633A53 
 392      FC4776A6 
 392      B8B3BBB2 
 392      D01EDF60 
 393 1379 65EE2595 		.ascii	"e\356%\225%R=YP\346*\224\271\302\312\224]\214\211R\340"
 393      25523D59 
 393      50E62A94 
 393      B9C2CA94 
 393      5D8C8952 
 394 138e 4A066A1B 		.ascii	"J\006j\033\271\224AA\327\000\364\237\\Q6\303\244t\265"
 394      B9944141 
 394      D700F49F 
 394      5C5136C3 
 394      A474B5
 395 13a1 8723DCCA 		.ascii	"\207#\334\3120g\306[\357 \202\311a\303\015\272\316@"
 395      3067C65B 
 395      EF2082C9 
 395      61C30DBA 
 395      CE40
 396 13b3 E503371B 		.ascii	"\345\0037\0330\356e\240\262\322\233\017\355\011\350"
 396      30EE65A0 
 396      B2D29B0F 
 396      ED09E8
 397 13c2 261B716E 		.ascii	"&\033qn0\314R\364\301t\005\036a\230k\311!Oi-n\263\021"
 397      30CC52F4 
 397      C174051E 
 397      61986BC9 
 397      214F692D 
 398 13d9 E7161B71 		.ascii	"\347\026\033qzc3\247\3256F\234\\n0\310\203\300\274\263"
 398      7A6333A7 
 398      D536469C 
 398      5C6E30C8 
 398      83C0BCB3 
 399 13ed 6C30182A 		.ascii	"l0\030*R>, SP\356\262\001\347\322\231\2702\204\223\235"
 399      523E2C20 
 399      5350EEB2 
 399      01E7D299 
 399      B8328493 
 400 1402 688FAA78 		.ascii	"h\217\252x:\236\203\304G\234B\020\374n%m\037\223\336"
 400      3A9E83C4 
 400      479C4210 
 400      FC6E256D 
 400      1F93DE
 401 1415 5400987C 		.ascii	"T\000\230|Ko\312\345\006\034tt)\375\201\012g8\261\223"
 401      4B6FCAE5 
 401      061C7474 
 401      29FD810A 
 401      6738B193 
 402 1429 1E1DD359 		.ascii	"\036\035\323Yv\3702c\256^~\223\255\226I\351{Yr\236\034"
ARM GAS  /tmp/ccGxO8dR.s 			page 32


 402      76F83263 
 402      AE5E7E93 
 402      AD9649E9 
 402      7B59729E 
 403 143e 6ED557B4 		.ascii	"n\325W\264\304)\3615\372\\\226X~\353\205=R\261\367\341"
 403      C429F135 
 403      FA5C9658 
 403      7EEB853D 
 403      52B1F7E1 
 404 1452 EEE1CCB4 		.ascii	"\356\341\314\264\230\025\310lZ\005\230S*S\201\2002p"
 404      9815C86C 
 404      5A059853 
 404      2A538180 
 404      3270
 405 1464 7A398423 		.ascii	"z9\204#y\035N\356\320W\344+\350%\357=:\260\350\256\314"
 405      791D4EEE 
 405      D057E42B 
 405      E825EF3D 
 405      3AB0E8AE 
 406 1479 FC1E9D1C 		.ascii	"\374\036\235\034\270\2509\023g\307?\351N \226\243\356"
 406      B8A83913 
 406      67C73FE9 
 406      4E2096A3 
 406      EE
 407 148a 953272D4 		.ascii	"\2252r\324\275D\306\235u\037^\210\033D\374\016\016\317"
 407      BD44C69D 
 407      751F5E88 
 407      1B44FC0E 
 407      0ECF
 408 149c F93B04E6 		.ascii	"\371;\004\346\016\336:\224;m\217o\263jVe\334\274\213"
 408      0EDE3A94 
 408      3B6D8F6F 
 408      B36A5665 
 408      DCBC8B
 409 14af 68354987 		.ascii	"h5I\207d\365\234\033*\205iR\3445\274\2153\335\215\015"
 409      64F59C1B 
 409      2A856952 
 409      E435BC8D 
 409      33DD8D0D 
 410 14c3 57C6A57C 		.ascii	"W\306\245|\315\2652\376HPg\326\034\0252\326\310|\012"
 410      CDB532FE 
 410      485067D6 
 410      1C1532D6 
 410      C87C0A
 411 14d6 F7500D8B 		.ascii	"\367P\015\213\261\374\311\316t'\263\005\367\330\315"
 411      B1FCC9CE 
 411      7427B305 
 411      F7D8CD
 412 14e5 CE9A9E51 		.ascii	"\316\232\236Q\205\311\373\365\354\336\353\307\307\375"
 412      85C9FBF5 
 412      ECDEEBC7 
 412      C7FD
 413 14f3 6D7BA381 		.ascii	"m{\243\201z\343\276\311\033\025\235\011\251j\276M\015"
 413      7AE3BEC9 
 413      1B159D09 
 413      A96ABE4D 
 413      0D
ARM GAS  /tmp/ccGxO8dR.s 			page 33


 414 1504 56DE6834 		.ascii	"V\336h4\333\364\",\257\333\011\027\332\366\306\251s"
 414      DBF4222C 
 414      AFDB0917 
 414      DAF6C6A9 
 414      73
 415 1515 C14D0EF4 		.ascii	"\301M\016\364\036\231%\232\231-1\241\361\341\216f`\013"
 415      1E99259A 
 415      992D31A1 
 415      F1E18E66 
 415      600B
 416 1527 BB39DD5E 		.ascii	"\2739\335^\371\357L6?`\267\356Ut\365c\333F\267Q\243"
 416      F9EF4C36 
 416      3F60B7EE 
 416      5574F563 
 416      DB46B751 
 417 153c 5B4D4677 		.ascii	"[MFwu\345-8Y\035\363\2662\272\335lt\321\331\366\036"
 417      75E52D38 
 417      591DF3B6 
 417      32BADD6C 
 417      74D1D9F6 
 418 1551 052E6546 		.ascii	"\005.eFW\016\345\334F\270\2361M\207^\300\270\323\312"
 418      570EE5DC 
 418      46B89E31 
 418      4D875EC0 
 418      B8D3CA
 419 1564 1863C662 		.ascii	"\030c\306b\271\024\3673f\242\251\353\231\034\277\340"
 419      B914F733 
 419      66A2A9EB 
 419      991CBFE0 
 420 1574 A27BB838 		.ascii	"\242{\2708\311t\330\217$(\271i=\263R\374\206=<\177\365"
 420      C974D88F 
 420      2428B969 
 420      3DB352FC 
 420      863D3C7F 
 421 1589 4CBC0287 		.ascii	"L\274\002\207\260_j\344\204\235\221\342\303\364Z\326"
 421      B05F6AE4 
 421      849D91E2 
 421      C3F45AD6 
 422 1599 983095EE 		.ascii	"\2300\225\356\204\310\036+\227\325\237\222\263t\224"
 422      84C81E2B 
 422      97D59F92 
 422      B37494
 423 15a8 38E13174 		.ascii	"8\3411t\257\001\361\371\223[[\260\015&\202\355\025\305"
 423      AF01F1F9 
 423      935B5BB0 
 423      0D2682ED 
 423      15C5
 424 15ba BE73261F 		.ascii	"\276s&\037\340&\315'\320\255\372`j\353\267\2324\027"
 424      E026CD27 
 424      D0ADFA60 
 424      6AEBB79A 
 424      3417
 425 15cc 4F62D2CD 		.ascii	"Ob\322\315\007\226M\315\306\332\206\032\204OP\373\245"
 425      07964DCD 
 425      C6DA861A 
 425      844F50FB 
 425      A5
ARM GAS  /tmp/ccGxO8dR.s 			page 34


 426 15dd AF9EC79E 		.ascii	"\257\236\307\236Xv\004\332<{\016\201\344wki\373\025"
 426      587604DA 
 426      3C7B0E81 
 426      E4776B69 
 426      FB15
 427 15ef 51320898 		.ascii	"Q2\010\230\247\226\261d\300437\306\026\036R\361[o\320"
 427      A796B164 
 427      C0343337 
 427      C6161E52 
 427      F15B6FD0 
 428 1603 6A861D36 		.ascii	"j\206\0356\267^HGf+\013\036\270\307EY]\370\331\021G"
 428      B75E4847 
 428      662B0B1E 
 428      B8C74559 
 428      5DF8D911 
 429 1618 53F08CB0 		.ascii	"S\360\214\260\340)\351\031\356\227\333\016\236g4xFM"
 429      E029E919 
 429      EE97DB0E 
 429      9E673478 
 429      464D
 430 162a C1733EEE 		.ascii	"\301s>\356\236\321J\3753\253\340ynR\257\276\220\222"
 430      9ED14AFD 
 430      33ABE079 
 430      6E52AFBE 
 430      9092
 431 163c 36AA466E 		.ascii	"6\252Fn\246\303\371\334\273\222\2261yD\015\335^\202"
 431      A6C3F9DC 
 431      BB929631 
 431      79440DDD 
 431      5E82
 432 164e 91027542 		.ascii	"\221\002uB\375&m4\020\3037\"\310\233@(\352\021B\227"
 432      FD266D34 
 432      10C33722 
 432      C89B4028 
 432      EA114297 
 433 1662 AFE62896 		.ascii	"\257\346(\226\210}(\304._>\231\261\305\342r\227o+v\223"
 433      887D28C4 
 433      2E5F3E99 
 433      B1C5E272 
 433      976F2B76 
 434 1677 49986C4B 		.ascii	"I\230lKwq%H\003\276\204\006\234\206\006\034\003z\015"
 434      77712548 
 434      03BE8406 
 434      9C86061C 
 434      037A0D
 435 168a 340E3405 		.ascii	"4\0164\005\364\012h\002\350\205U\"H\225B\367BMB\245"
 435      F40A6802 
 435      E8855522 
 435      489542F7 
 435      424D42A5 
 436 169e CB0EF32F 		.ascii	"\313\016\363/r/p'e\"\373\025\225\325\012\326!`|A\325"
 436      722F7027 
 436      6522FB15 
 436      95D50AD6 
 436      21607C41 
 437 16b3 E2B2442B 		.ascii	"\342\262D+\333!\356\2305\"\320G\242MczeS\226\321X\242"
 437      DB21EE98 
ARM GAS  /tmp/ccGxO8dR.s 			page 35


 437      3522D047 
 437      A24D637A 
 437      655396D1 
 438 16c9 B04E0FC5 		.ascii	"\260N\017\305\374#\371A\316\001yc\271\031\235V\263\312"
 438      FC23F941 
 438      CE017963 
 438      B9199D56 
 438      B3CA
 439 16db 8C5550CF 		.ascii	"\214UP\317\232\203\332\370\350\311\031G|\216\015\032"
 439      9A83DAF8 
 439      E8C91947 
 439      7C8E0D1A 
 440 16eb 0D4D3329 		.ascii	"\015M3)\334\317\241\356\321<e\264\3471\346\016\365\223"
 440      DCCFA1EE 
 440      D13C65B4 
 440      E731E60E 
 440      F593
 441 16fd 4C27A977 		.ascii	"L'\251w~\001\343,g\253\203\307.\334\301\343\366\306"
 441      7E01E32C 
 441      67AB83C7 
 441      2EDCC1E3 
 441      F6C6
 442 170f FEDF32F6 		.ascii	"\376\3372\366#\340fn\275y\304\375\314$\225d\235\005"
 442      23E0666E 
 442      BD79C4FD 
 442      CC249564 
 442      9D05
 443 1721 F573979D 		.ascii	"\365s\227\235\360\015Vt0\357x\271\332f\012\272_\316"
 443      F00D5674 
 443      30EF78B9 
 443      DA660ABA 
 443      5FCE
 444 1733 A5A02FD8 		.ascii	"\245\240/\330<u\367\336\321v\007a\016\272\004\336Y$"
 444      3C75F7DE 
 444      D1760761 
 444      0EBA04DE 
 444      5924
 445 1745 B9223A20 		.ascii	"\271\": w1\025\242\023Cuh\274\023.b\212:NF>\227\233"
 445      773115A2 
 445      13437568 
 445      BC132E62 
 445      8A3A4E46 
 446 175c 7EB213F1 		.ascii	"~\262\023\361C~\262\323\327=\024\351\204+Y\361\243\023"
 446      437EB2D3 
 446      D73D14E9 
 446      842B59F1 
 446      A313
 447 176e 53C71436 		.ascii	"S\307\0246\355\0143\331\271\232\226\274}3m\334Nh\246"
 447      ED0C33D9 
 447      B99A96BC 
 447      7D336DDC 
 447      4E68A6
 448 1781 65200CA7 		.ascii	"e \014\247f\206\231\314\254=\366:[\205\033\231\236#"
 448      668699CC 
 448      AC3DF63A 
 448      5B851B99 
 448      9E23
ARM GAS  /tmp/ccGxO8dR.s 			page 36


 449 1793 2505FF15 		.ascii	"%\005\377\025\267\262\353'\351\211)\366\270\2031\251"
 449      B7B2EB27 
 449      E98929F6 
 449      B88331A9 
 450 17a3 E9D77BA5 		.ascii	"\351\327{\245\270\2331yM\231\311\010?a\314\243\243\307"
 450      B89B3179 
 450      4D99C908 
 450      3F61CCA3 
 450      A3C7
 451 17b5 32EDF128 		.ascii	"2\355\361(c\342\037\237\354\221\342q\306\364\027Oe8"
 451      63E21F9F 
 451      EC91E271 
 451      C6F4174F 
 451      6538
 452 17c7 E369C614 		.ascii	"\343i\306\024.\306% \274"
 452      2EC62520 
 452      BC
 453 17d0 C098F4B7 		.ascii	"\300\230\364\267\031o\224\370\300\012vRn(2\312\011G"
 453      196F94F8 
 453      C00A7652 
 453      6E2832CA 
 453      0947
 454 17e2 3026FF42 		.ascii	"0&\377B\306\274\014\037a\314\301\216\302!\204O2f(\355"
 454      C6BC0C1F 
 454      61CCC18E 
 454      C221844F 
 454      326628ED 
 455 17f6 41A4234E 		.ascii	"A\244#N`\314\311\201\326X%NaL\356\245+CJ\234\316\230"
 455      60CCC981 
 455      D658254E 
 455      614CEEA5 
 455      2B434A9C 
 456 180c C3E939D1 		.ascii	"\303\3519\321\334\331\254\020\022\014\035]\025W\271"
 456      DCD9AC10 
 456      120C1D5D 
 456      1557B9
 457 181b 892A9524 		.ascii	"\211*\225$\374\011qa\317\354\360E\012\376q\316\364\303"
 457      FC097161 
 457      CFECF045 
 457      0AFE71CE 
 457      F4C3
 458 182d 3929E2BD 		.ascii	"9)\342\275\334[\311?\243u\234\375\346(9\215;\243\025"
 458      DC5BC93F 
 458      A3759CFD 
 458      E628398D 
 458      3BA315
 459 1840 22871587 		.ascii	"\"\207\025\207\034\006J\271\255C\025\244\304h2f]\230"
 459      1C064AB9 
 459      AD4315A4 
 459      C4683266 
 459      5D98
 460 1852 C0A384F0 		.ascii	"\300\243\204\360\023B\370\024\037\036)\0167\365x\202"
 460      1342F814 
 460      1F1E290E 
 460      37F57882 
 461 1862 2FE5E363 		.ascii	"/\345\343c\204x\353\241\223\376\334'\011[~\357sB\210"
 461      8478EBA1 
ARM GAS  /tmp/ccGxO8dR.s 			page 37


 461      93FEDC27 
 461      095B7EEF 
 461      734288
 462 1875 B71A25A8 		.ascii	"\267\032%\2509I<\361\261B\270\365\000D\360\363|\374"
 462      39493CF1 
 462      B142B8F5 
 462      0044F0F3 
 462      7CFC
 463 1887 51717378 		.ascii	"Qqsx\277\261\232O\346YsP\010_\024Z3\312\227~L\334\032"
 463      BFB19A4F 
 463      E6597350 
 463      085F145A 
 463      33CA977E 
 464 189e 9EF47E7E 		.ascii	"\236\364~~]\217\213\327\325\3127|k\016\013\361\302\227"
 464      5D8F8BD7 
 464      D5CA377C 
 464      6B0E0BF1 
 464      C297
 465 18b0 10A6E922 		.ascii	"\020\246\351\"^\356\212\342\344\344\031\201\223\271"
 465      5EEE8AE2 
 465      E4E41981 
 465      93B9
 466 18be E292DC1D 		.ascii	"\342\222\334\035]\220\273\241\213@\247\201\322\201\322"
 466      5D90BBA1 
 466      8B40A781 
 466      D281D2
 467 18cd 805281CE 		.ascii	"\200R\201\316\000\245\000%\002e\001\235\003\272\014"
 467      00A50025 
 467      0265019D 
 467      03BA0C
 468 18dc 9404940C 		.ascii	"\224\004\224\014t\026(\033\350\012\320U\240\014\240"
 468      7416281B 
 468      E80AD055 
 468      A00CA0
 469 18eb 4C39FFB7 		.ascii	"L9\377\267b\265\374Z\235\022Z)\334\367\355L\301\354"
 469      62B5FC5A 
 469      9D125A29 
 469      DCF7ED4C 
 469      C1EC
 470 18fd 3D0C8C46 		.ascii	"=\014\214F\310\310\241Mc\224\340\310\027\365Y\012Oz"
 470      C8C8A14D 
 470      6394E0C8 
 470      17F5590A 
 470      4F7A
 471 190f 8250FA5B 		.ascii	"\202P\372[\231\300\305\315|cN\212\032\303?H\260\230"
 471      99C0C5CD 
 471      7C634E8A 
 471      1AC33F48 
 471      B098
 472 1921 88E3C952 		.ascii	"\210\343\311R\005P\313\177\2716\230\2143\331{K\"\354"
 472      0550CB7F 
 472      B936988C 
 472      33D97B4B 
 472      22EC
 473 1933 90B8FFF9 		.ascii	"\220\270\377\371\357\214jMu\203!\014\205rxs\372U\"\214"
 473      EF8C6A4D 
 473      7583210C 
ARM GAS  /tmp/ccGxO8dR.s 			page 38


 473      85727873 
 473      FA55228C 
 474 1947 9EE6145E 		.ascii	"\236\346\024^\364\004\013\305\027\013\243\247\231\037"
 474      F4040BC5 
 474      170BA3A7 
 474      991F
 475 1955 0D47C4FB 		.ascii	"\015G\304\3739\337s\245|\317E\210\3072\303\223\325\375"
 475      39DF73A5 
 475      7CCF4588 
 475      C732C393 
 475      D5FD
 476 1967 68D66B47 		.ascii	"h\326kG\234E\207\035\351\251\316\370p\313I\210\027)"
 476      9C45871D 
 476      E9A9CEF8 
 476      70CB4988 
 476      1729
 477 1979 98BC3B42 		.ascii	"\230\274;B9P\374\232\334\234\026\022\227\331\210<t\035"
 477      3950FC9A 
 477      DC9C1612 
 477      97D9883C 
 477      741D
 478 198b 02EEDF3A 		.ascii	"\002\356\337:\370\300\350\013\2755\015V[>9r\376\334"
 478      F8C0E80B 
 478      BD350D56 
 478      5B3E3972 
 478      FEDC
 479 199d 7D43CECD 		.ascii	"}C\316\315\335\316\023\023\231\207\020\262:\353\312"
 479      DDCE1313 
 479      998710B2 
 479      3AEBCA
 480 19ac 1DB53299 		.ascii	"\035\2652\231\376\006\"p\236D\340\034\344\02079\323"
 480      FE062270 
 480      9E44E01C 
 480      E4103739 
 480      D3
 481 19bd 4BC1F402 		.ascii	"K\301\364\002Py\013\3506\320]\240|\240;@\205@E@e@%@"
 481      50790BE8 
 481      36D05DA0 
 481      7CA03B40 
 481      85404540 
 482 19d5 B940C540 		.ascii	"\271@\305@yr~\336\005Ig\342\3010c\366\327t\201~\206"
 482      79727EDE 
 482      054967E2 
 482      C13063F6 
 482      D774817E 
 483 19ea 93BD7C77 		.ascii	"\223\275|w\217\305\217\035d@\247e.(\225\303\231_p/K"
 483      8FC58F1D 
 483      6440A765 
 483      2E2895C3 
 483      995F702F 
 484 19ff 96166B5C 		.ascii	"\226\026k\\\271={H\230\016pp[\221I6\002\357\375\031"
 484      B93D7B48 
 484      980E7070 
 484      5B914936 
 484      02EFFD19 
 485 1a13 C393A9F6 		.ascii	"\303\223\251\366-\022\340\227\237\033\250\347\304\203"
 485      2D12E097 
ARM GAS  /tmp/ccGxO8dR.s 			page 39


 485      9F1BA8E7 
 485      C483
 486 1a21 0BD18250 		.ascii	"\013\321\202P\374\262\363\247=5\012\3132)Q\334\032\036"
 486      FCB2F3A7 
 486      3D350ACB 
 486      322951DC 
 486      1A1E
 487 1a33 BCCD643C 		.ascii	"\274\315d<$W\250H\010\027\256\252zj9\323\311\316\366"
 487      2457A848 
 487      0817AEAA 
 487      7A6A39D3 
 487      C9CEF6
 488 1a46 2216A097 		.ascii	"\"\026\240\227\235n4\235\022&\333\356\363\342h\276c"
 488      9D6E349D 
 488      1226DBEE 
 488      F3E268BE 
 488      63
 489 1a57 2A4D355D 		.ascii	"*M5]@\016\350\256\270c\254\360&G\222\027gKB\374\"\022"
 489      400EE8AE 
 489      B863ACF0 
 489      26479217 
 489      674B42FC 
 490 1a6d 3629B886 		.ascii	"6)\270\206\015\011\244]\223\204\355\312\233\177\270"
 490      0D09A45D 
 490      9384EDCA 
 490      9B7FB8
 491 1a7c EDE36A96 		.ascii	"\355\343j\226|\337\024\216G\324\023u\274F\234\023\326"
 491      7CDF148E 
 491      47D41375 
 491      BC469C13 
 491      D6
 492 1a8d 8D373991 		.ascii	"\21579\221_\317?]\034Q[\272p\376*\332\205+\240\300\234"
 492      5FCF3F5D 
 492      1C515BBA 
 492      70FE2ADA 
 492      852BA0C0 
 493 1aa2 65657773 		.ascii	"eewsy\0276\367\203r\210\375\377\037\375\000\272i\350"
 493      791736F7 
 493      837288FD 
 493      FF1FFD00 
 493      BA69E8
 494 1ab5 DC2DEBAD 		.ascii	"\334-\353\255\212\012\253nZi\352\246(\357V\322}\266"
 494      8A0AAB6E 
 494      5A69EAA6 
 494      28EF56D2 
 494      7DB6
 495 1ac7 5302F7B8 		.ascii	"S\002\367\270u\343\345K\351G\234m\257\021\253\345d\215"
 495      75E3E54B 
 495      E9479C6D 
 495      AF11ABE5 
 495      648D
 496 1ad9 5825E7D6 		.ascii	"X%\347\326\210y\203-\005\366\246\377\017!\344\027\226"
 496      8879832D 
 496      05F6A6FF 
 496      0F21E417 
 496      96
 497 1aea FF0F0170 		.ascii	"\377\017\001p\250\300\362S\317\002\341\377\207P#'\377"
ARM GAS  /tmp/ccGxO8dR.s 			page 40


 497      A8C0F253 
 497      CF02E1FF 
 497      87502327 
 497      FF
 498 1afb 1FC2CC89 		.ascii	"\037\302\314\211\314\012\025.`\231ZgJ\352i9'k\364\317"
 498      CC0A152E 
 498      60995A67 
 498      4AEA6939 
 498      276BF4CF 
 499 1b0f 21AA0E18 		.ascii	"!\252\016\030\351\377@\000\222j-\303`\255\\ \251\216"
 499      E9FF4000 
 499      926A2DC3 
 499      60AD5C20 
 499      A98E
 500 1b21 4ABA37D8 		.ascii	"J\2727\330\375\177p;\02348\222\321m2\252\377?\230\005"
 500      FD7F703B 
 500      13343892 
 500      D16D32AA 
 500      FF3F9805 
 501 1b35 91FFA2E1 		.ascii	"\221\377\242\341\236E\320=\241\240z*\3108\234\337\345"
 501      9E45D03D 
 501      A1A07A2A 
 501      C8389CDF 
 501      E5
 502 1b46 8CFB98A4 		.ascii	"\214\373\230\244\350\213\221E*\220\324K\3360\245\250"
 502      E88B9145 
 502      2A90D44B 
 502      DE30A5A8 
 503 1b56 E2277B1B 		.ascii	"\342'{\033\367\307\254\242\377)\004\272o\021u\237\373"
 503      F7C7ACA2 
 503      FF2904BA 
 503      6F11759F 
 503      FB
 504 1b67 BF4F5003 		.ascii	"\277OP\003\025Q]vu\332\036\237\373\021\373m@\327l\237"
 504      15515D76 
 504      75DA1E9F 
 504      FB11FB6D 
 504      40D76C9F 
 505 1b7b 92E59F0B 		.ascii	"\222\345\237\013$\377\034=\274\324\345\300\255\\\310"
 505      24FF1C3D 
 505      BCD4E5C0 
 505      AD5CC8
 506 1b8a 7F4990D7 		.ascii	"\177I\220\327=Y\302\375\010\276\227<\277S8\266\226\261"
 506      3D59C2FD 
 506      08BE973C 
 506      BF5338B6 
 506      96B1
 507 1b9c AEBCA7AB 		.ascii	"\256\274\247\253\270\247\246\337\310\273p\277\221\217"
 507      B8A7A6DF 
 507      C8BB70BF 
 507      918F
 508 1baa 0A8D3EA8 		.ascii	"\012\215>\250\304w\230\252\256\203a)\012\\\314\230\376"
 508      C47798AA 
 508      AE836129 
 508      0A5CCC98 
 508      FE
 509 1bbb BCAEFD52 		.ascii	"\274\256\375R\\\316\230\361c\025\365R\\\315\230\301"
ARM GAS  /tmp/ccGxO8dR.s 			page 41


 509      5CCE98F1 
 509      6315F552 
 509      5CCD98C1 
 510 1bcb 87C1F10A 		.ascii	"\207\301\361\012|\23711o;\214\012\334\306\230\303\343"
 510      7C9F3131 
 510      6F3B8C0A 
 510      DCC698C3 
 510      E3
 511 1bdc B3306476 		.ascii	"\2630dv3\246#x\246\315\021\017PFu\340\341t\231\034\261"
 511      33A62378 
 511      A6CD110F 
 511      504675E0 
 511      E174991C 
 512 1bf1 7CD8DDB4 		.ascii	"|\330\335\264\302\257*TE\231\016E\220.\322\003\036\351"
 512      C2AF2A54 
 512      45990E45 
 512      902ED203 
 512      1EE9
 513 1c03 B399EE19 		.ascii	"\263\231\356\031y\007\214\011\272C\210\026=\337\010"
 513      79078C09 
 513      BA438816 
 513      3DDF08
 514 1c12 5DA41566 		.ascii	"]\244\025f\271\0074\277\352\343\372\307S\350\037\003"
 514      B90734BF 
 514      EAE3FAC7 
 514      53E81F03 
 515 1c22 10F34340 		.ascii	"\020\363C@\375@O\200z\201\006\201\036[\315\007\235<"
 515      FD404F80 
 515      7A810681 
 515      1E5BCD07 
 515      9D3C
 516 1c34 858F840A 		.ascii	"\205\217\204\012\227\215\362\363\277\261\240\273\205"
 516      978DF2F3 
 516      BFB1A0BB 
 516      85
 517 1c41 68E13839 		.ascii	"h\34189\312\023\335).\232\237\371\274(b/{\372\304F\232"
 517      CA13DD29 
 517      2E9A9FF9 
 517      BC28622F 
 517      7BFAC446 
 518 1c56 FBD52E96 		.ascii	"\373\325.\226\221\346\241\270c\370\243b-Ow\227\250\241"
 518      91E6A1B8 
 518      63F8A362 
 518      2D4F7797 
 518      A8A1
 519 1c68 E644A378 		.ascii	"\346D\243x1\244Q\201\223\\h\242q\261\240\353\231\\\270"
 519      31A45181 
 519      935C68A2 
 519      71B1A0EB 
 519      995CB8
 520 1c7b 5F65F22F 		.ascii	"_e\362/\032\005\267\376k\\\314\035\267\250\246\257\227"
 520      1A05B7FE 
 520      6B5CCC1D 
 520      B7A8A6AF 
 520      97
 521 1c8c 46A0E0B0 		.ascii	"F\240\340\260\245K\364\311\271M\254\227\031\327S\354"
 521      A54BF4C9 
ARM GAS  /tmp/ccGxO8dR.s 			page 42


 521      B94DAC97 
 521      19D753EC 
 522 1c9c 58C46690 		.ascii	"X\304f\220\210\035y[\371L\216\263\\\330\257p\352\253"
 522      881D795B 
 522      F94C8EB3 
 522      5CD8AF70 
 522      EAAB
 523 1cae BAB8657D 		.ascii	"\272\270e}\004y\3302\323\030\256\306\267\330\303\245"
 523      0479D832 
 523      D318AEC6 
 523      B7D8C3A5 
 524 1cbe 918E34EE 		.ascii	"\221\2164\356gK\023\204\217\274y,\315\031\027\262\207"
 524      674B1384 
 524      8FBC792C 
 524      CD1917B2 
 524      87
 525 1ccf 47A273AE 		.ascii	"G\242s\256\251q9cn\326\337\201\330\253cL\327T[\270="
 525      A9713963 
 525      6ED6DF81 
 525      D8AB634C 
 525      D7545BB8 
 526 1ce4 6E664CD6 		.ascii	"nfL\326\302\361\013\012\334\301\230\360\372\327\027"
 526      C2F10B0A 
 526      DCC198F0 
 526      FAD717
 527 1cf3 A4B89732 		.ascii	"\244\270\2272\366\207\022\016\374=2\375\036\207\205"
 527      F687120E 
 527      FC3D32FD 
 527      1E8785
 528 1d02 34A94C2D 		.ascii	"4\251L-9\310\010\015A\252\363\022\2523\013\337f\007"
 528      39C8080D 
 528      41AAF312 
 528      AA330BDF 
 528      6607
 529 1d14 3D5E36DD 		.ascii	"=^6\335\364\177\311f\033\002\177!\204\217\311mlB6\003"
 529      F47FC966 
 529      1B027F21 
 529      848FC96D 
 529      6C423603 
 530 1d28 A2893E9C 		.ascii	"\242\211>\234\345\334\275\010\356^\002\327N\003\031"
 530      E5DCBD08 
 530      EE5E02D7 
 530      4E0319
 531 1d37 156E680E 		.ascii	"\025nh\016\276\027\200f\200\336\000\275\005\232\227"
 531      BE178066 
 531      80DE00BD 
 531      059A97
 532 1d46 F34FD0F4 		.ascii	"\363O\320\364\177a\321<)\324<\260,U.\335b\201\277\026"
 532      7F61D13C 
 532      29D43CB0 
 532      2C552EDD 
 532      6281BF16 
 533 1d5a C25BE482 		.ascii	"\302[\344\202EC\351f\013\372\271\020\375l\031\232\347"
 533      4543E966 
 533      0BFAB910 
 533      FD6C199A 
 533      E7
ARM GAS  /tmp/ccGxO8dR.s 			page 43


 534 1d6b 8409217A 		.ascii	"\204\011!z\\\210\356\347\311n\027\242\333\344\313\372"
 534      5C88EEE7 
 534      C96E17A2 
 534      DBE4CBFA 
 535 1d7b 4D0DEB37 		.ascii	"M\015\3537\263\313\372\0159J\301o\256WBa\302\245P)\317"
 535      B3CBFA0D 
 535      394AC16F 
 535      AE574261 
 535      C2A55029 
 536 1d90 655342B0 		.ascii	"eSB\260\325t\216\356\316=\017u\306C\254\327\034\317"
 536      D5748EEE 
 536      CE3D0F75 
 536      C643ACD7 
 536      1CCF
 537 1da2 7F39A534 		.ascii	"\1779\2454\317\355m\0154\336\203\025+\321~\2059\336"
 537      CFED6D0D 
 537      34DE8315 
 537      2BD17E85 
 537      39DE
 538 1db4 67974FED 		.ascii	"g\227O\355\246VF\007\024\356\377O\015MvI.Ov9X\357\276"
 538      A6564607 
 538      14EEFF4F 
 538      0D4D7649 
 538      2E4F7639 
 539 1dcb 898995FC 		.ascii	"\211\211\225\374kd\336j\277\221\342\364\227i\306l2g"
 539      6B64DE6A 
 539      BF91E2F4 
 539      9769C66C 
 539      3267
 540 1ddd 973B67C2 		.ascii	"\227;g\302\354\250B!P\235F\326}y\341I\356\374\223T\202"
 540      ECA84221 
 540      509D46D6 
 540      7D79E149 
 540      EEFC9354 
 541 1df2 42157F09 		.ascii	"B\025\177\011\005O/\274\211\267z\233@\246A\336\256\223"
 541      054F2FBC 
 541      89B77A9B 
 541      40A641DE 
 541      AE93
 542 1e04 82E615E4 		.ascii	"\202\346\025\344\233\3545?\313\035\300?;\303\232)Qj"
 542      9BEC353F 
 542      CB1DC03F 
 542      3BC39A29 
 542      516A
 543 1e16 8CB0435F 		.ascii	"\214\260C_\377\230\316\373l\252\014W\374\214\354\\\347"
 543      FF98CEFB 
 543      6CAA0C57 
 543      FC8CEC5C 
 543      E7
 544 1e27 BCBC20E5 		.ascii	"\274\274 \345P\265\256&P\235\011\024\241\370\231\304"
 544      50B5AE26 
 544      509D0914 
 544      A1F899C4 
 545 1e37 41A3D17A 		.ascii	"A\243\321z\351\374\276\323\370\006\370\032\224\337\004"
 545      E9FCBED3 
 545      F806F81A 
 545      94DF04
ARM GAS  /tmp/ccGxO8dR.s 			page 44


 546 1e46 7AE97C3E 		.ascii	"z\351|>\364\266\373|\313\357\336\367\\\263Fb\307\335"
 546      F4B6FB7C 
 546      CBEFDEF7 
 546      5CB34662 
 546      C7DD
 547 1e58 90BCA7F7 		.ascii	"\220\274\247\367\361\326\370\371\371h|\365\032o\270"
 547      F1D6F8F9 
 547      F9687CF5 
 547      1A6FB8
 548 1e67 0570BD56 		.ascii	"\005p\275Vg\320\372`\037\177/\225^\353\267\3237\300"
 548      67D0FA60 
 548      1F7F2F95 
 548      5EEBB7D3 
 548      37C0
 549 1e79 47BB4FA5 		.ascii	"G\273O\245\321\354\366\0150|\2421|\344\261[\257\363"
 549      D1ECF60D 
 549      307CA231 
 549      7CE4B15B 
 549      AFF3
 550 1e8b F0D2F9FF 		.ascii	"\360\322\371\377M@`\200\366o\264^\337\370z\370\006x"
 550      4D406080 
 550      F66FB45E 
 550      DFF87AF8 
 550      0678
 551 1e9d FBEDF6D1 		.ascii	"\373\355\366\321z\370{y\357\362\015\320zh|\264;\275"
 551      7AF87B79 
 551      EFF20DD0 
 551      7A687CB4 
 551      3BBD
 552 1eaf 76FB1934 		.ascii	"v\373\0314\206\357\202\264\372\017wI\224\\\341\277z"
 552      86EF82B4 
 552      FA0F7749 
 552      945CE1BF 
 552      7A
 553 1ec0 4761FD77 		.ascii	"Ga\375wz\017\215\336\340\003H(\241\360\325\357\362\335"
 553      7A0F8DDE 
 553      E0034828 
 553      A1F0D5EF 
 553      F2DD
 554 1ed2 6990F9EE 		.ascii	"i\220\371\356\364\326\251\231\362uk5\006;\323\205Bo"
 554      F4D6A999 
 554      F2756B35 
 554      063BD385 
 554      426F
 555 1ee4 D069BDFC 		.ascii	"\320i\275\374e\233\327\254\337&\333\274z\3756\274\025"
 555      659BD7AC 
 555      DF26DBBC 
 555      7AFD36BC 
 555      15
 556 1ef5 2EB66CD8 		.ascii	".\266l\330\261M\352\271\015\177\346\271m\335\207\037"
 556      B14DEAB9 
 556      0D7FE6B9 
 556      6DDD871F 
 557 1f05 7A78EEF2 		.ascii	"zx\356\362\375\306\367\253\355\036\201z\017\355>\203"
 557      FDC6F7AB 
 557      ED1E817A 
 557      0FED3E83 
ARM GAS  /tmp/ccGxO8dR.s 			page 45


 558 1f15 87E7E6ED 		.ascii	"\207\347\346\355\233\266{l\337\001\3776\257[\373\331"
 558      9BB67B6C 
 558      DF01FF36 
 558      AF5BFBD9 
 559 1f25 47FBF679 		.ascii	"G\373\366y\350\015\376\353\326\356\374h\365/\367\355"
 559      E80DFEEB 
 559      D6EEFC68 
 559      F52FF7ED 
 560 1f35 03A52E1B 		.ascii	"\003\245.\0336\257\327l\247\2025;\300\364\015\332\235"
 560      36AFD76C 
 560      A782353B 
 560      C0F40DDA 
 560      9D
 561 1f46 8A3D5A6F 		.ascii	"\212=ZoC\240\356#ki\273\274\374<\202\002u\006=\023\345"
 561      43A0EE23 
 561      6B69BBBC 
 561      FC3C8202 
 561      75063D13 
 562 1f5b F1E5971B 		.ascii	"\361\345\227\033<\240\354\236\265L\240\006|G\304\231"
 562      3CA0EC9E 
 562      B54CA006 
 562      7C47C499 
 563 1f6b 190DB356 		.ascii	"\031\015\263VcP\002\343\037\350\243U\030v\301\015\037"
 563      635002E3 
 563      1FE8A355 
 563      1876C10D 
 563      1F
 564 1f7c 6590C63F 		.ascii	"e\220\306?(0\320O\035\244\001\326/H\347\033\2504\220"
 564      2830D04F 
 564      1DA401D6 
 564      2F48E71B 
 564      A83490
 565 1f8f BF1AC3C7 		.ascii	"\277\032\303\307\326\032u\006N\341\372m\233=7\357\363"
 565      D61A7506 
 565      4EE1FA6D 
 565      9B3D37EF 
 565      F3
 566 1fa0 F00EF40F 		.ascii	"\360\016\364\017\362\365\323\352\364\036\237{zzx\357"
 566      F2F5D3EA 
 566      F41E9F7B 
 566      7A7A78EF 
 567 1fb0 32795A05 		.ascii	"2yZ\005\022\015\373\374|\365\006\205\277&\000j\255\364"
 567      120DFBFC 
 567      7CF50685 
 567      BF26006A 
 567      ADF4
 568 1fc2 D704EE0D 		.ascii	"\327\004\356\015\320\352\340\373\177\355\326\356\326"
 568      D0EAE0FB 
 568      7FEDD6EE 
 568      D6
 569 1fcf 2A82E8ED 		.ascii	"*\202\350\355\025\336\2734\314\006\275\371~\220N\273"
 569      15DEBB34 
 569      CC06BDF9 
 569      7E904EBB 
 570 1fdf C7D9EA26 		.ascii	"\307\331\352&\030\354\277\333\240\335\007\216\007<\275"
 570      18ECBFDB 
 570      A0DD078E 
ARM GAS  /tmp/ccGxO8dR.s 			page 46


 570      073CBD
 571 1fee 0453B541 		.ascii	"\004S\265A\332\000h\246o\355\265{\264\001\006\177/\375"
 571      DA0068A6 
 571      6FEDB57B 
 571      B401067F 
 571      2FFD
 572 2000 9F340639 		.ascii	"\2374\0069\350\325\177\013a\302\265\217\222\373\226"
 572      E8D57F0B 
 572      61C2B58F 
 572      92FB96
 573 200f C35D8D41 		.ascii	"\303]\215AM\237R\221`\340^/_\003\024w\346\231@\014v"
 573      4D9F5291 
 573      60E05E2F 
 573      5F031477 
 573      E699400C 
 574 2024 E2331A03 		.ascii	"\3423\032\003\016\322\354Vh\367\022\361\212\275\006"
 574      0ED2EC56 
 574      68F712F1 
 574      8ABD06
 575 2033 A854107C 		.ascii	"\250T\020|\351\265\376Ar\210\324\000\203\034\010\324"
 575      E9B5FE41 
 575      7288D400 
 575      831C08D4 
 576 2043 70863A80 		.ascii	"p\206:\200,x\346\025\264+P\247\225\3575\030t\004\035"
 576      2C78E615 
 576      B42B50A7 
 576      95EF3518 
 576      74041D
 577 2056 F8CD3F07 		.ascii	"\370\315?\007\331i\367\371\032\274\211\313u>\337\201"
 577      D969F7F9 
 577      1ABC89CB 
 577      753EDF81 
 578 2066 110AE2EA 		.ascii	"\021\012\342\352\235z\245\201\374\005\001A\232\235~"
 578      9D7AA581 
 578      FC050141 
 578      9A9D7E
 579 2075 5EDF024F 		.ascii	"^\337\002O\232\205\362z\203\227Akg\240_\324t\275\341"
 579      9A85F27A 
 579      8397416B 
 579      67A05FD4 
 579      74BDE1
 580 2088 4F7EBEFE 		.ascii	"O~\276\376\276\006.\016?\376\210\213Cr\241\206\207^"
 580      BE062E0E 
 580      3FFE888B 
 580      4372A186 
 580      875E
 581 209a 7EBEDF06 		.ascii	"~\276\337\006h\014\037|O\213\355\362\006\333HhC\013"
 581      680C1F7C 
 581      4F8BEDF2 
 581      06DB4868 
 581      430B
 582 20ac 78F96B65 		.ascii	"x\371ke\336\273\274t\240.\320\317GK\276\003\264{\265"
 582      DEBBBC74 
 582      A02ED0CF 
 582      474BBE03 
 582      B47BB5
 583 20bf 3A70A3B7 		.ascii	":p\243\267a\037\326\255Y'\365\323\331\351\264\337B_"
ARM GAS  /tmp/ccGxO8dR.s 			page 47


 583      611FD6AD 
 583      5927F5D3 
 583      D9E9B4DF 
 583      425F
 584 20d1 0157E8D6 		.ascii	"\001W\350\326\254\001Z-\325\375Z\252\373D\252\373\225"
 584      AC015A2D 
 584      D5FD5AAA 
 584      FB44AAFB 
 584      95
 585 20e2 54F7B154 		.ascii	"T\367\261T\367K\251\356#\254_\267\006h5\326\257\375"
 585      F74BA9EE 
 585      23AC5FB7 
 585      066835D6 
 585      AFFD
 586 20f4 35D02740 		.ascii	"5\320'@\277\002\372\030\350\227@\360|\355:\240\265@"
 586      BF02FA18 
 586      E89740F0 
 586      7CED3AA0 
 586      B540
 587 2106 805B0BB8 		.ascii	"\200[\013\2705\200[\003\2705\200[\363\261=1\221\264"
 587      35805B03 
 587      B835805B 
 587      F3B13D31 
 587      91B4
 588 2118 1968FDC5 		.ascii	"\031h\375\305\017\261_\263\347W\376\244C{\007\006@0"
 588      0FB15FB3 
 588      E757FEA4 
 588      437B0706 
 588      4030
 589 212a 1868D4F8 		.ascii	"\030h\324\370\006\252\314M\311\371O\217\002\024\273"
 589      06AACC4D 
 589      C9F94F8F 
 589      0214BB
 590 2139 690BC9FC 		.ascii	"i\013\311\374\274\364\006\245\316@\031\371\336@\235"
 590      BCF406A5 
 590      CE4019F9 
 590      DE409D
 591 2148 DE20FB46 		.ascii	"\336 \373F\2537\250\275w\373\357\366\3632\370\356\321"
 591      AB37A8BD 
 591      77FBEFF6 
 591      F332F8EE 
 591      D1
 592 2159 DAE90C06 		.ascii	"\332\351\014\006_\177\360\365\373\313,0\015\016\020"
 592      5F7FF0F5 
 592      FBCB2C30 
 592      0D0E10
 593 2168 E044AD0B 		.ascii	"\340D\255\013\305\371k\275\364\273uZ\177-\021i\307\364"
 593      C5F96BBD 
 593      F4BB755A 
 593      7F2D1169 
 593      C7F4
 594 217a 6A0C2EDC 		.ascii	"j\014.\334\005\264\253V\247\015\360\006y?}\207<\275"
 594      05B4AB56 
 594      A70DF006 
 594      793F7D87 
 594      3CBD
 595 218c F72E1F90 		.ascii	"\367.\037\220\370\037\337\001\201\230\003\304\317\337"
ARM GAS  /tmp/ccGxO8dR.s 			page 48


 595      F81FDF01 
 595      819803C4 
 595      CFDF
 596 219a 25E43BBD 		.ascii	"%\344;\275\251\343\275K\020D& \260\316\333K\241\325"
 596      A9E3BD4B 
 596      10442620 
 596      B0CEDB4B 
 596      A1D5
 597 21ac E9C0056A 		.ascii	"\351\300\005j\030ui\330i\014\353\276\177d\331\276a\323"
 597      187569D8 
 597      690CEBBE 
 597      7F64D9BE 
 597      61D3
 598 21be 577BD678 		.ascii	"W{\326xp#5H\262##5\211W\025\334cq\253\200\006\331\351"
 598      70233548 
 598      B2232335 
 598      895715DC 
 598      6371AB80 
 599 21d5 FBAD5AEF 		.ascii	"\373\255Z\357\255\3632x\357\012\362\362Q}\263[\257\331"
 599      ADF33278 
 599      EF0AF2F2 
 599      517DB35B 
 599      AFD9
 600 21e7 EBEB63D8 		.ascii	"\353\353c\330\345\270}\203\247f\363W\0336j>\371t\323"
 600      E5B87D83 
 600      A766F357 
 600      1B366A3E 
 600      F974D3
 601 21fa 0E0BF791 		.ascii	"\016\013\367\221\025\267\006\270\367\227\033c\036\236"
 601      15B706B8 
 601      F7971B63 
 601      1E9E
 602 2208 7DBC41B3 		.ascii	"}\274A\263\003|\201\\\246S\005e=\251Z0(\310\313\333"
 602      037C815C 
 602      A6530565 
 602      3DA95A30 
 602      28C8CBDB 
 603 221c D7F01DF6 		.ascii	"\327\360\035\366\326\373`o_\0379\355=\366\237~\371\205"
 603      D6FB606F 
 603      5F1F39ED 
 603      3DF69F7E 
 603      F985
 604 222e 66FB1FB6 		.ascii	"f\373\037\266xn\332\3629\275\376\207m\233v\230\256\267"
 604      786EDAF2 
 604      39BDFE87 
 604      6D9B7698 
 604      AEB7
 605 2240 6D5CBF01 		.ascii	"m\\\277\001\256U\246\353?\374\210\\m\330\264\335\363"
 605      AE55A6EB 
 605      3FFC885C 
 605      6DD8B4DD 
 605      F3
 606 2251 AB2D5B36 		.ascii	"\253-[6z\022\234\023\271ca\325\204]\017\227\277\337"
 606      7A129C13 
 606      B96361D5 
 606      845D0F97 
 606      BFDF
ARM GAS  /tmp/ccGxO8dR.s 			page 49


 607 2263 684725EF 		.ascii	"hG%\357\370j+\275\367\273-\233\266l\332\341n\333x\270"
 607      F86A2BBD 
 607      F7BB2D9B 
 607      B66CDAE1 
 607      6EDB78B8 
 608 2277 D6F8067E 		.ascii	"\326\370\006~\343\027\350\375'\250\204\372\033\277?"
 608      E317E8FD 
 608      27A884FA 
 608      1BBF3F
 609 2286 71BD1BEF 		.ascii	"q\275\033\357\3617\310\364\337\005x\3135\237\3028,\337"
 609      F137C8F4 
 609      DF0578CB 
 609      359FC238 
 609      2CDF
 610 2298 ABF33568 		.ascii	"\253\3635he$\216\324>\276z\360i\000\014\377J\356\333"
 610      65248ED4 
 610      3EBE7AF0 
 610      69000CFF 
 610      4AEEDB
 611 22ab 01E6C820 		.ascii	"\001\346\310 ]\240\001.\265>\366\300\230\346J\007p\304"
 611      5DA0012E 
 611      B53EF6C0 
 611      98E64A07 
 611      70C4
 612 22bd 061D44B2 		.ascii	"\006\035D\262\356\367\233w\330}\253%=jg\240\035\250"
 612      EEF79B77 
 612      D87DAB25 
 612      3D6A67A0 
 612      1DA8
 613 22cf D1E87DFF 		.ascii	"\321\350}\377\267VI.\002v\373;\177J\014\330\240\335"
 613      B756492E 
 613      0276FB3B 
 613      7F4A0CD8 
 613      A0DD
 614 22e1 E3EBADDD 		.ascii	"\343\353\255\335\004\000\225\271\230L\357\003\235h\333"
 614      040095B9 
 614      984CEF03 
 614      9D68DB
 615 22f0 C6ED1BB7 		.ascii	"\306\355\033\267\375~\343\2065\312\3176}\366\225\347"
 615      FD7EE386 
 615      35CACF36 
 615      7DF695E7 
 616 2300 961DE63B 		.ascii	"\226\035\346;\253e\233\327o\377\002o\202\251m\373\216"
 616      AB659BD7 
 616      6FFF026F 
 616      82A96DFB 
 616      8E
 617 2311 F58A0D9E 		.ascii	"\365\212\015\236_\375n\313\016\371\006\317\035\333\276"
 617      5FFD6ECB 
 617      0EF906CF 
 617      1DDBBE
 618 2320 946DF872 		.ascii	"\224m\370r\343\026\305\206\035\2336o\334&\007\374\326"
 618      E316C586 
 618      1D9B366F 
 618      DC2607FC 
 618      D6
 619 2331 8FE8DF75 		.ascii	"\217\350\337u\364\357Z\372w\215\222\374\365\334\274"
ARM GAS  /tmp/ccGxO8dR.s 			page 50


 619      F4EF5AFA 
 619      778D92FC 
 619      F5DCBC
 620 2340 01135ABF 		.ascii	"\001\023Z\277\355s\271\347\227_xn\223o\375\352\0376"
 620      ED73B9E7 
 620      975F786E 
 620      936FFDEA 
 620      1F36
 621 2352 6E93115D 		.ascii	"n\223\021]\016$\304LS\336\237\361R\002\352\017K\245"
 621      0E24C44C 
 621      53DE9FF1 
 621      5202EA0F 
 621      4BA5
 622 2364 55346DD8 		.ascii	"U4m\330\004\031\305\0126\267y\223\032\321\024c\355\273"
 622      0419C50A 
 622      36B77993 
 622      1AD11463 
 622      EDBB
 623 2376 E3D832E5 		.ascii	"\343\3302\345\222\266`a\354\022\004\227\246T\201\305"
 623      92B66061 
 623      EC120497 
 623      A65481C5 
 624 2386 AF62EB6F 		.ascii	"\257b\353o7x\031\274d^;u~8\320\007\306\303\335A>:e\240"
 624      377819BC 
 624      645E3B75 
 624      7E38D007 
 624      C6C3DD41 
 625 239e 3E48ABF5 		.ascii	">H\253\365\321)\002Io\323\311I\370\351\010f\327\017"
 625      D1290249 
 625      6FD3C949 
 625      F8E90866 
 625      D70F
 626 23b0 E83D9F6F 		.ascii	"\350=\237o\205\336\263\326#\310\242\226\231\376m\020"
 626      85DEB3D6 
 626      23C8A296 
 626      99FE6D10 
 627 23c0 4CB37AAD 		.ascii	"L\263z\255aw\020\364\236\255\237\023\265\212\255\237"
 627      617710F4 
 627      9EAD9F13 
 627      B58AAD9F 
 628 23d0 B1AF8DEC 		.ascii	"\261\257\215\354k\003\373\362d_\237\262\257\365\354"
 628      6B03FBF2 
 628      645F9FB2 
 628      AFF5EC
 629 23df 6B13F952 		.ascii	"k\023\371Rm]\377%\353\001\377\027P\355%\320"
 629      6D5DFF25 
 629      EB01FF17 
 629      50ED25D0 
 630              		.text
 631              		.section	.gnu.lto_.symtab.5329c9c592865f10,"",%progbits
 632 0000 5F5F6561 		.ascii	"__early_init\000"
 632      726C795F 
 632      696E6974 
 632      00
 633 000d 00       		.ascii	"\000"
 634 000e 00       		.ascii	"\000"
 635 000f 00       		.ascii	"\000"
ARM GAS  /tmp/ccGxO8dR.s 			page 51


 636 0010 00000000 		.ascii	"\000\000\000\000\000\000\000\000"
 636      00000000 
 637 0018 BB000000 		.ascii	"\273\000\000\000"
 638 001c 7364635F 		.ascii	"sdc_lld_is_card_inserted\000"
 638      6C6C645F 
 638      69735F63 
 638      6172645F 
 638      696E7365 
 639 0035 00       		.ascii	"\000"
 640 0036 00       		.ascii	"\000"
 641 0037 00       		.ascii	"\000"
 642 0038 00000000 		.ascii	"\000\000\000\000\000\000\000\000"
 642      00000000 
 643 0040 C9020000 		.ascii	"\311\002\000\000"
 644 0044 7364635F 		.ascii	"sdc_lld_is_write_protected\000"
 644      6C6C645F 
 644      69735F77 
 644      72697465 
 644      5F70726F 
 645 005f 00       		.ascii	"\000"
 646 0060 00       		.ascii	"\000"
 647 0061 00       		.ascii	"\000"
 648 0062 00000000 		.ascii	"\000\000\000\000\000\000\000\000"
 648      00000000 
 649 006a CB020000 		.ascii	"\313\002\000\000"
 650 006e 626F6172 		.ascii	"boardInit\000"
 650      64496E69 
 650      7400
 651 0078 00       		.ascii	"\000"
 652 0079 00       		.ascii	"\000"
 653 007a 00       		.ascii	"\000"
 654 007b 00000000 		.ascii	"\000\000\000\000\000\000\000\000"
 654      00000000 
 655 0083 CD020000 		.ascii	"\315\002\000\000"
 656 0087 70616C5F 		.ascii	"pal_default_config\000"
 656      64656661 
 656      756C745F 
 656      636F6E66 
 656      696700
 657 009a 00       		.ascii	"\000"
 658 009b 00       		.ascii	"\000"
 659 009c 00       		.ascii	"\000"
 660 009d 00000000 		.ascii	"\000\000\000\000\000\000\000\000"
 660      00000000 
 661 00a5 05030000 		.ascii	"\005\003\000\000"
 662 00a9 73746D33 		.ascii	"stm32_clock_init\000"
 662      325F636C 
 662      6F636B5F 
 662      696E6974 
 662      00
 663 00ba 00       		.ascii	"\000"
 664 00bb 02       		.ascii	"\002"
 665 00bc 00       		.ascii	"\000"
 666 00bd 00000000 		.ascii	"\000\000\000\000\000\000\000\000"
 666      00000000 
 667 00c5 CF020000 		.ascii	"\317\002\000\000"
 668              		.text
ARM GAS  /tmp/ccGxO8dR.s 			page 52


 669              		.section	.gnu.lto_.opts,"",%progbits
 670 0000 272D666D 		.ascii	"'-fmath-errno' '-fsigned-zeros' '-ftrapping-math' '"
 670      6174682D 
 670      6572726E 
 670      6F272027 
 670      2D667369 
 671 0033 2D666E6F 		.ascii	"-fno-trapv' '-fno-strict-overflow' '-fno-openmp' '-"
 671      2D747261 
 671      70762720 
 671      272D666E 
 671      6F2D7374 
 672 0066 666E6F2D 		.ascii	"fno-openacc' '-mcpu=cortex-m4' '-mfloat-abi=hard' '"
 672      6F70656E 
 672      61636327 
 672      20272D6D 
 672      6370753D 
 673 0099 2D6D6670 		.ascii	"-mfpu=fpv4-sp-d16' '-mno-thumb-interwork' '-mthumb'"
 673      753D6670 
 673      76342D73 
 673      702D6431 
 673      36272027 
 674 00cc 20272D4F 		.ascii	" '-O0' '-Werror' '-fomit-frame-pointer' '-falign-fu"
 674      30272027 
 674      2D576572 
 674      726F7227 
 674      20272D66 
 675 00ff 6E637469 		.ascii	"nctions=16' '-ffunction-sections' '-fdata-sections'"
 675      6F6E733D 
 675      31362720 
 675      272D6666 
 675      756E6374 
 676 0132 20272D66 		.ascii	" '-fno-common' '-flto' '-fsingle-precision-constant"
 676      6E6F2D63 
 676      6F6D6D6F 
 676      6E272027 
 676      2D666C74 
 677 0165 2700     		.ascii	"'\000"
 678              		.text
 679              		.comm	__gnu_lto_v1,1,1
 680              		.comm	__gnu_lto_slim,1,1
 681              		.ident	"GCC: (GNU Tools for Arm Embedded Processors 7-2017-q4-major) 7.2.1 20170904 (release) [ARM
ARM GAS  /tmp/ccGxO8dR.s 			page 53


DEFINED SYMBOLS
                            *ABS*:0000000000000000 board.c
                            *COM*:0000000000000001 __gnu_lto_v1
                            *COM*:0000000000000001 __gnu_lto_slim

NO UNDEFINED SYMBOLS
