ARM GAS  /tmp/ccWwc6ph.s 			page 1


   1              		.cpu cortex-m4
   2              		.eabi_attribute 27, 1
   3              		.eabi_attribute 28, 1
   4              		.eabi_attribute 20, 1
   5              		.eabi_attribute 21, 1
   6              		.eabi_attribute 23, 3
   7              		.eabi_attribute 24, 1
   8              		.eabi_attribute 25, 1
   9              		.eabi_attribute 26, 1
  10              		.eabi_attribute 30, 6
  11              		.eabi_attribute 34, 1
  12              		.eabi_attribute 18, 4
  13              		.file	"chcore_v7m.c"
  14              		.section	.gnu.lto_.inline.2964f02e6737c06e,"",%progbits
  15 0000 789C6363 		.ascii	"x\234cc``\350c@\0006\006\006\026f\006\006&\226\017z"
  15      6060E863 
  15      40003606 
  15      06166606 
  15      0626960F 
  16 0015 0C2C0C4C 		.ascii	"\014,\014L !F\014\021&\006\026\036 \311\264@\036\256"
  16      2021460C 
  16      11260616 
  16      1E20C9B4 
  16      401EAE
  17 0028 860B4830 		.ascii	"\206\013H0c\027fa\340\021\001\012\013-\230\303\210\""
  17      63176661 
  17      E011010A 
  17      0B2D98C3 
  17      8822
  18 003a CECA2061 		.ascii	"\316\312 a\004\024W\371\260\202\011E\234\211\033\306"
  18      041457F9 
  18      B0820945 
  18      9C891BC6 
  19 004a 620000A6 		.ascii	"b\000\000\246i\010\211"
  19      690889
  20              		.text
  21              		.section	.gnu.lto_port_lock.2964f02e6737c06e,"",%progbits
  22 0000 789C5550 		.ascii	"x\234UPKhSA\024\275\347\315$J\375\340\306])/\213,\212"
  22      4B685341 
  22      14BDE7CD 
  22      244AFDE0 
  22      C65D292F 
  23 0017 F2C69D6B 		.ascii	"\362\306\235k\011\010.\202\320\354\225\366\371 \201"
  23      09082E82 
  23      D0EC95F6 
  23      F92081
  24 0026 A6292F2F 		.ascii	"\246)//\265n\354\020\012I\321\235m\325\020\251\250\240"
  24      B56EEC10 
  24      0A49D19D 
  24      6DD510A9 
  24      A8A0
  25 0038 0B3FB5F5 		.ascii	"\013?\265\365\327O\352\303\202\270\021\242\350\316U"
  25      D74FEAC3 
  25      82B811A2 
  25      E8CE55
  26 0047 AB2D7E10 		.ascii	"\253-~\020\252\033W\265w& \366\302\235\341\336\271\347"
  26      AA1B57B5 
ARM GAS  /tmp/ccWwc6ph.s 			page 2


  26      772620F6 
  26      C29DE1DE 
  26      B9E7
  27 0059 CC393749 		.ascii	"\31497ID7@t\221\357\303\234$\010\016q\202\233\004\032"
  27      44374074 
  27      91EFC39C 
  27      24080E71 
  27      829B041A 
  28 006d 733086CB 		.ascii	"s0\206\313bR\340Umc\301\351\275\2539\342\253\263=\367"
  28      6252E055 
  28      6D63C1E9 
  28      BDAB39E2 
  28      ABB33DF7 
  29 0081 755B8BA6 		.ascii	"u[\213\246 \232\026d\003\363\350%\236[{\274=u );}<A"
  29      209A1664 
  29      03F3E825 
  29      9E5B7BBC 
  29      3D752029 
  30 0099 925908FC 		.ascii	"\222Y\010\374\360n|\266).1\006\220\\n\275m\254\0374"
  30      F06E7CB6 
  30      292E3106 
  30      905C6EBD 
  30      6DAC1F34 
  31 00ad A50397CB 		.ascii	"\245\003\227\313\315\345\332\007\010\017\206\342\307"
  31      CDE5DA07 
  31      080F86E2 
  31      C7
  32 00ba 463D96E9 		.ascii	"F=\226\351\333ZWu\334\306\033-\233B\3409\004S\342\031"
  32      DB5A5775 
  32      DCC61B2D 
  32      9B42E039 
  32      0453E219 
  33 00ce BAF114DD 		.ascii	"\272\361\024\335\235/_ \375\350}\"\326\333\177k:\376"
  33      9D2F5F20 
  33      FDE87D22 
  33      D6DB7F6B 
  33      3AFE
  34 00e0 7C07BFCF 		.ascii	"|\007\277\317H\307v\211\352V\326\204`3\342\033\252\021"
  34      48C77689 
  34      EA56D684 
  34      6033E21B 
  34      AA11
  35 00f2 3584C3D4 		.ascii	"5\204\303\324\265\257\272%\315\257\002.\026\230\347"
  35      B5AFBA25 
  35      CDAF022E 
  35      1698E7
  36 0101 3BAA6BF3 		.ascii	";\252k\363\253\327_\343\237\364qk\361J\273\307\022\031"
  36      ABD75FE3 
  36      9FF4716B 
  36      F14ABBC7 
  36      1219
  37 0113 07D302FF 		.ascii	"\007\323\002\377;\303\"\222X2\306\370\000\333\363\371"
  37      3BC32292 
  37      5832C6F8 
  37      00DBF3F9 
  38 0123 F1D6CCDC 		.ascii	"\361\326\314\334\237\256T4\243\257\271M!\315\370\203"
  38      9FAE5434 
ARM GAS  /tmp/ccWwc6ph.s 			page 3


  38      A3AFB94D 
  38      21CDF883 
  39 0133 F525BD57 		.ascii	"\365%\275W\232e.#E\246\363\251\2618\331e\024\266 \033"
  39      9A652E23 
  39      45A6F3A9 
  39      B138D965 
  39      14B6201B 
  40 0147 461956EC 		.ascii	"F\031V\354*\356\255\254~\331\237:\337\301&\314\344\257"
  40      2AEEADAC 
  40      7ED99F3A 
  40      DFC126CC 
  40      E4AF
  41 0159 87731FF7 		.ascii	"\207s\037\367Y\354K\203E\014I?Q\275\271\331\202]\251"
  41      59EC4B83 
  41      450C493F 
  41      51BDB9D9 
  41      825DA9
  42 016c 893AAB22 		.ascii	"\211:\253\"\0369\342y*\223/\014\024N\347T\251\254\302"
  42      1E39E279 
  42      2A932F0C 
  42      144EE754 
  42      A9ACC2
  43 017f 480D97C2 		.ascii	"H\015\227\302\250\254N\364e3\331Q\345\347\375R\030\234"
  43      A8AC4EF4 
  43      6533D951 
  43      E5E7FD52 
  43      189C
  44 0191 1D395EF4 		.ascii	"\0359^\364\362\224\030\351\037\254\004\336nD0\032\251"
  44      F29418E9 
  44      1FAC04DE 
  44      6E44301A 
  44      A9
  45 01a2 4C36772A 		.ascii	"L6w*\247\012C\376`\345\\\240,\302/\236\254\014\371\014"
  45      A70A43FE 
  45      60E55CA0 
  45      2CC22F9E 
  45      AC0CF90C 
  46 01b6 3A94CDF5 		.ascii	":\224\315\365\271\003\375\345`8,\034u\323\307\310\011"
  46      B903FDE5 
  46      60382C1C 
  46      75D3C7C8 
  46      09
  47 01c7 694F3128 		.ascii	"iO1(\226\302\013\264\003f$\243\365"
  47      96C20BB4 
  47      036624A3 
  47      F5
  48              		.text
  49              		.section	.gnu.lto_port_unlock.2964f02e6737c06e,"",%progbits
  50 0000 789C5550 		.ascii	"x\234UPMkSA\024\275\347\315$\225\372\201\233\356\012"
  50      4D6B5341 
  50      14BDE7CD 
  50      2495FA81 
  50      9BEE0A
  51 0013 4D165914 		.ascii	"M\026Y\024\345\215;\327\022\020\\\204B\363\003J\373"
  51      E58D3BD7 
  51      12105C84 
  51      42F3034A 
ARM GAS  /tmp/ccWwc6ph.s 			page 4


  51      FB
  52 0024 7C9040D3 		.ascii	"|\220@\323\224\227\227Z7v\010\225D\332E\301\0325D\""
  52      9497975A 
  52      37760895 
  52      44DA45C1 
  52      1A354422 
  53 0038 2AE8C2CF 		.ascii	"*\350\302\317\326\257~\230>Z\0207b\025\335\271j\261"
  53      D6AF7E98 
  53      3E5A1037 
  53      6215DDB9 
  53      6AB1
  54 004a 828AA0B8 		.ascii	"\202\212\240\270pU{g\002\242\027\356\014\367\316=g\316"
  54      70557B67 
  54      02A217EE 
  54      0CF7CE3D 
  54      67CE
  55 005c B97122BA 		.ascii	"\271q\"\272\006\242s|\367p\222 8\304\011n\022h\312\301"
  55      06A2737C 
  55      F7709220 
  55      38C4096E 
  55      1268CAC1 
  56 0070 1466C5BC 		.ascii	"\024f\305\274\300zug\311\351\277\2559\242\313s}w\365"
  56      C07A7567 
  56      C9E9BFAD 
  56      39A2CB73 
  56      7D77F5
  57 0083 A6164D41 		.ascii	"\246\026MAT\027d\003\213\350'\236\333z\264{\351`\\v"
  57      54176403 
  57      8BE8279E 
  57      DB7AB47B 
  57      E9605C76 
  58 0097 FA788C38 		.ascii	"\372x\2148\263\020\370\341\355\364\303\246\230a\014"
  58      B310F8E1 
  58      EDF4C3A6 
  58      98610C
  59 00a6 20B9FCF1 		.ascii	" \271\374\361\272\261}\310\224\016\022\\~^\255\276\207"
  59      BAB17DC8 
  59      940E125C 
  59      7E5EADBE 
  59      87
  60 00b7 706128BE 		.ascii	"pa(\276\355\324\"\231\272\251uEG\233x\245eS\010<\203"
  60      EDD42299 
  60      BAA97545 
  60      479B78A5 
  60      6553083C 
  61 00cc 604A3C45 		.ascii	"`J<E/\236\240\267\363\345s\244\036\274\213Ez\367OUG"
  61      2F9EA0B7 
  61      F3E573A4 
  61      1EBC8B45 
  61      7AF74F55 
  62 00e1 BF6EA135 		.ascii	"\277n\2415$\035\333%\252YY\027\004\233\021_P\011\251"
  62      241DDB25 
  62      AA595917 
  62      049B115F 
  62      5009A9
  63 00f4 211CA6AE 		.ascii	"!\034\246\256\237_\177\323e~\025 ,1\317WT\266\0267\256"
  63      9F5F7FD3 
ARM GAS  /tmp/ccWwc6ph.s 			page 5


  63      657E1520 
  63      2C31CF57 
  63      54B61637 
  64 0109 BEC45FE9 		.ascii	"\276\304_\351\323\326\342\305z\237%2\016\352\002\377"
  64      D3D6E2C5 
  64      7A9F2532 
  64      0EEA02FF 
  65 0119 3AC332E2 		.ascii	":\3032\342X1\306\370`\032\362\370\361Fk\341ww2l\351"
  65      5831C6F8 
  65      601AF2F8 
  65      F1466BE1 
  65      7777326C 
  66 012e 2B89A690 		.ascii	"+\211\246\220f\374\336\366\212\336'\3152W\221$\323\371"
  66      66FCDEF6 
  66      8ADE27CD 
  66      32579124 
  66      D3F9
  67 0140 D8589EEF 		.ascii	"\330X\236\3576\012_@6\2142\264\355*\356\2647>\035H\236"
  67      360A5F40 
  67      368C32B4 
  67      ED2AEEB4 
  67      373E1D48 
  68 0155 E9606366 		.ascii	"\351`cf\362\347\375\205\017\373-v\315`\021A\322wT\256"
  68      F2E7FD85 
  68      0FFB2D76 
  68      CD601141 
  68      D27754AE 
  69 0169 AFB56157 		.ascii	"\257\265aWj\242\306\252\210G\216\270\256J\347\362#\371"
  69      6AA2C6AA 
  69      88478EB8 
  69      AE4AE7F2 
  69      23F9
  70 017b 81AC2A96 		.ascii	"\201\254*\226T\020\252\361b\020\226\324\211\301L:3\251"
  70      5410AAF1 
  70      621096D4 
  70      89C14C3A 
  70      33A9
  71 018d BC9C570C 		.ascii	"\274\234W\014\374\241\211\343\0057G\261\211\341\321"
  71      FCA189E3 
  71      053747B1 
  71      89E1D1
  72 019c B2EFFE8F 		.ascii	"\262\357\376\217\360'C\225\316dOeU~\314\033-\237\366"
  72      F0274395 
  72      CE644F65 
  72      557ECC1B 
  72      2D9FF6
  73 01af 95457885 		.ascii	"\225Ex\205\223\3451\217A\2073\331\301\304\310p\311\037"
  73      93E5318F 
  73      418733D9 
  73      C1C4C870 
  73      C91F
  74 01c1 0FF24713 		.ascii	"\017\362G\023\251c\344\004\324U\360\013\305\340,\355"
  74      A963E404 
  74      D455F00B 
  74      C5E02CED 
  75 01d1 014865A3 		.ascii	"\001He\243\025"
  75      15
ARM GAS  /tmp/ccWwc6ph.s 			page 6


  76              		.text
  77              		.section	.gnu.lto_port_lock_from_isr.2964f02e6737c06e,"",%progbits
  78 0000 789C6363 		.ascii	"x\234cc``X\010\304\272@,\012\304\014\314\014\214L\014"
  78      60605808 
  78      C4BA402C 
  78      0AC40CCC 
  78      0C8C4C0C 
  79 0014 40CCC808 		.ascii	"@\314\310\010\34402\32431\3263\3660Oaf<\324\376l'\223"
  79      E43032D4 
  79      3331D633 
  79      F6304F61 
  79      663CD4FE 
  80 002b E6F20620 		.ascii	"\346\362\006 80}\237\374\232\206\013\015\314s\230\031"
  80      38307D9F 
  80      FC9A860B 
  80      0DCC7398 
  80      19
  81 003c 18A63133 		.ascii	"\030\24613\200\001\343fFM\006\240\272G\033\377M\345"
  81      8001E366 
  81      464D06A0 
  81      BA471BFF 
  81      4DE5
  82 004e 65638188 		.ascii	"ec\201\2103nadc\000\231\264\376\022\353\201\206\177"
  82      336E6164 
  82      630099B4 
  82      FE12EB81 
  82      867F
  83 0060 FFDB1B0E 		.ascii	"\377\333\033\016\274Y\312x5\036(\327\001\326\327\311"
  83      BC59CA78 
  83      351E28D7 
  83      01D6D7C9 
  84 0070 0CB48DF9 		.ascii	"\014\264\215\371\015c\363\202\345\373\231\301\252\201"
  84      0D63F382 
  84      E5FB99C1 
  84      AA81
  85 007e 46ECDCF9 		.ascii	"F\354\334\371\3466{\375\337\006\2169\314\214\323\230"
  85      E6367BFD 
  85      DF068E39 
  85      CC8CD398 
  86 008e 81DA19B7 		.ascii	"\201\332\031\2672\3263\314\001*}\307\330\264`\365~F"
  86      32D633CC 
  86      012A7DC7 
  86      D8B460F5 
  86      7E46
  87 00a0 B04210E8 		.ascii	"\260B\020\350\000\311\002M\320\326\323\323w\316\310"
  87      00C9024D 
  87      D0D6D3D3 
  87      77CEC8
  88 00af 4CCAF40F 		.ascii	"L\312\364\017\326\317/\326/*\321/\310/*)\326w\014\362"
  88      D6CF2FD6 
  88      2F2AD12F 
  88      C82F2A29 
  88      D6770CF2 
  89 00c3 75F6ADD0 		.ascii	"u\366\255\320O\316H\316/J\215/3\317\325\313`\000\000"
  89      4FCE48CE 
  89      2F4A8D2F 
  89      33CFD5CB 
ARM GAS  /tmp/ccWwc6ph.s 			page 7


  89      600000
  90 00d6 91213FB1 		.ascii	"\221!?\261"
  91              		.text
  92              		.section	.gnu.lto_port_unlock_from_isr.2964f02e6737c06e,"",%progbits
  93 0000 789C6363 		.ascii	"x\234cc``X\010\304\272@,\012\304\014\314\014\214L\014"
  93      60605808 
  93      C4BA402C 
  93      0AC40CCC 
  93      0C8C4C0C 
  94 0014 40CCC808 		.ascii	"@\314\310\010\34402\32431\3263\3660Oaf<\324\376l'\223"
  94      E43032D4 
  94      3331D633 
  94      F6304F61 
  94      663CD4FE 
  95 002b E6F20620 		.ascii	"\346\362\006 80\375\213\374\232\206\013\015\314s\230"
  95      3830FD8B 
  95      FC9A860B 
  95      0DCC7398 
  96 003b 1918A631 		.ascii	"\031\030\24613\200\001\343fFM\006\240\272G\033\377M"
  96      338001E3 
  96      66464D06 
  96      A0BA471B 
  96      FF4D
  97 004d E5656381 		.ascii	"\345ec\201\2103nadc\000\231\264\376\022\353\201\206"
  97      88336E61 
  97      64630099 
  97      B4FE12EB 
  97      8186
  98 005f 7FFFDB1B 		.ascii	"\177\377\333\033\016\374Y\312\370;\036(\327\001\326"
  98      0EFC59CA 
  98      F83B1E28 
  98      D701D6
  99 006e D7C90CB4 		.ascii	"\327\311\014\264\215\371\015c\363\202\317\373\231\301"
  99      8DF90D63 
  99      F382CFFB 
  99      99C1
 100 007c AA8146EC 		.ascii	"\252\201F\354\334\371\3466{\375\337\006\2169\314\214"
 100      DCF9E636 
 100      7BFDDF06 
 100      8E39CC8C 
 101 008c D39881DA 		.ascii	"\323\230\201\332\031\2672\3263\314\001*}\307\330\264"
 101      19B732D6 
 101      33CC012A 
 101      7DC7D8B4 
 102 009c E0FB7E46 		.ascii	"\340\373~F\260B\020\350\000\311\002M\320\326\323\323"
 102      B04210E8 
 102      00C9024D 
 102      D0D6D3D3 
 103 00ac 77CEC84C 		.ascii	"w\316\310L\312\364\017\326\317/\326/*\321/\310/*)\326"
 103      CAF40FD6 
 103      CF2FD62F 
 103      2AD12FC8 
 103      2F2A29D6 
 104 00c0 770CF275 		.ascii	"w\014\362u\366\255\320O\316H\316/J\215/3\317\325\313"
 104      F6ADD04F 
 104      CE48CE2F 
 104      4A8D2F33 
ARM GAS  /tmp/ccWwc6ph.s 			page 8


 104      CFD5CB
 105 00d3 60000005 		.ascii	"`\000\000\005\310@\265"
 105      C840B5
 106              		.text
 107              		.section	.gnu.lto_SVC_Handler.2964f02e6737c06e,"",%progbits
 108 0000 789C7554 		.ascii	"x\234uTKO\023Q\024\276g\356t\372\260-\306\235\221\030"
 108      4B4F1351 
 108      14BE67EE 
 108      74FAB02D 
 108      C69D9118 
 109 0014 58B0309A 		.ascii	"X\2600\232\216\211\013W.\224\304\350\202h\350\0170:"
 109      8E890B57 
 109      2E94C4E8 
 109      8268E80F 
 109      303A
 110 0026 A2101F6D 		.ascii	"\242\020\037m\332b\3301\266\274\304\252\211b\305Z\005"
 110      DA62D831 
 110      B6BCC4AA 
 110      8962C55A 
 110      05
 111 0037 31BE6254 		.ascii	"1\276bT\020\025\251\210\245\010\365\205\370\212\013"
 111      1015A988 
 111      A508F585 
 111      F88A0B
 112 0046 1F2C8A22 		.ascii	"\037,\212\"\242h4j$\012x\316\235FQ\264\311\334\316\375"
 112      A268346A 
 112      240A78CE 
 112      9D4651B4 
 112      C9DCCEFD 
 113 005a EE77CE77 		.ascii	"\356w\316w\356w\317\035\2051\366Qf\354\010\376g\343"
 113      EE77CF1D 
 113      8531F651 
 113      66EC08FE 
 113      67E3
 114 006c C3640612 		.ascii	"\303d\006\022\303\0078\216\034\000!`\345\022\207r\010"
 114      C307388E 
 114      1C002160 
 114      E5128772 
 114      08
 115 007d F33A0EC9 		.ascii	"\363:\016\311\352\241vi\336I\035\177\211\003?f\353\247"
 115      EAA17669 
 115      DE491D7F 
 115      89033F66 
 115      EBA7
 116 008f 1210436A 		.ascii	"\022\020Cj\2043\361\203V\230\307\220\366\240\2429\306"
 116      8433F183 
 116      5698C790 
 116      F6A0A239 
 116      C6
 117 00a0 77F21866 		.ascii	"w\362\030f\220q\372\261/:\350\244\251\00498\255\275"
 117      9071FAB1 
 117      2F3AE8A4 
 117      A9043938 
 117      ADBD
 118 00b2 F5B2298B 		.ascii	"\365\262)\213\273\200\230#\327\337\214\331\363\216\351"
 118      BB809823 
 118      D7DF8CD9 
ARM GAS  /tmp/ccWwc6ph.s 			page 9


 118      F38EE9
 119 00c1 7A504FF4 		.ascii	"zPO\364\326\317m\012\3517u9\3069\\\006\216Y\341\022"
 119      D6CF6D0A 
 119      E9377539 
 119      C6395C06 
 119      8E59E112 
 120 00d5 64C34510 		.ascii	"d\303E\020\265\021=\3352\261\337\241\310\320\006y\206"
 120      B5113DDD 
 120      32B1DFA1 
 120      C8D00679 
 120      86
 121 00e6 285C0105 		.ascii	"(\\\001\005Kd&\202\220\220z\373\362\260\205/\022\271"
 121      4B642682 
 121      90907AFB 
 121      F2B0852F 
 121      12B9
 122 00f8 C3673E9D 		.ascii	"\303g>\235\343\231\334_7F\365DEN\214\313\320>=3\304"
 122      E399DC5F 
 122      3746F544 
 122      454E8CCB 
 122      D03E3D33 
 123 010d 4570CBE8 		.ascii	"Ep\313\350X\227B\001{\365\304\375.IT\"\263i\344\253"
 123      58974201 
 123      7BF5C4FD 
 123      2E495422 
 123      B369E4AB 
 124 0121 823CB4B3 		.ascii	"\202<\264\263\247\323\314\227\011\245/\237[N(\031\245"
 124      A7D3CC97 
 124      09A52F9F 
 124      5B4E2819 
 124      A5
 125 0132 FE830B47 		.ascii	"\376\203\013G\237\016c\216\032 \265\216\177\250]\233"
 125      9F0E638E 
 125      1A20B58E 
 125      7FA85D9B 
 126 0142 A636313A 		.ascii	"\24661:\353h\250\362\177\202\235\220w\376\241)\241O"
 126      EB68A8F2 
 126      7F829D90 
 126      77FEA129 
 126      A14F
 127 0154 4C56A3ED 		.ascii	"LV\243\355\331\325\251\201\2504\023X\214\233$\034\024"
 127      D9D5A981 
 127      A8341358 
 127      8C9B241C 
 127      14
 128 0165 4E6F32BD 		.ascii	"No2\275\231hPh\26022\304&F\273\330\237C\350:i1K\354"
 128      99685068 
 128      B03232C4 
 128      2646BBD8 
 128      9F43E83A 
 129 017d 81B11A71 		.ascii	"\201\261\032ql;8\0369\037\201\340\347\341p\267\231\014"
 129      6C3B381E 
 129      391F81E0 
 129      E7E170B7 
 129      990C
 130 018f 8D72A063 		.ascii	"\215r\240cz\261\347\234\205N\315\004\315\003!\335\011"
 130      7AB1E79C 
ARM GAS  /tmp/ccWwc6ph.s 			page 10


 130      854ECD04 
 130      CD0321DD 
 130      09
 131 01a0 D7B19E11 		.ascii	"\327\261\236\021H\306\255\006GBN\2442\331o68\344CG\262"
 131      48C6AD06 
 131      47424EA4 
 131      32D96F36 
 131      38E44347 
 132 01b5 AF576984 		.ascii	"\257Wi\204#\333\261?\320k3&\202\004\355\002\327\236"
 132      23DBB13F 
 132      D06B3326 
 132      8204ED02 
 132      D79E
 133 01c7 B4C5DB1C 		.ascii	"\264\305\333\034\352Y\275\002m\261@\0274\302~!\017I"
 133      EA59BD02 
 133      6DB14017 
 133      34C27E21 
 133      0F49
 134 01d9 5019A95B 		.ascii	"P\031\251[\214\264<\243\023\372Q\005\006\"\033Z\003"
 134      8CB43CA3 
 134      13FA5105 
 134      06221B5A 
 134      03
 135 01ea 77C2DF45 		.ascii	"w\302\337E\027)0199\231\005\335F=\217k\005\357\237\362"
 135      17293031 
 135      39399905 
 135      DD463D8F 
 135      6B05EF9F 
 136 01ff FC3FF237 		.ascii	"\374?\3627~\313\367\200\212\022\354-lO\277\016w<\203"
 136      7ECBF780 
 136      8A12EC2D 
 136      6C4FBF0E 
 136      773C83
 137 0212 5F5D5661 		.ascii	"_]Vaty\263\262B\270E\032\021\016S\273\360\032\301\275"
 137      7479B3B2 
 137      42B8451A 
 137      110E53BB 
 137      F01AC1BD 
 138 0226 A0408A9A 		.ascii	"\240@\212\2320etb\031\331\262;\322 \347VA\203^\217u"
 138      30657462 
 138      19D9B23B 
 138      D220E756 
 138      41835E8F 
 139 023b 5829663C 		.ascii	"X)f<]9h\225\351r\335\204\\QQo\2725\256 \002\267\000"
 139      5D396895 
 139      E972DD84 
 139      5C51516F 
 139      BA35AE20 
 140 0252 77E8C095 		.ascii	"w\350\300\225\333 \223\023\221\261\203\335\037P*E\233"
 140      DB209313 
 140      91B183DD 
 140      1F502A45 
 140      9B
 141 0263 778A253C 		.ascii	"w\212%<$\254\226\017\343\215<\200/HzlcQ\236\205\353"
 141      24AC960F 
 141      E38D3C80 
 141      2F487A6C 
ARM GAS  /tmp/ccWwc6ph.s 			page 11


 141      63519E85 
 142 0278 46447028 		.ascii	"FDp(!\033n\231\020&\354S\365\016n V\004\311\320XU_k"
 142      211B6E99 
 142      1026EC53 
 142      F50E6E20 
 142      5604C9D0 
 143 0290 B601D910 		.ascii	"\266\001\331\020\305\022\2367\325\035\227\215{:\314"
 143      C5129E37 
 143      D51D978D 
 143      7B3ACC
 144 029f E08EF013 		.ascii	"\340\216\360\023\003\307[\355\006\215\230\277\304\354"
 144      03C75BED 
 144      068D98BF 
 144      C4EC
 145 02ad 38479B82 		.ascii	"8G\233\202\351W\341\257s\376ri_\247B=\2261I\232b\022"
 145      E957E1AF 
 145      73FE7269 
 145      5FA7423D 
 145      9631499A 
 146 02c3 83BB6850 		.ascii	"\203\273hP\037y\203\003\240C\265dqS\303\205o\266\334"
 146      1F798303 
 146      A043B564 
 146      7153C385 
 146      6FB6DC
 147 02d6 FA8C4336 		.ascii	"\372\214C6\0128;xU\267\010\207\356e\034z\036\215\327"
 147      0A383B78 
 147      55B70887 
 147      EE651C7A 
 147      1E8DD7
 148 02e9 D9C8A17E 		.ascii	"\331\310\241~r\310\216+\367\305\367\344XK\360\256=\367"
 148      72C88E2B 
 148      F7C5F7E4 
 148      584BF0AE 
 148      3DF7
 149 02fb D0547BEF 		.ascii	"\320T{\357\355\016\036\265\213\340\007\024\014\017\321"
 149      ED0E1EB5 
 149      8BE00714 
 149      0C0FD1
 150 030a CA77106A 		.ascii	"\312w\020j<\355\020_\010d\264\267\277{f.\037\327-1>"
 150      3CED105F 
 150      0864B4B7 
 150      BF7B662E 
 150      1FD72D31 
 151 031f 23426EC2 		.ascii	"#Bn\302#(\307\333`g\357!\330x~\227h\"q\337j\360\224"
 151      2328C7DB 
 151      6067EF21 
 151      D8787E97 
 151      682271DF 
 152 0336 19A69AEF 		.ascii	"\031\246\232\357r\251\371\305%\353JV\271U\217_\365\005"
 152      72A9F9C5 
 152      25EB4A56 
 152      B9558F5F 
 152      F505
 153 0348 54AFC717 		.ascii	"T\257\307\027\360\253K\013\013\362\013\312T\255X\363"
 153      F0AB4B0B 
 153      0BF20BCA 
 153      54AD58F3 
ARM GAS  /tmp/ccWwc6ph.s 			page 12


 154 0358 F88AD66C 		.ascii	"\370\212\326l[\274\305\2451Y\013\224y\235\001\217w\325"
 154      5BBCC5A5 
 154      31590B94 
 154      799D018F 
 154      77D5
 155 036a 86D53E8F 		.ascii	"\206\325>\217\346\016\254\3256)\276\"\177\351\346\200"
 155      E60EACD5 
 155      3629BE22 
 155      7FE9E680 
 156 037a EBCF3445 		.ascii	"\353\3174Ee\0015\277\300\275\322\255\226l\3256\227\256"
 156      650135BF 
 156      C0BDD2AD 
 156      966CD536 
 156      97AE
 157 038c 2F52451A 		.ascii	"/RE\032m\313\362\322\255\232\253\2309\012\012\3359y"
 157      6DCBF2D2 
 157      AD9AAB98 
 157      390A0ADD 
 157      3979
 158 039e 0B17E478 		.ascii	"\013\027\344x\375^\033\343K|\210\270\013i\266\000a\033"
 158      FD5E1BE3 
 158      4B7C88B8 
 158      0B69B600 
 158      611B
 159 03b0 937C8CFB 		.ascii	"\223|\214\373\275\354'\245Y\262\021"
 159      BDEC27A5 
 159      59B211
 160              		.text
 161              		.section	.gnu.lto__port_irq_epilogue.2964f02e6737c06e,"",%progbits
 162 0000 789C9D56 		.ascii	"x\234\235VkL\024W\024\276g\356\274v\344UjP\224&\360"
 162      6B4C1457 
 162      14BE67EE 
 162      BC76E455 
 162      6A509426 
 163 0015 831FA696 		.ascii	"\203\037\246\226i\322&\376\352\217\206\244I\233\020"
 163      69D226FE 
 163      EA8F86A4 
 163      499B10
 164 0024 1B499AF4 		.ascii	"\033I\232\364W\323\256\030\211\0176\313\332\220\376"
 164      57D3AE18 
 164      890F36CB 
 164      DA90FE
 165 0033 61782B1A 		.ascii	"ax+\032m\032]u\263v\021R\037mP)\255\260\010\012\253"
 165      6D1A5D75 
 165      B3761152 
 165      1F6D5029 
 165      ADB0080A 
 166 0048 A256C537 		.ascii	"\242V\3057X\337\005\261<MJiS\254@\317\2713\254\010R"
 166      58DF05B1 
 166      3C4D4A69 
 166      53AC40CF 
 166      B933AC08 
 167 005d D34EB277 		.ascii	"\323N\262wg\316=\367;\3379\363\335sGe\214\275\341b\354"
 167      67CE3DF7 
 167      3BDF39F3 
 167      DD734765 
 167      8CBDE162 
ARM GAS  /tmp/ccWwc6ph.s 			page 13


 168 0072 08FE7F8C 		.ascii	"\010\376\177\214?6\217\201\304\360'q\306,\011g,\231"
 168      3F368F81 
 168      C4F02771 
 168      C62C0967 
 168      2C99
 169 0084 838C1619 		.ascii	"\203\214\026\031\024\034\025I%\273Fv\025t\264hb\324"
 169      141C1549 
 169      25BB4676 
 169      1574B468 
 169      62D4
 170 0096 C1C0D125 		.ascii	"\301\300\321%F\003\000\201\200\025J\\VTMw\031P\010["
 170      46030081 
 170      80154A5C 
 170      56544D77 
 170      1950085B 
 171 00aa F8760E91 		.ascii	"\370v\016\221\212Gai\311~\013\257\326\235\243Z\271U"
 171      8A476169 
 171      C97E0BAF 
 171      D69DA35A 
 171      B955
 172 00bc B6308871 		.ascii	"\2660\210q\374\234\211\013\352a\011C\267\356\272\211"
 172      FC9C890B 
 172      EA610943 
 172      B7EEBA89 
 173 00cc 1DB1AA6C 		.ascii	"\035\261\252l\333\341\007P\001\215WJ\217\004\371f\036"
 173      DBE10750 
 173      018D574A 
 173      8F04F966 
 173      1E
 174 00dd E400323E 		.ascii	"\344\0002>\376v1\320\023G\217\022\244\342c\345\271\207"
 174      FE7631D0 
 174      13478F12 
 174      A4E263E5 
 174      B987
 175 00ef D5F13C03 		.ascii	"\325\361<\003h\371\300\211\376\261\230\364\032\313*"
 175      68F9C089 
 175      FEB198F4 
 175      1ACB2A
 176 00fe B65AFF0C 		.ascii	"\266Z\377\014%\326\224Xg-9\31094\000GH8\012)\360#\244"
 176      25D69458 
 176      672D39C8 
 176      39340047 
 176      48380A29 
 177 0115 8890CFA2 		.ascii	"\210\220\317\242A#\244\213`\302X7<\326\246\022\306W"
 177      4123A48B 
 177      60C25837 
 177      3CD6A612 
 177      C657
 178 0127 566B6728 		.ascii	"Vkg(&p\240\26545\310\005\245\027\257/\025Iu\036\210"
 178      2670A0B5 
 178      3435C805 
 178      A517AF2F 
 178      1549751E 
 179 013c 8326C209 		.ascii	"\203&\302\011\203\352\347\202\315\243\315\247\217k\374"
 179      83EAE782 
 179      CDA3CDA7 
 179      8F6BFC
ARM GAS  /tmp/ccWwc6ph.s 			page 14


 180 014b 2D717FBE 		.ascii	"-q\177\276\253\377\206\3440\353\332o\356n\354\243\000"
 180      ABFF86E4 
 180      30EBDA6F 
 180      EE6EECA3 
 180      00
 181 015c 80C0D0FC 		.ascii	"\200\300\320\374\257\334Z\010\363\030\026\3428\362\243"
 181      AFDC5A08 
 181      F31816E2 
 181      38F2A3
 182 016b 012BAC13 		.ascii	"\001+\254\023c\36493\370p\217\316sE\200-\337\215\034"
 182      63F43933 
 182      F8708FCE 
 182      7345802D 
 182      DF8D1C
 183 017e E24E002C 		.ascii	"\342N\000,\360>'u\031N\314\206\207V\261|z\246\227\333"
 183      F03E2775 
 183      194ECC86 
 183      8756B17C 
 183      7AA697DB 
 184 0192 24DB7F56 		.ascii	"$\333\177V\236\320&\234\377\030\255\333\247N%P\261\254"
 184      9ED0269C 
 184      FF18ADDB 
 184      A74E2550 
 184      B1AC
 185 01a4 F374B9F5 		.ascii	"\363t\271\365e\233>\007\177\210\314\01201\234\270\267"
 185      659B3E07 
 185      7F88CC0A 
 185      30319CB8 
 185      B7
 186 01b5 A46CAE18 		.ascii	"\244l\256\030'!\235\252G\331\316Xw+\310\347|\005p\012"
 186      27219DAA 
 186      47D9CE58 
 186      772BC8E7 
 186      7C05700A 
 187 01c9 D20F5F55 		.ascii	"\322\017_UZ\255\211\311\012\314z~h\242\257#\3755`A\256"
 187      5AAD89C9 
 187      0ACC7A7E 
 187      68A2AF23 
 187      FD356041 
 188 01de 4838A89C 		.ascii	"H8\250\234\006\231\006\005\007M\245;\015\007]\247;\027"
 188      06990605 
 188      074DA53B 
 188      0D075DA7 
 188      3B17
 189 01f0 0EAE7846 		.ascii	"\016\256xF\265L\020c\222(\314\002\301~!y$3\"\264\210"
 189      B54C1063 
 189      9228CC02 
 189      C17E2179 
 189      243322B4 
 190 0205 6E1733E2 		.ascii	"n\0273\342\227\"\252\301\330F!\333M\034\367\013\037"
 190      9722AAC1 
 190      D84621DB 
 190      4D1CF70B 
 190      1F
 191 0216 8292AADF 		.ascii	"\202\222\252\337\267q\241\037\344\036\016\017\335\326"
 191      B771A11F 
 191      E41E0E0F 
ARM GAS  /tmp/ccWwc6ph.s 			page 15


 191      DDD6
 192 0224 0AC72D2C 		.ascii	"\012\307-,\215\341'\0078\015\205\2100\217\015@\361h"
 192      8DE12707 
 192      380D8588 
 192      308F0D40 
 192      F168
 193 0236 DF788F4A 		.ascii	"\337x\217J\236\001N\302.\0127oWH\311\012X\267J\2548"
 193      9E014EC2 
 193      2E0A376F 
 193      5748C90A 
 193      58B74AAC 
 194 024b 68C7C406 		.ascii	"h\307\304\006 \322\344\262}$\364\361\227E.i\266\017"
 194      20D2E4B2 
 194      7D24F4F1 
 194      97452E69 
 194      B60F
 195 025d C137472E 		.ascii	"\3017G.\266\253U\360u\021j\016k\022\203@p\206\312\201"
 195      B6AB55F0 
 195      75116A0E 
 195      6B128340 
 195      7086CA81 
 196 0271 739D0D4D 		.ascii	"s\235\015M\015\261f\255UZDS\261p\026\252`\207`\012\347"
 196      0DB166AD 
 196      555A4453 
 196      B17016AA 
 196      6087600A 
 197 0286 C044E092 		.ascii	"\300D\340\222\247\345\007\025\033\232\333\350\303\027"
 197      A7E50715 
 197      1B9ADBE8 
 197      C317
 198 0294 7AAB6542 		.ascii	"z\253eBW\301J\200\237\020\250\027Jo\237|\333qB\217\303"
 198      57C14A80 
 198      9F10A817 
 198      4A6F9F7C 
 198      DB71428F 
 199 02a9 43E1B158 		.ascii	"C\341\261X\333\203\301y\247\360\2338\302\362A\260z\006"
 199      DB83C179 
 199      A7F09B38 
 199      C2F241B0 
 199      7A06
 200 02bb 4BC2ED20 		.ascii	"K\302\355 \264\211W\001\033\204\242\352o:l\003\012\365"
 200      B4895701 
 200      1B84A2EA 
 200      6F3A6C03 
 200      0AF5
 201 02cd 0B4A60AB 		.ascii	"\013J`\253?$\247UB\310\332\205\254\342\210\350xwY\217"
 201      3F24A755 
 201      42C8DA85 
 201      ACE288E8 
 201      7877598F 
 202 02e1 4BA6DA5C 		.ascii	"K\246\332\\\2004A\275\275\273\276IE\013\\\0049\300\223"
 202      803441BD 
 202      BDBBBE49 
 202      450B5C04 
 202      39C093
 203 02f4 71A6035B 		.ascii	"q\246\003[\017\006\2509\3301\015\036K\350\357?_\277"
 203      0F06A839 
ARM GAS  /tmp/ccWwc6ph.s 			page 16


 203      D8310D1E 
 203      4BE8EF3F 
 203      5FBF
 204 0306 922C01BE 		.ascii	"\222,\001\276Hx\"\031lR\274\017[\317Nd\205.\327\015"
 204      48782219 
 204      6C52BC0F 
 204      5BCF4E64 
 204      852ED70D 
 205 031a 16E08B71 		.ascii	"\026\340\213q^\320\371\373(\237\261Uw\006\215\017\304"
 205      5ED0F9FB 
 205      289FB155 
 205      77068D0F 
 205      C4
 206 032b 7BB4F72A 		.ascii	"{\264\367*\237\276\335\"d\276\204\273\3542ep\331Nc+"
 206      9FBEDD22 
 206      64BE84BB 
 206      EC326570 
 206      D94E632B 
 207 033f BC2C8F2B 		.ascii	"\274,\217+3\363\270Jy,\300\231k\230\007\321\036{\362"
 207      33F3B84A 
 207      792CC099 
 207      6B9807D1 
 207      1E7BF2
 208 0352 F4683201 		.ascii	"\364h2\001\006\370B1\203\274\225(o\210\362N\301y{A\244"
 208      06F84231 
 208      83BC9528 
 208      6F88F24E 
 208      C1797B41 
 209 0367 E68A4C0C 		.ascii	"\346\212L\014\003\034\241H\027\305#\025\007\271m\211"
 209      031CA148 
 209      17C52315 
 209      07B96D89 
 210 0377 4723BDD0 		.ascii	"G#\275\320`y\355\265\225\266)\001\255\310`\254q\177"
 210      6079EDB5 
 210      95B62901 
 210      ADC860AC 
 210      717F
 211 0389 8B6237CB 		.ascii	"\213b7\313]\223\223\223\361p]h\012\245\267\247\314 "
 211      5D939393 
 211      F1705D68 
 211      0AA5B7A7 
 211      CC20
 212 039b CFE99AE2 		.ascii	"\317\351\232\342\2634U\265\012\265\212\350\011p\303"
 212      B33455B5 
 212      0AB58AE8 
 212      0970C3
 213 03aa 51D5F58A 		.ascii	"Q\325\365\212\233\367\346\241\252l\301%@\247P\225\350"
 213      9BF7E6A1 
 213      AA6CC125 
 213      40A75095 
 213      E8
 214 03bb F35D6052 		.ascii	"\363]`R{\356}r\311Eh:\240\217\0167\247\002\206\312\022"
 214      7BEE7D72 
 214      C945683A 
 214      A08F0E37 
 214      A70286CA 
 215 03d0 6D6A0AB5 		.ascii	"mj\012\265\351\273\333\016\351\344\245\301\221{\244"
ARM GAS  /tmp/ccWwc6ph.s 			page 17


 215      E9BBDB0E 
 215      E9E4A5C1 
 215      917BA4
 216 03df F59FA35A 		.ascii	"\365\237\243Z\027>\317\361\322^\244\365W\020\010n\315"
 216      173ECFF1 
 216      D25EA4F5 
 216      5710086E 
 216      CD
 217 03f0 A1F5DB82 		.ascii	"\241\365\333\202\225D\254\356\010\255c\261\302\212\015"
 217      9544ACEE 
 217      08AD63B1 
 217      C28A0D
 218 03ff AD21BAA8 		.ascii	"\255!\272\250o\345n\305\251\300\177K\371\256\000\027"
 218      6FE56EC5 
 218      A9C07F4B 
 218      F9AE0017 
 219 040f 47D23D30 		.ascii	"G\322=0\021\320\306o\2711\337\016\240\343\342\350\013"
 219      11D0C66F 
 219      B931DF0E 
 219      A0E3E2E8 
 219      0B
 220 0420 4CC26714 		.ascii	"L\302g\024^q\367`\375\375\330\231\312\3534\024\3521"
 220      5E71F760 
 220      FDFDD899 
 220      CAEB3414 
 220      EA31
 221 0432 8EF2E4E9 		.ascii	"\216\362\344\351G\036\334G\325= \301=\240&\217]\214"
 221      471EDC47 
 221      D53D20C1 
 221      3DA0268F 
 221      5D8C
 222 0444 54571DFA 		.ascii	"TW\035\372\376/#\355[Gu\211\264\240\266\347\230\245"
 222      FE2F23ED 
 222      5B477589 
 222      B4A0B6E7 
 222      98A5
 223 0456 0BD5FDE2 		.ascii	"\013\325\375\342\250\356N\240i\273A\252\353&\325%\341"
 223      A8EE4EA0 
 223      69BB41AA 
 223      EB26D525 
 223      E1
 224 0467 4C8F3829 		.ascii	"L\2178)k\352\212/\304\244\325N\227l\307\326\342\275"
 224      6BEA8A2F 
 224      C4A4D54E 
 224      976CC7D6 
 224      E2BD
 225 0479 3162F143 		.ascii	"1b\361CZ\014\275(O\352`'v$\333\271\270\236\357a\257"
 225      5A0CBD28 
 225      4FEA6027 
 225      7624DBB9 
 225      B89EEF61 
 226 048e FA49A5F0 		.ascii	"\372I\245\360H\364\260\371vw8\005\317\\\243\257\314"
 226      48F4B0F9 
 226      76773805 
 226      CF5CA3AF 
 226      CC
 227 049f 85947F8D 		.ascii	"\205\224\177\215\266\007\334\257\034\013\362\244bOW"
ARM GAS  /tmp/ccWwc6ph.s 			page 18


 227      B607DCAF 
 227      1C0BF2A4 
 227      624F57
 228 04ae 15BCA8E6 		.ascii	"\025\274\250\346\353_V\363>Qs\231j\336/d6Ej#\256\036"
 228      EB5F56F3 
 228      3E517399 
 228      6ADE2F64 
 228      36456A23 
 229 04c4 01D15D31 		.ascii	"\001\321]1\012\014 3\212\250ME\034\376\277\021\007\237"
 229      0A0C2033 
 229      8AA84D45 
 229      1CFEBF11 
 229      079F
 230 04d6 451C9A2B 		.ascii	"E\034\232+\"F\201a'\"~\374p\372w9\207@\203\177\216C"
 230      22468161 
 230      27227EFC 
 230      70FA7739 
 230      8740837F 
 231 04ec 80BE921E 		.ascii	"\200\276\222\036;\207\000-0\242\333^b\217\351\233\213"
 231      3B87002D 
 231      30A2DB5E 
 231      628FE99B 
 231      8B
 232 04fd AE8DB4A5 		.ascii	"\256\215\264\245\360\376\365\214\0143su\356g\271\313"
 232      F0FEF58C 
 232      0C337375 
 232      EE67B9CB 
 233 050d B3CDBC7C 		.ascii	"\263\315\274|\323\3533=y^_\276\371\356\212\254\314\254"
 233      D3EB333D 
 233      795E5FBE 
 233      F9EE8AAC 
 233      CCAC
 234 051f 02D3BDDA 		.ascii	"\002\323\275\332\235\347\315\371\344\363e\3532\334L"
 234      9DE7CDF9 
 234      E4F365EB 
 234      32DC4C
 235 052e 76FB0A3C 		.ascii	"v\373\012<\2527'\177\303Z_\306\363\353r\012|ffV\366"
 235      AA37277F 
 235      C35A5FC6 
 235      F3EB720A 
 235      7C666656 
 236 0543 FBD966EE 		.ascii	"\373\331f\356z\367\332\015+sL\261\316\275\356\275\015"
 236      7AF7DA0D 
 236      2B734CB1 
 236      CEBDEEBD 
 236      0D
 237 0554 EBDD19AB 		.ascii	"\353\335\031\253Y\234/\317\263|\325\207\336<w\266\357"
 237      599C2FCF 
 237      B37CD587 
 237      DE3C77B6 
 237      EF
 238 0565 53F71A60 		.ascii	"S\367\032`\361\037e\255\310NM\177si\352*O\276\333\313"
 238      F11F65AD 
 238      C84E4D7F 
 238      7369EA2A 
 238      4FBEDBCB 
 239 0579 F83B5E16 		.ascii	"\370;^\026;e\362\344{\014|\312^AwK\321d0\011]\362=\354"
ARM GAS  /tmp/ccWwc6ph.s 			page 19


 239      3B65F2E4 
 239      7B0C7CCA 
 239      5E41774B 
 239      D1643009 
 240 0591 1FBF790B 		.ascii	"\037\277y\013\004"
 240      04
 241              		.text
 242              		.section	.gnu.lto_.symbol_nodes.2964f02e6737c06e,"",%progbits
 243 0000 789C5DC8 		.ascii	"x\234]\310\273\015\302@\020\204\341\231[\337\341.\334"
 243      BB0DC240 
 243      1084E199 
 243      5BDFE12E 
 243      DC
 244 0011 0A54B66B 		.ascii	"\012T\266k\234\021\000% Q\005d4@N\206\344\200\207]\003"
 244      9C110025 
 244      20510564 
 244      34404E86 
 244      E480875D 
 245 0026 B0C672E0 		.ascii	"\260\306r\340\013F\277\346K\000n>\204/\024\330_1\344"
 245      0B46BFE6 
 245      4B006E3E 
 245      842F14D8 
 245      5F31E4
 246 0039 64174B6E 		.ascii	"d\027KnFen55\344\266\246Jn\017j1\331\271^\271<\251q"
 246      46656E35 
 246      35E4B6A6 
 246      4A6E0F6A 
 246      31D9B95E 
 247 0051 267C53D3 		.ascii	"&|S\323_\000;,\035:\352b\006/j9\2019H\000\216\367\017"
 247      5F003B2C 
 247      1D3AEA62 
 247      062F6A39 
 247      81394800 
 248 0068 4538B610 		.ascii	"E8\266\0204\233\276\222\030\306\037K\264\333\341\013"
 248      349BBE92 
 248      18C61F4B 
 248      B4DBE10B 
 249 0078 DA5D5FE1 		.ascii	"\332]_\341\007\207;;\263"
 249      07873B3B 
 249      B3
 250              		.text
 251              		.section	.gnu.lto_.refs.2964f02e6737c06e,"",%progbits
 252 0000 789C6363 		.ascii	"x\234cc``\340\004b&V&6Y&v9\006\000\002B\000c"
 252      6060E004 
 252      62265626 
 252      36592676 
 252      39060002 
 253              		.text
 254              		.section	.gnu.lto_.decls.2964f02e6737c06e,"",%progbits
 255 0000 789CBD59 		.ascii	"x\234\275YkPTI\226\256\274YUP<\035\264wz#\210X\303\356"
 255      6B505449 
 255      96AEBC59 
 255      55503C1D 
 255      B4777A23 
 256 0018 886677A2 		.ascii	"\210fw\242E\264g\333\211\331\235m\033e5b\235!\212n#"
 256      45B467DB 
 256      89D99D6D 
ARM GAS  /tmp/ccWwc6ph.s 			page 20


 256      1B653562 
 256      9D218A6E 
 257 002d 667E4C8D 		.ascii	"f~L\215\215\325\0153\010N\025Nk\357n\364EPPDQQ\001E"
 257      8DD50D33 
 257      084E154E 
 257      6BEF6EF4 
 257      45505044 
 258 0045 50404140 		.ascii	"P@A@\361\201\017@\305\342\215\202Z\212\010\315KD\336"
 258      F1810F40 
 258      C5E28D82 
 258      5A8A08CD 
 258      4B44DE
 259 0058 6F151568 		.ascii	"o\025\025h\330\223\231\367ro]\212\036\177\355\2158u"
 259      D89399F7 
 259      726F5D8A 
 259      1E7FED8D 
 259      3875
 260 006a 39995F9E 		.ascii	"9\231_\236s\362\234\223\231'/Z\225J\025\260X\245\272"
 260      73F29C93 
 260      99272F5A 
 260      954A15B0 
 260      58A5BA
 261 007d 8A55AA2F 		.ascii	"\212U\252/8\225j\006\036\007h\273\255\222\036\035P\021"
 261      38956A06 
 261      1E0768BB 
 261      AD921E1D 
 261      5011
 262 008f D00DA05B 		.ascii	"\320\015\240[B_)P9P%P5\320\003\325\334\347[\244Ri\341"
 262      425F2950 
 262      39502550 
 262      35D003D5 
 262      DCE75BA4 
 263 00a6 FD27200F 		.ascii	"\375' \017\240E@M@\035@\335\002\206\023d\017\332\031"
 263      A045404D 
 263      401D40DD 
 263      02861364 
 263      0FDA19
 264 00b9 FFDFEF38 		.ascii	"\377\337\3578\376\306<\343\277\207\361X\030?\004T(\033"
 264      FEC63CE3 
 264      BF87F158 
 264      183F0454 
 264      281B
 265 00cb 734BD0AB 		.ascii	"sK\320\253|\"\177b\314mA\227\362\211\2061\256\012;?"
 265      7C227F62 
 265      CC6D4197 
 265      F2898631 
 265      AE0A3B3F 
 266 00df 45CCD6DF 		.ascii	"E\314\326\337\302\373#x\377\027\274\177\015\244G\314"
 266      C2FB2378 
 266      FF17BC7F 
 266      0DA447CC 
 267 00ef 7E5136B0 		.ascii	"~Q6\260\252\325\360\243V1\237n\200\277\177\217\230."
 267      AAD5F0A3 
 267      56319F6E 
 267      80BF7F8F 
 267      982E
 268 0101 D2F70764 		.ascii	"\322\367\007d\253+\026\370\367\346\321\225%\350\":\015"
ARM GAS  /tmp/ccWwc6ph.s 			page 21


 268      AB2B16F8 
 268      F7E6D195 
 268      25E8223A 
 268      0D
 269 0112 F0BE2BD3 		.ascii	"\360\276+\323sZ\246\337\007hL\260\211\330\222\015\357"
 269      735AA6DF 
 269      07684CB0 
 269      89D8920D 
 269      EF
 270 0123 FBF0D600 		.ascii	"\373\360\326\000%\300\337\313\201\326\000}\014\264\030"
 270      25C0DFCB 
 270      81D6007D 
 270      0CB418
 271 0132 B1F89358 		.ascii	"\261\370\223X\347\"\3467\321F\022s1\376\304^\342\267"
 271      E722E637 
 271      D1461273 
 271      31FEC45E 
 271      E2B7
 272 0144 3C683F07 		.ascii	"<h?\007t^aw\002F}\021q9.m\250\205\364\240\005\010!6"
 272      745E6177 
 272      02467D11 
 272      71392E6D 
 272      A885F4A0 
 273 015c 43F943F8 		.ascii	"C\371C\370\031\361!\375\014\300!\261\223\241\224\303"
 273      19F121FD 
 273      0CC021B1 
 273      93A194C3 
 274 016c 681F62C4 		.ascii	"h\037b\304\251$\2544B&U6\030\321GEM\221\333B-C*\261"
 274      A924AC34 
 274      42265536 
 274      18D14745 
 274      4D91DB42 
 275 0184 59548F66 		.ascii	"YT\217f1\"^&\025\011\203\354Y'\370\2068\241\371\374"
 275      31225E26 
 275      150983EC 
 275      5927F886 
 275      38A1F9FC 
 276 0198 4895A61D 		.ascii	"H\225\246\035\265\002\364\367n\252x\307\315\210\264"
 276      B502F4F7 
 276      6EAA78C7 
 276      CD88B4
 277 01a7 9E7EFD26 		.ascii	"\236~\375&\326\015s\364\357\335\3117\332\265\330\205"
 277      D60D73F4 
 277      EFDDC937 
 277      DAB5D885 
 278 01b7 FEDD5D9B 		.ascii	"\376\335]\233\375\325\322\\\236=\216a*t\005a\321\235"
 278      FDD5D25C 
 278      9E3D8E61 
 278      2A740561 
 278      D19D
 279 01c9 E533AF4B 		.ascii	"\3453\257K\334c1\362pB\034\260\326\221\273)\316\300"
 279      DC6331F2 
 279      70421CB0 
 279      D691BB29 
 279      CEC0
 280 01db 2E72420B 		.ascii	".rB\013\200\315\335;\223\240y\377\010\031\027\037\311"
 280      80CDDD3B 
ARM GAS  /tmp/ccWwc6ph.s 			page 22


 280      93A079FF 
 280      0819171F 
 280      C9
 281 01ec 2FE0D09F 		.ascii	"/\340\320\237\376\001]G\236\350\032\362\004\023\013"
 281      FE015D47 
 281      9EE81AF2 
 281      04130B
 282 01fb D1FBF01B 		.ascii	"\321\373\360\033\252f\222:\362\006\017\272/I\343KJ\370"
 282      AA66923A 
 282      F2060FBA 
 282      2F49E34B 
 282      4AF8
 283 020d 92CAC4C5 		.ascii	"\222\312\304\305o\237\364\360\374\036\030\210\324\004"
 283      6F9FF4F0 
 283      FC1E1888 
 283      D404
 284 021b 880A1046 		.ascii	"\210\012\020FW\321R2\345\002\242\036]F\355\010]Bm0\207"
 284      57D15232 
 284      E502A21E 
 284      5D46ED08 
 284      5D426D30 
 285 0230 22B40404 		.ascii	"\"\264\004\004\264\247v\037r\305!\324\344\372\253\323"
 285      B4A7761F 
 285      72C521D4 
 285      E4FAABD3 
 286 0240 B91A4198 		.ascii	"\271\032A\230\345\177\222\371\222\035<\237\306QA\305"
 286      E57F92F9 
 286      921D3C9F 
 286      C65141C5 
 287 0250 92A062A5 		.ascii	"\222\240b\245\240\033TP\351\370\343<\007\274\215\012"
 287      A01B5450 
 287      E9F8E33C 
 287      07BC8D0A 
 288 0260 BA9FBBEB 		.ascii	"\272\237\273\3531\026\004M\374\257\215\240\233\222\240"
 288      3116044D 
 288      FCAF8DA0 
 288      9B92A0
 289 026f 9B4A41B7 		.ascii	"\233JA\267\250\240\352\316<\213\033\216ETRR\304\211"
 289      A8A0EACE 
 289      3C8B1B8E 
 289      45545252 
 289      C489
 290 0281 9F0982AC 		.ascii	"\237\011\202\254\337\333\010*\221\004\225(\005\335\246"
 290      DFDB082A 
 290      91049528 
 290      05DDA6
 291 0290 82B2CA5F 		.ascii	"\202\262\312_fb\234\306\004eMV\325;\202\2444\220\324"
 291      66629CC6 
 291      04654D56 
 291      D53B82A4 
 291      3490D4
 292 02a3 9DB7B2FB 		.ascii	"\235\267\262\3732\317\357\004?17Y$Y\026\245\254R*\253"
 292      32CFEF04 
 292      3F313759 
 292      245916A5 
 292      AC522AAB 
 293 02b7 6DE445A5 		.ascii	"m\344E\2453~\302d=\314|[\353*\310\262\376\023\263\212"
ARM GAS  /tmp/ccWwc6ph.s 			page 23


 293      337EC264 
 293      3DCC7C5B 
 293      EB2AC8B2 
 293      FE13B38A 
 294 02cb 67569549 		.ascii	"gV\225I\222\312\224\222\312\251\244\301\332\213\027"
 294      92CA9492 
 294      CAA9A4C1 
 294      DA8B17
 295 02da DD713F93 		.ascii	"\335q?\223T\037s\365\012\261\252\235'\341\363j\315\357"
 295      541F73F5 
 295      0AB1AA9D 
 295      27E1F36A 
 295      CDEF
 296 02ec E1639C68 		.ascii	"\341c\234h\214Q\205$\251B\310\034TI%<m\317\034s\306"
 296      8C518524 
 296      A942C81C 
 296      5449253C 
 296      6DCF1C73 
 297 0301 112CE55A 		.ascii	"\021,\345Zv\036\234r\027$4\3751\231\2670;\252\244\321"
 297      761E9C72 
 297      172434FD 
 297      3199B730 
 297      3BAAA4D1 
 298 0315 55E2E86A 		.ascii	"U\342\350j::-q\274W\213\017\263\321\265\345\017\023"
 298      3A3A2D71 
 298      BC578B0F 
 298      B3D1B5E5 
 298      0F13
 299 0327 1DF079CA 		.ascii	"\035\360y\312\250\217\225]\031rF:O\004\271\206\274\242"
 299      A88F955D 
 299      1972463A 
 299      4F04B986 
 299      BCA2
 300 0339 791EA615 		.ascii	"y\036\246\025\031\277\000,_\341\211\226y\252\320=\344"
 300      19BF002C 
 300      5FE18996 
 300      79AAD03D 
 300      E4
 301 034a 85EE22D8 		.ascii	"\205\356\"\330RP-@\352 \035\223yG\332\222\314\307\360"
 301      52502D40 
 301      EA201D93 
 301      7947DA92 
 301      CCC7F0
 302 035d FC02FAE7 		.ascii	"\374\002\372\347i1\345U\204Ew\004\355,]g*Fr\035\345"
 302      6931E555 
 302      84457704 
 302      ED2C5D67 
 302      2A46721D 
 303 0372 A94D2052 		.ascii	"\251M Rn\337\267\311\355\301\356\224L\2350\265\376\272"
 303      6EDFB7C9 
 303      EDC1EE94 
 303      4C9D30B5 
 303      FEBA
 304 0384 C5B1A5BB 		.ascii	"\305\261\245\273J\374)\006\325H\263\253\021g\367\200"
 304      4AFC2906 
 304      D548B3AB 
 304      1167F780 
ARM GAS  /tmp/ccWwc6ph.s 			page 24


 305 0394 CEAEA52A 		.ascii	"\316\256\245*;\007\303R\372\310\011\221\265\355\016"
 305      3B07C352 
 305      FAC80991 
 305      B5ED0E
 306 03a3 4DE707AE 		.ascii	"M\347\007\256\277ueMD\252u\377X\206\003~\302\346\377"
 306      BF75654D 
 306      44AA75FF 
 306      5886037E 
 306      C2E6FF
 307 03b6 202AFF38 		.ascii	" *\3778f\013Q\015\354hm\36237\266\020\027'`\256\255"
 307      660B510D 
 307      EC686DF2 
 307      3337B610 
 307      172760AE 
 308 03cb 71B2D90D 		.ascii	"q\262\331\0159y\305\020W\244E\362\272\265*\364\030\214"
 308      3979C510 
 308      57A445F2 
 308      BAB52AF4 
 308      188C
 309 03dd AD0763D1 		.ascii	"\255\007c\321\023p\006\210$f\240\207\320h\205F:\367"
 309      13700688 
 309      2466A087 
 309      D0688546 
 309      3AF7
 310 03ef 92B6E6DF 		.ascii	"\222\266\346\337$\215\361\374b\324\200\234\320#\311"
 310      248DF1FC 
 310      62D4809C 
 310      D023C9
 311 03fe D48F9CD8 		.ascii	"\324\217\234\330\274\2623\016\234\322\342DL,\340\212"
 311      BCB2330E 
 311      9CD2E244 
 311      4C2CE08A 
 312 040e 8E3D2FE7 		.ascii	"\216=/\347\346\323\361\303\274:\356\015,\251\330I\222"
 312      E6D3F1C3 
 312      BC3AEE0D 
 312      2CA9D849 
 312      92
 313 041f AE097434 		.ascii	"\256\011t4J:@%yA+(:02vH\353\024C\006P\311d\232\242l"
 313      4A3A4025 
 313      79412B28 
 313      3A303276 
 313      48EB1443 
 314 043a 156A2650 		.ascii	"\025j&P\344MCKR\361\315\215\011\027|\207Z\245\316\215"
 314      E44D434B 
 314      52F1CD8D 
 314      09177C87 
 314      5AA5CE8D 
 315 044e 3C3BA246 		.ascii	"<;\242F^,\025\234d!}\012\352Z\244\220\322\270\217|O"
 315      5E2C159C 
 315      64217D0A 
 315      EA5AA490 
 315      D2B88F7C 
 316 0463 9A692E90 		.ascii	"\232i.\2207\235\011\237\316\343\367g\023\247\025\346"
 316      379D099F 
 316      CEE3F767 
 316      13A715E6 
 317 0473 F194AA6B 		.ascii	"\361\224\252k\007\201m\210*\334Q44\251\366\210\247\271"
ARM GAS  /tmp/ccWwc6ph.s 			page 25


 317      07816D88 
 317      2ADC5134 
 317      34A9F688 
 317      A7B9
 318 0485 C0F39F21 		.ascii	"\300\363\237!*[\312\205\016\344!\032I\031\030\3219\231"
 318      2A5BCA85 
 318      0EE4211A 
 318      491918D1 
 318      3999
 319 0497 57E8C6A2 		.ascii	"W\350\306\242\245\005\366\326\335\250b\347y\247\327"
 319      A505F6D6 
 319      DDA862E7 
 319      79A7D7
 320 04a6 294EEF19 		.ascii	")N\357\031S\367r\317\316\327B\250\035\310~\320u|\237"
 320      53F772CF 
 320      CED742A8 
 320      1DC87ED0 
 320      757C9F
 321 04b9 0B0BF54A 		.ascii	"\013\013\365J`s:\022\356 \2451] \3549\025\326M\215\351"
 321      60733A12 
 321      EE20A531 
 321      5D20EC39 
 321      15D64D8D 
 322 04ce 64C67453 		.ascii	"d\306tSc\032\272,\233\360}\352.t6\357D\276\033neL\254"
 322      631ABA2C 
 322      9BF07DEA 
 322      2E7436EF 
 322      44BE1B6E 
 323 04e5 A5F4B856 		.ascii	"\245\364\270V\315\251P/\365\023\264Tf\025\334F\320B"
 323      CDA9502F 
 323      F513B454 
 323      6615DC46 
 323      D042
 324 04f7 E342D21B 		.ascii	"\343B\322\033\332\216><U\350:\357&?@\027B?\022V\302"
 324      DA8E3E3C 
 324      55E83AEF 
 324      263F4017 
 324      423F1256 
 325 050c CD9ED21F 		.ascii	"\315\236\322\037\304\375\264\373G\257\275\351'\342\370"
 325      C4FDB4FB 
 325      47AFBDE9 
 325      27E2F8
 326 051b B408FEB3 		.ascii	"\264\010\376\263*\216 Q\217\030\177\324\007\373~\217"
 326      2A8E2051 
 326      8F187FD4 
 326      07FB7E8F 
 327 052b 72DF19A4 		.ascii	"r\337\031\244+#uj2\311\315e\317l\232\321mBr\327\020"
 327      2B23756A 
 327      32C9CD65 
 327      CF6C9AD1 
 327      6D4272D7 
 328 0540 72A1CB08 		.ascii	"r\241\313\010\33646\215\007\204\003\252\235\030\020"
 328      DE34368D 
 328      078403AA 
 328      9D1810
 329 054f 9FBCEBA4 		.ascii	"\237\274\353\244\013>\246\246\023Lm\036\205\235>\203"
 329      0B3EA6A6 
ARM GAS  /tmp/ccWwc6ph.s 			page 26


 329      134C6D1E 
 329      859D3E83 
 330 055f 32DCE399 		.ascii	"2\334\343\231\236\036'\344\342%\023\0143\231\315\340"
 330      9E1E27E4 
 330      E225130C 
 330      3399CDE0 
 331 056f 17107983 		.ascii	"\027\020y\203\213\220\235,u\207\343p\355\263h\262\365"
 331      8B909D2C 
 331      7587E370 
 331      EDB368B2 
 331      F5
 332 0580 8E211734 		.ascii	"\216!\0274*\345\256\301\205\31567\273l\302\035\3273"
 332      2AE5AEC1 
 332      85CD3637 
 332      BB6CC21D 
 332      D733
 333 0592 65579F1E 		.ascii	"eW\237\036\276\245c\226<!|\312\255\273\307\034\361\017"
 333      BEA56396 
 333      3C217CCA 
 333      ADBBC71C 
 333      F10F
 334 05a4 ACF365D6 		.ascii	"\254\363e\326\355~7\334\306\230\207]'\243\\\030\362"
 334      ED7E37DC 
 334      C698875D 
 334      27A35C18 
 334      F2
 335 05b5 3E3D3AAA 		.ascii	">=:\252,\003:\374\214u\216\366\357\353\347p7cb\313\013"
 335      2C033AFC 
 335      8C758EF6 
 335      EFEBE770 
 335      376362CB 
 336 05ca 2A8454A8 		.ascii	"*\204T\250\"|\253\345q\212\032\367\263\316\264\262\350"
 336      227CABE5 
 336      718A1AF7 
 336      B3CEB4B2 
 336      E8
 337 05db 61773C2C 		.ascii	"aw<,h\037\312\271\352\312\220%\204O\274_\\\350\212_"
 337      681FCAB9 
 337      EACA9025 
 337      844FBC5F 
 337      5CE88A5F 
 338 05ef B0CEB243 		.ascii	"\260\316\262C\023Q:<\316\0301\237<X>5\016\365M\273\343"
 338      13513A3C 
 338      CE18319F 
 338      3C583E35 
 338      0EF54DBB 
 339 0604 B7AC2F39 		.ascii	"\267\254/9z`\000\343)\306\024]-\256\3200\3402`\2375"
 339      7A6000E3 
 339      29C6145D 
 339      2DAED030 
 339      E032609F 
 340 0619 B6B6BBE1 		.ascii	"\266\266\273\341\031\326\367\204\177\323\344\204wh("
 340      19D6F784 
 340      7FD3E484 
 340      776828
 341 0628 73EC454B 		.ascii	"s\354EK\2570s/\222\355\255\326\027\032\274\223\365e"
 341      AF30732F 
ARM GAS  /tmp/ccWwc6ph.s 			page 27


 341      92EDADD6 
 341      171ABC93 
 341      F565
 342 063a 64263469 		.ascii	"d&4iq\014c\304]\313\203\356Z\350z\303\231\033j\034\313"
 342      710C63C4 
 342      5DCB83EE 
 342      5AE87AC3 
 342      991B6A1C 
 343 064f FAC6E39A 		.ascii	"\372\306\343\232^9\341}\214\031\212z\336\356\314\200"
 343      5E39E17D 
 343      8C198A7A 
 343      DEEECC80 
 344 065f EF031B51 		.ascii	"\357\003\033Q\220\276\337\005\037`}G\216\236}\242\303"
 344      90BEDF05 
 344      1F607D47 
 344      8E9E7DA2 
 344      C3
 345 0670 47182316 		.ascii	"G\030#\026$\036\254 \351?\336\324\344\202\223X\337\245"
 345      241EAC20 
 345      E93FDED4 
 345      E4829358 
 345      DFA5
 346 0682 CAD14A1D 		.ascii	"\312\321J\035NcLr\321\313\032a2\216d\326\367\363\241"
 346      4E634C72 
 346      D1CB1A61 
 346      328E64D6 
 346      F7F3A1
 347 0695 16CA607D 		.ascii	"\026\312`}\273\322K\337\272\3423\214\311\352k\233\302"
 347      BBD24BDF 
 347      BAE2338C 
 347      C9EA6B9B 
 347      C2
 348 06a6 F82C6326 		.ascii	"\370,c&\257\227\363\2168\2171g*\033+\335q>c\232O%d\252"
 348      AF97F38E 
 348      388F3167 
 348      2A1B2BDD 
 348      713E639A 
 349 06be 99BC1EC2 		.ascii	"\231\274\036\302\277x;\270\227c\253\264\004\226\274"
 349      BF783BB8 
 349      9763ABB4 
 349      0496BC
 350 06cd E7F396B1 		.ascii	"\347\363\226\261A7\364\241\275\307k!}\235\"y\010g\351"
 350      4137F4A1 
 350      BDC76B21 
 350      7D9D2279 
 350      0867E9
 351 06e0 CA9B5628 		.ascii	"\312\233V(\205\016\272\320${\015Iv\201[(\245\345+\232"
 351      850EBAD0 
 351      247B0D49 
 351      76815B28 
 351      A5E52B9A 
 352 06f4 F33EF0A3 		.ascii	"\363>\360\243b\003j\376\015\216\361(L\321\2079\005\372"
 352      62036AFE 
 352      0D8EF128 
 352      4CD18739 
 352      05FA
 353 0706 10A74077 		.ascii	"\020\247@w\374\273\204\336\245DG)\321c2t\244\022\035"
ARM GAS  /tmp/ccWwc6ph.s 			page 28


 353      FCBB84DE 
 353      A5444729 
 353      D1633274 
 353      A4121D
 354 0719 A144D7C8 		.ascii	"\241D\327\310\320\261J\364\036\212~\214$x\237\314\360"
 354      D0B14AF4 
 354      1E8A7E8C 
 354      24789FCC 
 354      F0
 355 072a FD4A789C 		.ascii	"\375Jx\234Rx\223Lx\214\022\035=G\270E\006\337k\337\026"
 355      5278934C 
 355      788C121D 
 355      3D47B845 
 355      06DF6BDF 
 356 073f 9970EB6F 		.ascii	"\231p\353o$\364\217J\217O*=n\221\241y\245\354i%\272"
 356      24F48F4A 
 356      8F4F2A3D 
 356      6E91A179 
 356      A5EC6925 
 357 0754 43869E50 		.ascii	"C\206\236P\312~\243DO\310\320\343\366c/\237f\215\014"
 357      CA7EA344 
 357      4FC8D0E3 
 357      F6632F9F 
 357      668D0C
 358 0767 3EA3844F 		.ascii	">\243\204O\317\2017\311\340S\366\347)\207[e\021J\260"
 358      CF8137C9 
 358      E053F6E7 
 358      29875B65 
 358      114AB0
 359 077a 9F5A3601 		.ascii	"\237Z6\001\225\371|\247\375\334\262\011\221L\372\021"
 359      95F97CA7 
 359      FDDCB209 
 359      914CFA11 
 360 078a 25DC7BCE 		.ascii	"%\334{\316L\377CB\217(M\037\236c\272E\006\177i\037."
 360      4CFF4342 
 360      8F284D1F 
 360      9E63BA45 
 360      067F691F 
 361 079f F7FAAF25 		.ascii	"\367\372\257%\364Q\273\246\310\223E6\315\335\3663\221"
 361      F451BBA6 
 361      C8934536 
 361      CDDDF633 
 361      91
 362 07b0 A2D99931 		.ascii	"\242\331\2311^\264 \002.5\004\245\022\216\013\362\034"
 362      5EB42002 
 362      2E3504A5 
 362      128E0BF2 
 362      1C
 363 07c1 10CE6BB8 		.ascii	"\020\316k\270\356\250P2\347\211\222` J\024"
 363      EEA85032 
 363      E7899260 
 363      204A14
 364 07d0 C4010EE5 		.ascii	"\304\001\016\345s^\350\034\367!\312\001:\016\224\015"
 364      735EE81C 
 364      F721CA01 
 364      3A0E940D 
 365 07e0 7405E832 		.ascii	"t\005\3502P\032\320E\240S@\251@\347\201N\002\245\000"
ARM GAS  /tmp/ccWwc6ph.s 			page 29


 365      501AD045 
 365      A05340A9 
 365      40E7814E 
 365      02A500
 366 07f3 9D053A01 		.ascii	"\235\005:\001t\011(\003\350\014P:P\026P&P\001\3201\240"
 366      74092803 
 366      E80C503A 
 366      50165026 
 366      5001D031 
 367 0808 D3407940 		.ascii	"\323@y@\271\334\207\324\"6\271\361b\217S\221|\3252:"
 367      B9DC87D4 
 367      2236B9F1 
 367      628F5391 
 367      7CD5323A 
 368 081c BB7DF657 		.ascii	"\273}\366W\245\334\317\0232g\354\260\277C\310\341\035"
 368      A5DCCF13 
 368      3267ECB0 
 368      BF43C8E1 
 368      1D
 369 082d B2981F50 		.ascii	"\262\230\037P\302\343\347f\224,_\337\332_;6\351-\223"
 369      C2E3E766 
 369      942C5FDF 
 369      DA5F3B36 
 369      E92D93
 370 0840 7ED0BE74 		.ascii	"~\320\276t\032\031r&\025\\\354\322\311k\0129\026\002"
 370      1A197226 
 370      155CECD2 
 370      C96B0A39 
 370      1602
 371 0852 C5B19A02 		.ascii	"\305\261\232\002\336\344<\336e\211\326\342b\266\321"
 371      DEE43CDE 
 371      6589D6E2 
 371      62B6D1
 372 0861 371ED933 		.ascii	"7\036\3313\240!\265[$\214\214\371\273E/9\223F\023\316"
 372      A021B55B 
 372      248C8CF9 
 372      BB452F39 
 372      934613CE 
 373 0875 B9600B1B 		.ascii	"\271`\013\033\236h\275\260F\034\375\367Kfr\227\330\033"
 373      9E68BDB0 
 373      461CFDF7 
 373      4B667297 
 373      D81B
 374 0887 91E98AAB 		.ascii	"\221\351\212\253\331\350\307\015\307wk\361=\306<m\351"
 374      D9E8C70D 
 374      C7776BF1 
 374      3DC63C6D 
 374      E9
 375 0898 DEE386EB 		.ascii	"\336\343\206\353\031\363\323\025\363-N()\275\251\314"
 375      19F3D315 
 375      F32D4E28 
 375      29BDA9CC 
 376 08a8 5719B901 		.ascii	"W\031\271\001\254d\004\354gjZ\334I\340\022\316C\034"
 376      AC6404EC 
 376      676A5ADC 
 376      49E012CE 
 376      431C
ARM GAS  /tmp/ccWwc6ph.s 			page 30


 377 08ba 42C0F9C5 		.ascii	"B\300\371\305Q\203\302\325\242\004\221\203\271\270$"
 377      5183C2D5 
 377      A2049183 
 377      B9B824
 378 08c9 528BDBA8 		.ascii	"R\213\333\250Z\307\312\272\316\010wr\254\301\031\346"
 378      5AC7CABA 
 378      CE087772 
 378      ACC119E6 
 379 08d9 05475842 		.ascii	"\005GXB$\334x\212qm\003;\302\256sN\310\002\221\250\230"
 379      24DC788A 
 379      716D033B 
 379      C2AE734E 
 379      C80291A8 
 380 08ee 3FCE5130 		.ascii	"?\316Q0\242\246X\303\"W\004\370\033J\274\267\022\336"
 380      A2A658C3 
 380      225704F8 
 380      1B4ABCB7 
 380      12DE
 381 0900 2487172A 		.ascii	"$\207\027*\341\362\215\311f\231\335\206e\3062\270BX"
 381      E1F28DC9 
 381      6699DD86 
 381      65C632B8 
 381      4258
 382 0912 63D5B0C6 		.ascii	"c\325\260\306\252`\015\224\001U\002\225\003\325\000"
 382      AA600D94 
 382      01550295 
 382      03D500
 383 0921 95CEAE09 		.ascii	"\225\316\256\011\242\316*WWl_\235\270?\300\212\267\210"
 383      A2CE2A57 
 383      576C5F9D 
 383      B83FC08A 
 383      B788
 384 0933 70F023BA 		.ascii	"p\360#\272iw26\373\203&\211\\@+l\367\007\346\311\256"
 384      69773236 
 384      FB832689 
 384      5C402B6C 
 384      F707E6C9 
 385 0948 624D365C 		.ascii	"bM6\\\367wk\251#\257\331w\244\230\322\365/\257\235T"
 385      F7776BA9 
 385      23AFD977 
 385      A498D2F5 
 385      2FAF9D54 
 386 095c E3035A5A 		.ascii	"\343\003ZZ\334vN\025\\\306h\241\227]\007\240Z\230\367"
 386      DC764E15 
 386      5CC668A1 
 386      975D07A0 
 386      5A98F7
 387 096f BBFA4030 		.ascii	"\273\372@0\263X\023I\266\261\2730\352\016'\335\357\301"
 387      B3581349 
 387      B6B1BB30 
 387      EA0E27DD 
 387      EFC1
 388 0981 6AA6FC56 		.ascii	"j\246\374V\3059\255|=\335\265YOu\302z\252\243\353)q"
 388      C539AD7C 
 388      3DDDB559 
 388      4F75C27A 
 388      AAA3EB29 
ARM GAS  /tmp/ccWwc6ph.s 			page 31


 389 0996 57F345F5 		.ascii	"W\363E\365\274\271zO\314\325kl\001X\306\362\317\010"
 389      BCB97A4F 
 389      CCD56B6C 
 389      0158C6F2 
 389      CF08
 390 09a8 F5299695 		.ascii	"\365)\226\225\202\213X)\230\334\235\223?\347\372\363"
 390      828B5829 
 390      98DC9D93 
 390      3FE7FAF3 
 391 09b8 00267A9F 		.ascii	"\000&z\237:\307Js\231\212\244\014YC\315\326D\035N\326"
 391      3AC74A73 
 391      998AA40C 
 391      5943CDD6 
 391      441D4ED6 
 392 09cc CE73E5E9 		.ascii	"\316s\345\351\332\337s[-\277\3364\331\\\356\3529\371"
 392      DADF735B 
 392      2DBFDE34 
 392      D95CEEEA 
 392      39F9
 393 09de 45BF7077 		.ascii	"E\277pw\341{\322\355fp\242\227~\303\212B\213\010\016"
 393      E17BD2ED 
 393      6670A297 
 393      7EC38A42 
 393      8B080E
 394 09f1 3D141D85 		.ascii	"=\024\035\205\036qj\302\331\336n\036s\344v3p\272a\001"
 394      1E716AC2 
 394      D9DE6E1E 
 394      73E47633 
 394      70BA6101 
 395 0a05 CE98CF9A 		.ascii	"\316\230\317\232\222{\243Y\234\240\241n\330\343L$\237"
 395      927BA359 
 395      9CA0A16E 
 395      D8E34C24 
 395      9F
 396 0a16 05766520 		.ascii	"\005ve z{j\230\225\377\004\3447(\3457R\371\247G_^\325"
 396      7A7B6A98 
 396      95FF04E4 
 396      3728E537 
 396      52F9A747 
 397 0a2d 7D709246 		.ascii	"}p\222F\261b\210\343c\034\341\232C?\016\261\257\017"
 397      B16288E3 
 397      631CE19A 
 397      433F0EB1 
 397      AF0F
 398 0a3f 4DDC07E4 		.ascii	"M\334\007\344\346R[\331,\\,b\310\"\237\351mL\027J\370"
 398      E6525BD9 
 398      2C5C2C62 
 398      C8229FE9 
 398      6D4C174A 
 399 0a54 115AA94F 		.ascii	"\021Z\251O\245\\\025\370E\300\376\330\026\037\357\300"
 399      A55C15F8 
 399      45C0FED8 
 399      161FEFC0 
 400 0a64 829046E0 		.ascii	"\202\220F\340\003\211\261\221\356\363F\264M\214h=\213"
 400      0389B191 
 400      EEF346B4 
 400      4D8C683D 
ARM GAS  /tmp/ccWwc6ph.s 			page 32


 400      8B
 401 0a75 E8A396E7 		.ascii	"\350\243\226\347G\\\244\230\261\375\247\025b\326Bc\326"
 401      475CA498 
 401      B1FDA715 
 401      62D64263 
 401      D6
 402 0a86 4E63D626 		.ascii	"Nc\326&\356?\005\326\206q\035>\307<\224\321uaX'\037"
 402      EE3F05D6 
 402      86711D3E 
 402      C73C94D1 
 402      75615827 
 403 0a9b 4A16C6BC 		.ascii	"J\026\306\274C\257tUW813ybfQ\205\265\032\341KLT{|\351"
 403      43AF7455 
 403      57383133 
 403      79626651 
 403      85B51AE1 
 404 0ab5 CCFC363F 		.ascii	"\314\3746?\027m&yD\266\314\370|?\245\311\317@/[\203"
 404      176D2679 
 404      44B6CCF8 
 404      7C3FA5C9 
 404      CF402F5B 
 405 0aca 5D54EF73 		.ascii	"]T\357sQoRJ\3379Ni\345\274\350\256\351K5\016\370\032"
 405      516F524A 
 405      DF394E69 
 405      E5BCE8AE 
 405      E94B350E 
 406 0ae0 B3EAD0C1 		.ascii	"\263\352\320\30175\216\270Xks\211[$\\\342^\344\214d"
 406      37358EB8 
 406      586B7389 
 406      5B245CE2 
 406      5EE48C64 
 407 0af4 6A7189D0 		.ascii	"jq\211\320Y\220>\354\2504\251\017\224\260\035i\200\223"
 407      59903EEC 
 407      A834A90F 
 407      94B01D69 
 407      8093
 408 0b06 BE4290A9 		.ascii	"\276B\220\251Gd\324c\245I\363\242\023\337\236\354s\305"
 408      4764D463 
 408      A549F3A2 
 408      13DF9EEC 
 408      73C5
 409 0b18 654CD1E0 		.ascii	"eL\321\340\320\324y7\\\315\230\234\334\333u\316\270"
 409      D0D47937 
 409      5CCD989C 
 409      DCDB75CE 
 409      B8
 410 0b29 8E3153F1 		.ascii	"\2161S\361\251\227t\370\021c,\351'\016\352p#cf\342c"
 410      A99774F8 
 410      11632CE9 
 410      270EEA70 
 410      236366E2 
 411 0b3e 921C702B 		.ascii	"\222\034p+c\022\352\022\322\235\3613\306L\366$4\"\226"
 411      6312EA12 
 411      D29DF133 
 411      C64CF624 
 411      342296
 412 0b51 49F2FBFA 		.ascii	"I\362\373\372\"\341\276~n|\337Qg\334\313\260\015\215"
ARM GAS  /tmp/ccWwc6ph.s 			page 33


 412      22E1BE7E 
 412      6E7CDF51 
 412      67DCCBB0 
 412      0D8D
 413 0b63 51D705AC 		.ascii	"Q\327\005\2543\260\221\2717\257h\346\215\330[1boX\304"
 413      33B091B9 
 413      37AF68E6 
 413      8DD85B31 
 413      626F58C4 
 414 0b77 CEEFECCC 		.ascii	"\316\357\354\314v\204\301\236NP\032\313\276\246y\262"
 414      7684C19E 
 414      4E501ACB 
 414      BEA679B2 
 415 0b87 AF69974B 		.ascii	"\257i\227K^\344\251\361 \333./\344u\376\031y9\211_\301"
 415      5EE4A9F1 
 415      20DB2E2F 
 415      E475FE19 
 415      7939895F 
 416 0b9c 96EE8C26 		.ascii	"\226\356\214&_\250\246\301ES\322f\347I\234c\347\033"
 416      5FA8A6C1 
 416      4553D266 
 416      E7499C63 
 416      E71B
 417 0bae D18FB083 		.ascii	"\321\217\260\203z\012\007\367$xt\202\351\317N\315*s"
 417      7A0A07F7 
 417      24787482 
 417      E9CF4ECD 
 417      2A73
 418 0bc0 C5AF9982 		.ascii	"\305\257\231\202\326\274\341:<\253\341\336\300\222K"
 418      D6BCE13A 
 418      3CABE1DE 
 418      C0924B
 419 0bcf F41B5804 		.ascii	"\364\033X\004\006\343$\015\323\334<*xlWE\334\271\214"
 419      06E3240D 
 419      D3DC3C2A 
 419      786C5745 
 419      DCB98C
 420 0be2 5B5AF9E6 		.ascii	"[Z\371\346G\344\215C\377+\032\324\035\330C\364\013\375"
 420      47E48D43 
 420      FF2B1AD4 
 420      1DD843F4 
 420      0BFD
 421 0bf4 6C55B6BB 		.ascii	"lU\266\273\037\261\332\343\235\244\327u\305\336s\226"
 421      1FB1DAE3 
 421      9DA4D775 
 421      C5DE7396 
 422 0c04 4B8FFC29 		.ascii	"K\217\374)\3517\254\315\237\341\031\026\267Wu\315O\021"
 422      E937ACCD 
 422      9FE11916 
 422      B75775CD 
 422      4F11
 423 0c16 8E74A04C 		.ascii	"\216t\240L\324\235\3523\0168\2321\003\331\265UZ\034"
 423      D49DEA33 
 423      0E389A31 
 423      03D9B555 
 423      5A1C
 424 0c28 C798CEAE 		.ascii	"\307\230\316\256\211k\030\037d\314\351\201Sq:|T\030"
ARM GAS  /tmp/ccWwc6ph.s 			page 34


 424      896B181F 
 424      64CCE981 
 424      53713A7C 
 424      5418
 425 0c3a D3395427 		.ascii	"\3239T'\\\343\367\222\330M\216\\y$f\011\271\256\367"
 425      5CE3F792 
 425      D84D8E5C 
 425      79246609 
 425      B9AEF7
 426 0c4d BD7A3EE3 		.ascii	"\275z>\343\210S(\370\347\027\254w\323tB\015\"]\252\205"
 426      885328F8 
 426      E717AC77 
 426      D374420D 
 426      225DAA85 
 427 0c61 371CA411 		.ascii	"7\034\244\021|\311p1\3169_\003icA\250\033\216\345N\360"
 427      7CC97031 
 427      CE395F03 
 427      696341A8 
 427      1B8EE54E 
 428 0c76 F901BC70 		.ascii	"\371\001\274pvM\332^\304\242`\204e;\374D\200%\330\003"
 428      764DDA5E 
 428      C4A26084 
 428      653BFC44 
 428      8025D803 
 429 0c8a BD16D0E2 		.ascii	"\275\026\320\342\334mo\247\344\240\266~\307\216|\262"
 429      DC6D6FA7 
 429      E4A0B67E 
 429      C78E7CB2 
 430 0c9a A87A04B4 		.ascii	"\250z\004\264\335\213\225\315y\274\027{Bv\223N\202'"
 430      DD8B95CD 
 430      79BC177B 
 430      4276934E 
 430      8227
 431 0cac 87710A44 		.ascii	"\207q\012D\"\015\177\010S\206\"\036(\035\350\010\320"
 431      220D7F08 
 431      5386221E 
 431      281DE808 
 431      D0
 432 0cbd 51A0FD40 		.ascii	"Q\240\375@\251@'\201\222\201\216\003\035\003:\010t\012"
 432      A9402781 
 432      92818E03 
 432      1D033A08 
 432      740A
 433 0ccf 2803E830 		.ascii	"(\003\3500P<\320>\240C@I@\211X^\314\214m\227j\231a\245"
 433      503CD03E 
 433      A0434049 
 433      4089585E 
 433      CC8C6D97 
 434 0ce7 A536577A 		.ascii	"\2456Wz\342\267\216\357\"(\272\003|\366T@\213\273\255"
 434      E2B78EEF 
 434      2228BA03 
 434      7CF65440 
 434      8BBBAD
 435 0cfa ED358AD6 		.ascii	"\3555\212\326e\333$\331\273\261B\266M\025G|V#\363Y\257"
 435      65DB24D9 
 435      BBB142B6 
 435      4D15477C 
ARM GAS  /tmp/ccWwc6ph.s 			page 35


 435      5623F359 
 436 0d0f 7D9FC964 		.ascii	"}\237\311d\217\311d\357R\312\216\347\024\350\011\031"
 436      8FC964EF 
 436      52CA8EE7 
 436      14E80919 
 437 0d1f 7AA77DB4 		.ascii	"z\247}\264\274\240\034\373N\202\307)\341?(\013\274>"
 437      BCA01CFB 
 437      4E82C729 
 437      E13F280B 
 437      BC3E
 438 0d31 C129ED42 		.ascii	"\301)\355B}g\343\224\3469\302\233d\036\037S\3163z\016"
 438      7D67E394 
 438      E639C29B 
 438      641E1F53 
 438      CE337A0E 
 439 0d45 BC4F061F 		.ascii	"\274O\006\037Q\302\243\346\300;d\360Q\373pY\265Y\361"
 439      51C2A3E6 
 439      C03B64F0 
 439      51FB7059 
 439      B559F1
 440 0d58 C683DE46 		.ascii	"\306\203\336F\001e[m\022Q]o\204\273\037\221\025\243"
 440      01655B6D 
 440      12515D6F 
 440      84BB1F91 
 440      15A3
 441 0d6a 74C321A5 		.ascii	"t\303!\245\217kd\232_*5\333~\356\241Kd\233\024\356="
 441      8F6B649A 
 441      5F2A35DB 
 441      7EEEA14B 
 441      649B14EE 
 442 0d7f 76934326 		.ascii	"v\223C&\333*\223\375\302\276\317\344\321\226\241\207"
 442      DB2A93FD 
 442      C2BECFE4 
 442      D196A187 
 443 0d8f ECE7B48D 		.ascii	"\354\347\264\215\207e\311\021m\177\232\263\206\223\235"
 443      8765C911 
 443      6D7F9AB3 
 443      86939D
 444 0d9e 4008F720 		.ascii	"@\010\367 \204\273_\220.\036\234\362\317=d\307l;\\\247"
 444      84BB5F90 
 444      2E1E9CF2 
 444      CF3D64C7 
 444      6C3B5CA7 
 445 0db2 C6E9745B 		.ascii	"\306\351t[\342Zz/\307:+Kpq\311\2433\260\322\377?V=\213"
 445      E25A7A2F 
 445      C73A2B4B 
 445      7071C9A3 
 445      33B0D2FF 
 446 0dca FBF48496 		.ascii	"\373\364\204\226\347\035\321iP\230\211g\217\033\222"
 446      E71DD169 
 446      50988967 
 446      8F1B92
 447 0dd9 05D4EEF4 		.ascii	"\005\324\356\364\256\216R\265\274z?\215\345\325{\026"
 447      AE8E52B5 
 447      BC7A3F8D 
 447      E5D57B16 
 448 0de9 66D53BBC 		.ascii	"f\325;\274\311\327\352\332\336T,\007\337\267\371\034"
ARM GAS  /tmp/ccWwc6ph.s 			page 36


 448      C9D7EADA 
 448      DE542C07 
 448      DFB7F91C 
 449 0df9 9F2D80B3 		.ascii	"\237-\200\263)8\352\325\343\023\2568\327a\236\362\266"
 449      2938EAD5 
 449      E313AE38 
 449      D7619EF2 
 449      B6
 450 0e0a FAC11957 		.ascii	"\372\301\031W\251~>\226\236:\373\337\001R?\237\025M"
 450      A97E3E96 
 450      9E3AFBDF 
 450      01523F9F 
 450      154D
 451 0e1c 4539584D 		.ascii	"E9XM8\333\3726\027\223\372v2\346$\257\026\352\333\351"
 451      38DBFA36 
 451      1793FA76 
 451      32E624AF 
 451      16EADBE9 
 452 0e30 E338828F 		.ascii	"\3438\202\217@\264\300-\027\013\334<L\012\334\263\315"
 452      40B4C02D 
 452      170BDC3C 
 452      4C0ADCB3 
 452      CD
 453 0e41 297BDD05 		.ascii	"){\335\005\230%T\254\202gA\347(\350b\341\241?\013\230"
 453      982554AC 
 453      826741E7 
 453      28E862E1 
 453      A13F0B98 
 454 0e55 67792B73 		.ascii	"gy+s\371\370\005\266\250\363\370\003\225nK\230)\334"
 454      F9F805B6 
 454      A8F3F803 
 454      956E4B98 
 454      29DC
 455 0e67 101216F8 		.ascii	"\020\022\026\370\227\177Y\272\324\3337(\370\253\340"
 455      977F59BA 
 455      D4DB3728 
 455      F8ABE0
 456 0e76 DF057887 		.ascii	"\337\005x\207\231\275M\341\336\244\313\354\275J\277"
 456      99BD4DE1 
 456      DEA4CBEC 
 456      BD4ABF
 457 0e85 DE77FD36 		.ascii	"\336w\3756\357\300\240\3000\223\321\360\267O7/\015t"
 457      EFC0A0C0 
 457      3093D1F0 
 457      B74F372F 
 457      0D74
 458 0e97 FCCFDF7E 		.ascii	"\374\317\337~\271\330\327\307G\365\213w\036\023\244"
 458      B9D8D7C7 
 458      47F58B77 
 458      1E13A4
 459 0ea6 72A69AB6 		.ascii	"r\246\232\266\206\022]\036\263Z\015_\233\3026\033\202"
 459      86125D1E 
 459      B35A0D5F 
 459      9BC2361B 
 459      82
 460 0eb7 CDA645B2 		.ascii	"\315\246E\262\356\331F\347\200\015\276\206\265\033C"
 460      EED946E7 
ARM GAS  /tmp/ccWwc6ph.s 			page 37


 460      800DBE86 
 460      B51B43
 461 0ec6 3785184D 		.ascii	"7\205\030M\357\256+P\345a\240\322\202M\1775\030\267"
 461      EFAE2B50 
 461      E561A0D2 
 461      824D7F35 
 461      18B7
 462 0ed8 0487847D 		.ascii	"\004\207\204}\263\325\370\036k2\177\033\034\036\030"
 462      B3D5F81E 
 462      6B327F1B 
 462      1C1E18
 463 0ee7 34AB6021 		.ascii	"4\253`!k5n\013\016\237m\373\307\300\240\200\300\240"
 463      6B356E0B 
 463      0E9F6DFB 
 463      C7C0A080 
 463      C0A0
 464 0ef9 75667F93 		.ascii	"uf\177\223\321\270yKxpX\250\336\370\327\255\301&\343"
 464      D1B8794B 
 464      787058A8 
 464      DEF8D7AD 
 464      C126E3
 465 0f0c 268DE1F3 		.ascii	"&\215\341\363\260\260\220%s\014\011\016\015\014\331"
 465      B0B09025 
 465      730C090E 
 465      0D0CD9
 466 0f1b BAC90836 		.ascii	"\272\311\0106\230\003\2036\301\\\235\014\206\255\301"
 466      98038336 
 466      C15C9D0C 
 466      86ADC1
 467 0f2a A1E12B96 		.ascii	"\241\341+\226\033\302?\361\336j6yo4m\37684,\324\370"
 467      1BC23FF1 
 467      DE6A3679 
 467      6F346DFE 
 467      38342CD4 
 468 0f3f B171E357 		.ascii	"\261q\343W\301\263\370\315\033\003\203\202C\215\336"
 468      C1B3F8CD 
 468      1B038382 
 468      438DDE
 469 0f4e 864DC6AF 		.ascii	"\206M\306\2577n\015\0117\204o\337b4\303xGq\364?\377"
 469      376E0D09 
 469      37846FDF 
 469      6234C378 
 469      4771F43F 
 470 0f63 C468F376 		.ascii	"\304h\363v\263\267\301\034\276\011\2400D\035\030\264"
 470      B3B7C11C 
 470      BE09A030 
 470      441D18B4 
 471 0f73 D1E46A30 		.ascii	"\321\344j0\230\215\341\206\317W\005\254\361\327\257"
 471      988DE186 
 471      CF5705AC 
 471      F1D7AF
 472 0f82 73DD18F2 		.ascii	"s\335\030\362\355\306\355fCph\010hYjk\266q[\270\267"
 472      EDC6ED66 
 472      43706808 
 472      68596A6B 
 472      B6715BB8 
 473 0f97 EFFA8075 		.ascii	"\357\372\200u\001\222\365\304\177"
ARM GAS  /tmp/ccWwc6ph.s 			page 38


 473      0192F5C4 
 473      7F
 474 0fa0 819BFDB6 		.ascii	"\201\233\375\266\206\006\022\023LF\263\321\3647\343"
 474      86061213 
 474      4C46B3D1 
 474      F437E3
 475 0faf 26F8E31B 		.ascii	"&\370\343\0330\300\020\376\321\273\004\000Fj\276\336"
 475      30C010FE 
 475      D1BB0400 
 475      466ABEDE 
 476 0fbf 620E3461 		.ascii	"b\0164a\263\317/\201>\001Z\001\264\034\310\007h\031"
 476      B3CF2F81 
 476      3E015A01 
 476      B41CC807 
 476      6819
 477 0fd1 67FE1567 		.ascii	"g\376\025g^\311\231?\345\314\377\312\231\177\311\231"
 477      5EC9993F 
 477      E5CCFFCA 
 477      997FC999 
 478 0fe1 3FE1CC2B 		.ascii	"?\341\314+8\363r\316\354\303\231\227\251\267m1\233\270"
 478      38F372CE 
 478      ECC39997 
 478      A9B76D31 
 478      9BB8
 479 0ff3 2D81DA10 		.ascii	"-\201\332\020\223!<h\0236\371,\347"
 479      93213C68 
 479      1336F92C 
 479      E7
 480 1000 4C2B3813 		.ascii	"L+8\023\374\372p\246e\316B\264\302\003\303\267i\326"
 480      FCFA70A6 
 480      65CE42B4 
 480      C203C3B7 
 480      69D6
 481 1012 6FF0D32F 		.ascii	"o\360\323/\323\372\371\257\016\360\325k\374\374}W\321"
 481      D3FAF9AF 
 481      0EF0D56B 
 481      FCFC7D57 
 481      D1
 482 1023 5F5FBD4E 		.ascii	"__\275N\277&`\215~\303\232\325\313(\304\347\027\357"
 482      BF26608D 
 482      7EC39AD5 
 482      CB28C4E7 
 482      17EF
 483 1035 38F14FC8 		.ascii	"8\361O\310\254\375\374\2774|\001Q\320\031\014\337\200"
 483      ACFDFCBF 
 483      347C0151 
 483      D0190CDF 
 483      80
 484 1046 27FD03FC 		.ascii	"'\375\003\374u\314\247\360\227z]\300*\275z\375z?=^\265"
 484      75CCA7F0 
 484      977A5DC0 
 484      2ABD7AFD 
 484      7A3F3D5E 
 485 105b 5A8F57C3 		.ascii	"Z\217W\303\333\337O\257^\345\027\240W\177\356\007\352"
 485      DBDF4FAF 
 485      5EE517A0 
 485      577FEE07 
ARM GAS  /tmp/ccWwc6ph.s 			page 39


 485      EA
 486 106c A10B00AB 		.ascii	"\241\013\000\253\011\277\226\374\370\302\217&`\255o"
 486      09BF96FC 
 486      F8C28F26 
 486      60AD6F
 487 107b 801E07AC 		.ascii	"\200\036\007\254%\202HXW\032\302\035\2047\006k1\261"
 487      25824858 
 487      571AC21D 
 487      8437066B 
 487      31B1
 488 108d 7ED53ABD 		.ascii	"~\325:\275\257^\275\341\213\337\351\325\353\000\255"
 488      AF5EBDE1 
 488      8BDFE9D5 
 488      EB00AD
 489 109c F1F5FF72 		.ascii	"\361\365\377r\335j\370]\345\253w\014\360\375\234Z\344"
 489      DD6AF85D 
 489      E5AB770C 
 489      F0FD9C5A 
 489      E4
 490 10ad CC2CF2F3 		.ascii	"\314,\362\363\207\001\377\007\026\332\220u"
 490      8701FF07 
 490      16DA9075 
 491              		.text
 492              		.section	.gnu.lto_.symtab.2964f02e6737c06e,"",%progbits
 493 0000 5356435F 		.ascii	"SVC_Handler\000"
 493      48616E64 
 493      6C657200 
 494 000c 00       		.ascii	"\000"
 495 000d 00       		.ascii	"\000"
 496 000e 00       		.ascii	"\000"
 497 000f 00000000 		.ascii	"\000\000\000\000\000\000\000\000"
 497      00000000 
 498 0017 C3000000 		.ascii	"\303\000\000\000"
 499 001b 5F706F72 		.ascii	"_port_irq_epilogue\000"
 499      745F6972 
 499      715F6570 
 499      696C6F67 
 499      756500
 500 002e 00       		.ascii	"\000"
 501 002f 00       		.ascii	"\000"
 502 0030 00       		.ascii	"\000"
 503 0031 00000000 		.ascii	"\000\000\000\000\000\000\000\000"
 503      00000000 
 504 0039 C5000000 		.ascii	"\305\000\000\000"
 505 003d 5F706F72 		.ascii	"_port_switch_from_isr\000"
 505      745F7377 
 505      69746368 
 505      5F66726F 
 505      6D5F6973 
 506 0053 00       		.ascii	"\000"
 507 0054 02       		.ascii	"\002"
 508 0055 00       		.ascii	"\000"
 509 0056 00000000 		.ascii	"\000\000\000\000\000\000\000\000"
 509      00000000 
 510 005e C7000000 		.ascii	"\307\000\000\000"
 511 0062 5F706F72 		.ascii	"_port_exit_from_isr\000"
 511      745F6578 
ARM GAS  /tmp/ccWwc6ph.s 			page 40


 511      69745F66 
 511      726F6D5F 
 511      69737200 
 512 0076 00       		.ascii	"\000"
 513 0077 02       		.ascii	"\002"
 514 0078 00       		.ascii	"\000"
 515 0079 00000000 		.ascii	"\000\000\000\000\000\000\000\000"
 515      00000000 
 516 0081 C9000000 		.ascii	"\311\000\000\000"
 517 0085 63685363 		.ascii	"chSchIsPreemptionRequired\000"
 517      68497350 
 517      7265656D 
 517      7074696F 
 517      6E526571 
 518 009f 00       		.ascii	"\000"
 519 00a0 02       		.ascii	"\002"
 520 00a1 00       		.ascii	"\000"
 521 00a2 00000000 		.ascii	"\000\000\000\000\000\000\000\000"
 521      00000000 
 522 00aa D1000000 		.ascii	"\321\000\000\000"
 523              		.text
 524              		.section	.gnu.lto_.opts,"",%progbits
 525 0000 272D666D 		.ascii	"'-fmath-errno' '-fsigned-zeros' '-ftrapping-math' '"
 525      6174682D 
 525      6572726E 
 525      6F272027 
 525      2D667369 
 526 0033 2D666E6F 		.ascii	"-fno-trapv' '-fno-strict-overflow' '-fno-openmp' '-"
 526      2D747261 
 526      70762720 
 526      272D666E 
 526      6F2D7374 
 527 0066 666E6F2D 		.ascii	"fno-openacc' '-mcpu=cortex-m4' '-mfloat-abi=hard' '"
 527      6F70656E 
 527      61636327 
 527      20272D6D 
 527      6370753D 
 528 0099 2D6D6670 		.ascii	"-mfpu=fpv4-sp-d16' '-mno-thumb-interwork' '-mthumb'"
 528      753D6670 
 528      76342D73 
 528      702D6431 
 528      36272027 
 529 00cc 20272D4F 		.ascii	" '-O0' '-Werror' '-fomit-frame-pointer' '-falign-fu"
 529      30272027 
 529      2D576572 
 529      726F7227 
 529      20272D66 
 530 00ff 6E637469 		.ascii	"nctions=16' '-ffunction-sections' '-fdata-sections'"
 530      6F6E733D 
 530      31362720 
 530      272D6666 
 530      756E6374 
 531 0132 20272D66 		.ascii	" '-fno-common' '-flto' '-fsingle-precision-constant"
 531      6E6F2D63 
 531      6F6D6D6F 
 531      6E272027 
 531      2D666C74 
ARM GAS  /tmp/ccWwc6ph.s 			page 41


 532 0165 2700     		.ascii	"'\000"
 533              		.text
 534              		.comm	__gnu_lto_v1,1,1
 535              		.comm	__gnu_lto_slim,1,1
 536              		.ident	"GCC: (GNU Tools for Arm Embedded Processors 7-2017-q4-major) 7.2.1 20170904 (release) [ARM
ARM GAS  /tmp/ccWwc6ph.s 			page 42


DEFINED SYMBOLS
                            *ABS*:0000000000000000 chcore_v7m.c
                            *COM*:0000000000000001 __gnu_lto_v1
                            *COM*:0000000000000001 __gnu_lto_slim

NO UNDEFINED SYMBOLS
