ARM GAS  /tmp/cc0ZXKoi.s 			page 1


   1              		.cpu cortex-m4
   2              		.eabi_attribute 27, 1
   3              		.eabi_attribute 28, 1
   4              		.eabi_attribute 20, 1
   5              		.eabi_attribute 21, 1
   6              		.eabi_attribute 23, 3
   7              		.eabi_attribute 24, 1
   8              		.eabi_attribute 25, 1
   9              		.eabi_attribute 26, 1
  10              		.eabi_attribute 30, 6
  11              		.eabi_attribute 34, 1
  12              		.eabi_attribute 18, 4
  13              		.file	"chcore.c"
  14              		.section	.gnu.lto_.inline.83962c66e331f667,"",%progbits
  15 0000 789C6363 		.ascii	"x\234cc```b@\006\000\000\232\000\011"
  15      60606062 
  15      40060000 
  15      9A0009
  16              		.text
  17              		.section	.gnu.lto_.symbol_nodes.83962c66e331f667,"",%progbits
  18 0000 789C6363 		.ascii	"x\234cc```b\000\001\000\000R\000\011"
  18      60606062 
  18      00010000 
  18      520009
  19              		.text
  20              		.section	.gnu.lto_.refs.83962c66e331f667,"",%progbits
  21 0000 789C6363 		.ascii	"x\234cc```\004b\006\000\000D\000\010"
  21      60606004 
  21      62060000 
  21      440008
  22              		.text
  23              		.section	.gnu.lto_.decls.83962c66e331f667,"",%progbits
  24 0000 789C6363 		.ascii	"x\234cc\200\000F V\001\342\377@\000b\037d \000\000\276"
  24      80004620 
  24      5601E2FF 
  24      4000621F 
  24      64200000 
  25 0015 7C04EA   		.ascii	"|\004\352"
  26              		.text
  27              		.section	.gnu.lto_.symtab.83962c66e331f667,"",%progbits
  28              		.text
  29              		.section	.gnu.lto_.opts,"",%progbits
  30 0000 272D666D 		.ascii	"'-fmath-errno' '-fsigned-zeros' '-ftrapping-math' '"
  30      6174682D 
  30      6572726E 
  30      6F272027 
  30      2D667369 
  31 0033 2D666E6F 		.ascii	"-fno-trapv' '-fno-strict-overflow' '-fno-openmp' '-"
  31      2D747261 
  31      70762720 
  31      272D666E 
  31      6F2D7374 
  32 0066 666E6F2D 		.ascii	"fno-openacc' '-mcpu=cortex-m4' '-mfloat-abi=hard' '"
  32      6F70656E 
  32      61636327 
  32      20272D6D 
  32      6370753D 
ARM GAS  /tmp/cc0ZXKoi.s 			page 2


  33 0099 2D6D6670 		.ascii	"-mfpu=fpv4-sp-d16' '-mno-thumb-interwork' '-mthumb'"
  33      753D6670 
  33      76342D73 
  33      702D6431 
  33      36272027 
  34 00cc 20272D4F 		.ascii	" '-O0' '-Werror' '-fomit-frame-pointer' '-falign-fu"
  34      30272027 
  34      2D576572 
  34      726F7227 
  34      20272D66 
  35 00ff 6E637469 		.ascii	"nctions=16' '-ffunction-sections' '-fdata-sections'"
  35      6F6E733D 
  35      31362720 
  35      272D6666 
  35      756E6374 
  36 0132 20272D66 		.ascii	" '-fno-common' '-flto' '-fsingle-precision-constant"
  36      6E6F2D63 
  36      6F6D6D6F 
  36      6E272027 
  36      2D666C74 
  37 0165 2700     		.ascii	"'\000"
  38              		.text
  39              		.comm	__gnu_lto_v1,1,1
  40              		.comm	__gnu_lto_slim,1,1
  41              		.ident	"GCC: (GNU Tools for Arm Embedded Processors 7-2017-q4-major) 7.2.1 20170904 (release) [ARM
ARM GAS  /tmp/cc0ZXKoi.s 			page 3


DEFINED SYMBOLS
                            *ABS*:0000000000000000 chcore.c
                            *COM*:0000000000000001 __gnu_lto_v1
                            *COM*:0000000000000001 __gnu_lto_slim

NO UNDEFINED SYMBOLS
