ARM GAS  /tmp/ccFVA99R.s 			page 1


   1              		.cpu cortex-m4
   2              		.eabi_attribute 27, 1
   3              		.eabi_attribute 28, 1
   4              		.eabi_attribute 20, 1
   5              		.eabi_attribute 21, 1
   6              		.eabi_attribute 23, 3
   7              		.eabi_attribute 24, 1
   8              		.eabi_attribute 25, 1
   9              		.eabi_attribute 26, 1
  10              		.eabi_attribute 30, 6
  11              		.eabi_attribute 34, 1
  12              		.eabi_attribute 18, 4
  13              		.file	"chvt.c"
  14              		.section	.gnu.lto_.inline.c9ecf50d4566bc02,"",%progbits
  15 0000 789C6363 		.ascii	"x\234cc``\210a@\000f\006\006v6\006\006&\256\007\261"
  15      60608861 
  15      40006606 
  15      06763606 
  15      0626AE07 
  16 0015 0C2C0C4C 		.ascii	"\014,\014L !&\006U{ i\263\341\0113\\\210\233\221\201"
  16      20212606 
  16      557B2069 
  16      B3E10933 
  16      5C889B91 
  17 002a 11483200 		.ascii	"\021H2\000IF.\240\000\013\203\264)PXc\302\011&\204\032"
  17      49462EA0 
  17      000B83B4 
  17      29505863 
  17      C2092684 
  18 003f 0654350C 		.ascii	"\006T5\014\000ns\0060"
  18      006E7306 
  18      30
  19              		.text
  20              		.section	.gnu.lto__vt_init.c9ecf50d4566bc02,"",%progbits
  21 0000 789C8D93 		.ascii	"x\234\215\223\273K+A\024\306\317\267\0237A1V\012\202"
  21      BB4B2B41 
  21      14C6CFB7 
  21      13374131 
  21      560A82
  22 0013 D8DB64FE 		.ascii	"\330\333d\376\010\301\366\026\376\007\2461\225\020\305"
  22      08C1F616 
  22      FE07A631 
  22      9510C5
  23 0022 367BCD95 		.ascii	"6{\315\225D\324F\214\027$\350b\243\"\022\324\370X\365"
  23      44D4468C 
  23      1724E862 
  23      A32212D4 
  23      F858F5
  24 0035 EADEF88A 		.ascii	"\352\336\370\212o\260\261P\033\213\213\204pA\020\301"
  24      6FB0B150 
  24      1B8B8B84 
  24      704110C1 
  25 0045 888F3313 		.ascii	"\210\2173\023\013\033\327\014\014\313\2343\347|\337"
  25      0B1BD70C 
  25      0CCB9C33 
  25      E77CDF
  26 0054 8F396B12 		.ascii	"\2179k\022QD\0205\363\267\2367\011\202A\274\001>\200"
ARM GAS  /tmp/ccFVA99R.s 			page 2


  26      51441035 
  26      F3B79E37 
  26      098241BC 
  26      013E80
  27 0067 62066218 		.ascii	"b\006b\030\022\243\002\271\304?\307h\231\266x\271\277"
  27      12A302B9 
  27      C43FC768 
  27      99B678B9 
  27      BF
  28 0078 4B8DD68C 		.ascii	"K\215\326\214\2134\027\216\011\322\013Kh!\276v\273\360"
  28      8B34178E 
  28      09D20B4B 
  28      6821BE76 
  28      BBF0
  29 008a 9AAA357D 		.ascii	"\232\2525}\3458\2620I5\312\\T\271\326\353[\302r\213"
  29      E538B230 
  29      4935CA5C 
  29      54B9D6EB 
  29      5BC2728B 
  30 009e 53986C33 		.ascii	"S\230l3\211\222\272n@\260\230(\240\257\224x\311\324"
  30      8992BA6E 
  30      40B09828 
  30      A0AF9478 
  30      C9D4
  31 00b0 A8EBDC62 		.ascii	"\250\353\334b\254?w\356\037\024i\301\036\370\3508\305"
  31      AC3F77EE 
  31      1F1469C1 
  31      1EF8E838 
  31      C5
  32 00c1 2B7FECC5 		.ascii	"+\177\354\305\012p\300VU\034\313\306\357G\2026&\330"
  32      0A70C056 
  32      551CCBC6 
  32      EF478236 
  32      26D8
  33 00d3 828115B6 		.ascii	"\202\201\025\266\270\214&\235X9\270~\016\310y\345\322"
  33      B88C269D 
  33      5839B87E 
  33      0EC879E5 
  33      D2
  34 00e4 6E480B81 		.ascii	"nH\013\201U\330Hi-\316\226.\343\375\306G6\232\026>\254"
  34      55D84869 
  34      2DCE962E 
  34      E3FDC647 
  34      369A163E 
  35 00f9 41A68426 		.ascii	"A\246\204&u +\321Z\377B\353\321Pb\033\237\305f\362\303"
  35      75202BD1 
  35      5AFF42EB 
  35      D150621B 
  35      9FC566F2 
  36 010e 4B41EE95 		.ascii	"KA\356\225\344t\201\323U\330\204d\245?\210\221&\036"
  36      E47481D3 
  36      55D88464 
  36      A53F8891 
  36      261E
  37 0120 5EC8E203 		.ascii	"^\310\342\003\371[\335-/\306mOFW1\032\212\361oe\214"
  37      F95BDD2D 
  37      2FC66D4F 
ARM GAS  /tmp/ccFVA99R.s 			page 3


  37      4657311A 
  37      8AF16F65 
  38 0135 394FC61D 		.ascii	"9O\306\035o\306]\315\270Wf|\270\033\330\251\251\024"
  38      6FC65DCD 
  38      B857667C 
  38      B81BD8A9 
  38      A914
  39 0147 71DF0BF1 		.ascii	"q\337\013\361\300\003\321D^!\352\201;\324\2107\371\331"
  39      C003D144 
  39      5E21EA81 
  39      3BD48837 
  39      F9D9
  40 0159 39A126C8 		.ascii	"9\241&\310\2177^u8\342\276\005\344\036\356\006\343\301"
  40      8F375E75 
  40      38E2BE05 
  40      E41EEE06 
  40      E3C1
  41 016b 4AFD1C7B 		.ascii	"J\375\034{\3719\371\354\307}Z\034\257\346\354\257\237"
  41      F939F9EC 
  41      C77D5A1C 
  41      AFE6ECAF 
  41      9F
  42 017c DA4F00A7 		.ascii	"\332O\000\247\312\217O\3719\323~2E\347\251\266\354\207"
  42      CA8F4FF9 
  42      39D37E32 
  42      45E7A9B6 
  42      EC87
  43 018e 70CE3DFF 		.ascii	"p\316=\377\243\317\336\036\322\257\257\377\236\244\032"
  43      A3CFDE1E 
  43      D2AFAFFF 
  43      9EA41A
  44 019d 427EA3A6 		.ascii	"B~\243\246PH\266vF:\"?\332eW\267\214\366\310\356hX\206"
  44      5048B676 
  44      463A223F 
  44      DA6557B7 
  44      8CF6C8EE 
  45 01b4 3B7B7B42 		.ascii	";{{Baz\007\325W,m"
  45      617A07D5 
  45      572C6D
  46              		.text
  47              		.section	.gnu.lto_chVTDoSetI.c9ecf50d4566bc02,"",%progbits
  48 0000 789C9D56 		.ascii	"x\234\235V\335O\\E\024\237s\347~\354\007\260\320\032"
  48      DD4F5C45 
  48      149F73E7 
  48      7EEC07B0 
  48      D01A
  49 0012 681A12B7 		.ascii	"h\032\022\267ZBx\220\365\301\227j\342K_|\363\301\277"
  49      5A427890 
  49      F5C1976A 
  49      E24B5F7C 
  49      F3C1BF
  50 0025 00D1DA1A 		.ascii	"\000\321\332\032\243\204\"\211/re\241@\375x0\002\315"
  50      A3842289 
  50      2F7265A1 
  50      40FD7830 
  50      02CD
  51 0037 7A6DD616 		.ascii	"zm\326\026lj[Q\251(\210\205B\241P\241\224\212\345\243"
ARM GAS  /tmp/ccFVA99R.s 			page 4


  51      6C6A5B51 
  51      A9288885 
  51      42A150A1 
  51      948AE5A3 
  52 004b 4015BA94 		.ascii	"@\025\272\224E\332J\301\255RK=g\346\302\322\315\002"
  52      45DA4AC1 
  52      AD524B3D 
  52      67E6C2D2 
  52      CD02
  53 005d 969BECDC 		.ascii	"\226\233\354\334\2713\347\367\233\337\234\337\231\311"
  53      B933E7F7 
  53      9BDF9CDF 
  53      99C9
  54 006b EA8CB1D7 		.ascii	"\352\214\261\327\\\214=\207\357b\374\261D\006\012\303"
  54      5C8C3D87 
  54      EF62FCB1 
  54      44060AC3 
  55 007b 1F706CB9 		.ascii	"\037pl\271\2423f**6\252*\373\032\3655\3317\250\257\003"
  55      A233662A 
  55      2A36AA2A 
  55      FB1AF535 
  55      D937A8AF 
  56 0090 BEC00037 		.ascii	"\276\300\0007\266\016\305I\343.\032w\002\276\300%\306"
  56      B60EC549 
  56      E32E1A77 
  56      02BEC025 
  56      C6
  57 00a1 DD8A83C6 		.ascii	"\335\212\203\306\023h<\001\000\227\001V\244pU\323\015"
  57      13683C01 
  57      00970156 
  57      A47055D3 
  57      0D
  58 00b2 87D3E54E 		.ascii	"\207\323\345N\200\"\305\315\354\347\003\376\011\207"
  58      8022C5CD 
  58      ECE703FE 
  58      0987
  59 00c0 B6B2A946 		.ascii	"\266\262\251F%\353\230\211Ok\365\222~\300,\335f\241"
  59      25EB9889 
  59      4F6BF592 
  59      7EC02CDD 
  59      66A1
  60 00d2 A02A2E63 		.ascii	"\240*.c\240\036\2620\252\277\344k\213\277\317-\016\240"
  60      A01EB230 
  60      AABFE46B 
  60      8BBFCF2D 
  60      0EA0
  61 00e4 E2E75C6F 		.ascii	"\342\347\\o`2\211>\025\360\342\347\261\353S\203\006"
  61      6032893E 
  61      15F0E2E7 
  61      B1EB5383 
  61      06
  62 00f5 7F1C18F6 		.ascii	"\177\034\030\366\357~u{T\315\2545\315b\263u\240\206"
  62      EF7E757B 
  62      54CDAC35 
  62      CD62B375 
  62      A086
  63 0107 9B3B2DCE 		.ascii	"\233;-\316\241\0018\022\302w\220\016\247!\235\341\020"
ARM GAS  /tmp/ccFVA99R.s 			page 5


  63      A1013812 
  63      C277900E 
  63      A7219DE1 
  63      10
  64 0118 83EF2113 		.ascii	"\203\357!\023\303\375\337\3166\273\370\223\002:qa\341"
  64      C3FDDFCE 
  64      36BBF893 
  64      023A7161 
  64      E1
  65 0129 6C820DED 		.ascii	"l\202\015\355\371B@U\370!\026\2522h\024\320O\357\324"
  65      F9424055 
  65      F82116AA 
  65      326814D0 
  65      4FEFD4
  66 013c 8C787896 		.ascii	"\214xx\226\200\236\276\177\251R\261\241\235\326cG\375"
  66      809EBE7F 
  66      A952B1A1 
  66      9DD66347 
  66      FD
  67 014d E60B16D7 		.ascii	"\346\013\026\327\240)\026\2541\370Q\200O\005\347?\343"
  67      A02916AC 
  67      31F85180 
  67      4F05E73F 
  67      E3
  68 015e FC69011E 		.ascii	"\374i\001\036n\2559\234h\203\317\325\212uuh\216\205"
  68      6EAD399C 
  68      6883CFD5 
  68      8A757568 
  68      8E85
  69 0170 EA0C7E82 		.ascii	"\352\014~\202L\212\237\356\212\204\034\374\031\201\265"
  69      4C8A9FEE 
  69      8A841CFC 
  69      1981B5
  70 017f 3EFCF264 		.ascii	">\374\362db\306Q\201\275bm\377\334ov\231*\351>\3630"
  70      62C65181 
  70      BD626DFF 
  70      DC6F7699 
  70      2AE93EF3 
  71 0194 9E1E0CEF 		.ascii	"\236\036\014\357i\255\250s\361g\005\364^ucH\265\241"
  71      69ADA873 
  71      F16705F4 
  71      5E756348 
  71      B5A1
  72 01a6 17AD6D47 		.ascii	"\027\255mGl(\207\326\270\320\211o\226*\023u\025\316"
  72      6C2887D6 
  72      B8D0896F 
  72      962A1375 
  72      15CE
  73 01b8 4206B440 		.ascii	"B\006\264@Fp\331$h\003\224\306\030_5SwYk5\227\036\224"
  73      4670D924 
  73      680394C6 
  73      185F3553 
  73      77596B35 
  74 01cf 6132D2C7 		.ascii	"a2\322\307\026\376\335\362\004\340\006\014\205\032N"
  74      16FEDDF2 
  74      04E0060C 
  74      851A4E
ARM GAS  /tmp/ccFVA99R.s 			page 6


  75 01de D957A9D1 		.ascii	"\331W\251\321\250\321i\314\240\306\301\210\300\311\210"
  75      A8D169CC 
  75      A0C6C188 
  75      C0C988
  76 01ed C203644F 		.ascii	"\302\003dO2P\262R\200\362\275\025h\367\251b6MDzE\177"
  76      3250B252 
  76      80F2BD15 
  76      68F7A962 
  76      364D447A 
  77 0203 87E83356 		.ascii	"\207\3503V.\352\245\202cE\363Y\360\007\353?\342B\030"
  77      2EEAA582 
  77      6345F359 
  77      F007EB3F 
  77      E24218
  78 0216 0A6F6C9C 		.ascii	"\012ol\234\275j\024\3357\035\026wTqT\012\355P\204+:"
  78      BD6A14DD 
  78      371D1677 
  78      5471540A 
  78      ED50842B 
  79 022b 0500713C 		.ascii	"\005\000q<\004%#\3553\351\004\010p\017B\252J\333\372"
  79      042523ED 
  79      33E90408 
  79      700F42AA 
  79      4ADBFA
  80 023e 0CAA2F0C 		.ascii	"\014\252/\014\207sv\016*P\266\214\335-#\223WGj\030\331"
  80      8773760E 
  80      2A50B68C 
  80      DD2D2393 
  80      57476A18 
  81 0253 B112A93D 		.ascii	"\261\022\251=\034\231\262:R\305\310\316\225H]\010.\361"
  81      1C99B23A 
  81      52C5C8CE 
  81      95485D08 
  81      2EF1
  82 0265 C651EBAA 		.ascii	"\306Q\353\252\242\355\300yT\273\032\357\026\356\371"
  82      A2EDC079 
  82      54BB1AEF 
  82      16EEF9
  83 0274 175BE693 		.ascii	"\027[\346\2230\016O\213\233\274\240\261\177\372o\226"
  83      300E4F8B 
  83      9BBCA0B1 
  83      7FFA6F96 
  84 0284 BB8370F8 		.ascii	"\273\203p\370\275d\213'@7\024A\027\255C\3215\365\245"
  84      BD648B27 
  84      40371441 
  84      17AD43D1 
  84      35F5A5
  85 0297 80D1874C 		.ascii	"\200\321\207L\323K\014\027 \010\322\270\237\241\310"
  85      D34B0C17 
  85      2008D2B8 
  85      9FA1C8
  86 02a6 E289420A 		.ascii	"\342\211B\012\236n>\003\305\201p\337\244A\223\210kn"
  86      9E6E3E03 
  86      C58170DF 
  86      A4419388 
  86      6B6E
  87 02b8 EBEDD489 		.ascii	"\353\355\324\211\021\217gp\273\305\2230?2!8y\342\314"
ARM GAS  /tmp/ccFVA99R.s 			page 7


  87      118F6770 
  87      BBC59330 
  87      3F322138 
  87      79E2CC
  88 02cb 4244F39D 		.ascii	"BD\363\235\242\243\353\245\222\355A\322J\341\003\364"
  88      A2A3EBA5 
  88      92ED41D2 
  88      4AE103F4 
  89 02db 822FC0B7 		.ascii	"\202/\300\2672\3016\344w\375\037\266\201\262\241q\367"
  89      32C136E4 
  89      77FD1FB6 
  89      81B2A171 
  89      F7
  90 02ec 0A9B0617 		.ascii	"\012\233\006\027\005\233\270A\372\210-Y\2625\327\352"
  90      059BB841 
  90      FA882D59 
  90      B235D7EA 
  91 02fc 32A7A998 		.ascii	"2\247\251\230V\032j\012\267\324\202\034J[\235&\017\304"
  91      561A6A0A 
  91      B7D4821C 
  91      4A5B9D26 
  91      0FC4
  92 030e A4D31324 		.ascii	"\244\323\023$6:\254\376\271\217\223P\006X<\031\3721"
  92      363AACFE 
  92      B98F9350 
  92      06583C19 
  92      FA31
  93 0320 4B976C09 		.ascii	"K\227l\011\015\347G\3579\244\204\340\036\213\247\300"
  93      0DE747EF 
  93      39A484E0 
  93      1E8BA7C0 
  94 0330 65A14191 		.ascii	"e\241A\221\331]\034\364\227*\366\354\021\240\332\370"
  94      D95D1CF4 
  94      972AF6EC 
  94      11A0DAF8 
  95 0340 057C955C 		.ascii	"\005|\225\\\234\201\001\360\211\024:\226\253)r\322%"
  95      9C8101F0 
  95      89143A96 
  95      AB2972D2 
  95      25
  96 0351 3539708F 		.ascii	"59p\217\266\325\316\015\255\376UZ\275\261\267W\326\361"
  96      B6D5CE0D 
  96      ADFE555A 
  96      BDB1B757 
  96      D6F1
  97 0363 7670C5DB 		.ascii	"vp\305\333\241\250\267.\351mSx(dHa\020c\210W\370\341"
  97      A1A8B72E 
  97      E96D5378 
  97      28644861 
  97      10638857 
  98 0379 58C30F15 		.ascii	"X\303\017\025\206E.T\332\355\010\356v\006\374\207\016"
  98      86452E54 
  98      DAED08EE 
  98      7606FC87 
  98      0E
  99 038a 3472C9E5 		.ascii	"4r\311\345\015p'2J;\206C\266\035;b-\177\235\255\273"
  99      0D702732 
ARM GAS  /tmp/ccFVA99R.s 			page 8


  99      4A3B8643 
  99      B61D3B62 
  99      2D7F9DAD 
 100 039f 0687AB62 		.ascii	"\006\207\253b\015\215\326\030\2653\352^\026\336\023"
 100      0D8DD618 
 100      B533EA5E 
 100      16DE13
 101 03ae B28D571E 		.ascii	"\262\215W\036Q\370XT\3708\222\242=C\355=\266DTM\356"
 101      51F85854 
 101      F83892A2 
 101      3D43ED3D 
 101      B644544D 
 102 03c3 B208A04F 		.ascii	"\262\010\240Oi\306b]\026\312v55\354\212\000N\245\032"
 102      69C6625D 
 102      16CA7635 
 102      35EC8A00 
 102      4EA51A
 103 03d6 81BA6EC0 		.ascii	"\201\272n\300\355\271\002\015\303\200b\022\244\230\252"
 103      EDB9020D 
 103      C3806212 
 103      A498AA
 104 03e5 F058E926 		.ascii	"\360X\351&j\232\303\265\350\376~\243\232v\310\214\215"
 104      6A9AC3B5 
 104      E8FE7EA3 
 104      9A76C88C 
 104      8D
 105 03f6 D7BAA51C 		.ascii	"\327\272\245\034\036wkk\363\375\036\345\233\020\236"
 105      1E776B6B 
 105      F3FD1EE5 
 105      9B109E
 106 0405 1437753F 		.ascii	"\0247u?/\251\324\270T|M\252IA\245\023\325uI5p\260B\333"
 106      2FA9D4B8 
 106      547C4DAA 
 106      4941A513 
 106      D5754935 
 107 041d CC264351 		.ascii	"\314&CQ\246)\332\244*t\035\277\246Ia\332#\356\361F\224"
 107      A629DAA4 
 107      2A741DBF 
 107      A64961DA 
 107      23EEF146 
 108 0432 6E5A0A0B 		.ascii	"nZ\012\013t\357\212\247\353]Y]\332\232L\341h\266fH\230"
 108      74EF8AA7 
 108      EB5D595D 
 108      DA9A4CE1 
 108      68B66648 
 109 0447 47DE28D3 		.ascii	"G\336(\323\035qo\273-\033\324\352\037Q]\263+lU\341p"
 109      1D716FBB 
 109      2D1BD4EA 
 109      1F515DB3 
 109      2B6C55E1 
 110 045c ED262A43 		.ascii	"\355&*C\205\233\321\"\275ElNY\031\263\313\2475\2260"
 110      859BD122 
 110      BD456C4E 
 110      5919B3CB 
 110      A7359630 
 111 0470 7ED13F45 		.ascii	"~\321?ET\267\243T\177.\037T\273\334\015$\262\271\007"
 111      54B7A354 
ARM GAS  /tmp/ccFVA99R.s 			page 9


 111      7F2E1F54 
 111      BBDC0D24 
 111      B2B907
 112 0483 0E421C9D 		.ascii	"\016B\034\235\353\320\316Ei\357\220B\203X\026\246\377"
 112      EBD0CE45 
 112      69EF9042 
 112      835816A6 
 112      FF
 113 0494 EE70DB3C 		.ascii	"\356p\333<\033^\265\363k\\\265\251t\325.\254u\325\346"
 113      1B5EB5F3 
 113      6B5CB5A9 
 113      74D52EAC 
 113      75D5E6
 114 04a7 D3E27FD1 		.ascii	"\323\342\177\321Mk\320\332\021\360a\300X\327\361\023"
 114      4D6BD0DA 
 114      11F061C0 
 114      58D7F113 
 115 04b7 E2FFA001 		.ascii	"\342\377\240\001\017\360\361\300]\344\275\005\305\301"
 115      0FF0F1C0 
 115      5DE4BD05 
 115      C5C1
 116 04c5 1BD5F2EE 		.ascii	"\033\325\362\356\243\247\234D czv\266o\367\336}/\357"
 116      A3A79C44 
 116      20637A76 
 116      B66FF7DE 
 116      7D2FEF
 117 04d8 7BF125DF 		.ascii	"{\361%\337[\373}\371\005\276\375\371\271\276\334\275"
 117      5BFB7DF9 
 117      05BEFDF9 
 117      B9BEDCBD 
 118 04e8 8505D9B9 		.ascii	"\205\005\331\271\214\027\026\344i\257\274\372F\316;"
 118      8C1716E4 
 118      69AFBCFA 
 118      46CE3B
 119 04f7 7A61C19E 		.ascii	"za\301\236\267\337\314\345y9\3714P\220\003y\377\001"
 119      B7DFCCE5 
 119      7939F934 
 119      50900379 
 119      FF01
 120 0509 5F935976 		.ascii	"_\223Yv"
 121              		.text
 122              		.section	.gnu.lto_chVTDoResetI.c9ecf50d4566bc02,"",%progbits
 123 0000 789C9595 		.ascii	"x\234\225\225\317O\023Q\020\307\337\354\333_m\245\305"
 123      CF4F1351 
 123      10C7DFEC 
 123      DB5F6DA5 
 123      C5
 124 0011 8B1A4322 		.ascii	"\213\032C\"1&\204\203\354\325x\360\302\305\304\203\211"
 124      31268483 
 124      ECD578F0 
 124      C2C5C483 
 124      89
 125 0022 FE077281 		.ascii	"\376\007r\201\223\006\010G\273R~\211&&F\252\222\215"
 125      93060847 
 125      BB527E89 
 125      262646AA 
 125      928D
ARM GAS  /tmp/ccFVA99R.s 			page 10


 126 0034 F6004162 		.ascii	"\366\000Ab\360G@\020D\251E)(\210`\025\344\227\012H\304"
 126      F0474010 
 126      44A94529 
 126      28886015 
 126      E4970A48 
 127 0049 A0063531 		.ascii	"\240\00651b\004g\336\266]C\212\330\227\354\274\335\267"
 127      620467DE 
 127      B65D438A 
 127      D897ECBC 
 127      DDB7
 128 005b 6F3E33DF 		.ascii	"o>3\337\331\327\251\312\030\313\323\030\333\215\363"
 128      D9D7A9CA 
 128      18CBD318 
 128      DB8DF3
 129 006a 21BC988B 		.ascii	"!\274\230\213\201\304\360\002\216\226K2c\246\244\240"
 129      81C4F002 
 129      8E964B32 
 129      63A6A4A0 
 130 007a 9165C009 		.ascii	"\221e\300\011\024P\321\252\222F\353:\255k\200\023\350"
 130      1450D1AA 
 130      9246EB3A 
 130      AD6B8013 
 130      E8
 131 008b 00E80CCC 		.ascii	"\000\350\014\314/qYQ5\035\374p\226_\340\020\251^\350"
 131      2F715951 
 131      351DFC70 
 131      965FE010 
 131      A95EE8
 132 009e 94729B4C 		.ascii	"\224r\233L\034\341\213Ao\225Y\271\303Br\22031\240\025"
 132      1CE18B41 
 132      6F9559B9 
 132      C3427290 
 132      3331A015 
 133 00b2 7271D748 		.ascii	"rq\327H\305-\213\237\341\026\007\220\361qy\250~\316"
 133      C52D8B9F 
 133      E1160790 
 133      F17179A8 
 133      7ECE
 134 00c4 4B8F1264 		.ascii	"K\217\022d\343c\323\374\302\230\306w\001\303\373\037"
 134      E363D3FC 
 134      C298C677 
 134      01C3FB1F 
 135 00d4 37BE4CC9 		.ascii	"7\276L\3119\215\246Yn\206\347\033\270\271\307\342\034"
 135      398DA659 
 135      6E86E71B 
 135      B8B9C7E2 
 135      1C
 136 00e5 DA812310 		.ascii	"\332\201#\020\356@\026\264A\026\303%\006\035\220C\373"
 136      EE4016B4 
 136      4116C325 
 136      061D9043 
 136      FB
 137 00f6 676FAFD6 		.ascii	"go\257\326e\250r(\021\023\356\242\000L\025p\345\346"
 137      65A87228 
 137      1113EEA2 
 137      004C1570 
 137      E5E6
ARM GAS  /tmp/ccFVA99R.s 			page 11


 138 0108 A8123657 		.ascii	"\250\0226W\327\252\315\360`#\2748\262\035\320S\226\310"
 138      D7AACDF0 
 138      6023BC38 
 138      B21DD053 
 138      96C8
 139 011a 9DA35164 		.ascii	"\235\243Qd2\012=\252t\247\321\235N\306E\306M\306\007"
 139      320A3DAA 
 139      74A7D19D 
 139      4EC645C6 
 139      4DC607
 140 012d 220EAB11 		.ascii	"\"\016\253\021rNs\254\034_\202@\250\003\225P L\240\263"
 140      724E73AC 
 140      1C5F8240 
 140      A8039550 
 140      204CA0B3 
 141 0141 736952F3 		.ascii	"siR\363\3776u\213\253AN\221;\301\217\276\232p@?\376"
 141      FF36758B 
 141      AB414E91 
 141      3BC18FBE 
 141      9A70403F 
 142 0156 1E2A267A 		.ascii	"\036*&z\277\356#\207z\356C\227`edX#\371\270\035\272"
 142      BFEE2387 
 142      7AEE4397 
 142      60656458 
 142      23F9B81D 
 143 016b 50900D97 		.ascii	"P\220\015\227\005\274\";\005Y\017Rh\270\207\344\277"
 143      05BC223B 
 143      05590F52 
 143      68B887E4 
 143      BF
 144 017c FD5DA264 		.ascii	"\375]\242d\201\225\236o^\334\207\205wQ\035h\355\347"
 144      81959E6F 
 144      5EDC8785 
 144      77511D68 
 144      EDE7
 145 018e C8A71A4F 		.ascii	"\310\247\032O\010\256\234\312\264\270\033\356\343\327"
 145      08AE9CCA 
 145      B4B81BEE 
 145      E3D7
 146 019c EAA638B4 		.ascii	"\352\2468\264\273\241\265\022p\367%\323\314&\302\003"
 146      BBA1B512 
 146      70F725D3 
 146      CC26C203 
 147 01ac 08815DB4 		.ascii	"\010\201]\264\036\360[\334#R\301\223\300i\306\263\300"
 147      1EF05BDC 
 147      2352C193 
 147      C069C6B3 
 147      C0
 148 01bd 3F427957 		.ascii	"?ByW\3639\315N\037\220\320\035\031\352S\211m\012\304"
 148      F339CD4E 
 148      1F90D01D 
 148      19EA5389 
 148      6D0AC4
 149 01d0 161465AB 		.ascii	"\026\024e\253\300w\261\352\361\031\217\321b\332\257"
 149      C077B1EA 
 149      F1198FD1 
 149      62DAAF
ARM GAS  /tmp/ccFVA99R.s 			page 12


 150 01df 32208CF4 		.ascii	"2 \214\364:Q<x\010\006\243R\344;\244\244\220\014,D$"
 150      3A513C78 
 150      0806A352 
 150      E43BA4A4 
 150      900C2C44 
 151 01f4 59086DD3 		.ascii	"Y\010m\323B\364\332\205\330\\\371\243\177(\177\234T"
 151      42F4DA85 
 151      D85CF9A3 
 151      7F287F9C 
 151      54
 152 0205 DEE728D7 		.ascii	"\336\347(\327\343\212\027\255(\330\211JiI\346\020\025"
 152      E38A17AD 
 152      28D8894A 
 152      6949E610 
 152      15
 153 0216 92C5AFA5 		.ascii	"\222\305\257\245\037%\023l`\277\215\342)Q\322:\324^"
 153      1F25136C 
 153      60BF8DE2 
 153      2951D23A 
 153      D45E
 154 0228 8B7B6140 		.ascii	"\213{a@P$\242<IP\016\332\0249\255\204\274\360\324A\015"
 154      5024A23C 
 154      49500EDA 
 154      1439AD84 
 154      BCF0D441 
 155 023d 2650AA8D 		.ascii	"&P\252\215R\322\3246\344h{&P\201`Us\374h\220>L\216\370"
 155      52D2D436 
 155      E4687B26 
 155      50816055 
 155      73FC6890 
 156 0255 B15A51BB 		.ascii	"\261ZQ\273\224p%\225\332a'\305\347` Kd\271x5\361\015"
 156      94702595 
 156      DA6127C5 
 156      E760204B 
 156      64B97835 
 157 026b B434F31C 		.ascii	"\2644\363\034\021<\321\017F\023\222\017\330(=M\324\013"
 157      113CD10F 
 157      4613920F 
 157      D8283D4D 
 157      D40B
 158 027d 4772CC46 		.ascii	"Gr\314F\305j/k)\344\205N2\201\3226D\275tP\257H\245n"
 158      C56A2F6B 
 158      29E4854E 
 158      3281D236 
 158      44BD7450 
 159 0295 ABBC9650 		.ascii	"\253\274\226P\351J3\2651\2077\276N\245;M\324k\247`\023"
 159      E94A33B5 
 159      318737BE 
 159      4EA53B4D 
 159      D46BA760 
 160 02aa FFA5D2B5 		.ascii	"\377\245\322\265!j\322AM\221J7\321\276\177h\256v\247"
 160      216AD241 
 160      4D914A37 
 160      D1BE7F68 
 160      AE76A7
 161 02bd C2EDDCA4 		.ascii	"\302\355\334\244\201L;\015d\006\014\321$\004\256%\352"
 161      814C3B0D 
ARM GAS  /tmp/ccFVA99R.s 			page 13


 161      64060CD1 
 161      2404AE25 
 161      EA
 162 02ce 89E3924D 		.ascii	"\211\343\222M\304\007\353\232\205/D\305\301\265\266"
 162      C407EB9A 
 162      852F44C5 
 162      C1B5B6
 163 02dd C0F2792F 		.ascii	"\300\362y/F\004\213g\302[l\011o\342\321\332\243S\277"
 163      46048B67 
 163      C25B6C09 
 163      6FE2D1DA 
 163      A353BF
 164 02f0 743B5A68 		.ascii	"t;Zh\233\305\267\302;\021N\266[\311\312X\240R\212\277"
 164      9BC5B7C2 
 164      3B114EB6 
 164      5BC9CA58 
 164      A0528ABF 
 165 0304 2DA6633A 		.ascii	"-\246c:\013F\035\365F\006s`\340\206\351\376\346\353"
 165      0B461DF5 
 165      46067360 
 165      E086E9FE 
 165      E6EB
 166 0316 E26F4D81 		.ascii	"\342oM\2015\034>\230G\356g(\01755\332\235\205F\015%"
 166      351C3E98 
 166      47EE6728 
 166      0F3535DA 
 166      9D85460D 
 167 032b 81473B2B 		.ascii	"\201G;+/\317\310/,:Vt\370\250q\274\304(.5J\212\013\214"
 167      2FCFC82F 
 167      2C3A5674 
 167      F8A871BC 
 167      C4282E35 
 168 0343 82C2B2D2 		.ascii	"\202\302\262\322\274\002\306\313JO\374\001q;E'"
 168      BC02C6CB 
 168      4A4FFC01 
 168      713B4527 
 169              		.text
 170              		.section	.gnu.lto_.symbol_nodes.c9ecf50d4566bc02,"",%progbits
 171 0000 789C55C9 		.ascii	"x\234U\311\273\015\302@\020E\321\373f\026S\206\021\225"
 171      BB0DC240 
 171      1045D1FB 
 171      66165386 
 171      1195
 172 0012 4065B34E 		.ascii	"@e\263N\210\351\301\256\202\224\234\032@\004\374\014"
 172      88E9C1AE 
 172      82949C1A 
 172      4004FC0C 
 173 0022 252016E3 		.ascii	"% \026\343\000\007\243\253y\247\002\272r\330E\001\333"
 173      0007A3AB 
 173      79A702BA 
 173      72D84501 
 173      DB
 174 0033 0394EC9A 		.ascii	"\003\224\354\2325\314\356b\361\225\253BSyJy\011n7\205"
 174      35CCEE62 
 174      F195AB42 
 174      53794A79 
 174      096E3785 
ARM GAS  /tmp/ccFVA99R.s 			page 14


 175 0047 4DE9251B 		.ascii	"M\351%\033H\275\302\007\202\234W\240\207\"\375\017n"
 175      48BDC207 
 175      829C57A0 
 175      8722FD0F 
 175      6E
 176 0058 73DAE35B 		.ascii	"s\332\343[n\025\355\351\327\363\246\257=\215{*\377\330"
 176      6E15EDE9 
 176      D7F3A6AF 
 176      3D8D7B2A 
 176      FFD8
 177 006a 7D713E1E 		.ascii	"}q>\036\017+\001"
 177      0F2B01
 178              		.text
 179              		.section	.gnu.lto_.refs.c9ecf50d4566bc02,"",%progbits
 180 0000 789C15C5 		.ascii	"x\234\025\3051\016\3000\014\303@Q\262\015\004];\347"
 180      310EC030 
 180      0CC34051 
 180      B20D045D 
 180      3BE7
 181 0012 09F9FFF3 		.ascii	"\011\371\377\363\332\014<\216\244\3637\002\314\305\367"
 181      DA0C3C8E 
 181      A4F33702 
 181      CCC5F7
 182 0021 812A3B2D 		.ascii	"\201*;-\226\363\300N\271\343\036x\365\001\025/\000\324"
 182      96F3C04E 
 182      B9E31E78 
 182      F501152F 
 182      00D4
 183              		.text
 184              		.section	.gnu.lto_.decls.c9ecf50d4566bc02,"",%progbits
 185 0000 789CB53B 		.ascii	"x\234\265;kPT\331\231}\3724\335M\323\300,\343\316N*"
 185      6B5054D9 
 185      997DFA34 
 185      DD4DD3C0 
 185      2CE3CE4E 
 186 0015 6E766696 		.ascii	"nvf\226d\330\332DD'3$;\225\315\226\251\312$[\223TMv"
 186      64D8DA44 
 186      44273324 
 186      3B95CD96 
 186      A9CA245B 
 187 002d B766B7B2 		.ascii	"\267f\267\262\333A\354\0212\274\322\335\250\223?i\036"
 187      DB41EC11 
 187      32BCD2DD 
 187      A8933F69 
 187      1E
 188 003e 2A280A0A 		.ascii	"*(\012\012\"\010\010\202\342\023AEy?D\005\004\025\024"
 188      22080882 
 188      E2134145 
 188      793F4405 
 188      041514
 189 0051 1FBC4144 		.ascii	"\037\274AD\004\224\367Cy\010\373\235G\367\275\335\334"
 189      0494F743 
 189      7908FB9D 
 189      47F7BDDD 
 189      DC
 190 0062 C6D91F4B 		.ascii	"\306\331\037K\325\347\355\357\336\357|\357\363}\347"
 190      D5E7EDEF 
ARM GAS  /tmp/ccFVA99R.s 			page 15


 190      DEEF7CEF 
 190      F37DE7
 191 0071 9C7B55CA 		.ascii	"\234{U\312d\262~_\231\354\013\225Lv\037\311d\313\360"
 191      64B27E5F 
 191      99EC0B95 
 191      4C761FC9 
 191      64CBF0
 192 0084 A7807B57 		.ascii	"\247\200{We\302\237\023@\031\3000\300(\300\034\300\002"
 192      65C29F13 
 192      4019C030 
 192      C028C01C 
 192      C002
 193 0096 0006F81F 		.ascii	"\000\006\370\037\271L\026\000\020&\227\331\374m\007"
 193      B94C1600 
 193      102697D9 
 193      FC6D07
 194 00a5 5ECE70FD 		.ascii	"^\316p\375\003\300\237\340\331\357\001>\006x\002\270"
 194      03C09FE0 
 194      D9EF013E 
 194      067802B8 
 195 00b5 01AECD70 		.ascii	"\001\256\315p\375\020`\235\234\361\377\002\256\037\001"
 195      FD10609D 
 195      9CF1FF02 
 195      AE1F01
 196 00c4 F8006C04 		.ascii	"\370\000l\004\360\006@\\.\342r\304\177\017\340\246\007"
 196      F006405C 
 196      2EE272C4 
 196      7F0FE0A6 
 196      07
 197 00d5 E74FAE6B 		.ascii	"\347O\256kd\2147\341{\003@\307\371\033a\\)\\Mp\015\007"
 197      648C37E1 
 197      7B0340C7 
 197      F91B615C 
 197      295C4D70 
 198 00eb D802F00A 		.ascii	"\330\002\360\012\360n;\275\324\200?\006\350\021\351"
 198      F06E3BBD 
 198      D4803F06 
 198      E811E9
 199 00fa F28CF806 		.ascii	"\362\214\370\006\240O\306t\302\334\007\013\334\007D"
 199      A04FC674 
 199      C2DC070B 
 199      DC0744
 200 0109 2562BBBD 		.ascii	"%b\273\275n]\016t\253\221\320i\033@\260H\247\033\334"
 200      6E5D0E74 
 200      AB91D069 
 200      1B40B048 
 200      A71BDC
 201 011c 06B16E4A 		.ascii	"\006\261nJ\256\027\321\345\031\327\347\013\271\240\323"
 201      AE17D1E5 
 201      19D7E70B 
 201      B9A0D3
 202 012b A89D4E61 		.ascii	"\250\235Na\022:%a4\034\261\357\254\266\007\021\355d"
 202      123A2561 
 202      341CB1EF 
 202      ACB60711 
 202      ED64
 203 013d E82D8410 		.ascii	"\350-\204\020\363\254\370\217\340\313\226?\362\234\021"
ARM GAS  /tmp/ccFVA99R.s 			page 16


 203      F3ACF88F 
 203      E0CB963F 
 203      F29C11
 204 014c C891E521 		.ascii	"\310\221\345!\243\262\037F\237!\006r\231@+\214\020q"
 204      A3B21F46 
 204      9F210672 
 204      99402B8C 
 204      1071
 205 015e 150D46F4 		.ascii	"\025\015F\364OFU\021\353B5C2\313m\213xd\245\261\320"
 205      4F465511 
 205      EB423543 
 205      32CB6D8B 
 205      7864A5B1 
 206 0173 8BB8223E 		.ascii	"\213\270\">HJ;\031\363\023qBg\376x\275S/\352\006\322"
 206      484A3B19 
 206      F3137142 
 206      67FE78BD 
 206      532FEA06 
 207 0188 FF749325 		.ascii	"\377t\223%\250\203\021\271\273+\247o\336\015\313\351"
 207      A88311B9 
 207      BB2BA76F 
 207      DE0DCBE9 
 208 0198 EFF8D423 		.ascii	"\357\370\324#\3075\330\205\376\256>ub\011\257;gf\177"
 208      C735D885 
 208      FEAE3E75 
 208      6209AF3B 
 208      67667F
 209 01ab EADFCAD0 		.ascii	"\352\337\312\320\025\204-\376\274\261\374\262\332}/"
 209      15842DFE 
 209      BCB1FCB2 
 209      DA7D2F
 210 01ba 461E1A24 		.ascii	"F\036\032$\007\364\336\370\255\014\027@\327h\320[\200"
 210      07F4DEF8 
 210      AD0C1740 
 210      D768D05B 
 210      80
 211 01cb 9E8B5B4E 		.ascii	"\236\213[Nrz7\231\214K\2102\277%G\177x\007\225\240\265"
 211      727A3799 
 211      8C4B8832 
 211      BF25477F 
 211      780795A0 
 212 01e0 A818AD05 		.ascii	"\250\030\255\005\035K\321\273\360o\210\202q\312.\037"
 212      1D4BD1BB 
 212      F06F8882 
 212      71CA2E1F 
 213 01f0 7AE2FA41 		.ascii	"z\342\372A\2269\253\332\\]\227\373w\271Q\346S0\354="
 213      9639ABDA 
 213      5C5D97FB 
 213      77B951E6 
 213      5330EC3D 
 214 0204 42852E23 		.ascii	"B\205.#\214\212\320:b\360e\"\033\025\242^\204.\241\036"
 214      8C8AD03A 
 214      62F06522 
 214      1B15A25E 
 214      842EA11E 
 215 0218 B0A00C7D 		.ascii	"\260\240\014}\000\243\013*\242\233T\370s\252\360\371"
 215      00A30B2A 
ARM GAS  /tmp/ccFVA99R.s 			page 17


 215      A29B54F8 
 215      73AAF0F9 
 216 0228 730B051A 		.ascii	"s\013\005\032\005\231;:-a\017\267\356F\027\244c\246"
 216      05993B3A 
 216      2D610FB7 
 216      EE4617A4 
 216      63A6
 217 023a A602D089 		.ascii	"\246\002\320\211\333G\236\27015\337\223\036\220udo\201"
 217      DB479EB8 
 217      3135DF93 
 217      1E907564 
 217      6F81
 218 024c AB43CDAF 		.ascii	"\253C\315\257R\315\253\021W=+bo\213\223v\217\331\034"
 218      52CDAB11 
 218      573D2B62 
 218      6F8B9376 
 218      8FD91C
 219 025f 69CE8A32 		.ascii	"i\316\2122;\177F\236\243*\240\256\244\3245H\313\265"
 219      3B7F469E 
 219      A32AA0AE 
 219      A4D43548 
 219      CBB5
 220 0271 07DA5345 		.ascii	"\007\332SEIg]\360\227DQy\341\\t\267\034yis\211\230\352"
 220      49675DF0 
 220      97445179 
 220      E15C74B7 
 220      1C796973 
 221 0288 A6F4F569 		.ascii	"\246\364\365i\315\304\342\033@\177M\260\030\206\303"
 221      CDC4E21B 
 221      407F4DB0 
 221      1886C3
 222 0297 C5017774 		.ascii	"\305\001wt\035y\331\0128\227V0\344F\215!|*\0205\247"
 222      1D79D90A 
 222      38975630 
 222      E4468D21 
 222      7C2A1035 
 223 02ac ABFEF459 		.ascii	"\253\376\364Yb\377\207\032D2\305\035n\345\277(\231s"
 223      62FF871A 
 223      4432C51D 
 223      6EE5BF28 
 223      9973
 224 02be 65B708C5 		.ascii	"e\267\010\305\275\370\311\343*\034\203\250b=m\013\235"
 224      BDF8C9E3 
 224      2A1C83A8 
 224      623D6D0B 
 224      9D
 225 02cf 6E48E315 		.ascii	"nH\343\025c\025*\023$6\202D\030D\004\242z\270Y\0077"
 225      63152A13 
 225      24368244 
 225      184404A2 
 225      7AB85907 
 226 02e4 99053D67 		.ascii	"\231\005=g~\226:I,h@\032tS\260\340C\015S\355\364\361"
 226      7E963A49 
 226      2C68401A 
 226      7453B0E0 
 226      430D53ED 
 227 02fa 03D94A5C 		.ascii	"\003\331J\\\317d\224\245=\275!w$\343\216C\031M\245\037"
ARM GAS  /tmp/ccFVA99R.s 			page 18


 227      CF6494A5 
 227      3DBD2177 
 227      24E38E43 
 227      194DA51F 
 228 030e D4EE349B 		.ascii	"\324\3564\233\345\3506\310\270%\310\000\221LH\374\345"
 228      E5E836C8 
 228      B825C800 
 228      914C48FC 
 228      E5
 229 031f 8E4577BC 		.ascii	"\216Ew\274\300\204\354l\2722\344P\310]\307B\322\177"
 229      C084EC6C 
 229      BA32E450 
 229      C85DC742 
 229      D27F
 230 0331 984B8534 		.ascii	"\230K\2054\203\220&A\310m\213\220\347//\374\232\372"
 230      83902641 
 230      C86D8B90 
 230      E72F2FFC 
 230      9AFA
 231 0343 9810D432 		.ascii	"\230\020\3242\037[r\337\203\345\376\221\262\351\006"
 231      1F5B72DF 
 231      83E5FE91 
 231      B2E906
 232 0352 2786AA01 		.ascii	"'\206\252\001M\250\312\252P\341\235lz\355n\277Z\353"
 232      4DA8CAAA 
 232      50E19D6C 
 232      7AED6EBF 
 232      5AEB
 233 0364 8AF731E4 		.ascii	"\212\3671\344q\\_\003\302\311\014\231\230M\354u\307"
 233      715C5F03 
 233      C2C90C99 
 233      984DEC75 
 233      C7
 234 0375 4719525D 		.ascii	"G\031R]XzI\213s\371\223\305\214\"g\306o\015\240\257"
 234      587A498B 
 234      73F993C5 
 234      8C2267C6 
 234      6F0DA0AF 
 235 0389 7B121254 		.ascii	"{\022\022T,\205\263\020\340S7{b]p\021\037\270P\334\241"
 235      2C85B310 
 235      E053377B 
 235      625D7011 
 235      1FB850DC 
 236 039e C59514D1 		.ascii	"\305\225\024\321\264w\035\335\245Ao{zyzj=\275\336\366"
 236      B4771DDD 
 236      A5416F7B 
 236      7A797A6A 
 236      3DBDDEF6 
 237 03b2 3C40931A 		.ascii	"<@\223\032\000\324F\035`w;qF/8c\000\275M,EO\341w?\362"
 237      00D4461D 
 237      60773B71 
 237      462F3863 
 237      00BD4D2C 
 238 03cc 447D00CF 		.ascii	"D}\000\317\000z\000\036#O:\347\263\211'\253_\266}\332"
 238      007A001E 
 238      234F3AE7 
 238      B38927AB 
ARM GAS  /tmp/ccFVA99R.s 			page 19


 238      5FB67DDA 
 239 03e0 35396836 		.ascii	"59h6\037\324\322,{\000.\"\203\255\256\275O\023\277\212"
 239      1FD4D22C 
 239      7B002E22 
 239      83ADAEBD 
 239      4F13BF8A 
 240 03f4 FC6B75A9 		.ascii	"\374ku\251g\372\301\010\310\215n\240\353\022\\\012\303"
 240      67FAC108 
 240      C88D6EA0 
 240      EB125C0A 
 240      C3
 241 0405 445C3DBB 		.ascii	"D\\=\273\247\031W\230\210\235\366L[(S\237\265V\372\341"
 241      A7195798 
 241      889DF64C 
 241      5B28539F 
 241      B556FAE1 
 242 0419 FF3E62AE 		.ascii	"\377>b\256\216\306\350\011\250\360\310\236\332[\320"
 242      8EC6E809 
 242      A8F0C89E 
 242      DA5BD0
 243 0428 403477BA 		.ascii	"@4w\272E$22P\260\251O\304\255U\222\233\217`Nw\327[\021"
 243      45243232 
 243      50B0A94F 
 243      C4AD5592 
 243      9B8F604E 
 244 0440 E041AA3E 		.ascii	"\340A\252>7\205\374I\373\266\215s\373v\276\235\355\362"
 244      3785FC49 
 244      FBB68D73 
 244      FB76BE9D 
 244      EDF2
 245 0452 C88932D7 		.ascii	"\310\2112\327\257\247\271\365P\332\263T\023\222\024"
 245      AFA7B9F5 
 245      50DAB354 
 245      139214
 246 0461 E6C97E36 		.ascii	"\346\311~6\331\211\326\367X\"&M\237KQ8\254]C\264v\015"
 246      D989D6F7 
 246      5822264D 
 246      9F4B5138 
 246      AC5D43B4 
 247 0477 5A6AD740 		.ascii	"Zj\327@V\\\211;\224\335^Rv\007\274\037\027\232\315\220"
 247      565C893B 
 247      94DD5E52 
 247      7607BC1F 
 247      179ACD90 
 248 048b F96605A1 		.ascii	"\371f\005\241C\345B\234\312\355\353\3560\255\273}\203"
 248      43E5429C 
 248      CAEDEBEE 
 248      30ADBB7D 
 248      83
 249 049c 15C36A3C 		.ascii	"\025\303j<\301\322\356V|\302#A\033VH\353^67\253\035"
 249      C1D2EE56 
 249      7CC22341 
 249      1B5648EB 
 249      5E3637AB 
 250 04b1 2A334295 		.ascii	"*3B\225yaQ\346j\357p\233\206+\323\356\013\341\2104\223"
 250      796151E6 
 250      6AEF709B 
ARM GAS  /tmp/ccFVA99R.s 			page 20


 250      862BD3EE 
 250      0BE18834 
 251 04c6 590854E8 		.ascii	"Y\010T\350\271\240\312s{UF\251*\325\343\307S0^b\252"
 251      B9A0CA73 
 251      7B5546A9 
 251      2AD5E3C7 
 251      53305E62 
 252 04db 3C785531 		.ascii	"<xU1\257\3051\230 \212sQg\306\025\310k-\002\271H\223"
 252      AFC53198 
 252      208A7351 
 252      67C615C8 
 252      6B2D02B9 
 253 04f1 6BE96432 		.ascii	"k\351d24\015\036\036\347\315\014\376\216\230\241N\214"
 253      340D1E1E 
 253      E7CD0CFE 
 253      8E98A14E 
 253      8C
 254 0502 FF85DC86 		.ascii	"\377\205\334\206\337jz\245\225\303\234c\306\357\312"
 254      DF6A7AA5 
 254      95C39C63 
 254      C6EFCA
 255 0511 D0C6B568 		.ascii	"\320\306\265h=\204`\002BH\036\311\320\0240\234\004C"
 255      3D846002 
 255      42481EC9 
 255      D014309C 
 255      0443
 256 0523 40E085F4 		.ascii	"@\340\205\364\3729g\015\247\216y\023\365\343W\313\327"
 256      FA39670D 
 256      A78E7913 
 256      F5E357CB 
 256      D7
 257 0534 B5E28E31 		.ascii	"\265\342\2161\003\232\010y9\313\362\022\010\233\032"
 257      039A0879 
 257      39CBF212 
 257      089B1A
 258 0543 0F25BB53 		.ascii	"\017%\273S\227\316Z]\272\034\225:\353\270\253\276\242"
 258      97CE5A5D 
 258      BA1C953A 
 258      EBB8ABBE 
 258      A2
 259 0554 2E7D6971 		.ascii	".}iqiD\313\303\233\210\270\024\222vl\310\267\241`\320"
 259      6944CBC3 
 259      9B88B814 
 259      92766CC8 
 259      B7A160D0 
 260 0568 1CA3A154 		.ascii	"\034\243\241ThLp\351\030w\002\232\243\256\214}^v\016"
 260      684C70E9 
 260      1877029A 
 260      A3AE8C7D 
 260      5E760E
 261 057b E17CEA3D 		.ascii	"\341|\352=\324\234\0243\240\341\034\256\275\362-+4G"
 261      D49C1433 
 261      A0E11CAE 
 261      BDF22D2B 
 261      3447
 262 058d 3BD1AE3C 		.ascii	";\321\256</\214\237\267\214_\240\343\037M\277\254\321"
 262      2F8C9FB7 
ARM GAS  /tmp/ccFVA99R.s 			page 21


 262      8C5FA0E3 
 262      1F4DBFAC 
 262      D1
 263 059e E07E36FE 		.ascii	"\340~6\376A\322\255\303\012V\270ZI\363\275\376|g\206"
 263      41D2ADC3 
 263      0A56B85A 
 263      49F3BDFE 
 263      7C6786
 264 05b1 3BAB5CD5 		.ascii	";\253\\\325\337\007\274pW\346m^7[I%+\254\2308\301\013"
 264      DF07BC70 
 264      57E66D5E 
 264      375B4925 
 264      2BAC9838 
 265 05c7 9D19035E 		.ascii	"\235\031\003^\234\337\227\351\312\350\315\357\212*\237"
 265      9CDF97E9 
 265      CAE8CDEF 
 265      8A2A9F
 266 05d6 07AF7CA7 		.ascii	"\007\257|\247\006\322\367k\031\356\013\350dN~&\342\354"
 266      06D2F76B 
 266      19EE0BE8 
 266      644E7E26 
 266      E2EC
 267 05e8 C9F08CFD 		.ascii	"\311\360\214\375G\256h\3613\246\213\245\361{\260\306"
 267      47AE68F1 
 267      33A68BA5 
 267      F17BB0C6 
 268 05f8 3F1AFDB4 		.ascii	"?\032\375\264\227\213&\234\013\312\243G\370\262\240"
 268      978B269C 
 268      0BCAA347 
 268      F8B2A0
 269 0607 9A704E19 		.ascii	"\232pN\031\231|\251\305\323lh\321\350\331\"\256F5\301"
 269      997CA9C5 
 269      D36C68D1 
 269      E8D922AE 
 269      4635C1
 270 061a 5F9B9392 		.ascii	"_\233\223\222\335\3602{\330\224\332\273\337\025G(h\323"
 270      DDF0327B 
 270      D894DABB 
 270      DF154728 
 270      68D3
 271 062c 49785933 		.ascii	"IxY3\247r\324t\366\313\0355\235\272X\274?'\236L\275"
 271      A772D474 
 271      F6CB1D35 
 271      9DBA58BC 
 271      3F279E4C 
 272 0641 7D720D8A 		.ascii	"}r\015\212\223\257\354:\021\351-O\344\270\212JACy--"
 272      93AFEC3A 
 272      11E92D4F 
 272      E4B88A4A 
 272      4143792D 
 273 0656 185F6722 		.ascii	"\030_g\"o\276\212\037\307\216D\036t(\262A\365st\000"
 273      6FBE8A1F 
 273      C78E441E 
 273      7428B241 
 273      F5737400 
 274 066a 84254808 		.ascii	"\204%H\010\313\210:\\\200\361-&l\274fy\010\343{\014"
 274      CB883A5C 
ARM GAS  /tmp/ccFVA99R.s 			page 22


 274      80F12D26 
 274      6CBC6679 
 274      08E37B0C 
 275 067e 49E8689A 		.ascii	"I\350h\232\324\342G\014\0319q\347\"\211\226\227\006"
 275      D4E2470C 
 275      193971E7 
 275      22899697 
 275      06
 276 068f FD45B4AA 		.ascii	"\375E\264\252\360b\253\212\364\003}\207\235q\037S2u"
 276      F062AB8A 
 276      F4037D87 
 276      9D711F53 
 276      3275
 277 06a1 A670C1BA 		.ascii	"\246p\301\272\252(\2102\377U\204\217\014\355\221\257"
 277      AA288832 
 277      FF55848F 
 277      0CED91AF 
 278 06b1 A5350D1D 		.ascii	"\2455\015\035\001-\275\270\226\207\341f\262\\XV\374"
 278      012DBDB8 
 278      9687E166 
 278      B25C5856 
 278      FC
 279 06c2 20832E2B 		.ascii	" \203.+RA\325\024AU/\256\351\356\350S\361.x\204\011"
 279      5241D514 
 279      41552FAE 
 279      E9EEE853 
 279      F12E7884 
 280 06d7 498AEFEB 		.ascii	"I\212\357\353P\301#\313jaC\035m\344\03104M\030\012\234"
 280      50C123CB 
 280      6A61431D 
 280      6DE41930 
 280      344D180A 
 281 06ec E022AD48 		.ascii	"\340\"\255H\272\204\"\304\037\331\307\277\304\263LH"
 281      BA8422C4 
 281      1FD9C7BF 
 281      C4B34C48 
 282 06fc DA487DA7 		.ascii	"\332H}\247\263CK\262\034Z\002!\236\237'\226d\202:G\005"
 282      B3434BB2 
 282      1C5A0221 
 282      9E9F2796 
 282      64823A47 
 283 0711 7532E4CC 		.ascii	"u2\344\314\024U\335\305\314!%\362\364\364$\355\232\265"
 283      1455DDC5 
 283      CC2125F2 
 283      F4F424ED 
 283      9AB5
 284 0723 83E54C9C 		.ascii	"\203\345L\234\226\263\177\2379\253\006\321X\305\303"
 284      96B37F9F 
 284      39AB06D1 
 284      58C5C3
 285 0732 B0E372E9 		.ascii	"\260\343r\351\216\300F\334\373\016kd\204:\321\236Z\324"
 285      8EC046DC 
 285      FB0E6B64 
 285      843AD19E 
 285      5AD4
 286 0744 167913FD 		.ascii	"\026y\023\375N\232\271:e=U\351\020\247\266\232\"j\271"
 286      4E9AB93A 
ARM GAS  /tmp/ccFVA99R.s 			page 23


 286      653D55E9 
 286      10A7B69A 
 286      226AB9
 287 0757 426B83DA 		.ascii	"Bk\203\332\026\003\004\273\345\344\031!'}-\027\214>"
 287      160304BB 
 287      E5E41921 
 287      277D2D17 
 287      8C3E
 288 0769 29F744D9 		.ascii	")\367D\331\000\307\000N\000\344\310\305}\255\217\253"
 288      00C7004E 
 288      00E4C8C5 
 288      7DAD8FAB 
 289 0779 45B27BAF 		.ascii	"E\262{\257\264\021\342\005Cm\252\007\355\260@&\356\260"
 289      B411E205 
 289      436DAA07 
 289      EDB04026 
 289      EEB0
 290 078b 8CD79D54 		.ascii	"\214\327\235T\336#\211\215I\2226ZZd\335\305\307\251"
 290      DE23898D 
 290      4992365A 
 290      5A64DDC5 
 290      C7A9
 291 079d 6E38CB89 		.ascii	"n8\313\211\006\256\371\336\353:\027\344\3656\0231\233"
 291      06AEF9DE 
 291      EB3A17E4 
 291      F5361331 
 291      9B
 292 07ae AA843680 		.ascii	"\252\2046\200\316\300\330SB0\210@\007\346\242\323`\345"
 292      CEC0D853 
 292      42308840 
 292      07E6A2D3 
 292      60E5
 293 07c0 B7B118E4 		.ascii	"\267\261\030\344^n\316+Q\340KNl?u\365"
 293      5E6ECE2B 
 293      51E04B4E 
 293      6C3F75F5 
 294 07d0 E40E5CCE 		.ascii	"\344\016\\\316~?\317K\314T\342\032\212(s\346\242\367"
 294      7E3FCF4B 
 294      CC54E21A 
 294      8A2873E6 
 294      A2F7
 295 07e2 CB1189B7 		.ascii	"\313\021\211\267\247\0273m\254\004\317\363\245\025\361"
 295      A717336D 
 295      AC04CFF3 
 295      A515F1
 296 07f1 D45950AC 		.ascii	"\324YP\254\300q\000\301\212\366\2771_\217\300\324\212"
 296      C07100C1 
 296      8AF6BF31 
 296      5F8FC0D4 
 296      8A
 297 0802 584E6CD5 		.ascii	"XNl\325\367\276\203\370E\003A\024\215_\001\267\346\022"
 297      F7BE83F8 
 297      45034114 
 297      8D5F01B7 
 297      E612
 298 0814 5873012C 		.ascii	"Xs\001,8\017\220\017p\321&v\015'\261\371\370\273T\241"
 298      380F900F 
ARM GAS  /tmp/ccFVA99R.s 			page 24


 298      70D12676 
 298      0D27B1F9 
 298      F8BB54A1 
 299 0828 73920AF9 		.ascii	"s\222\012\371\010\372\014\013\372\344\331\353\263Kn"
 299      08FA0C0B 
 299      FAE4D9EB 
 299      B34B6E
 300 0837 B78EAA3D 		.ascii	"\267\216\252=\214I\010\012l\203L\366d1Q\025\260\260"
 300      8C49080A 
 300      6C834CF6 
 300      64315115 
 300      B0B0
 301 0849 60613B75 		.ascii	"`a;u\367\330~X\302zI\332\200\256\200\352o2\203I[\372"
 301      F7D87E58 
 301      C27A49DA 
 301      80AE80EA 
 301      6F328349 
 302 085f 8408BB0C 		.ascii	"\204\010\273\014\264\205B\274\013h\274A\344\315\310"
 302      B48542BC 
 302      0B68BC41 
 302      E4CDC8
 303 086e 7D277923 		.ascii	"}'y#I!\345\277&\253\364o\261YI\2036\235\330\336\343"
 303      4921E5BF 
 303      26ABF46F 
 303      B1594983 
 303      369DD8DE 
 304 0883 86A32882 		.ascii	"\206\243(\202\263\243\313\362\335@\035\266\224\206r"
 304      B3A3CBF2 
 304      DD401DB6 
 304      948672
 305 0892 4B977B42 		.ascii	"K\227{B\373.\345\312\224\2012\3456\012\300d~u\221\356"
 305      FB2EE5CA 
 305      948132E5 
 305      360AC064 
 305      7E7591EE 
 306 08a6 6AA5B27A 		.ascii	"j\245\262z\340\260J\230\271%\240a\251\303\254\236\310"
 306      E0B04A98 
 306      B925A061 
 306      A9C3AC9E 
 306      C8
 307 08b7 197CA0C4 		.ascii	"\031|\240\304{\250>\362\247U\035_Z\223z\224\332X\005"
 307      7BA83EF2 
 307      A7551D5F 
 307      5A937A94 
 307      DA5805
 308 08ca 232B041B 		.ascii	"#+\004\033K\205\234\266W\027U\202\226R\032\203\224\310"
 308      4B859CB6 
 308      57175582 
 308      96521A83 
 308      94C8
 309 08dc B2B6037C 		.ascii	"\262\266\003|w\337K\360\376\023\375Y\316\274\025+\001"
 309      77DF4BF0 
 309      FE13FD59 
 309      CEBC152B 
 309      01
 310 08ed 4F1EB83D 		.ascii	"O\036\270=\351\214\323\230\213\366\336\270\\\313\367"
 310      E98CD398 
ARM GAS  /tmp/ccFVA99R.s 			page 25


 310      8BF6DEB8 
 310      5CCBF7
 311 08fc D8F5E286 		.ascii	"\330\365\342\206\351\301\033f\355\335\345Jg\234\313"
 311      E9C11B66 
 311      EDDDE54A 
 311      679CCB
 312 090b 887747CD 		.ascii	"\210wG\315?R\340\363\0141'-d\272\342\022f\314XT\332"
 312      3F52E0F3 
 312      0C31272D 
 312      64BAE212 
 312      66CC5854 
 313 0920 09877BCF 		.ascii	"\011\207{\317\233\253u\317\030\326=\353\301yu\022\015"
 313      9BAB75CF 
 313      18D63DEB 
 313      C1797512 
 313      0D
 314 0931 AD732C79 		.ascii	"\255s,y\227\022_e\"\347\212\237\247+q#C\032\372\222"
 314      97125F65 
 314      22E78A9F 
 314      A72B7123 
 314      431AFA92 
 315 0945 BAE4F81E 		.ascii	"\272\344\370\036C2\026\012o\270\340v\206\\\234\336\373"
 315      4332160A 
 315      6FB8E076 
 315      865C9CDE 
 315      FB
 316 0956 1DDCC77E 		.ascii	"\035\334\307~_\177\322R\357\204\207\270\261\227\242"
 316      5F7FD252 
 316      EF8487B8 
 316      B197A2
 317 0965 8F29F03C 		.ascii	"\217)\360<CJ\017\225\217\250q\204\212\"W_\267\245k\360"
 317      434A0F95 
 317      8FA87184 
 317      8A22575F 
 317      B7A56BF0 
 318 0979 01865C19 		.ascii	"\001\206\\\031\270Y\253\341\016#)\265x\242\251U\215"
 318      B859ABE1 
 318      0E2329B5 
 318      78A2A955 
 318      8D
 319 098a 53D9C3B8 		.ascii	"S\331\303\270\004s\235\013\316fHm|t\234\006\347QD>s"
 319      04739D0B 
 319      CE66486D 
 319      7C749C06 
 319      E751443E 
 320 099f F745AAD2 		.ascii	"\367E\252\322\221\017Z\035\372\240\375]\022\372G`\377"
 320      910F5A1D 
 320      FAA0FD5D 
 320      12FA4760 
 320      FF
 321 09b0 4309FBCB 		.ascii	"C\011\373\313\212\312k\371\206t=\021\330\373z\322\035"
 321      8ACA6BF9 
 321      86743D11 
 321      D8FB7AD2 
 321      1D
 322 09c1 9730E93B 		.ascii	"\2270\351;\367\345\035&z*\331\371\200\212\304z|\376"
 322      F7E51D26 
ARM GAS  /tmp/ccFVA99R.s 			page 26


 322      7A2AD9F9 
 322      808AC47A 
 322      7CFE
 323 09d3 8A82DD22 		.ascii	"\212\202\335\"\314w\020\327\244v^p\303UL\307\312\226"
 323      CC7710D7 
 323      A4765E70 
 323      C3554CC7 
 323      CA96
 324 09e5 E268576B 		.ascii	"\342hWk\243\3559\363q\3528I\354\036\220\336%HW\362>"
 324      A3ED39F3 
 324      71EA3849 
 324      EC1E90DE 
 324      254857F2 
 325 09fa 6B5E6146 		.ascii	"k^aF7\230\241\344ft\302T\356`mvrn\274P\201o2\031\227"
 325      3798A1E4 
 325      6674C254 
 325      EE606D76 
 325      726EBC50 
 326 0a13 121753DC 		.ascii	"\022\027S\334\304\315\3742m\346} \243W\220\321#w(\344"
 326      C4CDFC32 
 326      6DE67D20 
 326      A35790D1 
 326      237728E4 
 327 0a27 B1B49047 		.ascii	"\261\264\220Gq-\035J|\227\011)j\354\\\300V!\220G\261"
 327      712D1D4A 
 327      7C970929 
 327      6AEC5CC0 
 327      56219047 
 328 0a3c 2C8F9E82 		.ascii	",\217\236\202\224'\202\224>\307R\372\245\245\244Mu\015"
 328      94278294 
 328      3EC752FA 
 328      A5A5A44D 
 328      750D
 329 0a4e F185AC17 		.ascii	"\361\205\254\027\351\001S\007\0369\341G\314\341\031"
 329      E9015307 
 329      1E39E147 
 329      CCE119
 330 0a5d F10FAE60 		.ascii	"\361\017\256`\334\307\220\330s\261\265n\370\005C\262"
 330      DCC790D8 
 330      73B1B56E 
 330      F80543B2 
 331 0a6d ABCA5EA8 		.ascii	"\253\312^\250\360\"C&\036F>\321\340\275jvP\320YW\340"
 331      F0224326 
 331      1E463ED1 
 331      E0BD6A76 
 331      50D05957 
 332 0a82 86E31952 		.ascii	"\206\343\031R\3662\255\314\035'3\344\366\223\345I\015"
 332      F632ADCC 
 332      1D2733E4 
 332      F693E549 
 332      0D
 333 0a93 CE60C8DD 		.ascii	"\316`\310\335\210c\220\215\307\371\030\363B\252\026"
 333      8863908D 
 333      C7F918F3 
 333      42AA16
 334 0aa2 9F51B365 		.ascii	"\237Q\263eKM\366%\271\325\322a\232-\223`\345\370\267"
 334      4B4DF625 
ARM GAS  /tmp/ccFVA99R.s 			page 27


 334      B9D5D261 
 334      9A2D9360 
 334      E5F8B7
 335 0ab5 B27242DA 		.ascii	"\262rB\332\312;\023{\026\335q\001\023\267\367\320H\256"
 335      CA3B137B 
 335      16DD7101 
 335      13B7F7D0 
 335      48AE
 336 0ac7 1B2E66C8 		.ascii	"\033.f\310\302`R\033b\366kE\305d\015/&\265MYSj|\203"
 336      C260521B 
 336      62F66B45 
 336      C5640D2F 
 336      26B54D59 
 337 0adf D1961C38 		.ascii	"\321\226\0348\010J72\244;eo\231\013\356fHe\374d\261"
 337      084A3732 
 337      A43B656F 
 337      990BEE66 
 337      4865FC64 
 338 0af4 337ECA90 		.ascii	"3~\312\220\335\257\372\012\334\361(Cr\356_\233t\302"
 338      DDAFFA0A 
 338      DCF12843 
 338      72EE5F9B 
 338      74C2
 339 0b06 330CC9DF 		.ascii	"3\014\311\337\331\177Z\015\334\327B\006#\321Bt-[\210"
 339      D97F5A0D 
 339      DCD74206 
 339      23D14274 
 339      2D5B88
 340 0b19 16564FE5 		.ascii	"\026VO\345)\360\"\363\303\205\274\376?\2122w\335\316"
 340      29F022F3 
 340      C385BCFE 
 340      3F8A3277 
 340      DDCE
 341 0b2b DD24AB22 		.ascii	"\335$\253\"0\014\025<\261\326\272B\264\335\375\231\261"
 341      300C153C 
 341      B1D6BA42 
 341      B4DDFD99 
 341      B1
 342 0b3c 17614ADD 		.ascii	"\027aJ\335\260\004nx\315\334p:\363\324uW\274\313\231"
 342      B0046E78 
 342      CDDC703A 
 342      F3D47557 
 342      BCCB99
 343 0b4f 0AE8CE1B 		.ascii	"\012\350\316\033\273\203Ey\373\301%\232\267\321 !\022"
 343      BB834579 
 343      FBC1259A 
 343      B7D12021 
 343      12
 344 0b60 5B258040 		.ascii	"[%\200@i\021Q\322\"\"\023[\3169\343\375LD\344\215\204"
 344      691151D2 
 344      2222135B 
 344      CE39E3FD 
 344      4C44E48D 
 345 0b75 BBD64D86 		.ascii	"\273\326M\206\355\360\335\022\303\255\311\275D\327\237"
 345      EDF0DD12 
 345      C3ADC9BD 
 345      44D79F
ARM GAS  /tmp/ccFVA99R.s 			page 28


 346 0b84 BB40939D 		.ascii	"\273@\223\235\202&\321\230\327\210\353\247J\272]q\262"
 346      8226D198 
 346      D788EBA7 
 346      4ABA5D71 
 346      B2
 347 0b95 330B66DC 		.ascii	"3\013f\334R>\306G\231\274\221\375\247\212\224\322\362"
 347      523EC647 
 347      99BC91FD 
 347      A78A94D2 
 347      F2
 348 0ba6 F63A94D7 		.ascii	"\366:\224\327\007\373\213= *VBT\305\256\3110\234\313"
 348      07FB8B3D 
 348      202A5642 
 348      54C5AEC9 
 348      309CCB
 349 0bb9 241DBF96 		.ascii	"$\035\277\226\177W\205\3173Im3\215\211\242,\005\026"
 349      7F5785CF 
 349      33496D33 
 349      8D89A22C 
 349      0516
 350 0bcb F1C0629F 		.ascii	"\361\300b\237=\013\011E\366K\373-\246\367\376K5.b\242"
 350      3D0B0945 
 350      F64BFB2D 
 350      A6F7FE4B 
 350      352E62A2 
 351 0bdf BAF33BAE 		.ascii	"\272\363;\256+p\015\0235\023;\222\345xG\222\210\035"
 351      2B700D13 
 351      35133B92 
 351      E5784792 
 351      881D
 352 0bf1 ADE3C74A 		.ascii	"\255\343\307J\234\272\256\355!E\342 \250v\000\257X\310"
 352      9CBAAEED 
 352      2145E220 
 352      A87600AF 
 352      58C8
 353 0c03 A3D2B899 		.ascii	"\243\322\270\231h\027\361\006\237\020\012+\204$l\331"
 353      6817F106 
 353      9F100A2B 
 353      84246CD9 
 354 0c13 E06756DC 		.ascii	"\340gV\334=\255\3003L\271\314\326\222n\310R\206<1_k"
 354      3DADC033 
 354      4CB9CCD6 
 354      926EC852 
 354      863C315F 
 355 0c28 91E36896 		.ascii	"\221\343h\226\277y9\335'\234q\034C*\332\017\016\272"
 355      BF7939DD 
 355      279C711C 
 355      432ADA0F 
 355      0EBA
 356 0c3a E2830CE9 		.ascii	"\342\203\014\351>\277T\256\304\311\014\311\354\234\310"
 356      3EBF54AE 
 356      C4C90CC9 
 356      EC9CC8
 357 0c49 53E1548A 		.ascii	"S\341T\212\310\037.\017\016\302\324\363\022i\361\207"
 357      C81F2E0F 
 357      0EC2D4F3 
 357      1269F187 
ARM GAS  /tmp/ccFVA99R.s 			page 29


 358 0c59 7784F99C 		.ascii	"w\204\371\234\001\346\351,\007\307|\355\220\376=\272"
 358      01E6E92C 
 358      07C77CED 
 358      90FE3DBA 
 359 0c69 E64EC75A 		.ascii	"\346N\307Z\224&X\245\3232]\213\036\037\252\342\005\255"
 359      942658A5 
 359      D3325D8B 
 359      1E1FAAE2 
 359      05AD
 360 0c7b 95E0BD91 		.ascii	"\225\340\275\221\265-j\234\315DO\214\336_t\305\271\014"
 360      B52D6A9C 
 360      CD444F8C 
 360      DE5F74C5 
 360      B90C
 361 0c8d 69193816 		.ascii	"i\0318\026\315\227R\315\264\303\317U\266+\361\031\366"
 361      CD9752CD 
 361      B4C3CF55 
 361      B62BF119 
 361      F6
 362 0c9e B0E3D0AB 		.ascii	"\260\343\320\253^g\234\307\220\372\007{\253\024\270"
 362      5E679CC7 
 362      90FA077B 
 362      AB14B8
 363 0cad 8021271B 		.ascii	"\200!'\033{\315N\370\022C\312\3674.\252\361\025\206"
 363      7BCD4EF8 
 363      1243CAF7 
 363      342EAAF1 
 363      1586
 364 0cbf 1C29DD1D 		.ascii	"\034)\335\035\251\301%\014y\330\320\276\307\005\227"
 364      A9C1250C 
 364      79D8D0BE 
 364      C70597
 365 0cce 33A4E641 		.ascii	"3\244\346Av\223\023\256fH\342\324\253s\010_g\310\323"
 365      769313AE 
 365      6648E2D4 
 365      AB73085F 
 365      67C8D3
 366 0ce1 8B1DB755 		.ascii	"\213\035\267U\270\236!Y%=7\225\370\026C&\353\322\267"
 366      B89E2159 
 366      253D3795 
 366      F8164326 
 366      EBD2B7
 367 0cf4 E366F63B 		.ascii	"\343f\366;\246\260\375\240\006\337gHN\351\213\253\030"
 367      A6B0FDA0 
 367      06DF6748 
 367      4EE98BAB 
 367      18
 368 0d05 B732647E 		.ascii	"\2672d~\367\2058g\334\311\220g\015\3736\342^\276\253"
 368      F7853867 
 368      DCC99067 
 368      0DFB36E2 
 368      5EBEAB
 369 0d18 1D5A36E1 		.ascii	"\035Z6\341~\366\373\334\223\262J\025\036dHJ\367\205"
 369      7EF6FBDC 
 369      93B24A15 
 369      1E64484A 
 369      F785
ARM GAS  /tmp/ccFVA99R.s 			page 30


 370 0d2a 68057EC1 		.ascii	"h\005~\301\220GG\347\347]\3608Cz\366u\377\027\236f\277"
 370      904747E7 
 370      E75DF038 
 370      437AF675 
 370      FF179E66 
 371 0d3f AB1EEE59 		.ascii	"\253\036\356Y\324\342W\0149\273<\025\257\305\213\014"
 371      D4E2570C 
 371      39BB3C15 
 371      AFC58B0C 
 372 0d4f 69C899AD 		.ascii	"i\310\231\255\341-\272\237\256R.LL\253\371!/\254\267"
 372      E12DBA9F 
 372      AE522E4C 
 372      4CABF921 
 372      2FACB7
 373 0d62 BE1B9BDB 		.ascii	"\276\033\233\333Y\212\310\366\220n\030l\376\274\350"
 373      598AC8F6 
 373      906E186C 
 373      FEBCE8
 374 0d71 BF6C1D59 		.ascii	"\277l\035Y7\344t\352\364\036\266e$\241<\011\241\254"
 374      37E474EA 
 374      F41EB665 
 374      24A13C09 
 374      A1AC
 375 0d83 C6A2A5E4 		.ascii	"\306\242\245\344u\271\335\226q\3703\266\360$\324\027"
 375      75B9DD96 
 375      71F833B6 
 375      F024D417 
 376 0d93 ECA977DB 		.ascii	"\354\251w\333S\367\375J\240>cO\335&\267\337a\316\377"
 376      53F7FD4A 
 376      A03E634F 
 376      DD26B7DF 
 376      61CEFF
 377 0da6 5A20CFB4 		.ascii	"Z \317\264'?\212\355\311\033D\344\271\322\2323r\233"
 377      273F8AED 
 377      C91B44E4 
 377      B9D29A33 
 377      729B
 378 0db8 C3D652BC 		.ascii	"\303\326R\274\026\225\000/T\314\207\220\345l3\244\370"
 378      1695002F 
 378      54CC8790 
 378      E56C33A4 
 378      F8
 379 0dc9 3DEC896E 		.ascii	"=\354\211n\001\\\003\250\007x\000p\007\240\034\240\016"
 379      015C03A8 
 379      07780070 
 379      07A01CA0 
 379      0E
 380 0dda E02E400D 		.ascii	"\340.@\015@\003@\023\300m\200\012\200\233\000\327\001"
 380      40034013 
 380      C06D800A 
 380      809B00D7 
 380      01
 381 0deb CA00AA00 		.ascii	"\312\000\252\000\256\002\324\002\334\000h\004\270\017"
 381      AE02D402 
 381      DC006804 
 381      B80F
 382 0df9 5009D082 		.ascii	"P\011\320\202\305\033\245{\"\345O\330+\177\315\336\221"
ARM GAS  /tmp/ccFVA99R.s 			page 31


 382      C51BA57B 
 382      22E54FD8 
 382      2B7FCDDE 
 382      91
 383 0e0a 3522479E 		.ascii	"5\"G\236\267\247\336\265\302\221\015\242(]\266'_q\014"
 383      B7A7DEB5 
 383      C2910DA2 
 383      285DB627 
 383      5F710C
 384 0e1d 3029627E 		.ascii	"0)b~\312\236:j\005\363>\221\3469\366\344\307\260\035"
 384      CA9E3A6A 
 384      05F33E91 
 384      E639F6E4 
 384      C7B01D
 385 0e30 F37611F5 		.ascii	"\363v\021\365qi;\305\314'E\232\027H\347\227\230\374"
 385      71693BC5 
 385      CC27459A 
 385      1748E797 
 385      98FC
 386 0e42 9E88BC50 		.ascii	"\236\210\274P\332P\233#\014\221\245\247\245-\025\251"
 386      DA509B23 
 386      0C91A5A7 
 386      A52D15A9 
 387 0e52 DE20A2CE 		.ascii	"\336 \242\316\263\247\036X13D\206fK\273E\254J\215H\363"
 387      B3A71E58 
 387      31334486 
 387      664BBB45 
 387      AC4A8D48 
 388 0e67 2BF6E42B 		.ascii	"+\366\344+\316^\332E\252\234\225\236H\342i'\342}\321"
 388      CE5EDA45 
 388      AA9C959E 
 388      48E26927 
 388      E27DD1
 389 0e7a 9EBA6585 		.ascii	"\236\272e\205W\356\211\230\237\223\266S|\3362Z\305\336"
 389      57EE8998 
 389      9F93B653 
 389      7CDE325A 
 389      C5DE
 390 0e8c 6800D9CA 		.ascii	"h\000\331\312\235\351R\275G6=o!\314\362\2453U\244\351"
 390      9DE952BD 
 390      47363D6F 
 390      21CCF2A5 
 390      3355A4E9 
 391 0ea0 FC3F0BA2 		.ascii	"\374?\013\242\213$\275 \236\004\377*\020\037\261'\256"
 391      8B24BD20 
 391      9E04FF2A 
 391      101FB127 
 391      AE
 392 0eb1 B6673D29 		.ascii	"\266g=)\212G\226t1\021\247\251\310e\227\244]f\331Q\267"
 392      8A479674 
 392      3111A7A9 
 392      C86597A4 
 392      5D66D951 
 393 0ec6 A56794BA 		.ascii	"\245g\224\272\212;\266\230V\206\036Z;v\321\362\360\270"
 393      8A3BB698 
 393      56861E5A 
 393      3B76D1F2 
ARM GAS  /tmp/ccFVA99R.s 			page 32


 393      F0B8
 394 0ed8 132EA42F 		.ascii	"\023.\244/\307\361\356\235\263\345r\207G\001\350\021"
 394      C7F1EE9D 
 394      B3E57287 
 394      4701E811 
 395 0ee8 C86CE5C5 		.ascii	"\310l\345\305\250\015\212Q;\026\237\006\3002\"u\347"
 395      A80D8A51 
 395      3B169F06 
 395      C0322275 
 395      E7
 396 0ef9 2EB28C68 		.ascii	".\262\214h\225r\372\303\323\337cN\007\331(\225s\222"
 396      9572FAC3 
 396      D3DF634E 
 396      07D92895 
 396      7392
 397 0f0b 3E0E88EF 		.ascii	">\016\210\357\274:,\307\345\354\205\375\363\201\263"
 397      BC3A2CC7 
 397      E5EC85FD 
 397      F381B3
 398 0f1a B0FFBBC6 		.ascii	"\260\377\273\306\220cc\207\022\334\360m\206\\Z>\275"
 398      90636387 
 398      12DCF06D 
 398      865C5A3E 
 398      BD
 399 0f2b 0BE30714 		.ascii	"\013\343\007\024\371Yq\355\356\003\256\350mO\355\333"
 399      F95971ED 
 399      EE03AEE8 
 399      6D4FEDDB 
 400 0f3b B49968E9 		.ascii	"\264\231h\351/O\202x\301\037\3551pY\303\036A\177\321"
 400      2F4F8278 
 400      C11FED31 
 400      7059C31E 
 400      417FD1
 401 0f4e 6ABDAC7D 		.ascii	"j\275\254}\206\367\034/i\253\207`\025\335\303\255^\004"
 401      86F71C2F 
 401      69AB8760 
 401      15DDC3AD 
 401      5E04
 402 0f60 AB7BB1ED 		.ascii	"\253{\261\355\273C\317\363\374-\337c0\354\016'\2260"
 402      BB43CFF3 
 402      FC2DDF63 
 402      30EC0E27 
 402      9630
 403 0f72 4C148C3E 		.ascii	"L\024\214>\233`\220q\314[6'BWa\221F\022\006\245+\274"
 403      9B609071 
 403      CC5B3627 
 403      42576191 
 403      461206A5 
 404 0f88 503F5720 		.ascii	"P?W \015~\037Qx\242T\200\024\200\303\000\311\000\207"
 404      0D7E1F51 
 404      78A25480 
 404      1480C300 
 404      C90087
 405 0f9b 00920012 		.ascii	"\000\222\000\022\001"
 405      01
 406 0fa0 0E021C00 		.ascii	"\016\002\034\000H\000X\202\232>\0170\007\360\012\340"
 406      48005882 
ARM GAS  /tmp/ccFVA99R.s 			page 33


 406      9A3E0F30 
 406      07F00AE0 
 407 0fb0 25C03380 		.ascii	"%\3003\200\001\200\247\000O\004c\310\021b\207G\242\331"
 407      0180A700 
 407      4F0463C8 
 407      11628747 
 407      A2D9
 408 0fc2 1C13A5A4 		.ascii	"\034\023\245\244\347]]\020$\"\327z\336%\252\370\322"
 408      E75D5D10 
 408      2422D77A 
 408      DE25AAF8 
 408      D2
 409 0fd3 9A76F211 		.ascii	"\232v\362\021\377\317\232\202\333k;\326\260#SX\363\335"
 409      FFCF9A82 
 409      DB6B3BD6 
 409      B0235358 
 409      F3DD
 410 0fe5 9033A992 		.ascii	"\2203\251\222m\225\237\260\266\363\023Vr\234R+M/\232"
 410      6D959FB0 
 410      B6F31356 
 410      729C522B 
 410      4D2F9A
 411 0ff8 68A36D9C 		.ascii	"h\243m\234\373 \204\246"
 411      FB2084A6 
 412 1000 C19E5CDC 		.ascii	"\301\236\\\334mDA\035\262\011\352 \233a6]\275\005\374"
 412      6D44411D 
 412      B209EA20 
 412      9B61365D 
 412      BD05FC
 413 1013 D4428B3E 		.ascii	"\324B\213>\260\034\342~\232\201\224\032\005\373F\000"
 413      B01CE27E 
 413      9A81941A 
 413      05FB4600 
 414 1023 866D6C9C 		.ascii	"\206ml\234ZpZ*4\233c\225\3509\250\321\310\307Hv\016"
 414      5A705A2A 
 414      349B6395 
 414      E839A8D1 
 414      C8C74876 
 415 1038 911A2F6C 		.ascii	"\221\032/l\324x\276\232\032\263 \372\315j\364\261\323"
 415      D478BE9A 
 415      1AB320FA 
 415      CD6AF4B1 
 415      D3
 416 1049 5292A5B7 		.ascii	"R\222\245\267\244u\020\035\227><\254\212\2405j\014\310"
 416      A475101D 
 416      973E3CAC 
 416      8AA0356A 
 416      0CC8
 417 105b 6E7372EB 		.ascii	"nsr\353\036\304[\"\177\024\242=\3124(1\301\025\232\202"
 417      1EC45B22 
 417      7F14A23D 
 417      CA342831 
 417      C1159A82 
 418 106f DF93A0CC 		.ascii	"\337\223\240\314\270\375t\313\027M\267f\2200\341\240"
 418      B8FD74CB 
 418      174DB766 
 418      9030E1A0 
ARM GAS  /tmp/ccFVA99R.s 			page 34


 419 107f 29498B68 		.ascii	")I\213h\342#\034\213\250\361fU\3262\235W\362\027\235"
 419      E2231C8B 
 419      A8F16655 
 419      D6329D57 
 419      F2179D
 420 1092 F82E9D67 		.ascii	"\370.\235g}f\302\266\344Y\276\022x\357\010\375J\200"
 420      7D66C2B6 
 420      E459BE12 
 420      78EF08FD 
 420      4A80
 421 10a4 38E3AEB0 		.ascii	"8\343\256\260\031'\304\026\232\227\013Ns\005d\023;$"
 421      1927C416 
 421      9A970B4E 
 421      73056413 
 421      3B24
 422 10b6 C5612059 		.ascii	"\305a YE\2165HL\357\011\343\207\260\360\225\301T\233"
 422      458E3548 
 422      4CEF09E3 
 422      87B0F095 
 422      C1549B
 423 10c9 6F2B4B12 		.ascii	"o+K\022rR\366@:WE\001\252\371\222YG\316\203\332\355"
 423      7252F640 
 423      3A574501 
 423      AAF99259 
 423      47CE83DA 
 424 10de A9ED56BB 		.ascii	"\251\355V\273d\317\373[!\234\3178\271\325\227\003+\310"
 424      64CFFB5B 
 424      219CCF38 
 424      B9D59703 
 424      2BC8
 425 10f0 277FC3B8 		.ascii	"'\177\303\270/\000\331\240=\367\001\273\362\261\242"
 425      2F00D9A0 
 425      3DF701BB 
 425      F2B1A2
 426 10ff D2BE8678 		.ascii	"\322\276\206xHUZ~\270\316]\335#\355j\317\324\004\342"
 426      48555A7E 
 426      B8CE5DDD 
 426      23ED6ACF 
 426      D404E2
 427 1112 6A227958 		.ascii	"j\"yXt\232fq\225\231\346\316\035\376.b\031\257A\317"
 427      749A6671 
 427      9599E6CE 
 427      1DFE2E62 
 427      19AF41CF 
 428 1126 EDF5132F 		.ascii	"\355\365\023/Q\017J\237\205\223qD\273x(n\373\241h\355"
 428      510F4A9F 
 428      85937144 
 428      BB78286E 
 428      FBA168ED 
 429 113a 03880388 		.ascii	"\003\210\003\210\001\210\004\210\0000+\304\3314\377"
 429      01880488 
 429      00302BC4 
 429      D934FF
 430 1149 39F30889 		.ascii	"9\363\010\211\316\013\220H88\\<,\335\022\325\235\221"
 430      CE0B9048 
 430      38385C3C 
 430      2CDD12D5 
ARM GAS  /tmp/ccFVA99R.s 			page 35


 430      9D91
 431 115b 37514FF2 		.ascii	"7QO\362\245F\224B\213F\035\023\213jC\264B\\\033`\334"
 431      A5469442 
 431      8B461D13 
 431      8B6A43B4 
 431      425C1B60 
 432 1170 8ADA300B 		.ascii	"\212\3320\013\261\235!\245|\032\030\022rb\355n\260v"
 432      B19D21A5 
 432      7C1A1812 
 432      7262ED6E 
 432      B076
 433 1182 1758B653 		.ascii	"\027X\266S!n\026u1\2521\356Nr\3546\306\0078\256\015"
 433      216E1675 
 433      31AA31EE 
 433      4E72EC36 
 433      C60738AE 
 434 1197 C3EF903A 		.ascii	"\303\357\220:B2i\212\323J\024\006\236\367\273\234H\336"
 434      4232698A 
 434      D34A1406 
 434      9EF7BB9C 
 434      48DE
 435 11a9 03CDCA85 		.ascii	"\003\315\312\205\304\3136\337\006^\002b\301\362\227"
 435      C4CB36DF 
 435      065E0262 
 435      C1F297
 436 11b8 DFCAF23D 		.ascii	"\337\312\362=@)X\036\313,w\320\221\321^\260Wh\312\326"
 436      4029581E 
 436      CB2C77D0 
 436      91D15EB0 
 436      5768CAD6 
 437 11cc EFD9525A 		.ascii	"\357\331RZ\311<%\234^\011\011\366\230\026X\353wD7\205"
 437      C93C259C 
 437      5E0909F6 
 437      981658EB 
 437      77443785 
 438 11e0 2F7EE656 		.ascii	"/~\346V\215\037I\350\233\274)\221\2718\377&j\313v\211"
 438      8D1F49E8 
 438      9BBC2991 
 438      B938FF26 
 438      6ACB7689 
 439 11f4 102F3826 		.ascii	"\020/8&f\332>\254\242\357\002\201f\245\377f\313=\242"
 439      66DA3EAC 
 439      A2EF0281 
 439      66A5FF66 
 439      CB3DA2
 440 1207 A2CC29EB 		.ascii	"\242\314)\353\351\261\331\"\237\004\374\314\211M\201"
 440      E9B1D922 
 440      9F04FCCC 
 440      894D81
 441 1216 12F12EED 		.ascii	"\022\361.\355\323\024su\004\246\007_1X\202x\243hw\361"
 441      D3147375 
 441      04A6075F 
 441      31588278 
 441      A36877F1 
 442 122a 4F8C969C 		.ascii	"O\214\226\234p\305I\321\212\222\267\266\214\247z\022"
 442      70C549D1 
 442      8A92B7B6 
ARM GAS  /tmp/ccFVA99R.s 			page 36


 442      8CA77A12 
 443 123a 383A01DB 		.ascii	"8:\001\333ME\211M\324O\231\371\344\303\221C\322\344"
 443      4D45894D 
 443      D44F99F9 
 443      E4C39143 
 443      D2E4
 444 124c E295F24F 		.ascii	"\342\225\362O\204\032\236lO-\261\271\020\221\037\226"
 444      841A9E6C 
 444      4F2DB1B9 
 444      10911F96 
 445 125c 2617C7AD 		.ascii	"&\027\307\255\204\307\215\254`S\354\311Wn\350\346}\031"
 445      84C78DAC 
 445      6053ECC9 
 445      576EE8E6 
 445      7D19
 446 126e 77B2F6E8 		.ascii	"w\262\366\350\220&\027\257=\212\271c,\375\255\337A\177"
 446      902617AF 
 446      3D8AB963 
 446      2CFDADDF 
 446      417F
 447 1280 E396FADA 		.ascii	"\343\226\372\332v\253\225\324\342\264(f%\264_\272\204"
 447      76AB95D4 
 447      E2B42866 
 447      25B45FBA 
 447      84
 448 1291 7E7A921E 		.ascii	"~z\222\036\035\223\271\320-\234\227\365c\376Fq\354q"
 448      1D93B9D0 
 448      2D9C97F5 
 448      63FE4671 
 448      EC71
 449 12a3 D471779C 		.ascii	"\324qw\234\255\245\213\357\327\245i\26748\227!\005\011"
 449      ADA58BEF 
 449      D7A569B7 
 449      34389721 
 449      0509
 450 12b5 1111189F 		.ascii	"\021\021\030\237gHT\344\361\007r\262\365\210z\303\327"
 450      674854E4 
 450      F10772B2 
 450      F5887AC3 
 450      D7
 451 12c6 40598D31 		.ascii	"@Y\2151w\234q1\033u\353\330\\\274;\256\247\210Sb]C\001"
 451      779C7131 
 451      1B75EBD8 
 451      5CBC3BAE 
 451      A7885362 
 452 12dd EC43C8FA 		.ascii	"\354C\310\372\\\272:\035S`\224\303\253S.\314\326\343"
 452      5CBA3A1D 
 452      536094C3 
 452      AB532ECC 
 452      D6E3
 453 12ef 509D4E00 		.ascii	"P\235N\000\234\264V\250\350(2\037\275FR\206\350|\314"
 453      9CB456A8 
 453      E828321F 
 453      BD465286 
 453      E87CCC
 454 1302 82599BC9 		.ascii	"\202Y\233\311\0079\234bK#<\260\244\236\035\225\244\026"
 454      07399C62 
ARM GAS  /tmp/ccFVA99R.s 			page 37


 454      4B233CB0 
 454      A49E1D95 
 454      A416
 455 1314 EF311FBE 		.ascii	"\3571\037\276`\336\314YQ\245\340a\367\250\210W\266="
 455      60DECC59 
 455      51A5E061 
 455      F7A88857 
 455      B63D
 456 1326 2FDBEFDE 		.ascii	"/\333\357\336\036\307\316\344+\360]j\273\274\357P\334"
 456      1EC7CEE4 
 456      2BF05D6A 
 456      BBBCEF50 
 456      DC
 457 1337 43ADF5FD 		.ascii	"C\255\365\375gS\372\0173h_;\003\303O)\254A!2\035\225"
 457      6753FA0F 
 457      33685F3B 
 457      03C34F29 
 457      AC412132 
 458 134d EED3E090 		.ascii	"\356\323\340\220\325\234C\216\342R\206b]q/s\375\211"
 458      D59C438E 
 458      E2528662 
 458      5D712F73 
 458      FD89
 459 135f ABB3D51A 		.ascii	"\253\263\325\032\374\214!\265w\2323\235\360\022C.7\234"
 459      FC8C21B5 
 459      779A339D 
 459      F012432E 
 459      379C
 460 1371 BCAD249F 		.ascii	"\274\255$\237\201E}\253\317M\223\260\362ry\324U\204"
 460      81457DAB 
 460      CF4D93B0 
 460      F27279D4 
 460      5584
 461 1383 E8071F9E 		.ascii	"\350\007\037\236\326 \014\3626q^\241Ay`C\301JWH,\331"
 461      D6200CF2 
 461      36715EA1 
 461      41796043 
 461      C14A5748 
 462 1399 ACCBD473 		.ascii	"\254\313\324s|\010\261\347\"\330S\010\266\\\000\270"
 462      7C08B1E7 
 462      22D85308 
 462      B65C00B8 
 463 13a9 04906FD3 		.ascii	"\004\220o\323lg{\370\334\261|CY\260j\000\273{X\000\013"
 463      6C677BF8 
 463      DCB17C43 
 463      59B06A00 
 463      BB7B5800 
 464 13be A4DA4CED 		.ascii	"\244\332L\355\240\335\207\213\022Z\213\246\355\200X"
 464      A0DD878B 
 464      125A8BA6 
 464      ED8058
 465 13cd 74ABA468 		.ascii	"t\253\244hK\270\023\033.\016\253p\254+\373\214hx4Ea"
 465      4BB8131B 
 465      2E0EAB70 
 465      AC2BFB8C 
 465      68783445 
 466 13e2 F33180D8 		.ascii	"\3631\200\330\364\"0\367M\246[\022\3057\275\200$\312"
ARM GAS  /tmp/ccFVA99R.s 			page 38


 466      F42230F7 
 466      4DA65B12 
 466      C537BD80 
 466      24CA
 467 13f4 1520BF2C 		.ascii	"\025 \277,$J\201\202\317\336\342\212\221\015\3540v-"
 467      244A8182 
 467      CFDEE28A 
 467      910DEC30 
 467      762D
 468 1406 39D1EF9A 		.ascii	"9\321\357\232\250\346\237\266\367\222\027L\005w\366"
 468      A8E69FB6 
 468      F792174C 
 468      0577F6
 469 1415 A7BBE24C 		.ascii	"\247\273\342LWv\356\274TwM\205O0\244\242z\252R\201\363"
 469      5776EEBC 
 469      54774D85 
 469      4F30A4A2 
 469      7AAA5281 
 470 142a 18925A55 		.ascii	"\030\222ZUP\207\361e\206\214e\037\2075^\031C\016Dg="
 470      5087F165 
 470      868C651F 
 470      87355E19 
 470      430E4467 
 471 143f 73C7350C 		.ascii	"s\3075\014\311;\020\221(\307\015\0149\037\331wC\205"
 471      C93B1091 
 471      28C70D0C 
 471      391FD977 
 471      4385
 472 1451 5B29A23E 		.ascii	"[)\242>tav\300\211\236\371z\275m9\340}\331\366\336s"
 472      746176C0 
 472      899EF97A 
 472      BD6D39E0 
 472      7DD9F6DE 
 473 1466 D19ABE0C 		.ascii	"\321\232\276\014\224\257S8\256\327`\354\235a\262O\005"
 473      94AF5338 
 473      AED760EC 
 473      9D61B24F 
 473      05
 474 1477 6793C544 		.ascii	"g\223\305D\025\247\227XL0\376\335\317E\025\365\252="
 474      15A79758 
 474      4C30FEDD 
 474      CF4515F5 
 474      AA3D
 475 1489 F715BD63 		.ascii	"\367\025\275c\376\217BE-\227\326E\374\311\3070\313\241"
 475      FE8F4245 
 475      2D97D645 
 475      FCC9C730 
 475      CBA1
 476 149b 3A85E34F 		.ascii	":\205\343OgK\024kQ\261\202\234\377pv$\234\265\020\316"
 476      674B146B 
 476      51B1829C 
 476      FF707624 
 476      9CB510CE 
 477 14af 6B10C67A 		.ascii	"k\020\306z\200\233\0007\000j\000\256\333d\364\303a\321"
 477      809B0037 
 477      006A00AE 
 477      DB64F4C3 
ARM GAS  /tmp/ccFVA99R.s 			page 39


 477      61D1
 478 14c1 C6B5D25E 		.ascii	"\306\265\322^\233\025K\254>\256;\351L\025\322\324\314"
 478      9B154BAC 
 478      3EAE3BE9 
 478      4C15D2D4 
 478      CC
 479 14d2 8FE495F8 		.ascii	"\217\344\225\370X\362\220\002\367\2614\\\332\331\234"
 479      58F29002 
 479      F7B1345C 
 479      DAD99C
 480 14e1 E32EAA3A 		.ascii	"\343.\252:\237\036Y$\213\235[0\276AH\246\272\225U\307"
 480      9F1E5924 
 480      8B9D5B30 
 480      BE4148A6 
 480      BA9555C7 
 481 14f5 6A5B23D8 		.ascii	"j[#\330\363mm\003\351\315\3239\261J<\306R$\2729\342"
 481      F36D6D03 
 481      E9CDD339 
 481      B14A3CC6 
 481      5224BA39 
 482 150a A7788EFD 		.ascii	"\247x\216\375\256\357\330W\251d\211\352M\336\312\034"
 482      AEEFD857 
 482      A96489EA 
 482      4DDECA1C 
 483 151a 99800928 		.ascii	"\231\200\011(\274\302%\367\205f\322\254 \237\242z\257"
 483      BCC225F7 
 483      8566D2AC 
 483      209FA27A 
 483      AF
 484 152b 454D0AFA 		.ascii	"EM\012\372r\254j\342\372!\255G\002W\360\347\357\322"
 484      72AC6AE2 
 484      FA21AD47 
 484      0257F0E7 
 484      EFD2
 485 153d 17551190 		.ascii	"\027U\021\220\030f\032\345\273\012\017\313 \240v\316"
 485      18661AE5 
 485      BB0A0FCB 
 485      20A076CE 
 486 154d AB9CBB8A 		.ascii	"\253\234\273\212\331\013\010R\261,\273\004\257\271\311"
 486      D90B0852 
 486      B12CBB04 
 486      AFB9C9
 487 155c 689A8D64 		.ascii	"h\232\215d*\235\005\353[\341j\235\222\273Wnzv\260=\022"
 487      2A9D05EB 
 487      5BE16A9D 
 487      92BB576E 
 487      7A76B03D 
 488 1571 71562927 		.ascii	"qV)'\267\272\305\276\307L~\303\210I=\317\340\304\326"
 488      B7BAC5BE 
 488      C74C7EC3 
 488      88493DCF 
 488      E0C4D6
 489 1584 CABD7243 		.ascii	"\312\275rC5\377g\026P\362\005L\261\234\221[\003Zd\277"
 489      35FF6716 
 489      50F2054C 
 489      B19C915B 
 489      035A64BF 
ARM GAS  /tmp/ccFVA99R.s 			page 40


 490 1598 B9EB5E54 		.ascii	"\271\353^TF\320\317\337\300Pt\207s\267\230\217\226\355"
 490      46D0CFDF 
 490      C0507487 
 490      73B7988F 
 490      96ED
 491 15aa B36574C1 		.ascii	"\263et\301r\334C>\"\332\311\331[\277D\212tp\334\263"
 491      72DC433E 
 491      22DAC9D9 
 491      5BBF448A 
 491      7470DCB3 
 492 15be 04F25F13 		.ascii	"\004\362_\023\371\267\271\004\022\362v\010y\013\204"
 492      F9B7B904 
 492      12F27608 
 492      790B84
 493 15cd F81EC07D 		.ascii	"\370\036\300}\2006\200\007\000\217\000\036\332\354\033"
 493      80368007 
 493      008F001E 
 493      DAEC1B
 494 15dc EEFD99E9 		.ascii	"\356\375\231\351H\226\0315\\\246\365\004I\264_\345M"
 494      48961935 
 494      5CA6F504 
 494      49B45FE5 
 494      4D
 495 15ed F6159B5F 		.ascii	"\366\025\233_\255\012\373o\252*vF\317\272\342\0307\232"
 495      AD0AFB6F 
 495      AA2A7646 
 495      CFBAE218 
 495      379A
 496 15ff BFB5D752 		.ascii	"\277\265\327R7\332\177Re\325\263\013t\373\277\350i\335"
 496      37DA7F52 
 496      65D5B30B 
 496      74FBBFE8 
 496      69DD
 497 1611 BD1F9D26 		.ascii	"\275\037\235&\223\240\023\206v\010\223\240\325RQ\013"
 497      93A01386 
 497      760893A0 
 497      D552510B 
 498 1621 D3B29B9D 		.ascii	"\323\262\233\235\276\237C?%\206\275elT\243\331|LK\311"
 498      BE9F433F 
 498      2586BD65 
 498      6C54A3D9 
 498      7C4C4BC9 
 499 1635 17D9C7C4 		.ascii	"\027\331\307\304V\025d\344\016\374\333\255 \337\010"
 499      561564E4 
 499      0EFCDBAD 
 499      20DF08
 500 1644 BF1E6F7E 		.ascii	"\277\036o~\315\337'j\310\227\005\365\2732\035\247x\257"
 500      CDDF276A 
 500      C89705F5 
 500      BB321DA7 
 500      78AF
 501 1656 25C57B58 		.ascii	"%\305{X\212?j\213.\341\337!\270\210\336b\256\341o1+"
 501      8A3F6A8B 
 501      2EE1DF21 
 501      B888DE62 
 501      AEE16F31 
 502 166b 1BEFB5B9 		.ascii	"\033\357\265\271\0113\000\321\257\302\373 \033\037+"
ARM GAS  /tmp/ccFVA99R.s 			page 41


 502      093300D1 
 502      AFC2FB20 
 502      1B1F2B
 503 167a 08B72774 		.ascii	"\010\267't\006\364\362\031\200\356w\307m\022\023\317"
 503      06F4F219 
 503      80EE77C7 
 503      6D1213CF 
 504 168a AC46BCB7 		.ascii	"\254F\274\267\271\253D\373~\222[&\354,\372\341\021y"
 504      B9AB44FB 
 504      7E925B26 
 504      EC2CFAE1 
 504      1179
 505 169c 333AF7BA 		.ascii	"3:\367\272Y\203\263\334\330\341\354\355\251d\015>\317"
 505      5983B3DC 
 505      D8E1ECED 
 505      A9640D3E 
 505      CF
 506 16ad 908998B6 		.ascii	"\220\211\230\266!\342\234\346j\362\037\2406^\210\254"
 506      21E29CE6 
 506      6AF21FA0 
 506      365E88AC 
 507 16bd 36C7FE9C 		.ascii	"6\307\376\234\014C\317\300\225\303\350\003\221\234\001"
 507      0C43CFC0 
 507      95C3E803 
 507      919C01
 508 16cc B8F354F1 		.ascii	"\270\363T\361\276\014\015R\367\014\224&]\3278\364\307"
 508      BE0C0D52 
 508      F70C9426 
 508      5DD738F4 
 508      C7
 509 16dd 90C51F33 		.ascii	"\220\305\0373\354}x\316p\3115\376\226\321\025\320\316"
 509      EC7D78CE 
 509      70C935FE 
 509      96D115D0 
 509      CE
 510 16ee ECA4130A 		.ascii	"\354\244\023\012\346\217A\372\256\326\334<\346d\357"
 510      E68F41FA 
 510      AED6DC3C 
 510      E664EF
 511 16fd 8FE7207A 		.ascii	"\217\347 z\230\212~AM\034\262\230\270|8}Be\357\020\207"
 511      988A7E41 
 511      4D1CB298 
 511      B87C387D 
 511      4265EF10 
 512 1712 D4D92923 		.ascii	"\324\331)#\336\357\027Q\177\2140\177\230\363\247\342"
 512      DEEF1751 
 512      7F8C307F 
 512      98F3A7E2 
 513 1722 DCF00DE6 		.ascii	"\334\360\015\346\202\274\247\225m\012\356\202I\337\210"
 513      82BCA795 
 513      6D0AEE82 
 513      49DF88
 514 1731 ACEAE8F7 		.ascii	"\254\352\350\367\010\035u\300(8@\340;F\356\020\007\214"
 514      081D75C0 
 514      283840E0 
 514      3B46EE10 
 514      078C
ARM GAS  /tmp/ccFVA99R.s 			page 42


 515 1743 5307CC2E 		.ascii	"S\007\314.\014%b\361\341}\247\315\276}\202\355^\311"
 515      0C2562F1 
 515      E17DA7CD 
 515      BE7D82ED 
 515      5EC9
 516 1755 1588AF64 		.ascii	"\025\210\257d5V9\213\211\257\330\020Or\342IJ\234\271"
 516      3556398B 
 516      89AFD810 
 516      4F72E249 
 516      4A9CB9
 517 1768 B890EA26 		.ascii	"\270\220\352&&.\265\371\277]S\234x\212\022G\3264\247"
 517      262EB5F9 
 517      BF5D539C 
 517      788A1247 
 517      D634A7
 518 177b A8C5C4AF 		.ascii	"\250\305\304\257l\210\2479\3614%\316\270y\352\367bZ"
 518      6C88A739 
 518      F13425CE 
 518      B879EAF7 
 518      625A
 519 178d 12698176 		.ascii	"\022i\201v\206\323\316P\332\261g5\3475b\342\021\033"
 519      86D3CE50 
 519      DAB16735 
 519      E73562E2 
 519      111B
 520 179f E2594E4C 		.ascii	"\342YNL\256j\3356\223.0$\320\364\335u\353\2747\005\004"
 520      AE6ADD36 
 520      932E3024 
 520      D0F4DD75 
 520      EBBC3705 
 521 17b4 6E0EFCED 		.ascii	"n\016\374\355\357\274C\215\336\006\223\267\321\340\357"
 521      EFBC438D 
 521      DE0693B7 
 521      D1E0EF
 522 17c3 ED1FB0CD 		.ascii	"\355\037\260\315\264\316_\375\313\337\374\373{"
 522      B4CE5FFD 
 522      CBDFFCFB 
 522      7B
 523 17d0 9B7C7C64 		.ascii	"\233||dkW!\222i\374\003\376\343\337~\021\372;\275\351"
 523      6B572192 
 523      69FC03FE 
 523      E3DF7E11 
 523      FA3BBDE9 
 524 17e4 57EA6DA6 		.ascii	"W\352m\246\257\302C\374u\246\037\254\030\020\030\342"
 524      AFC243FC 
 524      75A61FAC 
 524      181018E2 
 525 17f4 1F14BE45 		.ascii	"\037\024\276E\017\203\214\337\030M\337\204\351\215\353"
 525      0F838CDF 
 525      184DDF84 
 525      E98DEB
 526 1803 02641A9D 		.ascii	"\002d\032\235.<0\304\264q\203\316\364\221w\270\321\340"
 526      2E3C30C4 
 526      B47183CE 
 526      F49177B8 
 526      D1E0
 527 1815 ED6708FE 		.ascii	"\355g\010\376QHh\210\376Gz\277\315\201\3261\301~\376"
ARM GAS  /tmp/ccFVA99R.s 			page 43


 527      51486888 
 527      FE477ABF 
 527      CD81D631 
 527      C17EFE
 528 1828 0181217A 		.ascii	"\001\201!zo\335\026\375W~\341A&\235e\274\3322\372\037"
 528      6FDD16FD 
 528      577EE141 
 528      269D65BC 
 528      DA32FA1F 
 529 183c 56190DF2 		.ascii	"V\031\015\362\274uF\323\026 \205!\316D|`\260^gR\201"
 529      BC7546D3 
 529      16208521 
 529      CE447C60 
 529      B05E6752 
 530 1851 0788B6A0 		.ascii	"\007\210\266\24040\0162\371\221\033a\006\3756r\015\321"
 530      34300E32 
 530      F9911B61 
 530      06FD3672 
 530      0DD1
 531 1863 EF30BDE5 		.ascii	"\3570\275\345\037\240\333\026h0\205\373\005\351\310"
 531      1FA0DB16 
 531      683085FB 
 531      05E9C8
 532 1872 10839210 		.ascii	"\020\203\222\020\370\031\334mn\352L\037\254f\254\177"
 532      F819DC6D 
 532      6EEA4C1F 
 532      AC66AC7F 
 533 1882 C01690AA 		.ascii	"\300\026\220\252e>\372Bo\004/9\373\007\374\356\033\343"
 533      653EFA42 
 533      6F042F39 
 533      FB07FCEE 
 533      1BE3
 534 1894 677E4126 		.ascii	"g~A&\205\177\200\237\341\375\325}\005\243A\221_l\336"
 534      857F809F 
 534      E1FDD57D 
 534      05A34191 
 534      5F6CDE
 535 18a7 BA2940EF 		.ascii	"\272)@\357\377\365\246 ?\243\361W\177\277\312\220-\372"
 535      FFF5A620 
 535      3FA3F157 
 535      7FBFCA90 
 535      2DFA
 536 18b9 CDE15B61 		.ascii	"\315\341[a\220\334?@\373\265\336\020\242\017\002\343"
 536      90DC3F40 
 536      FBB5DE10 
 536      A20F02E3 
 537 18c9 FD4C464D 		.ascii	"\375LFM\260\316\337\020\010\276\013\330\202B\224\341"
 537      B0CEDF10 
 537      08BE0BD8 
 537      824294E1 
 538 18d9 FE21F0F3 		.ascii	"\376!\360\363\343\025|\302B\015&\243\367\277|\361\371"
 538      E3157CC2 
 538      420D26A3 
 538      F7BF7CF1 
 538      F9
 539 18ea A6CF7778 		.ascii	"\246\317wx\373\207\006\207\005\006\351\015F\357_n\332"
 539      FB870687 
ARM GAS  /tmp/ccFVA99R.s 			page 44


 539      0506E90D 
 539      46EF5F6E 
 539      DA
 540 18fb 04AC2D6E 		.ascii	"\004\254-nW\200\022&\225\301Dy8m\0175\030M\212\315z"
 540      57801226 
 540      95C14479 
 540      386D0F35 
 540      184D8ACD 
 541 1910 A349E31F 		.ascii	"\243I\343\037\036\034\036\344g\012\334\246\347\221\375"
 541      1E1C1EE4 
 541      670ADCA6 
 541      E791FD
 542 191f F8239D49 		.ascii	"\370#\235Im\375a01\317\277\267\212\372\246`\020\340"
 542      6DFD6130 
 542      31CFBFB7 
 542      8AFAA660 
 542      10E0
 543 1931 41E982F5 		.ascii	"A\351\202\365~\306p\203>XO\304\250Ct\376\246\035\306"
 543      7EC67083 
 543      3E584FC4 
 543      A84374FE 
 543      A61DC6
 544 1944 EDFE4E21 		.ascii	"\355\376N!\272@\303\237,\326\004\032\015\2539\203Z\016"
 544      BA40C39F 
 544      2CD6041A 
 544      0DAB3983 
 544      5A0E
 545 1956 0CDDC49E 		.ascii	"\014\335\304\236\320\231\344\246`e\350W_A0\3362\001"
 545      D099E4A6 
 545      6065E857 
 545      5F4130DE 
 545      3201
 546 1968 23BFA0C0 		.ascii	"#\277\240\300\315\006P;4Dg\322\004\373\201\272\001\006"
 546      CD06503B 
 546      344467D2 
 546      04FB81BA 
 546      0106
 547 197a BDDF1655 		.ascii	"\275\337\026U\230.8,44H\023\246\0034(\314\020\030\252"
 547      982E382C 
 547      34344813 
 547      A6033428 
 547      CC1018AA 
 548 198e 32917F75 		.ascii	"2\221\177u&gxd\332\021\024h4)\203i\256\250\202u\241"
 548      26677864 
 548      DA111468 
 548      34298369 
 548      AEA88275 
 549 19a3 DB43F406 		.ascii	"\333C\364\006\270\376)\\\037\256W\206YS\21013Z\357\223"
 549      B8FE295C 
 549      1FAE5786 
 549      59538831 
 549      335AEF93 
 550 19b7 1473B7B9 		.ascii	"\024s\267\271\011\271\030\034n\322\357\000+\201\236"
 550      09B9181C 
 550      6ED2EF00 
 550      2B819E
 551 19c6 FE0499FA 		.ascii	"\376\004\231\3720}\010$\355V\027\3756\360@\260\237\361"
ARM GAS  /tmp/ccFVA99R.s 			page 45


 551      307D0824 
 551      ED5617FD 
 551      36F040B0 
 551      9FF1
 552 19d8 6B7036C8 		.ascii	"kp6\3105nu\326\351x\336\253\370\325\011\356\202\356"
 552      356E75D6 
 552      E978DEAB 
 552      F8D509EE 
 552      82EE
 553 19ea F4296509 		.ascii	"\364)e\011\012n\367\0134\301pw\221\012Da71\2423\341"
 553      0A6EF70B 
 553      34C17077 
 553      910A4461 
 553      3731A233 
 554 19ff 305DB852 		.ascii	"0]\270R\277\235\260Wn7\201Qap1\352\203\303\234\214:"
 554      BF9DB057 
 554      6E378151 
 554      617031EA 
 554      83C39C8C 
 555 1a14 88AF138D 		.ascii	"\210\257\023\215\261\212+\012i\254\203g~a\001\241\006"
 555      B18A2B0A 
 555      69AC8367 
 555      7E6101A1 
 555      06
 556 1a25 BDD37693 		.ascii	"\275\323v\223\311\020\346\301\330\201\207\276\322\033"
 556      C910E6C1 
 556      D88187BE 
 556      D21B
 557 1a33 F421FE60 		.ascii	"\364!\376`\0140\010\335\374\3070\265~G\240\311?t\213"
 557      0C3008DD 
 557      FCC730B5 
 557      7E47A0C9 
 557      3F748B
 558 1a46 5E69D8F2 		.ascii	"^i\330\362\015\350\245$n\374\312\350\3142\303\027\270"
 558      0DE8A524 
 558      6EFCCAE8 
 558      CC32C317 
 558      B8
 559 1a57 5AAE2672 		.ascii	"Z\256&r\037\256a\272\257\202\374\266\032U\246`\030E"
 559      1FAE61BA 
 559      AF82FCB6 
 559      1A55A660 
 559      1845
 560 1a69 71122FBD 		.ascii	"q\022/\275\332D/\324>\243\351\353\240\300\340@\223\006"
 560      DA442FD4 
 560      3EA3E9EB 
 560      A0C0E040 
 560      9306
 561 1a7b 7E40D8B6 		.ascii	"~@\330\266B\304>|C\022\007\370\203\262\220\003$$~\301"
 561      42C43E7C 
 561      431207F8 
 561      83B29003 
 561      24247EC1 
 562 1a8f 7AE01A1A 		.ascii	"z\340\032\032\264\005\"E\"\264]o\000\227Bba\203\317"
 562      B4052245 
 562      22B45D6F 
 562      00974262 
ARM GAS  /tmp/ccFVA99R.s 			page 46


 562      6183CF
 563 1aa2 46799041 		.ascii	"Fy\220Am\320o\205*\002n1\370\370\000\254\227\033~\""
 563      6DD06F85 
 563      2A026E31 
 563      F8F800AC 
 563      971B7E22 
 564 1ab6 37F8CA0D 		.ascii	"7\370\312\015\237\310\015\037\313\015?\226\033>\302"
 564      9FC80D1F 
 564      CB0D3F96 
 564      1B3EC2
 565 1ac5 C68D3E00 		.ascii	"\306\215>\000\353\261q\303O\000|\001>\001\370\030\340"
 565      EBB171C3 
 565      4F007C01 
 565      3E01F818 
 565      E0
 566 1ad6 C700F07C 		.ascii	"\307\000\360|\303F\200\015\000@\267\001\350|\200\316"
 566      C346800D 
 566      0040B701 
 566      E87C80CE 
 567 1ae6 07E87C80 		.ascii	"\007\350|\200\316\347c\027\242\035\211\037H\375\307"
 567      CEE76317 
 567      A21D891F 
 567      48FDC7
 568 1af5 6FA3BA6E 		.ascii	"o\243\272n\333'dN\250\374CC 1L4\203\002C\235\255a\345"
 568      DB27644E 
 568      A8FC4343 
 568      20314C34 
 568      8302439D 
 569 1b0c 6E32AA79 		.ascii	"n2\252y$L\253\025\024\0100\360Z\265\344\350\2114\274"
 569      244CAB15 
 569      140830F0 
 569      5AB5E4E8 
 569      8934BC
 570 1b1f 65F35615 		.ascii	"e\363V\025L.\222\003\316a~!\201\376$\265H.\221\372\251"
 570      4C2E9203 
 570      CE617E21 
 570      81FE24B5 
 570      482E91FA 
 571 1b34 0FD6D132 		.ascii	"\017\326\3212\243\016\012\365\377\232\220\270\211\357"
 571      A30E0AF5 
 571      FF9A90B8 
 571      89EF
 572 1b42 42066C33 		.ascii	"B\006l3\221\354z\307\276\200\262\244\323@\031\345U\370"
 572      91EC7AC7 
 572      BE80B2A4 
 572      D34019E5 
 572      55F8
 573 1b54 AF251E43 		.ascii	"\257%\036C6\033\310Ue\340\2012\360@\031H\240\224\006"
 573      361BC855 
 573      65E08132 
 573      F0401948 
 573      A09406
 574 1b67 6A3EDCA4 		.ascii	"j>\334\244\031\351\012\"\210\325\337\320\241\316@\022"
 574      19E90A22 
 574      88D5DFD0 
 574      A1CE4012 
 575 1b77 6E803434 		.ascii	"n\20044i\205\2330[\255j\273\005n\011\322s\277\301\004"
ARM GAS  /tmp/ccFVA99R.s 			page 47


 575      69859B30 
 575      5BAD6ABB 
 575      056E09D2 
 575      73BFC104 
 576 1b8b 7111EC31 		.ascii	"q\021\3541\271\010mL\346\252\243\235A\247[\367\211\257"
 576      B9086D4C 
 576      E6AAA39D 
 576      41A75BF7 
 576      89AF
 577 1b9d CF46B505 		.ascii	"\317F\265\005s\025Wq\033\242\015\353\377\027\273\272"
 577      73155771 
 577      1BA20DEB 
 577      FF17BBBA 
 578 1bad BB1C     		.ascii	"\273\034"
 579              		.text
 580              		.section	.gnu.lto_.symtab.c9ecf50d4566bc02,"",%progbits
 581 0000 5F76745F 		.ascii	"_vt_init\000"
 581      696E6974 
 581      00
 582 0009 00       		.ascii	"\000"
 583 000a 00       		.ascii	"\000"
 584 000b 00       		.ascii	"\000"
 585 000c 00000000 		.ascii	"\000\000\000\000\000\000\000\000"
 585      00000000 
 586 0014 BB000000 		.ascii	"\273\000\000\000"
 587 0018 63685654 		.ascii	"chVTDoSetI\000"
 587      446F5365 
 587      744900
 588 0023 00       		.ascii	"\000"
 589 0024 00       		.ascii	"\000"
 590 0025 00       		.ascii	"\000"
 591 0026 00000000 		.ascii	"\000\000\000\000\000\000\000\000"
 591      00000000 
 592 002e EA000000 		.ascii	"\352\000\000\000"
 593 0032 63685654 		.ascii	"chVTDoResetI\000"
 593      446F5265 
 593      73657449 
 593      00
 594 003f 00       		.ascii	"\000"
 595 0040 00       		.ascii	"\000"
 596 0041 00       		.ascii	"\000"
 597 0042 00000000 		.ascii	"\000\000\000\000\000\000\000\000"
 597      00000000 
 598 004a EE000000 		.ascii	"\356\000\000\000"
 599 004e 636800   		.ascii	"ch\000"
 600 0051 00       		.ascii	"\000"
 601 0052 02       		.ascii	"\002"
 602 0053 00       		.ascii	"\000"
 603 0054 00000000 		.ascii	"\000\000\000\000\000\000\000\000"
 603      00000000 
 604 005c 5E020000 		.ascii	"^\002\000\000"
 605 0060 63685379 		.ascii	"chSysHalt\000"
 605      7348616C 
 605      7400
 606 006a 00       		.ascii	"\000"
 607 006b 02       		.ascii	"\002"
 608 006c 00       		.ascii	"\000"
ARM GAS  /tmp/ccFVA99R.s 			page 48


 609 006d 00000000 		.ascii	"\000\000\000\000\000\000\000\000"
 609      00000000 
 610 0075 F9000000 		.ascii	"\371\000\000\000"
 611 0079 63684462 		.ascii	"chDbgCheckClassI\000"
 611      67436865 
 611      636B436C 
 611      61737349 
 611      00
 612 008a 00       		.ascii	"\000"
 613 008b 02       		.ascii	"\002"
 614 008c 00       		.ascii	"\000"
 615 008d 00000000 		.ascii	"\000\000\000\000\000\000\000\000"
 615      00000000 
 616 0095 FB000000 		.ascii	"\373\000\000\000"
 617              		.text
 618              		.section	.gnu.lto_.opts,"",%progbits
 619 0000 272D666D 		.ascii	"'-fmath-errno' '-fsigned-zeros' '-ftrapping-math' '"
 619      6174682D 
 619      6572726E 
 619      6F272027 
 619      2D667369 
 620 0033 2D666E6F 		.ascii	"-fno-trapv' '-fno-strict-overflow' '-fno-openmp' '-"
 620      2D747261 
 620      70762720 
 620      272D666E 
 620      6F2D7374 
 621 0066 666E6F2D 		.ascii	"fno-openacc' '-mcpu=cortex-m4' '-mfloat-abi=hard' '"
 621      6F70656E 
 621      61636327 
 621      20272D6D 
 621      6370753D 
 622 0099 2D6D6670 		.ascii	"-mfpu=fpv4-sp-d16' '-mno-thumb-interwork' '-mthumb'"
 622      753D6670 
 622      76342D73 
 622      702D6431 
 622      36272027 
 623 00cc 20272D4F 		.ascii	" '-O0' '-Werror' '-fomit-frame-pointer' '-falign-fu"
 623      30272027 
 623      2D576572 
 623      726F7227 
 623      20272D66 
 624 00ff 6E637469 		.ascii	"nctions=16' '-ffunction-sections' '-fdata-sections'"
 624      6F6E733D 
 624      31362720 
 624      272D6666 
 624      756E6374 
 625 0132 20272D66 		.ascii	" '-fno-common' '-flto' '-fsingle-precision-constant"
 625      6E6F2D63 
 625      6F6D6D6F 
 625      6E272027 
 625      2D666C74 
 626 0165 2700     		.ascii	"'\000"
 627              		.text
 628              		.comm	__gnu_lto_v1,1,1
 629              		.comm	__gnu_lto_slim,1,1
 630              		.ident	"GCC: (GNU Tools for Arm Embedded Processors 7-2017-q4-major) 7.2.1 20170904 (release) [ARM
ARM GAS  /tmp/ccFVA99R.s 			page 49


DEFINED SYMBOLS
                            *ABS*:0000000000000000 chvt.c
                            *COM*:0000000000000001 __gnu_lto_v1
                            *COM*:0000000000000001 __gnu_lto_slim

NO UNDEFINED SYMBOLS
