ARM GAS  /tmp/ccaGZrKN.s 			page 1


   1              		.cpu cortex-m4
   2              		.eabi_attribute 27, 1
   3              		.eabi_attribute 28, 1
   4              		.eabi_attribute 20, 1
   5              		.eabi_attribute 21, 1
   6              		.eabi_attribute 23, 3
   7              		.eabi_attribute 24, 1
   8              		.eabi_attribute 25, 1
   9              		.eabi_attribute 26, 1
  10              		.eabi_attribute 30, 6
  11              		.eabi_attribute 34, 1
  12              		.eabi_attribute 18, 4
  13              		.file	"crt1.c"
  14              		.section	.gnu.lto_.inline.39e9685c9da0794a,"",%progbits
  15 0000 789C6363 		.ascii	"x\234cc``\210a@\000V\006\006f&\006\006&\246\005\362"
  15      60608861 
  15      40005606 
  15      06662606 
  15      0626A605 
  16 0015 0C2C0C4C 		.ascii	"\014,\014L !F\014\021&\014\021f0\005\302P\001\026\006"
  16      2021460C 
  16      11260C11 
  16      663005C2 
  16      50011606 
  17 0029 1161A080 		.ascii	"\021a\240\200\312\207\025L0!\006\000\340\274\004\323"
  17      CA87154C 
  17      30210600 
  17      E0BC04D3 
  18              		.text
  19              		.section	.gnu.lto___core_init.39e9685c9da0794a,"",%progbits
  20 0000 789C6363 		.ascii	"x\234cc``(\001bK \026\005b\006f\006F&\006 fd\004r\030"
  20      60602801 
  20      624B2016 
  20      05620666 
  20      06462606 
  21 001a 19EA9918 		.ascii	"\031\352\231\030\353\031{\230\24703\036j\177\266\223"
  21      EB197B98 
  21      A730331E 
  21      6A7FB693 
  22 002a 49737903 		.ascii	"Isy\003\020\034\230\276\201\253\255\241Ub\0163\003\303"
  22      101C98BE 
  22      81ABADA1 
  22      55620E33 
  22      03C3
  23 003c 34660630 		.ascii	"4f\0060`\334\314\250\311\000T\366h\343\277\251\274l"
  23      60DCCCA8 
  23      C90054F6 
  23      68E3BFA9 
  23      BC6C
  24 004e 2C1071C6 		.ascii	",\020q\306-\214l\014 \203\326_b=\320\360\357\177{\303"
  24      2D8C6C0C 
  24      2083D65F 
  24      623DD0F0 
  24      EF7F7BC3 
  25 0062 81238B19 		.ascii	"\201#\213\031\367z\001m\350\000\353\353d\0062\231\337"
  25      F77A016D 
  25      E800EBEB 
ARM GAS  /tmp/ccaGZrKN.s 			page 2


  25      64063299 
  25      DF
  26 0073 31362980 		.ascii	"16)\200\225\202@\0073P\003P\324\\OO\3379#3)\323?X?\277"
  26      95824007 
  26      33500350 
  26      D45C4F4F 
  26      DF392333 
  27 008d 583F393F 		.ascii	"X?9?77?O\277 \277\250\244X\3371\310\327\331\267\002"
  27      37373F4F 
  27      BF20BFA8 
  27      A458DF31 
  27      C8D7D9B7 
  28 00a2 24569099 		.ascii	"$V\220\231\223ZT\254\357\356\354\254\237\\Tb\250\227"
  28      935A54AC 
  28      EFEEECAC 
  28      9F5C5462 
  28      A897
  29 00b4 CC000083 		.ascii	"\314\000\000\203\2003\\"
  29      80335C
  30              		.text
  31              		.section	.gnu.lto___early_init.39e9685c9da0794a,"",%progbits
  32 0000 789C6363 		.ascii	"x\234cc``(\002bK \026\005b\006f\006F&\006 fd\004r\030"
  32      60602802 
  32      624B2016 
  32      05620666 
  32      06462606 
  33 001a 19EA9918 		.ascii	"\031\352\231\030\353\031{\230\24703\036j\177\266\223"
  33      EB197B98 
  33      A730331E 
  33      6A7FB693 
  34 002a 49737903 		.ascii	"Isy\003\020\034\230\376\215\253\255\241Ub\0163\003\303"
  34      101C98FE 
  34      8DABADA1 
  34      55620E33 
  34      03C3
  35 003c 34660630 		.ascii	"4f\0060`\334\314\250\311\000T\366h\343\277\251\274l"
  35      60DCCCA8 
  35      C90054F6 
  35      68E3BFA9 
  35      BC6C
  36 004e 2C1071C6 		.ascii	",\020q\306-\214l\014 \203\326_b=\320\360\357\177{\303"
  36      2D8C6C0C 
  36      2083D65F 
  36      623DD0F0 
  36      EF7F7BC3 
  37 0062 8133CACC 		.ascii	"\2013\312\314@\363;\300\272:AL\346w\214M\012`\205 \320"
  37      40F33BC0 
  37      BA3A414C 
  37      E6778C4D 
  37      0A608520 
  38 0077 C10C540E 		.ascii	"\301\014T\016\0245\327\323\323w\316\310L\312\364\017"
  38      1435D7D3 
  38      D377CEC8 
  38      4CCAF40F 
  39 0087 D6CF2FD6 		.ascii	"\326\317/\326O\316\317\315\315\317\323/\310/*)\326w"
  39      4FCECFCD 
  39      CDCFD32F 
ARM GAS  /tmp/ccaGZrKN.s 			page 3


  39      C82F2A29 
  39      D677
  40 0099 0CF275F6 		.ascii	"\014\362u\366\255\000\211\025d\346\244\026\025\353\273"
  40      AD008915 
  40      64E6A416 
  40      15EBBB
  41 00a8 3B3BEB27 		.ascii	";;\353'\027\225\030\352%3\000\000\350\3332#"
  41      179518EA 
  41      25330000 
  41      E8DB3223 
  42              		.text
  43              		.section	.gnu.lto___late_init.39e9685c9da0794a,"",%progbits
  44 0000 789C6363 		.ascii	"x\234cc``(\002bK \026\005b\006f\006F&\006 fd\004r\030"
  44      60602802 
  44      624B2016 
  44      05620666 
  44      06462606 
  45 001a 19EA9918 		.ascii	"\031\352\231\030\353\031{\230\24703\036j\177\266\223"
  45      EB197B98 
  45      A730331E 
  45      6A7FB693 
  46 002a 49737903 		.ascii	"Isy\003\020\034\230\276\211\273\255\241Ub\0163\003\303"
  46      101C98BE 
  46      89BBADA1 
  46      55620E33 
  46      03C3
  47 003c 34660630 		.ascii	"4f\0060`\334\314\250\311\000T\366h\343\277\251\274l"
  47      60DCCCA8 
  47      C90054F6 
  47      68E3BFA9 
  47      BC6C
  48 004e 2C1071C6 		.ascii	",\020q\306-\214l\014 \203\326_b=\320\360\357\177{\303"
  48      2D8C6C0C 
  48      2083D65F 
  48      623DD0F0 
  48      EF7F7BC3 
  49 0062 8123CACC 		.ascii	"\201#\312\314@\363;\300\272:AL\346w\214M\012`\205 \320"
  49      40F33BC0 
  49      BA3A414C 
  49      E6778C4D 
  49      0A608520 
  50 0077 C10C540E 		.ascii	"\301\014T\016\0245\327\323\323w\316\310L\312\364\017"
  50      1435D7D3 
  50      D377CEC8 
  50      4CCAF40F 
  51 0087 D6CF2FD6 		.ascii	"\326\317/\326O\316\317\315\315\317\323/\310/*)\326w"
  51      4FCECFCD 
  51      CDCFD32F 
  51      C82F2A29 
  51      D677
  52 0099 0CF275F6 		.ascii	"\014\362u\366\255\000\211\025d\346\244\026\025\353\273"
  52      AD008915 
  52      64E6A416 
  52      15EBBB
  53 00a8 3B3BEB27 		.ascii	";;\353'\027\225\030\352%3\000\000\275\3271\330"
  53      179518EA 
  53      25330000 
ARM GAS  /tmp/ccaGZrKN.s 			page 4


  53      BDD731D8 
  54              		.text
  55              		.section	.gnu.lto___default_exit.39e9685c9da0794a,"",%progbits
  56 0000 789C6363 		.ascii	"x\234cc``H\007bK \226\003b\006f\006F&\006 \006\223\214"
  56      60604807 
  56      624B2096 
  56      03620666 
  56      06462606 
  57 0018 0CF54C8C 		.ascii	"\014\365L\214\365LL\014P\320\303<\205\231\361P\373\263"
  57      F54C4C0C 
  57      50D0C33C 
  57      8599F150 
  57      FBB3
  58 002a 9D4C9ACB 		.ascii	"\235L\232\313\033\200\340\300\364;\334m\015\255\022"
  58      1B80E0C0 
  58      F43BDC6D 
  58      0DAD12
  59 0039 73981918 		.ascii	"s\230\031\030\2461C\3240nf\324d\000*{\264\361\337T^"
  59      A63143D4 
  59      306E66D4 
  59      64002A7B 
  59      B4F1DF54 
  60 004e 36168838 		.ascii	"6\026\2108\343\026F6\006F c\375%\326\003\015\377\376"
  60      E3164636 
  60      06462063 
  60      FD25D603 
  60      0DFFFE
  61 0061 B7371CB8 		.ascii	"\2677\034\270\263\230\361\2737P\250\003\254\257\203"
  61      B398F1BB 
  61      3750A803 
  61      ACAF83
  62 0070 19680973 		.ascii	"\031h\011s\0073#\330\014s==}\347\214\314\244L\377`\375"
  62      073323D8 
  62      0C733D3D 
  62      7DE78CCC 
  62      A44CFF60 
  63 0085 FC62FDE4 		.ascii	"\374b\375\344\374\334\334\374<\375\202\374\242\222b"
  63      FCDCDCFC 
  63      3CFD82FC 
  63      A29262
  64 0094 7DC7205F 		.ascii	"}\307 _g\337\012\220XAfNjQ\261\276\273\263\263~rQ\211"
  64      67DF0A90 
  64      5841664E 
  64      6A51B1BE 
  64      BBB3B37E 
  65 00ab A15E3203 		.ascii	"\241^2\003\000\227V1\214"
  65      00975631 
  65      8C
  66              		.text
  67              		.section	.gnu.lto___init_ram_areas.39e9685c9da0794a,"",%progbits
  68 0000 789C9554 		.ascii	"x\234\225T\315o\025U\024\277g\316\235\231\367\221\276"
  68      CD6F1555 
  68      14BF67CE 
  68      9D99F791 
  68      BE
  69 0011 425A1317 		.ascii	"BZ\023\027\204\260\351\202M']I\\\020\260\013W\304D\377"
  69      84B0E982 
ARM GAS  /tmp/ccaGZrKN.s 			page 5


  69      4D275D49 
  69      5C10B00B 
  69      57C444FF 
  70 0025 01B592D0 		.ascii	"\001\265\222\320D\354K[\023\343\346]\372A_A\014!\362"
  70      44EC4B5B 
  70      13E3E65D 
  70      FA415F41 
  70      0C21F2
  71 0038 E1E4559F 		.ascii	"\341\344U\237b\002,\232j\000m\037\264}\024(\005\373"
  71      62022C9A 
  71      6A006D1F 
  71      B47D1428 
  71      05FB
  72 004a 8A2D1F21 		.ascii	"\212-\037!\015+J)\026Q\232\342K\250\210\236sf&i\212"
  72      0D2B4A29 
  72      16519AE2 
  72      4BA8889E 
  72      73662669 
  73 005f 7C38C99C 		.ascii	"|8\311\234\271s\3569\277s~\277\373\341(\245\256\330"
  73      B973EE39 
  73      BF737EBF 
  73      FBE128A5 
  73      AED8
  74 0071 4ABD41DF 		.ascii	"J\275A\337O\351UI\005\226\242\027\220,\002M\201\026"
  74      4FE95549 
  74      0596A217 
  74      902C024D 
  74      8116
  75 0083 6B5B5A29 		.ascii	"k[Z)c9d\264\0031\362\270bc\226\313\3768\373\343\026"
  75      633964B4 
  75      0331F2B8 
  75      626396CB 
  75      FE38FBE3 
  76 0098 F238C1E3 		.ascii	"\3628\301\343\004\000\301\201\312X\250m\307\215\305"
  76      0400C181 
  76      CA58A86D 
  76      C78DC5
  77 00a7 1390D1A8 		.ascii	"\023\220\321\250\302\307\216\006\261h\360\031~\2010"
  77      C2C78E06 
  77      B168F019 
  77      7E8130
  78 00b6 D27567C0 		.ascii	"\322ug\300Z\177\304\320S<\2707\265\323t\276\232\243"
  78      5A7FC4D0 
  78      533CB837 
  78      B5D374BE 
  78      9AA3
  79 00c8 9C03611E 		.ascii	"\234\003a\036\034\207\365\212\302&;\276\317\341n\314"
  79      1C87F58A 
  79      C2263BBE 
  79      CFE16ECC 
  80 00d8 2180A6DF 		.ascii	"!\200\246\337\205\222?\223\342_\013\326\321o\307\327"
  80      85923F93 
  80      E25F0BD6 
  80      D16FC7D7 
  81 00e8 47FB34BE 		.ascii	"G\3734\276\016\034\371Gv\366v\252\346\2601m\246x\275"
  81      0E1CF947 
  81      76F676AA 
ARM GAS  /tmp/ccaGZrKN.s 			page 6


  81      E6B0316D 
  81      A678BD
  82 00fb BFFA70BB 		.ascii	"\277\372p\273\0313:\207\010?\002\022*\234\2045p\002"
  82      19333A87 
  82      083F0212 
  82      2A9C8435 
  82      7002
  83 010d D6083A85 		.ascii	"\326\010:\205\337\372\341\311\376\012G\303OP\023\024"
  83      DFFAE1C9 
  83      FE0A47C3 
  83      4F501314 
  84 011d 857E7080 		.ascii	"\205~p\200&\306\213\335}\011\334(\230\177\035\034\230"
  84      26C68BDD 
  84      7D09DC28 
  84      987F1D1C 
  84      98
  85 012e D52166B9 		.ascii	"\325!f\271\177\3557!\246\206\201\377\304<7\373x*\211"
  85      7FED3721 
  85      A68681FF 
  85      C43C37FB 
  85      782A89
  86 0141 9B24F55E 		.ascii	"\233$\365^v\354H,L\235\337\340\233b\307:N<\365\334f"
  86      76EC482C 
  86      4C9DDFE0 
  86      9B62C73A 
  86      4E3CF5DC 
  87 0156 4E430D14 		.ascii	"NC\015\024\250!\356\205:\032\244\216\224B\3561\232\352"
  87      A821EE85 
  87      3A1AA48E 
  87      9442EE31 
  87      9AEA
  88 0168 9BB28BE6 		.ascii	"\233\262\213\346\311?]\2468\272a\360\304\315\252W@\345"
  88      C93F5DA6 
  88      38BA61F0 
  88      C4CDAA57 
  88      40E5
  89 017a D0B6C890 		.ascii	"\320\266\310\220\342d\264\342h[q\274\2438\303\025\233"
  89      E264B4E2 
  89      685B71BC 
  89      A338C315 
  89      9B
  90 018b 147F85F8 		.ascii	"\024\177\205\370S\342\251\024\317j\031W\211\255\226"
  90      53E2A914 
  90      CF6A1957 
  90      89AD96
  91 019a 59A5B2B2 		.ascii	"Y\245\262\262\006\335H\273\003\347\241m\251\253w\341"
  91      06DD48BB 
  91      03E7A16D 
  91      A9AB77E1 
  92 01aa 2E704B3E 		.ascii	".pK>&\251\331\003\235#\227]^\003G\210\266/\015/\246"
  92      26A9D903 
  92      9D23975D 
  92      5E034788 
  92      B62F0D2F 
  93 01bf 327F1B5A 		.ascii	"2\177\033Z>'\217\001\237G\223\367\263\311<|\265cU\016"
  93      3E278F01 
  93      9F4793F7 
ARM GAS  /tmp/ccaGZrKN.s 			page 7


  93      B3C93C7C 
  93      B563550E 
  94 01d3 5D18860C 		.ascii	"]\030\206\014\0141Y\216\376\356x'P\364!c\362\337Z\214"
  94      0C31598E 
  94      FEEE7827 
  94      50F42163 
  94      F2DF5A8C 
  95 01e7 51843C91 		.ascii	"Q\204<\221\2043\220\221\242\030\024-\374\272g\316e\001"
  95      84339091 
  95      A218142D 
  95      FCBA67CE 
  95      6501
  96 01f9 7CAC585E 		.ascii	"|\254X^\023\245\346\351\221\322\250\303\370\264{\362"
  96      13A5E6E9 
  96      91D2A8C3 
  96      F8B47BF2 
  97 0209 432C41CC 		.ascii	"C,A\314'qG\302\"\013\273\367\335\000\257\327\3545\206"
  97      277147C2 
  97      220BBBF7 
  97      DD00AFD7 
  97      EC3586
  98 021c 448FC359 		.ascii	"D\217\303Y*\261_H\3019\360\224\300\177\036\301\247V"
  98      2AB15F48 
  98      C139F094 
  98      C07F1EC1 
  98      A756
  99 022e E2155E88 		.ascii	"\342\025^\210w^\360d\323\217\022\236*\203&i\254\351"
  99      775EF064 
  99      D38F129E 
  99      2A832669 
  99      ACE9
 100 0240 5B93E863 		.ascii	"[\223\350ce\334\277w\006\210\211\016\230<\336\325\273"
 100      65DCBF77 
 100      0688890E 
 100      983CDED5 
 100      BB
 101 0251 980E4AC1 		.ascii	"\230\016J\301r&\372)&\204\235\360\321\206\013\\\026"
 101      7226FA29 
 101      26849DF0 
 101      D1860B5C 
 101      16
 102 0262 C65817CA 		.ascii	"\306X\027\312\277\272\353\030r\372\3126\327J\264\023"
 102      BFBAEB18 
 102      72FACA36 
 102      D74AB413 
 103 0272 465FA468 		.ascii	"F_\244h*@\011\355\271\235\203\213\357\006\005\2538\200"
 103      2A4009ED 
 103      B99D838B 
 103      EF0605AB 
 103      3880
 104 0284 F799B84B 		.ascii	"\367\231\270K\213\037\004\356j\256\022l\277n\264#\301"
 104      8B1F04EE 
 104      6AAE126C 
 104      BF6EB423 
 104      C1
 105 0295 BF9C4B04 		.ascii	"\277\234K\004\323\326\323}=W\216K\"\207\305r\374Lr\314"
 105      D3D6D37D 
ARM GAS  /tmp/ccaGZrKN.s 			page 8


 105      3D578E4B 
 105      2287C572 
 105      FC4C72CC 
 106 02a9 42C7C4D9 		.ascii	"B\307\304\331\233\020`1\034\013_\006\233V\022\0133\217"
 106      9B106031 
 106      1C0B5F06 
 106      9B56120B 
 106      338F
 107 02bb A8CD6AED 		.ascii	"\250\315j\355\317]\204\262\250\217\323\342\252\322K"
 107      CF5D84B2 
 107      A88FD3E2 
 107      AAD24B
 108 02ca 7748B52C 		.ascii	"wH\265,\322\276\307nt\203\246\036\336=v\301y6y7$?N\015"
 108      D2BEC76E 
 108      7483A61E 
 108      DE3D76C1 
 108      79367937 
 109 02e2 2C973601 		.ascii	",\2276\001\012J\021\353\336?C1VsB\304:\026\261>\032"
 109      0A4A11EB 
 109      DE3F4331 
 109      567342C4 
 109      3A16B13E 
 110 02f7 B1C6FFC9 		.ascii	"\261\306\377\311zBX\313\315qy%k\327\227\011bM#\307Q"
 110      7A4258CB 
 110      CD717925 
 110      6BD79709 
 110      624D23C7 
 111 030c 54DC9D9E 		.ascii	"T\334\235\236\227]\021\227\302\324\327\371\217\203\330"
 111      975D1197 
 111      C2D4D7F9 
 111      8F83D8
 112 031b 4A2A42F0 		.ascii	"J*B\360S\017\306{\222\301E\267\012~\241\232\002X.8\301"
 112      530FC67B 
 112      92C145B7 
 112      0A7EA19A 
 112      02582E38 
 113 0330 C1ABA410 		.ascii	"\301\253\244\020\377\324\303K6\207$!\366R\007oj\331"
 113      FFD4C34B 
 113      36872421 
 113      F652076F 
 113      6AD9
 114 0342 C11B9E1E 		.ascii	"\301\033\236\036:\244\353\372\270\375\374<\0207\270"
 114      3AA4EBFA 
 114      B8FDFC3C 
 114      1037B8
 115 0351 42046032 		.ascii	"B\004`2\270\204(\240\324\363\333u':\231\300'\355*\324"
 115      B88428A0 
 115      D4F3DB75 
 115      273A99C0 
 115      27ED2AD4 
 116 0365 11B96B72 		.ascii	"\021\271kr0Y3\272\354\361wh\313\317\364@pA)\276+\350"
 116      305933BA 
 116      ECF17768 
 116      CBCFF440 
 116      704129BE 
 117 037b 18D00ABF 		.ascii	"\030\320\012\277V[\353\325ok|\277\361\255w\274\246\026"
 117      565BEBD5 
ARM GAS  /tmp/ccaGZrKN.s 			page 9


 117      6F6B7CBF 
 117      F1AD77BC 
 117      A616
 118 038d AFA169FB 		.ascii	"\257\241i\373\366\246\217\274tSsk\213\267\371\355-\365"
 118      F6A68FBC 
 118      7453736B 
 118      8BB7F9ED 
 118      2DF5
 119 039f 5B3E615F 		.ascii	"[>a_\272\361\303\255\315-\336\233\365\365^Csk]m\203"
 119      BAF1C3AD 
 119      CD2DDE9B 
 119      F5F55E43 
 119      736B5D6D 
 120 03b4 C2E6F7D2 		.ascii	"\302\346\367\322\220\266Z\323\377\002\267\330\345\024"
 120      90B65AD3 
 120      FF02B7D8 
 120      E514
 121              		.text
 122              		.section	.gnu.lto_ram_areas.39e9685c9da0794a,"",%progbits
 123 0000 789C75D1 		.ascii	"x\234u\321\311K[Q\024\006\360{rMb\353<U[c\373\037\344"
 123      C94B5B51 
 123      1406F07B 
 123      724D62EB 
 123      3C555B63 
 124 0017 61374D77 		.ascii	"a7MwJ\026\322\205\024\352\177`\020\014T#\211\013\351"
 124      4A16D285 
 124      14EA7F60 
 124      100C5423 
 124      890BE9
 125 002a 266FA120 		.ascii	"&o\241 \212\256\352\252Yd!t!\202\340\324\244\266\216"
 125      8AAEEAAA 
 125      59642174 
 125      2182E0D4 
 125      A4B68E
 126 003d 71ECE43C 		.ascii	"q\354\344<\325\011E(\010\202(\001\007\364&\337[\224"
 126      D5094528 
 126      08822801 
 126      07F426DF 
 126      5B94
 127 004f 17CE5BBC 		.ascii	"\027\316[\274\017\316\271|\374\270\327&\204xc\025\342"
 127      0FCEB97C 
 127      FCB8D726 
 127      84786315 
 127      E2
 128 0060 B5C0F751 		.ascii	"\265\300\367QR$r\266k\017\336\351\355\272~\330\371O"
 128      522472B6 
 128      6B0FDEE9 
 128      EDBA7ED8 
 128      F94F
 129 0072 7E084911 		.ascii	"~\010I\021\226)\253\360\251%\271\240\324\005%\027\226"
 129      9629ABF0 
 129      A925B9A0 
 129      D4052517 
 129      96
 130 0083 94457E72 		.ascii	"\224E~r.\223\363\253\323\223\361t\327\210\336\036\326"
 130      2E93F3AB 
 130      D393F174 
ARM GAS  /tmp/ccaGZrKN.s 			page 10


 130      D788DE1E 
 130      D6
 131 0094 2B42927A 		.ascii	"+B\222z\244\240\021\012\366H\242\341DXh(\021\222\006"
 131      A4A0110A 
 131      F648A2E1 
 131      44586828 
 131      119206
 132 00a7 2998387E 		.ascii	")\2308~\331\321\026\227\2352\244\026vS\353M7\204i\234"
 132      D9D11697 
 132      9D32A416 
 132      7653EB4D 
 132      3784699C 
 133 00bb D0CA096D 		.ascii	"\320\312\011m\214\320\316\011\307 \374\012a\024\302"
 133      8CD0CE09 
 133      C720FC0A 
 133      6114C2
 134 00ca 08842737 		.ascii	"\010\204'7\375\321l\010m\246\326sC\230\316\011\037q"
 134      FDD16C08 
 134      6DA6D673 
 134      4398CE09 
 134      1F71
 135 00dc C2C78C30 		.ascii	"\302\307\2140\203\023NA8\011\341\004\204\343\020.\364"
 135      83134E41 
 135      3809E104 
 135      84E3102E 
 135      F4
 136 00ed 466F3321 		.ascii	"Fo3!\264\232Z\217\015a&'\314\342\204\331\2140\207\023"
 136      B49A5A8F 
 136      0D612627 
 136      CCE284D9 
 136      8C308713 
 137 0101 CE433807 		.ascii	"\316C8\007\341,\2041\010\227[\007B\306+\247\231ZG\015"
 137      E12C8431 
 137      08975B07 
 137      42C62BA7 
 137      995A470D 
 138 0115 612E27CC 		.ascii	"a.'\314\343\204\371\214\260\200\023\376\202\360'\204"
 138      E384F98C 
 138      B08013FE 
 138      82F02784 
 139 0125 3F205C82 		.ascii	"? \\\202p\352b\340\263q\207\322\324\332g\010\0139a\021"
 139      70EA62E0 
 139      B37187D2 
 139      D4DA6708 
 139      0B396111 
 140 0139 277CC208 		.ascii	"'|\302\010\2139\341\032\204\253\020\256@\270\014a\354"
 140      8B39E11A 
 140      84AB10AE 
 140      40B80C61 
 140      EC
 141 014a 3E3E9103 		.ascii	">>\221\003\241\305\324z\337\005a\011'|\312\011\2371"
 141      A1C5D47A 
 141      DF056109 
 141      277CCA09 
 141      9F31
 142 015c C2524EB8 		.ascii	"\302RN\270\003\3416\204[\020nB\370\177M\334 98R\031"
 142      03E13684 
ARM GAS  /tmp/ccaGZrKN.s 			page 11


 142      5B106E42 
 142      F87F4DDC 
 142      20393852 
 143 0171 477ACE90 		.ascii	"Gz\316\220^p\244\003\220\366A\332\003\351/H\255\237"
 143      5E70A403 
 143      90F641DA 
 143      03E92F48 
 143      AD9F
 144 0183 62D7761C 		.ascii	"b\327v\034\327\325\325I*w\320!\271\350\245\203vUl\220"
 144      D7D5D549 
 144      2A77D021 
 144      B9E8A583 
 144      76556C90 
 145 0197 83D655FE 		.ascii	"\203\326U\376Q\371[\345\242\312\005\2253*\247U~W\371"
 145      51F95BE5 
 145      A2CA0595 
 145      332AA755 
 145      7E57F9
 146 01aa 4DE51795 		.ascii	"M\345\027\225\243\344\022t\244~\257\234N\315]\357\255"
 146      A3E41274 
 146      A47EAF9C 
 146      4ECD5DEF 
 146      AD
 147 01bb F5BEADD1 		.ascii	"\365\276\255\321|\001\315\343kh\3605jM>\177s@\253|W"
 147      7C01CDE3 
 147      6B68F035 
 147      6A4D3E7F 
 147      7340AB7C 
 148 01d0 EDAE6E49 		.ascii	"\355\256nI\314\232\274\357\353\374\001\255\312\355\326"
 148      CC9ABCEF 
 148      EBFC01AD 
 148      CAEDD6
 149 01df 3CFEE672 		.ascii	"<\376\346r\247G<\000\215\266\015V"
 149      A7473C00 
 149      8DB60D56 
 150              		.text
 151              		.section	.gnu.lto_.symbol_nodes.39e9685c9da0794a,"",%progbits
 152 0000 789C55CD 		.ascii	"x\234U\315\311U\002a\024D\341w\273i\034@E\221AD\345"
 152      C9550261 
 152      1444E177 
 152      BB691C40 
 152      45914144 
 153 0015 9809C118 		.ascii	"\230\011\301\030\307o3#\202\214\016\240`\034\006AB\240"
 153      C76F3323 
 153      828C0EA0 
 153      601C0641 
 153      42A0
 154 0027 D8D4AE37 		.ascii	"\330\324\2567\365\235s7\2254\263\007\242\361\266\346"
 154      F59D7337 
 154      9534B307 
 154      A2F1B6E6 
 155 0037 CC866BDB 		.ascii	"\314\206k\333\363\023V\243\362k\216x\3713\347\305\313"
 155      F31356A3 
 155      F26B8E78 
 155      F933E7C5 
 155      CB
 156 0048 CE9C1F2F 		.ascii	"\316\234\037/\217\270D\254\004\033\263\306\275\231\037"
ARM GAS  /tmp/ccaGZrKN.s 			page 12


 156      8FB844AC 
 156      041BB3C6 
 156      BD991F
 157 0057 845089AE 		.ascii	"\204P\211\256\202\032\236\254\343\313\006\011\331$\220"
 157      821A9EAC 
 157      E3CB0609 
 157      D92490
 158 0066 2D92B2CD 		.ascii	"-\222\262\315\201\354p(\273\034\311'\216e\217\224|&"
 158      81EC7028 
 158      BB1CC927 
 158      8E658F94 
 158      7C26
 159 0078 2DFB9CC8 		.ascii	"-\373\234\310\001\247\362\20539$#G\234\3131\027rBVN"
 159      01A7F285 
 159      33392423 
 159      479CCB31 
 159      17724256 
 160 008d B9943372 		.ascii	"\271\2243r\362\225\274|\243 \337)\312\017\256\344\234"
 160      F295BC7C 
 160      A320DF29 
 160      CA0FAEE4 
 160      9C
 161 009e 925C702D 		.ascii	"\222\\p-?)\313/n\344\222[\271\342N~S\331k\377xB2\271"
 161      3F29CB2F 
 161      6EE4925B 
 161      B9E24E7E 
 161      53D96BFF 
 162              		.text
 163              		.section	.gnu.lto_.refs.39e9685c9da0794a,"",%progbits
 164 0000 789C0DC3 		.ascii	"x\234\015\303\211\015\202@\000\000\260\243\341\020A"
 164      890D8240 
 164      0000B0A3 
 164      E11041
 165 000f 901F7F11 		.ascii	"\220\037\177\021e\032\367\337G\2334\013!|\377\245b\""
 165      651AF7DF 
 165      479B340B 
 165      217CFFA5 
 165      6222
 166 0021 F64B94D9 		.ascii	"\366K\224\331\311\355\025J\007\225\332Q\243\325\351"
 166      C9ED154A 
 166      0795DA51 
 166      A3D5E9
 167 0030 0D4693D9 		.ascii	"\015F\223\331\311\331\305\325\315\335\303\323\342e\365"
 167      C9D9C5D5 
 167      CDDDC3D3 
 167      E265F5
 168 003f F6B1851F 		.ascii	"\366\261\205\037y\344\003\217"
 168      79E4038F 
 169              		.text
 170              		.section	.gnu.lto_.decls.39e9685c9da0794a,"",%progbits
 171 0000 789C9D96 		.ascii	"x\234\235\226iPT\331\025\307\337\355\3334M\3234\024"
 171      695054D9 
 171      15C7DFED 
 171      DB344DD3 
 171      3414
 172 0012 5A53568A 		.ascii	"ZSV\212I\210\305D\222\214\364\340F>\244R\223\362\303"
 172      4988C544 
ARM GAS  /tmp/ccaGZrKN.s 			page 13


 172      928CF4E0 
 172      463EA452 
 172      93F2C3
 173 0025 CC9749AA 		.ascii	"\314\227I\252\222\312\207\344Cz\030\354\224TX,h\023"
 173      92CA87E4 
 173      437A18EC 
 173      9454582C 
 173      6813
 174 0037 AD7C79EE 		.ascii	"\255|y\356\0130\202(\273\200\202(\210\"*\250\340\302"
 174      0B308228 
 174      BB808228 
 174      88222AA8 
 174      E0C2
 175 0049 A2C8AEB8 		.ascii	"\242\310\256\270\341\202\200\202\270\014`\213\010b+"
 175      E1828082 
 175      B80C608B 
 175      08622B
 176 0058 E4DC735F 		.ascii	"\344\334s_\257\267\231T\345U\375\273\337\275}\376\277"
 176      AFB79954 
 176      E555FDBB 
 176      DFBD7DFE 
 176      BF
 177 0069 73DEB9F7 		.ascii	"s\336\271\367\335j\215$I\007\202$i7\225\244\255*I\232"
 177      DD6A8D24 
 177      49078224 
 177      693795A4 
 177      AD2A499A 
 178 007d 83CB17E6 		.ascii	"\203\313\027\346\032%\347\345\003\272\010j\0005\203"
 178      1A25E7E5 
 178      03BA086A 
 178      003583
 179 008c 5A41EDA0 		.ascii	"ZA\355\240\237\203\306AV\320\004h\0224\005z\007z\017"
 179      9F83C641 
 179      56D00468 
 179      1234057A 
 179      077A0F
 180 009f FA009A65 		.ascii	"\372\000\232e\000\"I*\220\032\244\001iA:\220\036d\000"
 180      0022492A 
 180      901AA401 
 180      69413A90 
 180      1E6400
 181 00b2 05818241 		.ascii	"\005\201\202A\013A\237\200\026\201~\002\012\001\375"
 181      0B419F80 
 181      16817E02 
 181      0A01FD
 182 00c1 14140A5A 		.ascii	"\024\024\012Z\014\012\003\375\002\024\016\372\025\350"
 182      0C0A03FD 
 182      02140EFA 
 182      15E8
 183 00cf 73500491 		.ascii	"sP\004\221\334\256\377\020L'}\253\214\211R\273\347\265"
 183      DCAEFF10 
 183      4C277DAB 
 183      8C8952BB 
 183      E7B5
 184 00e1 C94B5C83 		.ascii	"\311K\\\203\227\270\035^\342\232\275\304ex\211k\365"
 184      97B81D5E 
 184      E29ABDC4 
ARM GAS  /tmp/ccaGZrKN.s 			page 14


 184      6578896B 
 184      F5
 185 00f2 12B79F3D 		.ascii	"\022\267\237=\267\022\027\014Z\0102\302\\\037|/\001"
 185      B712170C 
 185      5A0832C2 
 185      5C1F7C2F 
 185      01
 186 0103 7D01F763 		.ascii	"}\001\367c\360=\012\212\204\373\007\360\3757\220\032"
 186      F03D0A8A 
 186      84FB07F0 
 186      FD37901A 
 187 0113 F4143404 		.ascii	"\364\0244\004z\002\032Vr\264+\337\343\036y\036\021\356"
 187      7A021A56 
 187      72B42BDF 
 187      E31E791E 
 187      11EE
 188 0125 E953582C 		.ascii	"\351SX,\317\330<\034v\205J\274\227\237+\275\015Wz\035"
 188      CFD83C1C 
 188      76854ABC 
 188      979F2BBD 
 188      0D577A1D 
 189 0139 A6F43E54 		.ascii	"\246\364>TY\213\020em\026)k\265PY\273 e-\365\312\332"
 189      598B1065 
 189      6D16296B 
 189      B55059BB 
 189      20652DF5 
 190 014f 6A95B556 		.ascii	"j\225\265V+k\317\212d{\201\355\011\2667\330\036a{\205"
 190      2B6BCF8A 
 190      647B81ED 
 190      09B637D8 
 190      1E617B85 
 191 0163 ED19B677 		.ascii	"\355\031\266w\254\036\365\357\243\344\345\246\264c\372"
 191      AC1EF5EF 
 191      A3E4E5A6 
 191      B463FA
 192 0172 01F208DD 		.ascii	"\001\362\010\335A\204(\035v\275\330x\316~\261\337y\000"
 192      4184281D 
 192      76BDD878 
 192      CE7EB1DF 
 192      7900
 193 0184 26740613 		.ascii	"&t\006\023O\033\376F\270T\2223\326\351p\241\272\230"
 193      4F1BFE46 
 193      B8549233 
 193      D6E970A1 
 193      BA98
 194 0196 095E1296 		.ascii	"\011^\022\226\342Z\013VF$\373\264==q\304\330\343]\250"
 194      E25A0B56 
 194      4624FBB4 
 194      3D3D71C4 
 194      D8E35DA8 
 195 01aa 443179AB 		.ascii	"D1y\253\016.\2524\241\257\312\332\3523H\372!\364\257"
 195      0E2EAA34 
 195      A1AFCADA 
 195      EA3348FA 
 195      21F4AF
 196 01bd 06295D1B 		.ascii	"\006)]\033O\330\354\331\007{\256i\250\012\357\273\372"
 196      4FD8ECD9 
ARM GAS  /tmp/ccaGZrKN.s 			page 15


 196      077BAE69 
 196      A80AEFBB 
 196      FA
 197 01ce C62A7DA8 		.ascii	"\306*}\250\001\357O\026|\350\321\252U\022\251%\224\373"
 197      01EF4F16 
 197      7CE8D1AA 
 197      5512A925 
 197      94FB
 198 01e0 7BA72E8D 		.ascii	"{\247.\215i\350\002\374\365i\355\023k@D\245\314/m\036"
 198      69E802FC 
 198      F569ED13 
 198      6B4044A5 
 198      CC2F6D1E 
 199 01f4 95C8398C 		.ascii	"\225\3109\214\303\310\253s\323\015\201)\224\004\353"
 199      C3C8AB73 
 199      D30D8129 
 199      9404EB
 200 0203 880A8637 		.ascii	"\210\012\2067\255\235\007\374a\270PG\202`X\231:\267"
 200      AD9D07FC 
 200      61B85047 
 200      82605899 
 200      3AB7
 201 0215 CF675116 		.ascii	"\317gQ\0263\246o\221\203T\344\333OH=\011!u$\004\036"
 201      33A66F91 
 201      8354E4DB 
 201      4F483D09 
 201      21752404 
 202 022a E1025904 		.ascii	"\341\002Y\004\237\011jN\032\233\264=V-.\226\213\033"
 202      9F096A4E 
 202      1A9BB43D 
 202      562D2E96 
 202      8B1B
 203 023c E48681BC 		.ascii	"\344\206\201\274\320\362\316\355\362\215bY\376\022\343"
 203      D0F2CEED 
 203      F28D6259 
 203      FE12E3
 204 024b 480DA1E4 		.ascii	"H\015\241\344<\211\200\370\263D\315Fpw\206\014\022r"
 204      3C8980F8 
 204      B344CD46 
 204      7077860C 
 204      1272
 205 025d 9A0CC053 		.ascii	"\232\014\300S^$\213\001\361zlOw M!\363<U\326\271\335"
 205      5E248B01 
 205      F17A6C4F 
 205      77204D21 
 205      F33C55D6 
 206 0273 56A26478 		.ascii	"V\242dx\360\353<\271a\363&YV!\376\222\003\177\031\360"
 206      F0EB3CB9 
 206      61F32659 
 206      5621FE92 
 206      037F19F0 
 207 0287 973CF10D 		.ascii	"\227<\361\015\210\177u\333\332Oi\316|\370\324\3473\323"
 207      887F75DB 
 207      DA4F69CE 
 207      7CF8D4E7 
 207      33D3
 208 0299 7A05DFBE 		.ascii	"z\005\337\276\324\015\337\350\3007\001\276\321\023\337"
ARM GAS  /tmp/ccaGZrKN.s 			page 16


 208      D40DDFE8 
 208      C03701BE 
 208      D113DF
 209 02a8 8CF8F2FB 		.ascii	"\214\370\362\373o\233\374i)\307\027\265=9\250\247\247"
 209      6F9BFC69 
 209      29C717B5 
 209      3D39A8A7 
 209      A7
 210 02b9 F9E0C5F3 		.ascii	"\371\340\305\363\333\017\003Y\256\253\366\\C\273z.\370"
 210      DB0F0359 
 210      AEABF65C 
 210      43BB7A2E 
 210      F8
 211 02ca D9B39316 		.ascii	"\331\263\223\026\242f\223\203\231S\335\032V@\243\334"
 211      A2669383 
 211      9953DD1A 
 211      5640A3DC 
 212 02da 3011E156 		.ascii	"0\021\341V\300\025G\001\327\240\200+\236\005\264b\001"
 212      C0154701 
 212      D7A0802B 
 212      9E05B462 
 212      01
 213 02eb 377252B6 		.ascii	"7rR\266\023z\201\347lm\3539\036\240<M\323o\030L\266"
 213      137A81E7 
 213      6C6DEB39 
 213      1EA03C4D 
 213      D36F184C 
 214 0300 C3DAEC30 		.ascii	"\303\332\3540\211\335\272\223\332\221t\276;\263\331"
 214      89DDBA93 
 214      DA9174BE 
 214      3BB3D9
 215 030f 40BB38A9 		.ascii	"@\2738\251v\244\255E\307\267\210L`\374\361\356\017W"
 215      76A4AD45 
 215      C7B7884C 
 215      60FCF1EE 
 215      0F57
 216 0321 08DF23B2 		.ascii	"\010\337#\262\026\306\223\273\267MS\376\273/\014{\266"
 216      16C693BB 
 216      B74D53FE 
 216      BB2F0C7B 
 216      B6
 217 0332 9E2C5086 		.ascii	"\236,P\206j\266\246]yC\006\036\035\012\303\341\366\211"
 217      6AB6A65D 
 217      7943061E 
 217      1D0AC3E1 
 217      F689
 218 0344 5306DD4E 		.ascii	"S\006\335N\266\243\212\267\310~_\263\260\033\260\243"
 218      B6A38AB7 
 218      C87E5FB3 
 218      B01BB0A3 
 219 0354 AEE38EEA 		.ascii	"\256\343\216\352!:\3704\206\220n\030Bt^\375d\273\017"
 219      213AF834 
 219      86906E18 
 219      42745EFD 
 219      64BB0F
 220 0367 67B14C3B 		.ascii	"g\261L;\336\\\331\254\246\275\274\254G\255\345\307X"
 220      DE5CD9AC 
ARM GAS  /tmp/ccaGZrKN.s 			page 17


 220      A6BDBCAC 
 220      47ADE5C7 
 220      58
 221 0378 9E253AC2 		.ascii	"\236%:\302\336\255@\230\252\032=?\023\300\247X\304\315"
 221      DEAD4098 
 221      AA1A3D3F 
 221      13C0A758 
 221      C4CD
 222 038a 3D13A5BE 		.ascii	"=\023\245\276\364\011\206\253\006\356\333\372\014D\027"
 222      F40986AB 
 222      06EEDBFA 
 222      0C4417
 223 0399 0EA937F3 		.ascii	"\016\2517\363\324\222#1\271G\302\231\2115\205\334\201"
 223      D4922331 
 223      B947C299 
 223      893585DC 
 223      81
 224 03aa C9DB3059 		.ascii	"\311\3330Y\306jlxu\361w\271\023\262\034Jz\211\216\334"
 224      C66A6C78 
 224      75F177B9 
 224      13B21C4A 
 224      7A898EDC 
 225 03be 75366E89 		.ascii	"u6n\211\216/dyi\306!\015=\204/\245\252>\377\351U\325"
 225      8E2F6479 
 225      69C6210D 
 225      3D842FA5 
 225      AA3EFFE9 
 226 03d4 7C391ECE 		.ascii	"|9\036\316\233c\240kq\3136\2668\017 \307}g\216^\242"
 226      9B63A06B 
 226      71CB36B6 
 226      380F20C7 
 226      7D678E5E 
 227 03e9 24997B74 		.ascii	"$\231{t\253M\243\337\355\240b\240\263k}D\257\274\315"
 227      AB4DA3DF 
 227      EDA062A0 
 227      B36B7D44 
 227      AFBCCD
 228 03fc 1D9D6997 		.ascii	"\035\235i\227|\351\035~D\244\217\027\\\364\247\003|"
 228      7CE91D7E 
 228      44A48F17 
 228      5CF4A703 
 228      7C
 229 040d 607FB183 		.ascii	"`\177\261\203\371\213m_\323\205\312\232^\037\235>\247"
 229      F98B6D5F 
 229      D385CA9A 
 229      5E1F9D3E 
 229      A7
 230 041e A3E318AB 		.ascii	"\243\343\030\253\351\270V\360}\000\011\203+|\301!\226"
 230      E9B856F0 
 230      7D000983 
 230      2B7CC121 
 230      96
 231 042f 14DEE7DF 		.ascii	"\024\336\347\337\226]\333.\247G\263\\\344\026\224\370"
 231      965DDB2E 
 231      A747B35C 
 231      E41694F8 
 232 043f 8C2C703E 		.ascii	"\214,p>\332M,#\022>$\036?QF\345\322E\030\374\3103\330"
ARM GAS  /tmp/ccaGZrKN.s 			page 18


 232      DA4D2C23 
 232      123E241E 
 232      3F5146E5 
 232      D24518FC 
 233 0456 C8626F10 		.ascii	"\310bo\020gp\323\021G\360c\357d\327\350\227Nt\277W4"
 233      6770D311 
 233      47F063EF 
 233      64D7E897 
 233      4E74BF57 
 234 046b 96C11B3B 		.ascii	"\226\301\033;\222E\341\304c1\222\322Sve\340q\006\202"
 234      9245E1C4 
 234      633192D2 
 234      537665E0 
 234      710682
 235 047e B70E367E 		.ascii	"\267\0166~\010\354{\346c$\010\"#\260NOI\030\031\002"
 235      08EC7BE6 
 235      63240822 
 235      23B04E4F 
 235      49181902 
 236 0492 3D010D93 		.ascii	"=\001\015\2230\373ay\367^O\213\037\265\361\305>z\357"
 236      30FB6179 
 236      F75E4F8B 
 236      1FB5F1C5 
 236      3E7AEF
 237 04a5 54B38E2C 		.ascii	"T\263\216,\010\367\212#/\201\362\277\210\274\310\356"
 237      08F78A23 
 237      2F81F2BF 
 237      88BCC8EE 
 238 04b5 2856E30B 		.ascii	"(V\343\013\210}\356\\zV2\246\354J\035\254P\005\247+"
 238      887DEE5C 
 238      7A5632A6 
 238      EC4A1DAC 
 238      5005A72B 
 239 04c9 39BE5463 		.ascii	"9\276Tc`\027d\351\304\242\177 \301\366\327\006\217\225"
 239      601764E9 
 239      C4A27F20 
 239      C1F6D706 
 239      8F95
 240 04db C1735986 		.ascii	"\301sY\206\005JE;\347\255H\232\357\001O\267<\033\324"
 240      054A453B 
 240      E7AD489A 
 240      EF014FB7 
 240      3C1BD4
 241 04ee BB661BFD 		.ascii	"\273f\033\375\261lGg\253+\311g%\362\0158bF\362C2e\371"
 241      B16C4767 
 241      AB2BC967 
 241      25F20D38 
 241      6246F243 
 242 0505 6B324682 		.ascii	"k2F\202I\007\177\016\027#\233\371;\234v\343\3443\360"
 242      49077F0E 
 242      17239BF9 
 242      3B9C76E3 
 242      E433F0
 243 0518 4D4CA69D 		.ascii	"ML\246\235\011d\257.\203t?\311l\011\004\310 \254mKN"
 243      0964AF2E 
 243      83743FC9 
 243      6C0904C8 
ARM GAS  /tmp/ccaGZrKN.s 			page 19


 243      20AC6D4B 
 244 052d F0A12DC5 		.ascii	"\360\241-\305|{\277R \316m\376\012\317*+\"^\246\335"
 244      7C7BBF52 
 244      20CE6DFE 
 244      0ACF2A2B 
 244      225EA6DD 
 245 0541 990BA485 		.ascii	"\231\013\244\205\034q\240\327vU\253 FKiz\030\002^\013"
 245      1C71A0D7 
 245      7655AB20 
 245      464B697A 
 245      18025E0B 
 246 0555 80D70898 		.ascii	"\200\327\010\230@@\331\354\355Z\015\255\344\200\207"
 246      4040D9EC 
 246      ED5A0DAD 
 246      E48087
 247 0564 9BCEDA74 		.ascii	"\233\316\332t\012`\270\314\016x#\000\336 `\022\001\271"
 247      0A60B8CC 
 247      0E782300 
 247      DE206012 
 247      01B9
 248 0576 1563B93A 		.ascii	"\025c\271:Z\317\001\327{K\352\002\354\200Eyr\223\032"
 248      5ACF01D7 
 248      7B4BEA02 
 248      EC804579 
 248      72931A
 249 0589 096F05C2 		.ascii	"\011o\005\302[$L!\341is\353c-\355\340\204\201\301\316"
 249      5B244C21 
 249      E16973EB 
 249      632DEDE0 
 249      8481C1CE 
 250 059d 0A7F85D0 		.ascii	"\012\177\205\320\357\322\206i\0011\215\210w\210\330"
 250      EFD28669 
 250      01318D88 
 250      7788D8
 251 05ac 6CCDAEF6 		.ascii	"l\315\256\366\247\375\034Qx9\265\225\012m\230\021\000"
 251      A7FD1C51 
 251      7839B595 
 251      0A6D9811 
 251      00
 252 05bd 3308788F 		.ascii	"3\010x\217\200\236\206\232\012_:\312\001\035i\327>\370"
 252      809E869A 
 252      0A5F3ACA 
 252      011D69D7 
 252      3EF8
 253 05cf 086DB009 		.ascii	"\010m\260\011\000\033\002> `d(\265ZCm\034\260\267>5"
 253      001B023E 
 253      20606428 
 253      B55A436D 
 253      1CB0B73E 
 254 05e4 CB4B1B3E 		.ascii	"\313K\033>\012\204\217H\230EB_\321\221\031=MQ\363\225"
 254      0A848F48 
 254      9845425F 
 254      D191193D 
 254      4D51F395 
 255 05f8 C8395B62 		.ascii	"\3109[b_\211)\2276\314\011\2109D\310*\206\310\256\353"
 255      5F892997 
 255      36CC0988 
ARM GAS  /tmp/ccaGZrKN.s 			page 20


 255      3944C82A 
 255      86C8AEEB 
 256 060c 3CEB4B0B 		.ascii	"<\353K\0139\302v\274Z-ta\223\312\323\0173\360\271\031"
 256      39C276BC 
 256      5A2D7461 
 256      93CAD30F 
 256      33F0B919 
 257 0620 FD73DD45 		.ascii	"\375s\335E]*Z\311\375\326\306\376\247z\241\013[\004"
 257      5D2A5AC9 
 257      FDD6C6FE 
 257      A77AA10B 
 257      5B04
 258 0632 C016046C 		.ascii	"\300\026\004lE@\373\205\275\365\260\0318\240\352\360"
 258      4540FB85 
 258      BDF5B019 
 258      38A0EAF0 
 259 0642 A6AD7AB1 		.ascii	"\246\255z\261\013\333\004\3026$lGBN\352\256Oi\007\007"
 259      0BDB04C2 
 259      36246C47 
 259      424EEAAE 
 259      4F690707 
 260 0656 F4B6655B 		.ascii	"\364\266e[\355M\350\316u6a\207@\330\201\204\235Hxy\342"
 260      ED4DE8CE 
 260      75366187 
 260      40D88184 
 260      9D487879 
 261 066b 7C8D1FED 		.ascii	"|\215\037\355\347\210\306\214\352\353\032\241\013\273"
 261      E788C68C 
 261      EAEB1AA1 
 261      0BBB
 262 0679 04C02E04 		.ascii	"\004\300.\004\354F\200\355\340L\205\232\216r\300\261"
 262      EC4680ED 
 262      E04C859A 
 262      8E72C0B1 
 263 0689 E1FBBBC5 		.ascii	"\341\373\273\305W\"E\000\244  \025\001\371\005\205\365"
 263      57224500 
 263      A4202015 
 263      01F90585 
 263      F5
 264 069a 7A6AE380 		.ascii	"zj\343\200\222\275\347\013\265b\027\322\004B\032\022"
 264      92BDE70B 
 264      B56217D2 
 264      04421A12 
 265 06aa BE47C289 		.ascii	"\276G\302\211K\217\352\374h\212\017?\031N\275\275k?"
 265      4B8FEAFC 
 265      688A0F3F 
 265      194EBDBD 
 265      6B3F
 266 06bc 19465CDA 		.ascii	"\031F\\\332\260G@\354AD:\"\266\275\333\236\257\245\205"
 266      B04740EC 
 266      41443A22 
 266      B6BDDB9E 
 266      AFA585
 267 06cf 1CB1FFD9 		.ascii	"\034\261\377\331\363t_\241\015\031\002 \003\001{\021"
 267      F3745FA1 
 267      0D190220 
 267      03017B11 
ARM GAS  /tmp/ccaGZrKN.s 			page 21


 268 06df D0929D76 		.ascii	"\320\222\235v\306\237Vr@\305\325\373?\023\272\220)\370"
 268      C69F5672 
 268      40C5D5FB 
 268      3F13BA90 
 268      29F8
 269 06f1 33D1BF0F 		.ascii	"3\321\277\017\375\207'\323\333\324\264\236\373w\025"
 269      FD8727D3 
 269      DBD4B49E 
 269      FB7715
 270 0700 0D5513B1 		.ascii	"\015U\023\261\013\373\005\302~$d!aWcY\271\216vp\302"
 270      0BFB05C2 
 270      7E246421 
 270      61576359 
 270      B98E7670 
 271 0715 AD4A5B9E 		.ascii	"\255J[\236\375\021f]\272\220- \262\021\221\203\210\272"
 271      FD11665D 
 271      BA902D20 
 271      B2119183 
 271      88BA
 272 0727 A3551370 		.ascii	"\243U\023p0pD\323\305g%\201B\027r\005@.\002\362\020"
 272      307044D3 
 272      C5672581 
 272      42177205 
 272      402E02F2 
 273 073c 706EECC1 		.ascii	"pn\354\301;\015\035\345\200\231\211\261\\_\241\015\371"
 273      3B0D1DE5 
 273      809989B1 
 273      5C5FA10D 
 273      F9
 274 074d 02201F01 		.ascii	"\002 \037\001\005\010x\323\221\016\257\204\215\003\366"
 274      050878D3 
 274      910EAF84 
 274      8D03F6
 275 075c 5C2E9B51 		.ascii	"\\.\233Q\211m8 \020\016 \241\020\011\365\027l\237\322"
 275      896D3820 
 275      100E20A1 
 275      1009F517 
 275      6C9FD2
 276 076f 140D02DA 		.ascii	"\024\015\002\332\232\256:\336\251\273y\316.\024\011"
 276      9AAE3ADE 
 276      A9BB79CE 
 276      2E1409
 277 077e 84222414 		.ascii	"\204\"$\024#!\275\352\340\007\330\013\034q\275\276\266"
 277      2321BDEA 
 277      E007D80B 
 277      1C71BDBE 
 277      B6
 278 078f 96085D38 		.ascii	"\226\010]8(\000\016\"\340\020\177\210[\225\275\001\264"
 278      28000E22 
 278      E0107F88 
 278      5B95BD01 
 278      B4
 279 07a0 92032ED7 		.ascii	"\222\003.\327\234\230\022\217\307\022\001P\202\200R"
 279      9C98128F 
 279      C7120150 
 279      828052
 280 07af 040CD6D4 		.ascii	"\004\014\326\324V\031h=\007\330\254{\267y\351\302a\201"
ARM GAS  /tmp/ccaGZrKN.s 			page 22


 280      5619683D 
 280      07D8AC7B 
 280      B779E9C2 
 280      6181
 281 07c1 70180965 		.ascii	"p\030\011eH8\236>\224\355K;8!\247"
 281      48389E3E 
 281      94ED4B3B 
 281      3821A7
 282 07d0 2E73C07E 		.ascii	".s\300~\270\215\273\264\341\210\2008\202\210\243\210"
 282      B88DBBB4 
 282      E1888038 
 282      8288A388 
 283 07e0 C8BBB5AF 		.ascii	"\310\273\265\257\236\320~\216x^\336U\026 \264\241\\"
 283      9ED07E8E 
 283      785EDE55 
 283      1620B4A1 
 283      5C
 284 07f1 009423A0 		.ascii	"\000\224#\240\002\001\243;\006\372a3p@\313\213\226&"
 284      0201A33B 
 284      06FA6133 
 284      7040CB8B 
 284      9626
 285 0803 3FA10DC7 		.ascii	"?\241\015\307\004\3001\004T\362\003\372\315\373-\260"
 285      04C03104 
 285      54F203FA 
 285      CDFB2DB0 
 286 0813 1938A0A6 		.ascii	"\0318\240\246(\343_b\027\216\013\200\343\0108\201\200"
 286      28E35F62 
 286      178E0B80 
 286      E3083881 
 286      80
 287 0824 D2D1E16B 		.ascii	"\322\321\341k*\327\177\300\243.\377\373$R\245\302\177"
 287      2AD77FC0 
 287      A32EFFFB 
 287      2452A5C2 
 287      7F
 288 0835 C0EC1B82 		.ascii	"\300\354\033\202\253Gj\036\373\271\006\263?%\316\340"
 288      AB476A1E 
 288      FBB906B3 
 288      3F25CEE0 
 289 0845 934AF049 		.ascii	"\223J\360I\014\356\234\275;\351k\017\3369\337\177kR"
 289      0CEE9CBD 
 289      3BE96B0F 
 289      DE39DF7F 
 289      6B52
 290 0857 0D267F93 		.ascii	"\015&\177\223)&1\311l\212M\210\265\250\377m\216\376"
 290      292631C9 
 290      6C8A4D88 
 290      B5A8FF6D 
 290      8EFE
 291 0869 E7AA8808 		.ascii	"\347\252\210\010\343\352\265\261\337\305\376\361\317"
 291      E3EAB5B1 
 291      DFC5FEF1 
 291      CF
 292 0876 C6C46463 		.ascii	"\306\304dcLb||b\202q]b\222%\331\370\373?}\263\372\233"
 292      4C627C7C 
 292      6282715D 
ARM GAS  /tmp/ccaGZrKN.s 			page 23


 292      629225D9 
 292      F8FB3F7D 
 293 088d 0D6C6E5D 		.ascii	"\015ln]l\2349)\331\370\325\352\325\306\230$KdD\214\366"
 293      6C9C3929 
 293      D9F8D5EA 
 293      D5C69824 
 293      4B64448C 
 294 08a2 AB3FFC25 		.ascii	"\253?\374%tud\244\024\365\377\371%\275\311d\216N\212"
 294      747564A4 
 294      14F5FFF9 
 294      25BDC964 
 294      8E4E8A
 295 08b5 DB889540 		.ascii	"\333\210\225@Uq\321\026^\225\301dZc\376G\364\3728\213"
 295      5571D116 
 295      5E95C164 
 295      5A63FE47 
 295      F4FA388B 
 296 08c9 C9BC21D6 		.ascii	"\311\274!\326\242M\200r-\353\223\022\202L\370\263))"
 296      A24D8072 
 296      2DEB9312 
 296      824CF8B3 
 296      2929
 297 08db 3ADE149D 		.ascii	":\336\024\235d\216N\366s\334\351b\342\200\205\367:\223"
 297      648E4EF6 
 297      73DCE962 
 297      E28085F7 
 297      3A93
 298 08ed 697D6C82 		.ascii	"i}l\202e\3712\223e\205q}r\2221:)~iBb\202y\2519\372\273"
 298      65F93293 
 298      6585717D 
 298      7292313A 
 298      297E6942 
 299 0908 58636C42 		.ascii	"XclBL\334\3725fc|t\314\332\330\004\263\321\221\312\262"
 299      4CDCFA35 
 299      66637C74 
 299      CCDAD804 
 299      B3D191CA 
 300 091d 719D3939 		.ascii	"q\23599b\255\244\265\273\177\371#\356\344\215\311FS"
 300      62ADA4B5 
 300      BB7FF923 
 300      EEE48DC9 
 300      4653
 301 092f B2650D84 		.ascii	"\262e\015\204\202\305\017\313b\311\015xg1o\340C}B\242"
 301      82C50FCB 
 301      62C90D78 
 301      67316FE0 
 301      437D42A2 
 302 0943 C9F15B20 		.ascii	"\311\361[ \253\32612Y\202M\354I\27609-\246\000\327)"
 302      ABD63132 
 302      59824DEC 
 302      49BE3039 
 302      2DA600D7 
 303 0958 934119F1 		.ascii	"\223A\031\361g3\005*\303\204D\3763\367G\212\376H7\177"
 303      6733052A 
 303      C38444FE 
 303      33F7478A 
 303      FE48377F 
ARM GAS  /tmp/ccaGZrKN.s 			page 24


 304 096c A4BB3FD2 		.ascii	"\244\273?\322\303\277L\364/s\363/s\367/\363\360/\027"
 304      C3BF4CF4 
 304      2F73F32F 
 304      73F72FF3 
 304      F02F17
 305 097f FDCBDDFC 		.ascii	"\375\313\335\374\313\335\375\313=\374+D\377\0127\377"
 305      CBDDFDCB 
 305      3DFC2B44 
 305      FF0A37FF 
 306 098f 0A77FF0A 		.ascii	"\012w\377\012\017\377J\321\277\322\315\277\322\335\277"
 306      0FFF4AD1 
 306      BFD2CDBF 
 306      D2DDBF
 307 099e D2C3BF4A 		.ascii	"\322\303\277J\364\257r\363\257r\367\257\362\360G\211"
 307      F4AF72F3 
 307      AF72F7AF 
 307      F2F04789 
 308 09ae FE28377F 		.ascii	"\376(7\177\224\273?\312\341\377/\355Pf\256"
 308      94BB3FCA 
 308      E1FF2FED 
 308      5066AE
 309              		.text
 310              		.section	.gnu.lto_.symtab.39e9685c9da0794a,"",%progbits
 311 0000 5F5F636F 		.ascii	"__core_init\000"
 311      72655F69 
 311      6E697400 
 312 000c 00       		.ascii	"\000"
 313 000d 01       		.ascii	"\001"
 314 000e 00       		.ascii	"\000"
 315 000f 00000000 		.ascii	"\000\000\000\000\000\000\000\000"
 315      00000000 
 316 0017 BD000000 		.ascii	"\275\000\000\000"
 317 001b 5F5F6561 		.ascii	"__early_init\000"
 317      726C795F 
 317      696E6974 
 317      00
 318 0028 00       		.ascii	"\000"
 319 0029 01       		.ascii	"\001"
 320 002a 00       		.ascii	"\000"
 321 002b 00000000 		.ascii	"\000\000\000\000\000\000\000\000"
 321      00000000 
 322 0033 C0000000 		.ascii	"\300\000\000\000"
 323 0037 5F5F6C61 		.ascii	"__late_init\000"
 323      74655F69 
 323      6E697400 
 324 0043 00       		.ascii	"\000"
 325 0044 01       		.ascii	"\001"
 326 0045 00       		.ascii	"\000"
 327 0046 00000000 		.ascii	"\000\000\000\000\000\000\000\000"
 327      00000000 
 328 004e C3000000 		.ascii	"\303\000\000\000"
 329 0052 5F5F6465 		.ascii	"__default_exit\000"
 329      6661756C 
 329      745F6578 
 329      697400
 330 0061 00       		.ascii	"\000"
 331 0062 01       		.ascii	"\001"
ARM GAS  /tmp/ccaGZrKN.s 			page 25


 332 0063 00       		.ascii	"\000"
 333 0064 00000000 		.ascii	"\000\000\000\000\000\000\000\000"
 333      00000000 
 334 006c C8000000 		.ascii	"\310\000\000\000"
 335 0070 5F5F696E 		.ascii	"__init_ram_areas\000"
 335      69745F72 
 335      616D5F61 
 335      72656173 
 335      00
 336 0081 00       		.ascii	"\000"
 337 0082 00       		.ascii	"\000"
 338 0083 00       		.ascii	"\000"
 339 0084 00000000 		.ascii	"\000\000\000\000\000\000\000\000"
 339      00000000 
 340 008c CA000000 		.ascii	"\312\000\000\000"
 341 0090 5F5F7261 		.ascii	"__ram0_init_text__\000"
 341      6D305F69 
 341      6E69745F 
 341      74657874 
 341      5F5F00
 342 00a3 00       		.ascii	"\000"
 343 00a4 02       		.ascii	"\002"
 344 00a5 00       		.ascii	"\000"
 345 00a6 00000000 		.ascii	"\000\000\000\000\000\000\000\000"
 345      00000000 
 346 00ae F0000000 		.ascii	"\360\000\000\000"
 347 00b2 5F5F7261 		.ascii	"__ram0_init__\000"
 347      6D305F69 
 347      6E69745F 
 347      5F00
 348 00c0 00       		.ascii	"\000"
 349 00c1 02       		.ascii	"\002"
 350 00c2 00       		.ascii	"\000"
 351 00c3 00000000 		.ascii	"\000\000\000\000\000\000\000\000"
 351      00000000 
 352 00cb F2000000 		.ascii	"\362\000\000\000"
 353 00cf 5F5F7261 		.ascii	"__ram0_clear__\000"
 353      6D305F63 
 353      6C656172 
 353      5F5F00
 354 00de 00       		.ascii	"\000"
 355 00df 02       		.ascii	"\002"
 356 00e0 00       		.ascii	"\000"
 357 00e1 00000000 		.ascii	"\000\000\000\000\000\000\000\000"
 357      00000000 
 358 00e9 F4000000 		.ascii	"\364\000\000\000"
 359 00ed 5F5F7261 		.ascii	"__ram0_noinit__\000"
 359      6D305F6E 
 359      6F696E69 
 359      745F5F00 
 360 00fd 00       		.ascii	"\000"
 361 00fe 02       		.ascii	"\002"
 362 00ff 00       		.ascii	"\000"
 363 0100 00000000 		.ascii	"\000\000\000\000\000\000\000\000"
 363      00000000 
 364 0108 F6000000 		.ascii	"\366\000\000\000"
 365 010c 5F5F7261 		.ascii	"__ram1_init_text__\000"
ARM GAS  /tmp/ccaGZrKN.s 			page 26


 365      6D315F69 
 365      6E69745F 
 365      74657874 
 365      5F5F00
 366 011f 00       		.ascii	"\000"
 367 0120 02       		.ascii	"\002"
 368 0121 00       		.ascii	"\000"
 369 0122 00000000 		.ascii	"\000\000\000\000\000\000\000\000"
 369      00000000 
 370 012a F8000000 		.ascii	"\370\000\000\000"
 371 012e 5F5F7261 		.ascii	"__ram1_init__\000"
 371      6D315F69 
 371      6E69745F 
 371      5F00
 372 013c 00       		.ascii	"\000"
 373 013d 02       		.ascii	"\002"
 374 013e 00       		.ascii	"\000"
 375 013f 00000000 		.ascii	"\000\000\000\000\000\000\000\000"
 375      00000000 
 376 0147 FA000000 		.ascii	"\372\000\000\000"
 377 014b 5F5F7261 		.ascii	"__ram1_clear__\000"
 377      6D315F63 
 377      6C656172 
 377      5F5F00
 378 015a 00       		.ascii	"\000"
 379 015b 02       		.ascii	"\002"
 380 015c 00       		.ascii	"\000"
 381 015d 00000000 		.ascii	"\000\000\000\000\000\000\000\000"
 381      00000000 
 382 0165 FC000000 		.ascii	"\374\000\000\000"
 383 0169 5F5F7261 		.ascii	"__ram1_noinit__\000"
 383      6D315F6E 
 383      6F696E69 
 383      745F5F00 
 384 0179 00       		.ascii	"\000"
 385 017a 02       		.ascii	"\002"
 386 017b 00       		.ascii	"\000"
 387 017c 00000000 		.ascii	"\000\000\000\000\000\000\000\000"
 387      00000000 
 388 0184 FE000000 		.ascii	"\376\000\000\000"
 389 0188 5F5F7261 		.ascii	"__ram2_init_text__\000"
 389      6D325F69 
 389      6E69745F 
 389      74657874 
 389      5F5F00
 390 019b 00       		.ascii	"\000"
 391 019c 02       		.ascii	"\002"
 392 019d 00       		.ascii	"\000"
 393 019e 00000000 		.ascii	"\000\000\000\000\000\000\000\000"
 393      00000000 
 394 01a6 00010000 		.ascii	"\000\001\000\000"
 395 01aa 5F5F7261 		.ascii	"__ram2_init__\000"
 395      6D325F69 
 395      6E69745F 
 395      5F00
 396 01b8 00       		.ascii	"\000"
 397 01b9 02       		.ascii	"\002"
ARM GAS  /tmp/ccaGZrKN.s 			page 27


 398 01ba 00       		.ascii	"\000"
 399 01bb 00000000 		.ascii	"\000\000\000\000\000\000\000\000"
 399      00000000 
 400 01c3 02010000 		.ascii	"\002\001\000\000"
 401 01c7 5F5F7261 		.ascii	"__ram2_clear__\000"
 401      6D325F63 
 401      6C656172 
 401      5F5F00
 402 01d6 00       		.ascii	"\000"
 403 01d7 02       		.ascii	"\002"
 404 01d8 00       		.ascii	"\000"
 405 01d9 00000000 		.ascii	"\000\000\000\000\000\000\000\000"
 405      00000000 
 406 01e1 04010000 		.ascii	"\004\001\000\000"
 407 01e5 5F5F7261 		.ascii	"__ram2_noinit__\000"
 407      6D325F6E 
 407      6F696E69 
 407      745F5F00 
 408 01f5 00       		.ascii	"\000"
 409 01f6 02       		.ascii	"\002"
 410 01f7 00       		.ascii	"\000"
 411 01f8 00000000 		.ascii	"\000\000\000\000\000\000\000\000"
 411      00000000 
 412 0200 06010000 		.ascii	"\006\001\000\000"
 413 0204 5F5F7261 		.ascii	"__ram3_init_text__\000"
 413      6D335F69 
 413      6E69745F 
 413      74657874 
 413      5F5F00
 414 0217 00       		.ascii	"\000"
 415 0218 02       		.ascii	"\002"
 416 0219 00       		.ascii	"\000"
 417 021a 00000000 		.ascii	"\000\000\000\000\000\000\000\000"
 417      00000000 
 418 0222 08010000 		.ascii	"\010\001\000\000"
 419 0226 5F5F7261 		.ascii	"__ram3_init__\000"
 419      6D335F69 
 419      6E69745F 
 419      5F00
 420 0234 00       		.ascii	"\000"
 421 0235 02       		.ascii	"\002"
 422 0236 00       		.ascii	"\000"
 423 0237 00000000 		.ascii	"\000\000\000\000\000\000\000\000"
 423      00000000 
 424 023f 0A010000 		.ascii	"\012\001\000\000"
 425 0243 5F5F7261 		.ascii	"__ram3_clear__\000"
 425      6D335F63 
 425      6C656172 
 425      5F5F00
 426 0252 00       		.ascii	"\000"
 427 0253 02       		.ascii	"\002"
 428 0254 00       		.ascii	"\000"
 429 0255 00000000 		.ascii	"\000\000\000\000\000\000\000\000"
 429      00000000 
 430 025d 0C010000 		.ascii	"\014\001\000\000"
 431 0261 5F5F7261 		.ascii	"__ram3_noinit__\000"
 431      6D335F6E 
ARM GAS  /tmp/ccaGZrKN.s 			page 28


 431      6F696E69 
 431      745F5F00 
 432 0271 00       		.ascii	"\000"
 433 0272 02       		.ascii	"\002"
 434 0273 00       		.ascii	"\000"
 435 0274 00000000 		.ascii	"\000\000\000\000\000\000\000\000"
 435      00000000 
 436 027c 0E010000 		.ascii	"\016\001\000\000"
 437 0280 5F5F7261 		.ascii	"__ram4_init_text__\000"
 437      6D345F69 
 437      6E69745F 
 437      74657874 
 437      5F5F00
 438 0293 00       		.ascii	"\000"
 439 0294 02       		.ascii	"\002"
 440 0295 00       		.ascii	"\000"
 441 0296 00000000 		.ascii	"\000\000\000\000\000\000\000\000"
 441      00000000 
 442 029e 10010000 		.ascii	"\020\001\000\000"
 443 02a2 5F5F7261 		.ascii	"__ram4_init__\000"
 443      6D345F69 
 443      6E69745F 
 443      5F00
 444 02b0 00       		.ascii	"\000"
 445 02b1 02       		.ascii	"\002"
 446 02b2 00       		.ascii	"\000"
 447 02b3 00000000 		.ascii	"\000\000\000\000\000\000\000\000"
 447      00000000 
 448 02bb 12010000 		.ascii	"\022\001\000\000"
 449 02bf 5F5F7261 		.ascii	"__ram4_clear__\000"
 449      6D345F63 
 449      6C656172 
 449      5F5F00
 450 02ce 00       		.ascii	"\000"
 451 02cf 02       		.ascii	"\002"
 452 02d0 00       		.ascii	"\000"
 453 02d1 00000000 		.ascii	"\000\000\000\000\000\000\000\000"
 453      00000000 
 454 02d9 14010000 		.ascii	"\024\001\000\000"
 455 02dd 5F5F7261 		.ascii	"__ram4_noinit__\000"
 455      6D345F6E 
 455      6F696E69 
 455      745F5F00 
 456 02ed 00       		.ascii	"\000"
 457 02ee 02       		.ascii	"\002"
 458 02ef 00       		.ascii	"\000"
 459 02f0 00000000 		.ascii	"\000\000\000\000\000\000\000\000"
 459      00000000 
 460 02f8 16010000 		.ascii	"\026\001\000\000"
 461 02fc 5F5F7261 		.ascii	"__ram5_init_text__\000"
 461      6D355F69 
 461      6E69745F 
 461      74657874 
 461      5F5F00
 462 030f 00       		.ascii	"\000"
 463 0310 02       		.ascii	"\002"
 464 0311 00       		.ascii	"\000"
ARM GAS  /tmp/ccaGZrKN.s 			page 29


 465 0312 00000000 		.ascii	"\000\000\000\000\000\000\000\000"
 465      00000000 
 466 031a 18010000 		.ascii	"\030\001\000\000"
 467 031e 5F5F7261 		.ascii	"__ram5_init__\000"
 467      6D355F69 
 467      6E69745F 
 467      5F00
 468 032c 00       		.ascii	"\000"
 469 032d 02       		.ascii	"\002"
 470 032e 00       		.ascii	"\000"
 471 032f 00000000 		.ascii	"\000\000\000\000\000\000\000\000"
 471      00000000 
 472 0337 1A010000 		.ascii	"\032\001\000\000"
 473 033b 5F5F7261 		.ascii	"__ram5_clear__\000"
 473      6D355F63 
 473      6C656172 
 473      5F5F00
 474 034a 00       		.ascii	"\000"
 475 034b 02       		.ascii	"\002"
 476 034c 00       		.ascii	"\000"
 477 034d 00000000 		.ascii	"\000\000\000\000\000\000\000\000"
 477      00000000 
 478 0355 1C010000 		.ascii	"\034\001\000\000"
 479 0359 5F5F7261 		.ascii	"__ram5_noinit__\000"
 479      6D355F6E 
 479      6F696E69 
 479      745F5F00 
 480 0369 00       		.ascii	"\000"
 481 036a 02       		.ascii	"\002"
 482 036b 00       		.ascii	"\000"
 483 036c 00000000 		.ascii	"\000\000\000\000\000\000\000\000"
 483      00000000 
 484 0374 1E010000 		.ascii	"\036\001\000\000"
 485 0378 5F5F7261 		.ascii	"__ram6_init_text__\000"
 485      6D365F69 
 485      6E69745F 
 485      74657874 
 485      5F5F00
 486 038b 00       		.ascii	"\000"
 487 038c 02       		.ascii	"\002"
 488 038d 00       		.ascii	"\000"
 489 038e 00000000 		.ascii	"\000\000\000\000\000\000\000\000"
 489      00000000 
 490 0396 20010000 		.ascii	" \001\000\000"
 491 039a 5F5F7261 		.ascii	"__ram6_init__\000"
 491      6D365F69 
 491      6E69745F 
 491      5F00
 492 03a8 00       		.ascii	"\000"
 493 03a9 02       		.ascii	"\002"
 494 03aa 00       		.ascii	"\000"
 495 03ab 00000000 		.ascii	"\000\000\000\000\000\000\000\000"
 495      00000000 
 496 03b3 22010000 		.ascii	"\"\001\000\000"
 497 03b7 5F5F7261 		.ascii	"__ram6_clear__\000"
 497      6D365F63 
 497      6C656172 
ARM GAS  /tmp/ccaGZrKN.s 			page 30


 497      5F5F00
 498 03c6 00       		.ascii	"\000"
 499 03c7 02       		.ascii	"\002"
 500 03c8 00       		.ascii	"\000"
 501 03c9 00000000 		.ascii	"\000\000\000\000\000\000\000\000"
 501      00000000 
 502 03d1 24010000 		.ascii	"$\001\000\000"
 503 03d5 5F5F7261 		.ascii	"__ram6_noinit__\000"
 503      6D365F6E 
 503      6F696E69 
 503      745F5F00 
 504 03e5 00       		.ascii	"\000"
 505 03e6 02       		.ascii	"\002"
 506 03e7 00       		.ascii	"\000"
 507 03e8 00000000 		.ascii	"\000\000\000\000\000\000\000\000"
 507      00000000 
 508 03f0 26010000 		.ascii	"&\001\000\000"
 509 03f4 5F5F7261 		.ascii	"__ram7_init_text__\000"
 509      6D375F69 
 509      6E69745F 
 509      74657874 
 509      5F5F00
 510 0407 00       		.ascii	"\000"
 511 0408 02       		.ascii	"\002"
 512 0409 00       		.ascii	"\000"
 513 040a 00000000 		.ascii	"\000\000\000\000\000\000\000\000"
 513      00000000 
 514 0412 28010000 		.ascii	"(\001\000\000"
 515 0416 5F5F7261 		.ascii	"__ram7_init__\000"
 515      6D375F69 
 515      6E69745F 
 515      5F00
 516 0424 00       		.ascii	"\000"
 517 0425 02       		.ascii	"\002"
 518 0426 00       		.ascii	"\000"
 519 0427 00000000 		.ascii	"\000\000\000\000\000\000\000\000"
 519      00000000 
 520 042f 2A010000 		.ascii	"*\001\000\000"
 521 0433 5F5F7261 		.ascii	"__ram7_clear__\000"
 521      6D375F63 
 521      6C656172 
 521      5F5F00
 522 0442 00       		.ascii	"\000"
 523 0443 02       		.ascii	"\002"
 524 0444 00       		.ascii	"\000"
 525 0445 00000000 		.ascii	"\000\000\000\000\000\000\000\000"
 525      00000000 
 526 044d 2C010000 		.ascii	",\001\000\000"
 527 0451 5F5F7261 		.ascii	"__ram7_noinit__\000"
 527      6D375F6E 
 527      6F696E69 
 527      745F5F00 
 528 0461 00       		.ascii	"\000"
 529 0462 02       		.ascii	"\002"
 530 0463 00       		.ascii	"\000"
 531 0464 00000000 		.ascii	"\000\000\000\000\000\000\000\000"
 531      00000000 
ARM GAS  /tmp/ccaGZrKN.s 			page 31


 532 046c 2E010000 		.ascii	".\001\000\000"
 533              		.text
 534              		.section	.gnu.lto_.opts,"",%progbits
 535 0000 272D666D 		.ascii	"'-fmath-errno' '-fsigned-zeros' '-ftrapping-math' '"
 535      6174682D 
 535      6572726E 
 535      6F272027 
 535      2D667369 
 536 0033 2D666E6F 		.ascii	"-fno-trapv' '-fno-strict-overflow' '-fno-openmp' '-"
 536      2D747261 
 536      70762720 
 536      272D666E 
 536      6F2D7374 
 537 0066 666E6F2D 		.ascii	"fno-openacc' '-mcpu=cortex-m4' '-mfloat-abi=hard' '"
 537      6F70656E 
 537      61636327 
 537      20272D6D 
 537      6370753D 
 538 0099 2D6D6670 		.ascii	"-mfpu=fpv4-sp-d16' '-mno-thumb-interwork' '-mthumb'"
 538      753D6670 
 538      76342D73 
 538      702D6431 
 538      36272027 
 539 00cc 20272D4F 		.ascii	" '-O0' '-Werror' '-fomit-frame-pointer' '-falign-fu"
 539      30272027 
 539      2D576572 
 539      726F7227 
 539      20272D66 
 540 00ff 6E637469 		.ascii	"nctions=16' '-ffunction-sections' '-fdata-sections'"
 540      6F6E733D 
 540      31362720 
 540      272D6666 
 540      756E6374 
 541 0132 20272D66 		.ascii	" '-fno-common' '-flto' '-fsingle-precision-constant"
 541      6E6F2D63 
 541      6F6D6D6F 
 541      6E272027 
 541      2D666C74 
 542 0165 2700     		.ascii	"'\000"
 543              		.text
 544              		.comm	__gnu_lto_v1,1,1
 545              		.comm	__gnu_lto_slim,1,1
 546              		.ident	"GCC: (GNU Tools for Arm Embedded Processors 7-2017-q4-major) 7.2.1 20170904 (release) [ARM
ARM GAS  /tmp/ccaGZrKN.s 			page 32


DEFINED SYMBOLS
                            *ABS*:0000000000000000 crt1.c
                            *COM*:0000000000000001 __gnu_lto_v1
                            *COM*:0000000000000001 __gnu_lto_slim

NO UNDEFINED SYMBOLS
