ARM GAS  /tmp/ccgBLOUo.s 			page 1


   1              		.cpu cortex-m4
   2              		.eabi_attribute 27, 1
   3              		.eabi_attribute 28, 1
   4              		.eabi_attribute 20, 1
   5              		.eabi_attribute 21, 1
   6              		.eabi_attribute 23, 3
   7              		.eabi_attribute 24, 1
   8              		.eabi_attribute 25, 1
   9              		.eabi_attribute 26, 1
  10              		.eabi_attribute 30, 6
  11              		.eabi_attribute 34, 1
  12              		.eabi_attribute 18, 4
  13              		.file	"hal.c"
  14              		.section	.gnu.lto_.inline.64fa11d0962c07f0,"",%progbits
  15 0000 789C6363 		.ascii	"x\234cc``\210b@\000&\006\006f fbZ \317\300\002\3421"
  15      60608862 
  15      40002606 
  15      06662066 
  15      625A20CF 
  16 0018 303032F0 		.ascii	"002\360=g@\023\342\"H0q\203t\"\370\014\000\346\332\003"
  16      3D674013 
  16      E2224830 
  16      71837422 
  16      F80C00E6 
  17 002e 61       		.ascii	"a"
  18              		.text
  19              		.section	.gnu.lto_osalInit.64fa11d0962c07f0,"",%progbits
  20 0000 789C6363 		.ascii	"x\234cc``(\005be \026\005b\006f\006F&\006 fd\004r\030"
  20      60602805 
  20      62652016 
  20      05620666 
  20      06462606 
  21 001a 19EA9918 		.ascii	"\031\352\231\030\353\031{\230\24703\036j\177\266\223"
  21      EB197B98 
  21      A730331E 
  21      6A7FB693 
  22 002a 49737903 		.ascii	"Isy\003\020\034\230>InM\303\205\006\3469\314\014\014"
  22      101C983E 
  22      496E4DC3 
  22      8506E639 
  22      CC0C0C
  23 003d D39819C0 		.ascii	"\323\230\031\300\200q3\243&\003P\335\243\215\377\246"
  23      807133A3 
  23      260350DD 
  23      A38DFFA6 
  24 004d F2B2B140 		.ascii	"\362\262\261@\304\031\2670\2621\200LZ\177\211\365@\303"
  24      C419B730 
  24      B231804C 
  24      5A7F89F5 
  24      40C3
  25 005f BFFFED0D 		.ascii	"\277\377\355\015\007\356,a\234\036\007\264\242\003\254"
  25      07EE2C61 
  25      9C1E07B4 
  25      A203AC
  26 006e AF9319C8 		.ascii	"\257\223\031\310d~\307\330\244\000V\012\002\035\314"
  26      647EC7D8 
  26      A400560A 
ARM GAS  /tmp/ccgBLOUo.s 			page 2


  26      021DCC
  27 007d 400D4051 		.ascii	"@\015@QE==}\347\214\314\244L\377`\375\374b\375\214\304"
  27      453D3D7D 
  27      E78CCCA4 
  27      4CFF60FD 
  27      FC62FD8C 
  28 0092 1C200524 		.ascii	"\034 \005$\212J\300\264^\006\003\000\301S,l"
  28      8A4AC0B4 
  28      5E060300 
  28      C1532C6C 
  29              		.text
  30              		.section	.gnu.lto_halInit.64fa11d0962c07f0,"",%progbits
  31 0000 789C75D1 		.ascii	"x\234u\321O/\003A\024\000\360\367\366\265\333\242\305"
  31      4F2F0341 
  31      1400F0F7 
  31      F6B5DBA2 
  31      C5
  32 0011 818468C4 		.ascii	"\201\204h\304\265\227\356\207psq\360\011\250C\233H$"
  32      B597EE87 
  32      707371F0 
  32      09A8439B 
  32      4824
  33 0023 FA0176A8 		.ascii	"\372\001v\250\246\025\216\265\0346\262\021\202\203H"
  33      A6158EB5 
  33      1C36B211 
  33      828348
  34 0032 53C5A2BA 		.ascii	"S\305\242\272\372\005\204\253\233\210S\375\213S\211"
  34      FA0584AB 
  34      9B8853FD 
  34      8B5389
  35 0041 F2662BB2 		.ascii	"\362f+\262\207\355$\223\311\274\371\315\314\2337*\000"
  35      87ED2493 
  35      C9BCF9CD 
  35      CC9B372A 
  35      00
  36 0052 CC2A00A3 		.ascii	"\314*\000\243<\016r\007\002\344)*\210<A\320\025\324"
  36      3C0E7207 
  36      02E4292A 
  36      883C41D0 
  36      15D4
  37 0064 718D8A84 		.ascii	"q\215\212\204\365\374\223\255\304\367\0047g\343mX\354"
  37      F5FC93AD 
  37      C4F70437 
  37      67E36D58 
  37      EC
  38 0075 3B681280 		.ascii	";h\022\200A\3406,c\034\230=\224Z\353Q5\320\216\3431"
  38      41E0362C 
  38      631C983D 
  38      945AEB51 
  38      35D08EE3 
  39 008a AA200F3A 		.ascii	"\252 \017:\272\013:\242\365\223\027\316\3436V'\"\000"
  39      BA0B3AA2 
  39      F59317CE 
  39      E3365627 
  39      2200
  40 009c 0577DF0A 		.ascii	"\005w\337\012\361e\324\300\254\365:\342b>\301\266\033"
  40      F165D4C0 
ARM GAS  /tmp/ccgBLOUo.s 			page 3


  40      ACF53AE2 
  40      623EC1B6 
  40      1B
  41 00ad F721FD5B 		.ascii	"\367!\375[\204MB\203x7VP\007\223\245tM\362w2\351\223"
  41      844D4283 
  41      78375650 
  41      0793A574 
  41      4DF27732 
  42 00c3 7FB76CED 		.ascii	"\177\267l\355F|\034\031\304\327\342);^0r\365\233\320"
  42      467C1C19 
  42      C4D7E229 
  42      3B5E3072 
  42      F59BD0
  43 00d6 2A991440 		.ascii	"*\231\024@9\315~\326>z\331\015q\300\222\331q\254y\373"
  43      39CD7ED6 
  43      3E7AD90D 
  43      71C092D9 
  43      71AC79FB 
  44 00ea 5CE8B170 		.ascii	"\\\350\261pk\261\337\244 \332\\\2133\214\271+\331\235"
  44      6BB1DFA4 
  44      20DA5C8B 
  44      338CB92B 
  44      D99D
  45 00fc 720E596F 		.ascii	"r\016Yo\0121&O8G\013\333\317\275@\335$\325M\3660\352"
  45      0A31264F 
  45      38470BDB 
  45      CFBD40DD 
  45      24D54DF6 
  46 0112 9F6C8093 		.ascii	"\237l\200\223\270\364<\352\240\327\337\005\331U=\256"
  46      B8F43CEA 
  46      A0D7DF05 
  46      D9553DAE 
  47 0122 D2C1A9EC 		.ascii	"\322\301\251\354\256\274E\352\340B\354j\036W\352\363"
  47      AEBC45EA 
  47      E042EC6A 
  47      1E57EAF3 
  48 0132 7761768E 		.ascii	"wav\216\367\336\001\177\327\305\356\332\343\336;\270"
  48      F7DE017F 
  48      D7C5EEDA 
  48      E3DE3BB8 
  49 0142 6E76F53F 		.ascii	"nv\365?\367\202K\326W\261]+\331\012\362\213\371\367"
  49      F7824BD6 
  49      57B15D2B 
  49      D90AF28B 
  49      F9F7
  50 0154 62898436 		.ascii	"b\211\2046\236J\317\244'\247\264\371\214\226\232\236"
  50      9E4ACFA4 
  50      27A7B4F9 
  50      8C969A9E 
  51 0164 D3320B49 		.ascii	"\3232\013I9&\222\360\013kR\311:"
  51      392692F0 
  51      0B6B52C9 
  51      3A
  52              		.text
  53              		.section	.gnu.lto_.symbol_nodes.64fa11d0962c07f0,"",%progbits
  54 0000 789C55CF 		.ascii	"x\234U\317\273\015\302P\014\205\341c\337\344&\201\011"
  54      BB0DC250 
ARM GAS  /tmp/ccgBLOUo.s 			page 4


  54      0C85E163 
  54      DFE42681 
  54      09
  55 0011 A8601498 		.ascii	"\250`\024\230\314\027E\242\342\021\236\013d\012\350"
  55      CC1745A2 
  55      E2119E0B 
  55      640AE8
  56 0020 507A6600 		.ascii	"Pzf\000\245\240a\006\204\261\204\204\033\377\322g7\216"
  56      A5A06106 
  56      84B18484 
  56      1BFFD267 
  56      378E
  57 0032 0046A483 		.ascii	"\000F\244\203\237$@s\0034\347tMQm\311B?\273\314g@\276"
  57      9F244073 
  57      0334E774 
  57      4D516DC9 
  57      423FBBCC 
  58 0049 614CF49A 		.ascii	"aL\364\232N,l\033 \245\251\302\221%88\260d\016\366,"
  58      4E2C6C1B 
  58      20A5A9C2 
  58      91253838 
  58      B0640EF6 
  59 005e B9831D4B 		.ascii	"\271\203\035Kt\260e)\0344,\245\2035K\345`\3052\370\207"
  59      74B06529 
  59      1C342CA5 
  59      83354BE5 
  59      60C532F8 
  60 0073 A0BFB4F7 		.ascii	"\240\277\264\3677\005\032\242\263\016\320[+\324\217"
  60      37051AA2 
  60      B30ED05B 
  60      2BD48F
  61 0082 6F4BB4D6 		.ascii	"oK\264\326\002\2355\242\267\346\250\027\257q\240\014"
  61      029D35A2 
  61      B7E6A817 
  61      AF71A00C 
  62 0092 AD35A0D3 		.ascii	"\2555\240\323\342\003\014\370E\261"
  62      E2030CF8 
  62      45B1
  63              		.text
  64              		.section	.gnu.lto_.refs.64fa11d0962c07f0,"",%progbits
  65 0000 789C6363 		.ascii	"x\234cc```\003bFF&&f\006\000\000\275\000\026"
  65      60606003 
  65      62464626 
  65      26660600 
  65      00BD0016 
  66              		.text
  67              		.section	.gnu.lto_.decls.64fa11d0962c07f0,"",%progbits
  68 0000 789C9D56 		.ascii	"x\234\235VkP\024W\026\356\333w\0360\274,\310\356\272"
  68      6B501457 
  68      16EEDB77 
  68      1E30BC2C 
  68      C8EEBA
  69 0013 B5562DEB 		.ascii	"\265V-\353NJ\266j\303\254\350\017\177e+\253\033c\255"
  69      4E4AB66A 
  69      C3ACE80F 
  69      7F652BAB 
  69      1B63AD
ARM GAS  /tmp/ccgBLOUo.s 			page 5


  70 0026 89EC66F7 		.ascii	"\211\354f\367G*?&#3\206\251\002\206\232\0316I\345O#"
  70      472A3F26 
  70      233386A9 
  70      02869A19 
  70      3649E54F 
  71 003b C8438687 		.ascii	"\310C\206\207\221%<\224\220\340\032Q\022\214H\242<d"
  71      91253C94 
  71      90E01A51 
  71      128C48A2 
  71      3C64
  72 004d 743230A2 		.ascii	"t20\242(j\202b\206\207\020\360\201\"\240\021\211\030"
  72      286A8262 
  72      868710F0 
  72      8122A011 
  72      8918
  73 005f F6DC7BBB 		.ascii	"\366\334{\273\247\333\001\264\262]\234\271}\373|\337"
  73      A7DB01B4 
  73      B25D9CB9 
  73      7DFB7CDF 
  74 006f 77CE3DB7 		.ascii	"w\316=\267Os5\034\307\275\021\301q\277\300\034w\003"
  74      4F73351C 
  74      C7BD11C1 
  74      71BFC01C 
  74      7703
  75 0081 EEE7E182 		.ascii	"\356\347\341\202[\356$'_a`-`m`\355\242\317\003\346\005"
  75      5BEE2427 
  75      5F61602D 
  75      606D60ED 
  75      A2CF03E6 
  76 0096 EB043B0D 		.ascii	"\353\004;\015v\006,\006\201\016\030\374q\277B\334\023"
  76      76062C06 
  76      810E18FC 
  76      71BF42DC 
  76      13
  77 00a7 D73BE2F3 		.ascii	"\327;\342\363\267\3049\0225\203\257\367\301\241\025"
  77      B7C43912 
  77      3583AFF7 
  77      C1A115
  78 00b6 71CBE1BE 		.ascii	"q\313\341\276\031\306_\303\270\014,\012,\032\3119\265"
  78      19C65FC3 
  78      B80C2C0A 
  78      2C1AC939 
  78      B5
  79 00c7 891A2426 		.ascii	"\211\032$&\211}F\314\245S\314\315#\346\332\316-\236"
  79      897D46CC 
  79      A553CCCD 
  79      23E6DACE 
  79      2D9E
  80 00d9 532946B7 		.ascii	"S)F\2672\013\017\205\017\242~\342A\313\020\022\263T"
  80      320B0F85 
  80      0FA27EE2 
  80      41CB1012 
  80      B354
  81 00eb 5E48AC0A 		.ascii	"^H\254\012\275\210\237\001x$9\031*\230F}\210\031\317"
  81      BD889F01 
  81      78243919 
  81      2A98467D 
ARM GAS  /tmp/ccgBLOUo.s 			page 6


  81      8819CF
  82 00fe C95899A1 		.ascii	"\311X\231\241PU\220\021\2758\232\2122\027\232\031\342"
  82      50559011 
  82      BD389A8A 
  82      32179A19 
  82      E2
  83 010f A4C75278 		.ascii	"\244\307Rx\024\300Hx\205*\022I\213e\007\027\026\213"
  83      14C04878 
  83      852A1249 
  83      8B650717 
  83      168B
  84 0121 E06F98F4 		.ascii	"\340o\230\364\251\207\320\000@\337\210\344JBR\021yZ"
  84      A987D000 
  84      40DF88E4 
  84      4A425211 
  84      795A
  85 0133 7E70574D 		.ascii	"~pWM\030\346\351}\301h\303Q\015\016\243\367\267\317"
  85      18E6E97D 
  85      C168C351 
  85      0D0EA3F7 
  85      B7CF
  86 0145 B4E647C6 		.ascii	"\264\346G\306\327\013\354\012\331\302\241/\021\226\352"
  86      D70BEC0A 
  86      D9C2A12F 
  86      1196EA
  87 0154 E99D9F71 		.ascii	"\351\235\237qG\025`\024\255C<L/N\236\335\033\006\323"
  87      47156014 
  87      AD433C4C 
  87      2F4E9EDD 
  87      1B06D3
  88 0167 E7746819 		.ascii	"\347th\031L\353]\363\245\352\345e\204W\222%,\343\321"
  88      4CEB5DF3 
  88      A5EAE565 
  88      84579225 
  88      2CE3D1
  89 017a 5BBF44C7 		.ascii	"[\277D\307\321\012t\014\255\200\034\233\321r\370MS1"
  89      D10A740C 
  89      AD801C9B 
  89      D172F84D 
  89      5331
  90 018c A582D986 		.ascii	"\245\202\331\206kQ+k\004\267[pw\356_\331\351\315\021"
  90      6B512B6B 
  90      04B75B70 
  90      77EE5FD9 
  90      E9CD11
  91 019f 7A80F70A 		.ascii	"z\200\367\012\305\241&\204\321W(\236,\271\211DGG\321"
  91      C5A12684 
  91      D157289E 
  91      2CB98944 
  91      4747D1
  92 01b2 10428D68 		.ascii	"\020B\215h\020\326\320\202V\002\177\262Q\030\326\341"
  92      10D6D082 
  92      56027FB2 
  92      5118D6E1 
  93 01c2 7FD094BD 		.ascii	"\177\320\224\275\337~9\021\001Z5\240u\271*\366\372Q"
  93      DF7E3911 
  93      015A35A0 
ARM GAS  /tmp/ccgBLOUo.s 			page 7


  93      75B92AF6 
  93      FA51
  94 01d4 41D8015A 		.ascii	"A\330\001Z**\325*K\265\006K\265Q\251\334#\023\203j\374"
  94      2A2AD52A 
  94      4BB5064B 
  94      B551A9DC 
  94      2313836A 
  95 01e9 0E95727D 		.ascii	"\016\225r}\337\322D\322\032\022\004\367\314G\353*\017"
  95      DFD244D2 
  95      1A1204F7 
  95      CC47EB2A 
  95      0F
  96 01fa DF10F274 		.ascii	"\337\020\362t,\247\023\262\320\011\261\"\250\235\012"
  96      2CA713B2 
  96      D009B122 
  96      A89D0A
  97 0209 9C1DEB7F 		.ascii	"\234\035\353\177\037W#*p\310\2733S%\012x>\213\275\352"
  97      1F57232A 
  97      70C8BB33 
  97      53250A78 
  97      3E8BBDEA 
  98 021d CD712732 		.ascii	"\315q'2\276[\346\273%\376I\312\3373S\325\304\343F&\260"
  98      BE5BE6BB 
  98      25FE49CA 
  98      DF3353D5 
  98      C4E34626 
  99 0232 BF60A60A 		.ascii	"\277`\246\012\213\002\3375\304~~T\310VS\376)\231\177"
  99      8B02DF35 
  99      C47E7E54 
  99      C85653FE 
  99      29997F
 100 0245 4AE27B28 		.ascii	"J\342{(\277q6\257\012\341\021\306o\031\370j\\+\361\333"
 100      BF7136AF 
 100      0AE111C6 
 100      6F19F86A 
 100      5C2BF1DB 
 101 0259 D6567902 		.ascii	"\326Vy\002\011|-\013|-\011x\251\300\007{\213\372\264"
 101      097C2D0B 
 101      7C2D0978 
 101      A9C0077B 
 101      8BFAB4
 102 026c D8C55E86 		.ascii	"\330\305^\206}\025#5R\011F\272\342\032\002\011t\310"
 102      7D152335 
 102      520946BA 
 102      E21A0209 
 102      74C8
 103 027e FC0E89DF 		.ascii	"\374\016\211\337I\371\347\273j\347\"p\023\343_*\255"
 103      49F9E7BB 
 103      6AE72270 
 103      13E35F2A 
 103      AD
 104 028f 9B8D90F8 		.ascii	"\233\215\220\370\347\327\235\016\360}2\337'\361OS~K"
 104      E7D79D0E 
 104      F07D32DF 
 104      27F14F53 
 104      7E4B
 105 02a1 EFB937F1 		.ascii	"\357\2717\361\220\030~v\317\177y\251\200\375\177\254"
ARM GAS  /tmp/ccgBLOUo.s 			page 8


 105      90187E76 
 105      CF7F79A9 
 105      80FD7FAC 
 106 02b1 0BD0BB64 		.ascii	"\013\320\273dz\227D?C\351\007\353+FCq>\246\374\013\331"
 106      7A97443F 
 106      43E907EB 
 106      2B464371 
 106      3EA6FC0B 
 107 02c6 87F760F6 		.ascii	"\207\367`\366\212\252`:\325]9\022\311^\321X\2306\367"
 107      8AAA603A 
 107      D55D3912 
 107      C95ED158 
 107      9836F7
 108 02d9 4FB9C398 		.ascii	"O\271\303\230w\010\301\374X\333\235\0046]\241\360>'"
 108      7708C1FC 
 108      58DB9D04 
 108      365DA1F0 
 108      3E27
 109 02eb 7A0FB766 		.ascii	"z\017\267f\337\211dn7\231\027\354(\316\327\342\017Y"
 109      DF89646E 
 109      379917EC 
 109      28CED7E2 
 109      0F59
 110 02fd A089ECD1 		.ascii	"\240\211\354\321!Qj\271\242\027\242Y/\370\363s\2525"
 110      21516AB9 
 110      A217A259 
 110      2FF8F373 
 110      AA35
 111 030f B89A41FB 		.ascii	"\270\232A\373}u\207HN\253t\210tn\024<j\270}|6\202=\""
 111      7D758748 
 111      4EAB7488 
 111      746E143C 
 111      6AB87D7C 
 112 0327 888BC5D3 		.ascii	"\210\213\305\323\373\264\270\226\302\371\301\276G\376"
 112      FBB4B896 
 112      C2F9C1BE 
 112      47FE
 113 0335 48A48BCB 		.ascii	"H\244\213\313\023\204\355BM\226\020\012]q\016\372\250"
 113      1384ED42 
 113      4D96100A 
 113      5D710EFA 
 113      A8
 114 0346 1BFA087D 		.ascii	"\033\372\010}\207\342\010\211T\002]\201\207\227\341"
 114      87E20889 
 114      54025D81 
 114      8797E1
 115 0355 E17ED272 		.ascii	"\341~\322r\356\231;/VL\013B,\272\212t\250O\256\326*"
 115      EE993B2F 
 115      564C0B42 
 115      2CBA8A74 
 115      A84FAED6 
 116 036a 1D6BB9BA 		.ascii	"\035k\271\272}\273>\321\340\021\026\243\245j\324\313"
 116      7DBB3ED1 
 116      E01116A3 
 116      A56AD4CB 
 117 037a 2F156360 		.ascii	"/\025c`\311\030\327\037\257\354\200\336\342\341\223"
 117      C918D71F 
ARM GAS  /tmp/ccgBLOUo.s 			page 9


 117      AFEC80DE 
 117      E2E193
 118 0389 AA437E39 		.ascii	"\252C~9\006\204dA\206\233\375\231<.S\321UU\266\334\357"
 118      06846441 
 118      869BFD99 
 118      3C2E53D1 
 118      5555B6DC 
 119 039e 52B39A84 		.ascii	"R\263\232\204\300\364\356no7\217+\231o\354JV\205\006"
 119      C0F4EE6E 
 119      6F378F2B 
 119      996FEC4A 
 119      568506
 120 03b1 D7B049C9 		.ascii	"\327\260I\311\343>A\203\017\260I\341\335\207\037\253"
 120      E33E4183 
 120      0FB049E1 
 120      DD871FAB 
 121 03c1 70039BF4 		.ascii	"p\003\233\364e\315\364\302\253E'\241\333\257<\360\250"
 121      65CDF4C2 
 121      AB4527A1 
 121      DBAF3CF0 
 121      A8
 122 03d2 915E1FA3 		.ascii	"\221^\037\243\327\353\343\364\372OH\356\356\313\305"
 122      D7EBE3F4 
 122      FA4F48EE 
 122      EECBC5
 123 03e1 B8A0AEA8 		.ascii	"\270\240\256\250P\2509\205hV\243\220\325\015\024#\257"
 123      50A83985 
 123      6856A390 
 123      D50D1423 
 123      AF
 124 03f2 E61BFAF9 		.ascii	"\346\033\372\371Y\015?\034c\374\370\347J\301\235\215"
 124      590D3F1C 
 124      63FCF8E7 
 124      4AC19D8D 
 125 0402 297A3018 		.ascii	")z0\030\375\255\214\336E\277d`H\305\241\013\000\350"
 125      FDAD8CDE 
 125      45BF6460 
 125      48C5A10B 
 125      00E8
 126 0414 A13E0287 		.ascii	"\241>\002\207e\243\333P\245[H\217&\300n\202\215\203"
 126      65A3DB50 
 126      A55B488F 
 126      26C06E82 
 126      8D83
 127 0426 5D07BB03 		.ascii	"]\007\273\0036\206\364\364\015e\001\257*\002\016\007"
 127      3686F4F4 
 127      0D6501AF 
 127      2A020E07 
 128 0436 071C5A90 		.ascii	"\007\034Z\220\336\2132\372\373`\264!\010|K!}mq\351s"
 128      DE8B32FA 
 128      FB60B421 
 128      087C4B21 
 128      7D6D71E9 
 129 044b E457DCBF 		.ascii	"\344W\334\277\211\023\321\231\260\036\002\343\304\275"
 129      8913D199 
 129      B01E02E3 
 129      C4BD
ARM GAS  /tmp/ccgBLOUo.s 			page 10


 130 0459 93D33CE7 		.ascii	"\223\323<\347\213\256\315\022|\177\242b\275\213\027"
 130      8BAECD12 
 130      7C7FA262 
 130      BD8B17
 131 0468 8689317C 		.ascii	"\206\2111|\227\"\366\310\242\21124lc\373O\331=\032<"
 131      9722F6C8 
 131      A2893234 
 131      6C63FB4F 
 131      D93D1A3C 
 132 047c 41B7913F 		.ascii	"A\267\221?\330\352\037W\243\230\270E\353\213\246\240"
 132      D8EA1F57 
 132      A398B845 
 132      EB8BA6A0 
 133 048c AC3FA7C4 		.ascii	"\254?\247\304lac>\015\374\267B\223@\274+\277\226d\231"
 133      6C61633E 
 133      0DFCB742 
 133      9340BC2B 
 133      BF966499 
 134 04a0 34FEBD03 		.ascii	"4\376\275\003G\252C\330\233x\200t\362\315\307\035\343"
 134      47AA43D8 
 134      9B788074 
 134      F2CDC71D 
 134      E3
 135 04b1 6A9CA9A6 		.ascii	"j\234\251\246\357X}w\247_\374d\344\021\347\245\231\236"
 135      EF587D77 
 135      A75FFC64 
 135      E411E7A5 
 135      999E
 136 04c3 5C1DCE63 		.ascii	"\\\035\316c\316\371\233}\265\241\3149I\346;\233v\327"
 136      CEF99B7D 
 136      B5A1CC39 
 136      49E63B9B 
 136      76D7
 137 04d5 46E162E6 		.ascii	"F\341b\346\2744\366qv8s\366\220yQq\343\027:\\\306\234"
 137      BC34F671 
 137      763873F6 
 137      90795171 
 137      E3173A5C 
 138 04eb 07C6F614 		.ascii	"\007\306\366\024\211\316u0m\352>6\240\306{\231\317?"
 138      89CE7530 
 138      6DEA3E36 
 138      A0C67B99 
 138      CF3F
 139 04fd DD9B1B86 		.ascii	"\335\233\033\206\367\261I\303\\\351\247\032|\210M\272"
 139      F7B149C3 
 139      5CE9A71A 
 139      7C884DBA 
 140 050d FC0FAF69 		.ascii	"\374\017\257i\031k\216$s\253p\336\037.~\223\310\207"
 140      196B8E24 
 140      73AB70DE 
 140      1F2E7E93 
 140      C887
 141 051f 23B7FB87 		.ascii	"#\267\373\207Oy|\204\202\303\\\225\333\377.\366\203"
 141      4F797C84 
 141      82C35C95 
 141      DBFF2EF6 
 141      83
ARM GAS  /tmp/ccgBLOUo.s 			page 11


 142 0530 D411A416 		.ascii	"\324\021\244\026]\321\273\005\262\217\244\032sP\215"
 142      5DD1BB05 
 142      B28FA41A 
 142      73508D
 143 053f 2C3E46AE 		.ascii	",>F\256\3577O\356#\340\2077g\322}$\360\037\202\341\367"
 143      EF374FEE 
 143      23E08737 
 143      67D27D24 
 143      F01F82E1 
 144 0554 15F02736 		.ascii	"\025\360'6l\036\020?Q'\301\223\335\312\347\343\320N"
 144      6C1E103F 
 144      5127C193 
 144      DDCAE7E3 
 144      D04E
 145 0566 5E8F32C1 		.ascii	"^\2172\301\012\300\262\301r\301\266\203\345\200\345"
 145      0AC0B2C1 
 145      72C1B683 
 145      E580E5
 146 0575 81EDE003 		.ascii	"\201\355\340\003\215A\"\377M\216<\033\034\371\341\202"
 146      8D4122FF 
 146      4D8E3C1B 
 146      1CF9E182 
 147 0585 444FBD26 		.ascii	"DO\275&\303\005>\010~\376\211>\"\350We\364\275`\361"
 147      C3053E08 
 147      7EFE893E 
 147      22E85765 
 147      F4BD60F1 
 148 0599 E9056845 		.ascii	"\351\005hE\021f\202\321\017\202\321\303\012\355K\301"
 148      116682D1 
 148      0F82D1C3 
 148      0AED4BC1 
 149 05a9 E88B0BDB 		.ascii	"\350\213\013\333\3564k;\200\005\265\0358;\224\333\365"
 149      EE346B3B 
 149      8005B51D 
 149      383B94DB 
 149      F5
 150 05ba 3858CC10 		.ascii	"8X\314\020\234\247\242d\217\202\301?\312y\302\253rr"
 150      9CA7A264 
 150      8F82C13F 
 150      CA79C2AB 
 150      7272
 151 05cc F6F68E28 		.ascii	"\366\366\216(|\234\276*|i\313\275i-\212\213a\011\365"
 151      7C9CBE2A 
 151      7C69CBBD 
 151      692D8A8B 
 151      6109F5
 152 05df 9EA7ED52 		.ascii	"\236\247\355R\004d\027\037h\027\222\336\022\273\214"
 152      0464171F 
 152      681792DE 
 152      12BB8C
 153 05ee 0A6173FF 		.ascii	"\012as\377\237\215\206<\332\352\247\374\3411\242l\336"
 153      9F8D863C 
 153      DAEAA7FC 
 153      E131A26C 
 153      DE
 154 05ff 92B2DCCF 		.ascii	"\222\262\334\317\321\364L\372\216\205\204\357\014\374"
 154      D1F44CFA 
ARM GAS  /tmp/ccgBLOUo.s 			page 12


 154      8E8584EF 
 154      0CFC
 155 060d F742C5BC 		.ascii	"\367B\305\274\374\361\341P\011\037.\002\033]}9j\025"
 155      FCF1E150 
 155      091F2E02 
 155      1B5D7D39 
 155      6A15
 156 061f CF9E91E3 		.ascii	"\317\236\221\343')L\351dU\350\222\007\325\017xrP\335"
 156      27294CE9 
 156      6455E892 
 156      07D50F78 
 156      7250DD
 157 0632 C58B27D5 		.ascii	"\305\213'\325\362\306\361\013\341\342\201d\300\205\313"
 157      F2C6F10B 
 157      E1E28164 
 157      C085CB
 158 0641 E9810430 		.ascii	"\351\201\0040\350\254\374\2359+\035Hv\363\344@RQ]|\030"
 158      E8ACFC9D 
 158      392B1D48 
 158      76F3E440 
 158      52515D7C 
 159 0656 630F6BE8 		.ascii	"c\017k\350\211\366{7\003'\302f\\>%\037)K\345\322\303"
 159      89F67B37 
 159      0327C266 
 159      5C3E251F 
 159      294BE5D2 
 160 066b 2D53F80F 		.ascii	"-S\370\017U\360y>\177\020\206\2634T\341\376^W;~\276"
 160      55F0793E 
 160      7F1086B3 
 160      3454E1FE 
 160      5E573B7E 
 161 0680 569814E8 		.ascii	"V\230\024\350\177\273\023_\014\345\013%z\272\3422\246"
 161      7FBB135F 
 161      0CE50B25 
 161      7ABAE232 
 161      A6
 162 0691 A068C632 		.ascii	"\240h\3062\"\204>\344\237\007\342Gs\217*\"\225E\"A\345"
 162      22843EE4 
 162      9F07E247 
 162      738F2A22 
 162      95452241 
 163 06a6 2295B322 		.ascii	"\"\225\263\"\221\221\034\205\036\272.\350\224`\262F"
 163      91911C85 
 163      1EBA2EE8 
 163      9460B246 
 164 06b6 195C2182 		.ascii	"\031\\!\202\311\030bs\230R6\245Y\235\277\211\2177\254"
 164      C9186273 
 164      985236A5 
 164      599DBF89 
 164      8F37AC
 165 06c9 4FB66EB5 		.ascii	"O\266n\265ny\335`s\030\222M)\006\207=\211\214\361I!"
 165      6E79DD60 
 165      7318924D 
 165      2906873D 
 165      898CF149 
 166 06de 1B5FFB57 		.ascii	"\033_\373W\354\372\325\253\271\337-\004\021\276\301"
 166      ECFAD5AB 
ARM GAS  /tmp/ccgBLOUo.s 			page 13


 166      B9DF2D04 
 166      11BEC1
 167 06ed EEA4637C 		.ascii	"\356\244c|2\247Mfr+\236\"\307i\034N\202\371\355B\214"
 167      32A74D66 
 167      722B9E22 
 167      C7691C4E 
 167      82F9ED42 
 168 0702 352D2925 		.ascii	"5-)%\303l18\234\240\025\272\325f\262\233\011R\027o\240"
 168      C36C3138 
 168      9CA015BA 
 168      D566B29B 
 168      0952176F 
 169 0717 F72480C3 		.ascii	"\367$\200\303\234A\036\255z\012\331b\267\232R\214\031"
 169      9C411EAD 
 169      7A0AD962 
 169      B79A528C 
 169      19
 170 0728 8EAD040F 		.ascii	"\216\255\004\017\003\301\307.\215\027\201\016s\3223"
 170      03C1C72E 
 170      8D17810E 
 170      73D233
 171 0737 808000A0 		.ascii	"\200\200\000\240\306As\372\375\263\022 \232\326\204"
 171      C64173FA 
 171      FDB31220 
 171      9AD684
 172 0746 67690202 		.ascii	"gi\002\002\200\021\306t\3108%\305l\264\002\\\223\370"
 172      8011C674 
 172      C83825C5 
 172      6CB4025C 
 172      93F8
 173 0758 CA0693D3 		.ascii	"\312\006\223\323\2442m\263\247\350\214\306\014k\232"
 173      A4326DB3 
 173      A7E88CC6 
 173      0C6B9A
 174 0767 734D82D1 		.ascii	"sM\202\321\271\0262\265\033L\366\324\027\322li\226\027"
 174      B91632B5 
 174      1B4CF6D4 
 174      17D26C69 
 174      9617
 175 0779 2CA6ADD6 		.ascii	",\246\255\326\200L\252))\331\232f1\030\315\226m\246"
 175      804CAA29 
 175      29D99A66 
 175      3118CD96 
 175      6DA6
 176 078b 8C14A7D1 		.ascii	"\214\024\247\321\371^\272\305\001\312!\022\373\017O"
 176      F95EBAC5 
 176      01CA2112 
 176      FB0F4F
 177 079a 613BDE73 		.ascii	"a;\336s\030\214\016\247\031\240@\3016\263]\235\236\221"
 177      188C0EA7 
 177      19A040C1 
 177      36B35D9D 
 177      9E91
 178 07ac 6EB66B6D 		.ascii	"n\266km\216t\213\305l\327\330\210\234]\235j3[\354$\255"
 178      8E748BC5 
 178      6CD7D888 
 178      9C5D9D6A 
ARM GAS  /tmp/ccgBLOUo.s 			page 14


 178      335BEC24 
 179 07c1 E4350B57 		.ascii	"\3445\013W\224n\263;\035\206\327\377\371\352\232"
 179      946EB33B 
 179      1D86D7FF 
 179      F9EA9A
 180 07d0 04C3E6CD 		.ascii	"\004\303\346\315\033\014\033\0237m\371w\202A\\\030\350"
 180      1B0C1B13 
 180      376DF977 
 180      82415C18 
 180      E8
 181 07e1 463B9CA9 		.ascii	"F;\234\251\220\311\333\351V\233\321aqf\244\033a\245"
 181      90C9DBE9 
 181      569BD161 
 181      7166A41B 
 181      61A5
 182 07f3 1BC94A35 		.ascii	"\033\311J5\211/\263\341\257l\330\300\206\365l\370\013"
 182      892FB3E1 
 182      AF6CD8C0 
 182      86F56CF8 
 182      0B
 183 0804 1B5E62C3 		.ascii	"\033^b\303&2\204&\276\264y\275-m\233\365\355\360dE\341"
 183      26328426 
 183      BEB479BD 
 183      2D6D9BF5 
 183      EDF06445 
 184 0819 129E9E15 		.ascii	"\022\236\236\025\375}y\355\273\357\032\222\345\244H"
 184      FD7D79ED 
 184      BBEF1A92 
 184      E5A448
 185 0828 7E52D192 		.ascii	"~R\321\222\250\344\377\000\261(\327\231"
 185      A8E4FF00 
 185      B128D799 
 186              		.text
 187              		.section	.gnu.lto_.symtab.64fa11d0962c07f0,"",%progbits
 188 0000 68616C49 		.ascii	"halInit\000"
 188      6E697400 
 189 0008 00       		.ascii	"\000"
 190 0009 00       		.ascii	"\000"
 191 000a 00       		.ascii	"\000"
 192 000b 00000000 		.ascii	"\000\000\000\000\000\000\000\000"
 192      00000000 
 193 0013 BD000000 		.ascii	"\275\000\000\000"
 194 0017 70616C5F 		.ascii	"pal_default_config\000"
 194      64656661 
 194      756C745F 
 194      636F6E66 
 194      696700
 195 002a 00       		.ascii	"\000"
 196 002b 02       		.ascii	"\002"
 197 002c 00       		.ascii	"\000"
 198 002d 00000000 		.ascii	"\000\000\000\000\000\000\000\000"
 198      00000000 
 199 0035 17010000 		.ascii	"\027\001\000\000"
 200 0039 7374496E 		.ascii	"stInit\000"
 200      697400
 201 0040 00       		.ascii	"\000"
 202 0041 02       		.ascii	"\002"
ARM GAS  /tmp/ccgBLOUo.s 			page 15


 203 0042 00       		.ascii	"\000"
 204 0043 00000000 		.ascii	"\000\000\000\000\000\000\000\000"
 204      00000000 
 205 004b BF000000 		.ascii	"\277\000\000\000"
 206 004f 626F6172 		.ascii	"boardInit\000"
 206      64496E69 
 206      7400
 207 0059 00       		.ascii	"\000"
 208 005a 02       		.ascii	"\002"
 209 005b 00       		.ascii	"\000"
 210 005c 00000000 		.ascii	"\000\000\000\000\000\000\000\000"
 210      00000000 
 211 0064 C1000000 		.ascii	"\301\000\000\000"
 212 0068 73647549 		.ascii	"sduInit\000"
 212      6E697400 
 213 0070 00       		.ascii	"\000"
 214 0071 02       		.ascii	"\002"
 215 0072 00       		.ascii	"\000"
 216 0073 00000000 		.ascii	"\000\000\000\000\000\000\000\000"
 216      00000000 
 217 007b C3000000 		.ascii	"\303\000\000\000"
 218 007f 75736249 		.ascii	"usbInit\000"
 218      6E697400 
 219 0087 00       		.ascii	"\000"
 220 0088 02       		.ascii	"\002"
 221 0089 00       		.ascii	"\000"
 222 008a 00000000 		.ascii	"\000\000\000\000\000\000\000\000"
 222      00000000 
 223 0092 C5000000 		.ascii	"\305\000\000\000"
 224 0096 73646349 		.ascii	"sdcInit\000"
 224      6E697400 
 225 009e 00       		.ascii	"\000"
 226 009f 02       		.ascii	"\002"
 227 00a0 00       		.ascii	"\000"
 228 00a1 00000000 		.ascii	"\000\000\000\000\000\000\000\000"
 228      00000000 
 229 00a9 C7000000 		.ascii	"\307\000\000\000"
 230 00ad 7364496E 		.ascii	"sdInit\000"
 230      697400
 231 00b4 00       		.ascii	"\000"
 232 00b5 02       		.ascii	"\002"
 233 00b6 00       		.ascii	"\000"
 234 00b7 00000000 		.ascii	"\000\000\000\000\000\000\000\000"
 234      00000000 
 235 00bf C9000000 		.ascii	"\311\000\000\000"
 236 00c3 69326349 		.ascii	"i2cInit\000"
 236      6E697400 
 237 00cb 00       		.ascii	"\000"
 238 00cc 02       		.ascii	"\002"
 239 00cd 00       		.ascii	"\000"
 240 00ce 00000000 		.ascii	"\000\000\000\000\000\000\000\000"
 240      00000000 
 241 00d6 CB000000 		.ascii	"\313\000\000\000"
 242 00da 5F70616C 		.ascii	"_pal_lld_init\000"
 242      5F6C6C64 
 242      5F696E69 
 242      7400
ARM GAS  /tmp/ccgBLOUo.s 			page 16


 243 00e8 00       		.ascii	"\000"
 244 00e9 02       		.ascii	"\002"
 245 00ea 00       		.ascii	"\000"
 246 00eb 00000000 		.ascii	"\000\000\000\000\000\000\000\000"
 246      00000000 
 247 00f3 13010000 		.ascii	"\023\001\000\000"
 248 00f7 68616C5F 		.ascii	"hal_lld_init\000"
 248      6C6C645F 
 248      696E6974 
 248      00
 249 0104 00       		.ascii	"\000"
 250 0105 02       		.ascii	"\002"
 251 0106 00       		.ascii	"\000"
 252 0107 00000000 		.ascii	"\000\000\000\000\000\000\000\000"
 252      00000000 
 253 010f 15010000 		.ascii	"\025\001\000\000"
 254              		.text
 255              		.section	.gnu.lto_.opts,"",%progbits
 256 0000 272D666D 		.ascii	"'-fmath-errno' '-fsigned-zeros' '-ftrapping-math' '"
 256      6174682D 
 256      6572726E 
 256      6F272027 
 256      2D667369 
 257 0033 2D666E6F 		.ascii	"-fno-trapv' '-fno-strict-overflow' '-fno-openmp' '-"
 257      2D747261 
 257      70762720 
 257      272D666E 
 257      6F2D7374 
 258 0066 666E6F2D 		.ascii	"fno-openacc' '-mcpu=cortex-m4' '-mfloat-abi=hard' '"
 258      6F70656E 
 258      61636327 
 258      20272D6D 
 258      6370753D 
 259 0099 2D6D6670 		.ascii	"-mfpu=fpv4-sp-d16' '-mno-thumb-interwork' '-mthumb'"
 259      753D6670 
 259      76342D73 
 259      702D6431 
 259      36272027 
 260 00cc 20272D4F 		.ascii	" '-O0' '-Werror' '-fomit-frame-pointer' '-falign-fu"
 260      30272027 
 260      2D576572 
 260      726F7227 
 260      20272D66 
 261 00ff 6E637469 		.ascii	"nctions=16' '-ffunction-sections' '-fdata-sections'"
 261      6F6E733D 
 261      31362720 
 261      272D6666 
 261      756E6374 
 262 0132 20272D66 		.ascii	" '-fno-common' '-flto' '-fsingle-precision-constant"
 262      6E6F2D63 
 262      6F6D6D6F 
 262      6E272027 
 262      2D666C74 
 263 0165 2700     		.ascii	"'\000"
 264              		.text
 265              		.comm	__gnu_lto_v1,1,1
 266              		.comm	__gnu_lto_slim,1,1
ARM GAS  /tmp/ccgBLOUo.s 			page 17


 267              		.ident	"GCC: (GNU Tools for Arm Embedded Processors 7-2017-q4-major) 7.2.1 20170904 (release) [ARM
ARM GAS  /tmp/ccgBLOUo.s 			page 18


DEFINED SYMBOLS
                            *ABS*:0000000000000000 hal.c
                            *COM*:0000000000000001 __gnu_lto_v1
                            *COM*:0000000000000001 __gnu_lto_slim

NO UNDEFINED SYMBOLS
