ARM GAS  /tmp/ccis1FyI.s 			page 1


   1              		.cpu cortex-m4
   2              		.eabi_attribute 27, 1
   3              		.eabi_attribute 28, 1
   4              		.eabi_attribute 20, 1
   5              		.eabi_attribute 21, 1
   6              		.eabi_attribute 23, 3
   7              		.eabi_attribute 24, 1
   8              		.eabi_attribute 25, 1
   9              		.eabi_attribute 26, 1
  10              		.eabi_attribute 30, 6
  11              		.eabi_attribute 34, 1
  12              		.eabi_attribute 18, 4
  13              		.file	"hal_lld.c"
  14              		.section	.gnu.lto_.inline.57089a3caab3aacf,"",%progbits
  15 0000 789C6363 		.ascii	"x\234cc``pe@\000f\006\006~>\006\006&\251\007\267\030"
  15      60607065 
  15      40006606 
  15      067E3E06 
  15      0626A907 
  16 0016 19581898 		.ascii	"\031X\030\230@b\214\014\242j@!\245\0053\231\340B\\0"
  16      40628C0C 
  16      A26A4021 
  16      A5053399 
  16      E0425C30 
  17 002a 8289C1DA 		.ascii	"\202\211\301\332\012H\026-\350b\207I2\000\000\361\006"
  17      0A48162D 
  17      E8628749 
  17      320000F1 
  17      06
  18 003b 0622     		.ascii	"\006\""
  19              		.text
  20              		.section	.gnu.lto_hal_lld_backup_domain_init.57089a3caab3aacf,"",%progbits
  21 0000 789C8D92 		.ascii	"x\234\215\222\317k\023A\024\307\337\333\331\335d\323"
  21      CF6B1341 
  21      14C7DFDB 
  21      D9DD64D3 
  22 0010 2C5E3C88 		.ascii	",^<\210\010z\315%+5\372\017\010\012\202x\250w\261zh"
  22      087ACD25 
  22      2B35FA0F 
  22      080A8278 
  22      A877B17A 
  23 0025 2150B11E 		.ascii	"!P\261\036z\020\262i\322_Z\364b\033\220U\342\241\250"
  23      7A10B269 
  23      D25F5AF4 
  23      621B9055 
  23      E2A1A8
  24 0038 A02D6235 		.ascii	"\240-b56\2556\246\266\266\376@\020\365\242\007\221\332"
  24      36AD36A6 
  24      B6B6FE40 
  24      10F5A207 
  24      91DA
  25 004a 9682C543 		.ascii	"\226\202\305C\016\026k\342{3\033cK\202.\354\314\354"
  25      0E166BE2 
  25      7B331B63 
  25      4B822EEC 
  25      CCEC
  26 005c BCEF7E3F 		.ascii	"\274\357~?\357\315<\023\000\216\350\0001\232#\364\202"
ARM GAS  /tmp/ccis1FyI.s 			page 2


  26      EFCD3C13 
  26      008EE800 
  26      319A23F4 
  26      82
  27 006d 01A801BD 		.ascii	"\001\250\001\275\232\000p5\212\270\272@\232PG\2440B"
  27      9A007035 
  27      8AB8BA40 
  27      9A5047A4 
  27      3042
  28 007f 42133A26 		.ascii	"B\023:&pP\\\021X\354[\232\320\"7]z\012\231O\373\223"
  28      70505C11 
  28      58EC5B9A 
  28      D022375D 
  28      7A0A994F 
  29 0095 6ECF0E8F 		.ascii	"n\317\016\217\376\033\026 \037\274\217\021 \331\227"
  29      FE1B1620 
  29      1FBC8F11 
  29      20D997
  30 00a4 7BE521DB 		.ascii	"{\345!\333\324\325>\216\243\011l5\366\326(\270\345J"
  30      D4D53E8E 
  30      A3096C35 
  30      F6D628B8 
  30      E54A
  31 00b6 9F5B288D 		.ascii	"\237[(\215`\346\360v\004O\020\333\023\204\366\230I+"
  31      60E6F076 
  31      044F10DB 
  31      1384F698 
  31      492B
  32 00c8 830661F2 		.ascii	"\203\006a\362*\300C\220?-\036B,i\342\2750\257l^\001"
  32      2AC04390 
  32      3F2D1E42 
  32      2C69E2BD 
  32      30AF6C5E 
  33 00dd F44BF000 		.ascii	"\364K\360\000/\305*v\227V\326\0170\356\252@\312\342"
  33      2FC52A76 
  33      9756D60F 
  33      30EEAA40 
  33      CAE2
  34 00ef C6AFF4A8 		.ascii	"\306\257\364\250uQ\220\032\335\317IW\307\007\270\013"
  34      7551901A 
  34      DDCF4957 
  34      C707B80B 
  35 00ff 56B198B7 		.ascii	"V\261\230\267\224F#\315pO\361M@i8\361\251\342\35393"
  35      944623CD 
  35      704FF14D 
  35      406938F1 
  35      A9E2EB39 
  36 0114 8BD79354 		.ascii	"\213\327\223T\340\036O\350d\204\017\351/\216}\310\345"
  36      E01E4FE8 
  36      64840FE9 
  36      2F8E7DC8 
  36      E5
  37 0125 73B673D7 		.ascii	"s\266s\327M\243'\014\314a\026\207$\035\037\241\003\014"
  37      4DA3270C 
  37      CC611687 
  37      241D1FA1 
  37      030C
ARM GAS  /tmp/ccis1FyI.s 			page 3


  38 0137 0F2A5BE1 		.ascii	"\017*[\341sR?zQ\355\350\2125\2722\355\205\230\245\241"
  38      73523F7A 
  38      51EDE88A 
  38      35BA32ED 
  38      8598A5A1 
  39 014b ABE1844A 		.ascii	"\253\341\204J\346\335\005)\252\313\026\015\330\371\032"
  39      E6DD0529 
  39      AACB160D 
  39      D8F91A
  40 015a 7B121DF2 		.ascii	"{\022\035\362\227\370[\347\025\315 }\372\332\354\222"
  40      97F85BE7 
  40      15CD207D 
  40      FADAEC92 
  41 016a 2C5DA0FB 		.ascii	",]\240\373\275\237J\237\332\\\272\371w\351\242^\351"
  41      BD9F4A9F 
  41      DA5CBAF9 
  41      77E9A25E 
  41      E9
  42 017b 6C848FB7 		.ascii	"l\204\217\267\342\223\0342\360\211L@\266\307\264,>\265"
  42      E2931C32 
  42      F0894C40 
  42      B6C7B42C 
  42      3EB5
  43 018d D17BDB50 		.ascii	"\321{\333P\326\001\345\2768\262\230\265\374bM,\220\321"
  43      D601E5BE 
  43      38B298B5 
  43      FC624D2C 
  43      90D1
  44 019f 574C7F9C 		.ascii	"WL\177\234\211\371\"Rd\276\255\357\364\005:>e\222\274"
  44      89F92252 
  44      64BEADEF 
  44      F4053A3E 
  44      6592BC
  45 01b2 4A51BDCA 		.ascii	"JQ\275\312\362^\245\015V\223/\315\357\256sT\331V\220"
  45      F25EA50D 
  45      56932FCD 
  45      EFAE7354 
  45      D95690
  46 01c5 D9061B66 		.ascii	"\331\006\033f[\254e;\203\016\011\226\327\356\014\006"
  46      5BAC653B 
  46      830E0996 
  46      D7EE0C06 
  47 01d5 7C34B19F 		.ascii	"|4\261\237I{:\300\204\002Z\377\007\264\032\002gk\300"
  47      497B3AC0 
  47      84025AFF 
  47      07B41A02 
  47      676BC0
  48 01e8 3909FC73 		.ascii	"9\011\374s\324\006\002>\227\245\016\320\255\371\205"
  48      D406023E 
  48      97A50ED0 
  48      ADF985
  49 01f7 2EA4020A 		.ascii	".\244\002\012\034\332\332\241Mu\333\"\324\240-\346%"
  49      1CDADAA1 
  49      4D75DB22 
  49      D4A02DE6 
  49      25
  50 0208 5663ECC2 		.ascii	"Vc\354\302\346\226\014W[r\243\332\222\2662\037\277<"
ARM GAS  /tmp/ccis1FyI.s 			page 4


  50      E6960C57 
  50      5B72A3DA 
  50      92B6321F 
  50      BF3C
  51 021a F9DE5627 		.ascii	"\371\336V'Q\371Y\251l\303\027\377\356\312p\003\374\313"
  51      51F959A9 
  51      6CC317FF 
  51      EECA7003 
  51      FCCB
  52 022c 1AFE1577 		.ascii	"\032\376\025w\245\015k\330\235\035\273$\235\344\345"
  52      A50D6BD8 
  52      9D1DBB24 
  52      9DE4E5
  53 023b F6F39990 		.ascii	"\366\363\231\220\2409\032u\016\266\265\267\266\037k"
  53      A0391A75 
  53      0EB6B5B7 
  53      B61F6B
  54 024a 713A3A9D 		.ascii	"q::\235\266\223q\347L\307\331s\235N\313\361\243\373"
  54      B69371E7 
  54      4CC7D973 
  54      9D4ECBF1 
  54      A3FB
  55 025c 9AD57828 		.ascii	"\232\325x(\326\325\305\221\023\361\370\351\350)\370"
  55      D6D5C591 
  55      13F1F8E9 
  55      E829F8
  56 026b 0D05A25B 		.ascii	"\015\005\242[\221"
  56      91
  57              		.text
  58              		.section	.gnu.lto_hal_lld_init.57089a3caab3aacf,"",%progbits
  59 0000 789C8D55 		.ascii	"x\234\215UKL\023Q\024}\267o:m\351\017\032\022\\4HLX"
  59      4B4C1351 
  59      147DB76F 
  59      3A6DE90F 
  59      1A125C34 
  60 0017 B0611475 		.ascii	"\260a\024u\345\312\230\2603.po\024\027\2204\301\210"
  60      E5CA98B0 
  60      332E706F 
  60      14179034 
  60      C188
  61 0029 31EC3A40 		.ascii	"1\354:@\371\210\310\212OB*i\342B\010Q1~\240\005\265"
  61      F988C88A 
  61      4F422A69 
  61      E2420851 
  61      317EA005 
  62 003e 54A98820 		.ascii	"T\251\210 \242\210\"\002F\023$H\360\207\006\211\200"
  62      A2882202 
  62      46132448 
  62      F0870689 
  62      80
  63 004f EFBEA99D 		.ascii	"\357\276\251\235\376&v\222\236\276y\357\336s\356=\363"
  63      FE267692 
  63      9EBE79EF 
  63      DE73EE3D 
  63      F3
  64 0060 669E4808 		.ascii	"f\236H\010\361\032\010)f\377N\366#\002\001\035a?\240"
  64      F11A0829 
ARM GAS  /tmp/ccis1FyI.s 			page 5


  64      66FF4EF6 
  64      2302011D 
  64      613FA0
  65 0073 0C29009B 		.ascii	"\014)\000\233\002\342\326QpC3m\245\020jX\362\353\012"
  65      02E2D651 
  65      7043336D 
  65      A5106A58 
  65      F2EB0A
  66 0086 AECAEC0A 		.ascii	"\256\312\354\012vL\033\352\345\272]^\026\332N\011\277"
  66      764C1BEA 
  66      E5BA5D5E 
  66      16DA4E09 
  66      BF
  67 0097 E0161410 		.ascii	"\340\026\024\020\026\366\341\346v\233U\024\224y\270"
  67      16F6E1E6 
  67      769B5514 
  67      9479B8
  68 00a6 0D226321 		.ascii	"\015\"c!\230?\345\351\363\322\213\324\313\250\005v\373"
  68      983FE5E9 
  68      F3D28BD4 
  68      CBA80576 
  68      FB
  69 00b7 6DA2F3A3 		.ascii	"m\242\363\243\015ou\220\307n\177\016zfm\364  \305\300"
  69      0D6F7590 
  69      C76E7F0E 
  69      7A666DF4 
  69      2020C5C0 
  70 00cb F7860563 		.ascii	"\367\206\005c\376\025Y\256\221\203\277\272\304\316\356"
  70      FE1559AE 
  70      9183BFBA 
  70      C4CEEE
  71 00da A027CF4B 		.ascii	"\240'\317K)\364\003e\254p\027\234p\007\234\212\352\000"
  71      29F40365 
  71      AC70179C 
  71      70079C8A 
  71      EA00
  72 00ec E4B38CA6 		.ascii	"\344\263\214\246\317\241\0263=\304\263\333[\302\325"
  72      CFA11633 
  72      3DC4B3DB 
  72      5BC2D5
  73 00fb 10C9DECC 		.ascii	"\020\311\336\314\215&\373S$\007xr\240\243\367\272\225"
  73      8D26FB53 
  73      24077872 
  73      A0A3F7BA 
  73      95
  74 010c 1EE6C97D 		.ascii	"\036\346\311}\335\315\313\372H\362\330\356h\362`\212"
  74      DDCDCBFA 
  74      48F2D8EE 
  74      68F2608A 
  75 011c E421C8BF 		.ascii	"\344!\310\277\361B\037\224\267w\032\344\340L\256\177"
  75      F1421F94 
  75      B7771AE4 
  75      E04CAE7F 
  76 012c 7DDCB107 		.ascii	"}\334\261\007\210\227\012:\004\212  \350\021D\004\003"
  76      88970A3A 
  76      048A2020 
  76      E8114404 
ARM GAS  /tmp/ccis1FyI.s 			page 6


  76      03
  77 013d 82910135 		.ascii	"\202\221\0015\341(\003Gf\034Y\020\254\0106\004;B&\256"
  77      E1280347 
  77      661C5910 
  77      AC083604 
  77      3B4226AE 
  78 0151 66E1C881 		.ascii	"f\341\310\201\243l\204\034\004'\002!\215\334\367\013"
  78      A36C841C 
  78      04270221 
  78      8DDCF70B 
  79 0161 943D33BA 		.ascii	"\224=3\272\0025\353\313k\245\350v'\005\326\206\347\362"
  79      0235EBCB 
  79      6BA5E876 
  79      2705D686 
  79      E7F2
  80 0173 C89209CD 		.ascii	"\310\222\011\315\025@\376\332(\013p\217U\275\002\241"
  80      1540FEDA 
  80      280B708F 
  80      55BD02A1 
  81 0183 804989C9 		.ascii	"\200I\211\311F\237\352B\223\006%\006;\037\012M\204E"
  81      469FEA42 
  81      93062506 
  81      3B1F0A4D 
  81      8445
  82 0195 1F7455B3 		.ascii	"\037tU\263\347\313z\3263\"\270\217\275\262\265\231\376"
  82      E7CB7AD6 
  82      3322B88F 
  82      BDB2B599 
  82      FE
  83 01a6 40BF55BA 		.ascii	"@\277U\272&{\300KEx\000>h\343\352\020\004\211\240\270"
  83      267BC04B 
  83      4578003E 
  83      68E3EA10 
  83      0489A0B8 
  84 01ba 51A1D5FD 		.ascii	"Q\241\325\375\323Q&R\262\3524X\207U\326\020Hly~\264"
  84      D3512652 
  84      B2EA3458 
  84      8755D610 
  84      486C797E 
  85 01cf A797EF17 		.ascii	"\247\227\357\027\012;\354\262\303C\316\035\025\243i"
  85      0A3BECB2 
  85      C343CE1D 
  85      15A369
  86 01de 88D164B1 		.ascii	"\210\321d\261j\\\022\341\221*7\302\345\242v\210@ \034"
  86      6A5C12E1 
  86      912A37C2 
  86      E5A27688 
  86      40201C
  87 01f1 91EAFE42 		.ascii	"\221\352\376B\025\261$\007sR\352\011\032\315=\346j\374"
  87      15B12407 
  87      7352EA09 
  87      1ACD3DE6 
  87      6AFC
  88 0203 951A8DB7 		.ascii	"\225\032\215\267L\237F\027z\015\326'*\353\030H\211\376"
  88      4C9F4617 
  88      7A0DD627 
  88      2AEB1848 
ARM GAS  /tmp/ccis1FyI.s 			page 7


  88      89FE
  89 0215 8869308B 		.ascii	"\210i0\213\232\376<U\271\307\031w\324\220\215\210!\206"
  89      9AFE3C55 
  89      B9C71977 
  89      D4908D88 
  89      2186
  90 0227 44438C29 		.ascii	"DC\214)\005\014\032\245Opz\035\322?\2137\304\024!\256"
  90      050C1AA5 
  90      4F707A1D 
  90      D23F8B37 
  90      C41421AE 
  91 023b DDA80765 		.ascii	"\335\250\007e&C!\277\264\2658\034\263\037l0\251\024"
  91      264321BF 
  91      B4B5381C 
  91      B31F6C30 
  91      A914
  92 024d 30DD049A 		.ascii	"0\335\004\232\375\2314\344\237\253\362S 1\211\330\012"
  92      FD9934E4 
  92      9FABF253 
  92      203189D8 
  92      0A
  93 025e CC691867 		.ascii	"\314i\030g\3264\356\205J\3752\326\270\337\021\343,\211"
  93      D634EE85 
  93      4AFD32D6 
  93      B8DF11E3 
  93      2C89
  94 0270 C639530A 		.ascii	"\3069S\012X4*\237\346\364\374\333\372*\3368k\032e[5"
  94      58342A9F 
  94      E6F4FCDB 
  94      FA2ADE38 
  94      6B1A655B 
  95 0285 586754D6 		.ascii	"XgT\326\327\311;\311\226\006\263M\323\2207*\367l\254"
  95      D7C93BC9 
  95      9606B34D 
  95      D390372A 
  95      F76CAC
  96 0298 217F2286 		.ascii	"!\177\"\206\330\023\015\311L)`\327(\375-\247\027\220"
  96      D8130DC9 
  96      4C2960D7 
  96      28FD2DA7 
  96      1790
  97 02aa 7E2EDE90 		.ascii	"~.\336\220\254\244\235\344P\310\303\201\315\037\026"
  97      ACA49DE4 
  97      50C8C381 
  97      CD1F16
  98 02b9 6527E169 		.ascii	"e'\341i\006\360\356\377;)KC~^\225_\300\235\344\340\037"
  98      06F0EEFF 
  98      3B294B43 
  98      7E5E955F 
  98      C09DE4E0 
  99 02ce 65D62D5D 		.ascii	"e\326-]\205Z\337\226\235\237\200,\313\357_\2353\270"
  99      855ADF96 
  99      9D9F802C 
  99      CBEF5F9D 
  99      33B8
 100 02e0 B764A397 		.ascii	"\267d\243\227\032\332\361\275\202Ep\263/\271\221`\\"
 100      1ADAF1BD 
ARM GAS  /tmp/ccis1FyI.s 			page 8


 100      824570B3 
 100      2FB99160 
 100      5C
 101 02f1 4F76EA38 		.ascii	"Ov\3528<\220\337G\342\326\240\306\367\251\225W\310\017"
 101      3C90DF47 
 101      E2D6A0C6 
 101      F7A99557 
 101      C80F
 102 0303 A0466461 		.ascii	"\240Fda\001E\205\205\322\221\262\362S\345\307J\244\212"
 102      01458585 
 102      D291B2F2 
 102      53E5C74A 
 102      A48A
 103 0315 4AA9ECA4 		.ascii	"J\251\354\244K:Sq\366\\\245Tr\374\350\376\"\005\213"
 103      4B3A5371 
 103      F65CA554 
 103      72FCE8FE 
 103      22058B
 104 0328 0F5455E1 		.ascii	"\017TU\341\312\011\227\353ta)\321\237\257p\025\356\345"
 104      CA0997EB 
 104      746129D1 
 104      9FAF7015 
 104      EEE5
 105 033a B88F63D1 		.ascii	"\270\217c\321_#\342c\311"
 105      5F23E263 
 105      C9
 106              		.text
 107              		.section	.gnu.lto_stm32_clock_init.57089a3caab3aacf,"",%progbits
 108 0000 789C8D57 		.ascii	"x\234\215WYlUU\024\275\373\216o~e.\224B\231[\206>h\013"
 108      596C5555 
 108      14BDFB8E 
 108      6F7E652E 
 108      9442995B 
 109 0018 14F834F1 		.ascii	"\024\3704\361Kc\"\376\033\321\017HH0b\014\177\334\226"
 109      4B6322FE 
 109      1BD10F48 
 109      4830620C 
 109      7FDC96
 110 002b B6B44AE2 		.ascii	"\266\264J\342\017\240b1UCD\023\251\306\001(\203\245"
 110      0FA06231 
 110      55434413 
 110      A9C60128 
 110      83A5
 111 003d 504A0B88 		.ascii	"PJ\013\210`eT@\264P\021\001\245\002-\205\347\336gx\227"
 111      60655440 
 111      B4501101 
 111      A5022D85 
 111      E7DE6778 
 112 0052 77DF3D96 		.ascii	"w\337=\226&=]w\277\323\275\326\036\316\276\347\331\232"
 112      263D5D77 
 112      BFD3BDD6 
 112      1ECEBEE7 
 112      D99A
 113 0064 A6F52735 		.ascii	"\246\365'5\255\002\377v\341\257\226\247\201\256\341"
 113      AD02FF76 
 113      E1AF96A7 
 113      81AEE1
ARM GAS  /tmp/ccis1FyI.s 			page 9


 114 0073 2F18B81A 		.ascii	"/\030\270\032:\256\256n\342b\232`\241\305\322-\262\330"
 114      3AAEAE6E 
 114      E2629A60 
 114      A1C5D22D 
 114      B2D8
 115 0085 64B1C141 		.ascii	"d\261\301A\213\243;d\011\221%\004a\264\204\3650Y\"d"
 115      8BA33B64 
 115      09912504 
 115      61B484F5 
 115      30592264 
 116 0099 8940142D 		.ascii	"\211@\024-Q=J\226\030Yb\020GK\\\217\223%A\226\004\240"
 116      513D4A96 
 116      18596210 
 116      474B5C8F 
 116      93254196 
 117 00af 00480220 		.ascii	"\000H\002 =hku\303\264l'\024\216Dc\361D\022\326:\206"
 117      3D686B75 
 117      C3B46C27 
 117      148E4463 
 117      F14412D6 
 118 00c5 267E2C09 		.ascii	"&~,\011\034\011\302\022D%\210K\260\301\330h@\333\372"
 118      1C09C212 
 118      4425884B 
 118      B0C1D868 
 118      40DBFA
 119 00d8 ABBBF592 		.ascii	"\253\273\365\222O\\\374i}\247;R\347\326\3467\242\273"
 119      4F5CFC69 
 119      7DA73B52 
 119      E7D6E637 
 119      A2BB
 120 00ea CDC2257C 		.ascii	"\315\302%|\005%\032n\273\362\345\243Mq\333\344v\370"
 120      05251A6E 
 120      BBF2E5A3 
 120      4D71DBE4 
 120      76F8
 121 00fc 1A6C8DB4 		.ascii	"\032l\215\2644\237\262Z\335G\351\365n\353\215\217\341"
 121      349FB25A 
 121      DD47E9F5 
 121      6EEB8D8F 
 121      E1
 122 010d CCF3CF80 		.ascii	"\314\363\317\200\326h`r\032)+\210L\\\014\213\220M\310"
 122      D6686072 
 122      1A292B88 
 122      4C5C0C8B 
 122      904DC8
 123 0120 21142214 		.ascii	"!\024\"\024\246%B\217QB1BqB\011BIZ\362\350q\030\241"
 123      A625428F 
 123      51423142 
 123      71420942 
 123      495AF2E8 
 124 0137 E18446D0 		.ascii	"\341\204F\3202\222\036G\021\032Mh\014\241|Bci\031G\217"
 124      32921E47 
 124      111A4D68 
 124      0CA17C42 
 124      63691947 
 125 014c 0584C613 		.ascii	"\005\204\306\023*$4\201\320DZ\212\350q\022-\223\351"
 125      2A243481 
ARM GAS  /tmp/ccis1FyI.s 			page 10


 125      D0445A8A 
 125      E871122D 
 125      93E9
 126 015e 710AA1A9 		.ascii	"q\012\241\251\204\246\221\334\351\204f\320RL\037\224"
 126      84A691DC 
 126      E98466D0 
 126      524C1F94 
 127 016e 109A49CB 		.ascii	"\020\232I\313,z\234\215\2139\207P)\331R\204\346\022"
 127      2C7A9C8D 
 127      8B398750 
 127      29D95284 
 127      E612
 128 0180 9A47A88C 		.ascii	"\232G\250\214P9-\025\3648\237\320\002B\013\011U\022"
 128      50392D15 
 128      F4389FD0 
 128      02420B09 
 128      5512
 129 0192 5A446831 		.ascii	"ZDh1\241%\2044\255\236\245\267\301\300F2\256Cu_\357"
 129      A1258434 
 129      AD9EA5B7 
 129      C1C04632 
 129      AE43755F 
 130 01a7 8E76A0AC 		.ascii	"\216v\240\254n1\000\223]\263\265\375j\370-\003\267\203"
 130      6E310093 
 130      5DB3B5FD 
 130      6AF82D03 
 130      B783
 131 01b9 7BBBDE35 		.ascii	"{\273\3365\341\033\014\351:\264\365\035)\246M\270cs"
 131      E11B0CE9 
 131      3AB4F51D 
 131      29A64DB8 
 131      6373
 132 01cb 6DDB0987 		.ascii	"m\333\011\207\357\240\352\354m;~\330n\202\017\252\260"
 132      EFA0EAEC 
 132      6D3B7ED8 
 132      6E820FAA 
 132      B0
 133 01dc 8A4DE31A 		.ascii	"\212M\343\032\015\013\375\300\267\370O\364\341\351\235"
 133      0D0BFDC0 
 133      B7F84FF4 
 133      E1E99D
 134 01eb 2D3BE3A9 		.ascii	"-;\343\251\317\335\232*\267\250\321\260a'4\301&\306"
 134      CFDD9A2A 
 134      B7A8D1B0 
 134      612734C1 
 134      26C6
 135 01fd 0FBB2085 		.ascii	"\017\273 \205\033\016\267\014\334\211\2213\003\250\015"
 135      1B0EB70C 
 135      DC899133 
 135      03A80D
 136 020c 007633BA 		.ascii	"\000v3\272\352\276\355-\026\027\245\343\256\017\037"
 136      EABEED2D 
 136      1617A5E3 
 136      AE0F1F
 137 021b D6EC60A2 		.ascii	"\326\354`\242tp/W\241\250\026)\252\300/J\017\024\345"
 137      74702F57 
 137      A1A81629 
ARM GAS  /tmp/ccis1FyI.s 			page 11


 137      AAC02F4A 
 137      0F14E5
 138 022e A01FD8A3 		.ascii	"\240\037\330\243\020\265\227\211b\375\275\217\211j\337"
 138      10B59789 
 138      62FDBD8F 
 138      896ADF
 139 023d 317085D1 		.ascii	"1p\205\321\331(\312\200\375BRog\217\3155\0312+-an0}"
 139      D928CA80 
 139      FD42526F 
 139      678FCD35 
 139      19322B2D 
 140 0255 9C452C0F 		.ascii	"\234E,\017Fn\036\200\234~\307\010u\"l\205\024\363\035"
 140      466E1E80 
 140      9C7EC708 
 140      75226C85 
 140      14F31D
 141 0268 E27E2CE1 		.ascii	"\342~,\341x\335\375:Q\023\341\374\353C\035u!\236'\200"
 141      78DDFD3A 
 141      5113E1FC 
 141      EB431D75 
 141      219E2780 
 142 027c 039CBCFB 		.ascii	"\003\234\274\373M\020\321\347R[\012\3526\217\372 \244"
 142      4D10D1E7 
 142      525B0AEA 
 142      368FFA20 
 142      A4
 143 028d D03D6B05 		.ascii	"\320=k\005C\266BW\217\303i\035\177\204\241@\032GY\351"
 143      43B64257 
 143      8FC3691D 
 143      7F84A140 
 143      1A4759E9 
 144 02a1 431E513B 		.ascii	"C\036Q;\213q\335`]\247(i\230\273kO\337kM\362\230t8\214"
 144      8B71DD60 
 144      5DA72869 
 144      98BB6B4F 
 144      DF6B4DF2 
 145 02b9 7E7AA0E6 		.ascii	"~z\240\346\374\301c\"\3600\356h\276\261\273?\316wh\320"
 145      FCC16322 
 145      F030EE68 
 145      BEB1BB3F 
 145      CE7768D0 
 146 02cd 414C4CAE 		.ascii	"ALL\256)\345\236\335&\344F\374r\243\201r#\212\254\034"
 146      29E59EDD 
 146      26E446FC 
 146      72A38172 
 146      238AAC1C 
 147 02e1 6162D978 		.ascii	"ab\331x\351\314.HL\026dP\026$\316\235\357\277[\373\006"
 147      E9CC2E48 
 147      4C166450 
 147      1624CE9D 
 147      EFBF5BFB 
 148 02f6 5736984E 		.ascii	"W6\230N\247\223\3205tMb\012\366\243\036\3731\252I\234"
 148      A793D035 
 148      744D620A 
 148      F6A31EFB 
 148      31AA499C 
 149 030a 1F807322 		.ascii	"\037\200s\"[\011!!\243)\351\0176/\220.\241\240;\356"
ARM GAS  /tmp/ccis1FyI.s 			page 12


 149      5B092121 
 149      A329E90F 
 149      362F902E 
 149      A1A03BEE 
 150 031e D17DCF82 		.ascii	"\321}\317\202\375_\321I\205\227\023\236\227\037Ht\036"
 150      FD5FD149 
 150      8597139E 
 150      971F4874 
 150      1E
 151 032f AB8C252B 		.ascii	"\253\214%+s\276]Tf\230_\354\360@\232a\312F:\351\021"
 151      73BE5D54 
 151      66985FEC 
 151      F0409A61 
 151      CA463AE9 
 152 0344 9D928D24 		.ascii	"\235\222\215$S3\202\273{\320\273\361\034\360b\304\340"
 152      533382BB 
 152      7BD0BBF1 
 152      1CF062C4 
 152      E0
 153 0355 47DE4817 		.ascii	"G\336H\0272\2154\342\261\316\261\245\276\213\362(\217"
 153      328D34E2 
 153      B1CEB1A5 
 153      BE8BF228 
 153      8F
 154 0366 F4EB1B15 		.ascii	"\364\353\033\025\250o\244\"\015\335^\233\377\224\335"
 154      A86FA422 
 154      0DDD5E9B 
 154      FF94DD
 155 0375 39A3733A 		.ascii	"9\243s:g\014w\336\334Y\333!\324\366\003\234\036\272"
 155      670C77DE 
 155      DC59DB21 
 155      D4F6039C 
 155      1EBA
 156 0387 6F462BB8 		.ascii	"oF+\270\317x\334g\251\004c\370\224\272$\307y\2767\273"
 156      CF78DC67 
 156      A90463F8 
 156      94BA24C7 
 156      79BE37BB 
 157 039b 0B039C8B 		.ascii	"\013\003\234\213a\235\257\314\3749/\363\347\331\\\314"
 157      619DAFCC 
 157      FC392FF3 
 157      E7D95CCC 
 158 03ab 0C591B8F 		.ascii	"\014Y\033\217\343\0059\025\353\327\213R\217\365\247"
 158      E3053915 
 158      EBD78B52 
 158      8FF5A7
 159 03ba 725C6038 		.ascii	"r\\`8c\025\341\374\314\350L\242\373%;\225\0059Sq<:\177"
 159      6315E1FC 
 159      CCE84CA2 
 159      FB253B95 
 159      05395371 
 160 03d1 923158A0 		.ascii	"\2221X\240\340\272\350q]\242\324\215g\335\341\310\356"
 160      E0BAE871 
 160      5DA2D48D 
 160      67DDE1C8 
 160      EE
 161 03e2 68E81021 		.ascii	"h\350\020!\025\372C\232\020HS\250\314\341e\217\350W"
ARM GAS  /tmp/ccis1FyI.s 			page 13


 161      15FA439A 
 161      104853A8 
 161      CCE1658F 
 161      E857
 162 03f4 FF189C88 		.ascii	"\377\030\234\210\356r\347\336\304\307\3325$\005\275"
 162      EE72E7DE 
 162      C4C7DA35 
 162      2405BD
 163 0403 DD213E2D 		.ascii	"\335!>-\312}\037\007\324\264H\251\347\012\323CW5\370"
 163      CA7D1F07 
 163      D4B448A9 
 163      E70AD343 
 163      5735F8
 164 0416 8DD5B4A7 		.ascii	"\215\325\264\247\273\261Y\274\353\352\273\335J\370]"
 164      BBB159BC 
 164      EBEABBDD 
 164      4AF85D
 165 0425 96F5BD6B 		.ascii	"\226\365\275k\342\204L\362\347`r`\016&)R\335\343u\351"
 165      E2844CF2 
 165      E7607260 
 165      0E262952 
 165      DDE375E9 
 166 0439 D5ECB24E 		.ascii	"\325\354\262N\311)\353T\356\374d\317\300\211p\346R\020"
 166      C929EB54 
 166      EEFC64CF 
 166      C08970E6 
 166      5210
 167 044b 826B4317 		.ascii	"\202kC\027z\212\202\275\327c\377\203\012=\225\3455,"
 167      7A8A82BD 
 167      D763FF83 
 167      0A3D95E5 
 167      352C
 168 045d F3BA5516 		.ascii	"\363\272U\026z\232\274R\310 \247\347\3228\264Mu\211"
 168      7A9ABC52 
 168      C820A7E7 
 168      D238B44D 
 168      7589
 169 046f B8CE88E8 		.ascii	"\270\316\210\350u\012\177\372\013=\203\273\273\320\265"
 169      750A7FFA 
 169      0B3D83BB 
 169      BBD0B5
 170 047e ABDB9161 		.ascii	"\253\333\221a\001\334\360W~F\246\362\365xA\325\214\006"
 170      01DCF057 
 170      7E46A6F2 
 170      F57841D5 
 170      8C06
 171 0490 232A75EE 		.ascii	"#*u\356\273&t\026\373\213Q\022\230\216be\003\374\345"
 171      BB267416 
 171      FB8B5112 
 171      988E6265 
 171      03FCE5
 172 04a3 25E4A65F 		.ascii	"%\344\246_\347L\356\356hz\303-+\223\376<\270\345\027"
 172      E74CEEEE 
 172      687AC32D 
 172      2B93FE3C 
 172      B8E517
 173 04b6 3AF3B116 		.ascii	":\363\261\026\215I\2117e\213\316z\242\2613K\251\360"
ARM GAS  /tmp/ccis1FyI.s 			page 14


 173      8D498937 
 173      658BCE7A 
 173      A2B1334B 
 173      A9F0
 174 04c8 B63776FE 		.ascii	"\2667v\376f-z\340\342\273u\362:\266\375\243C\006\374"
 174      662D7AE0 
 174      E2BB75F2 
 174      3AB6FDA3 
 174      4306FC
 175 04db 237B7443 		.ascii	"#{tC\203\350\321\331\270\255\367\213\216\001vY0\301"
 175      83E8D1D9 
 175      B8ADF78B 
 175      8E017659 
 175      30C1
 176 04ed BD4F37D7 		.ascii	"\275O7\327;R\306\004\377%\321\314\275$.\303\313q\010"
 176      3B52C604 
 176      FF25D1CC 
 176      BD242EC3 
 176      CB7108
 177 0500 1D419F42 		.ascii	"\035A\237B\326\277L\026}\267\201\273LV\325\336\266\243"
 177      D6BF4C16 
 177      7DB781BB 
 177      4C56D5DE 
 177      B6A3
 178 0512 519EA6DA 		.ascii	"Q\236\246\332\004\334\223\232\266|*J5\307_\252\322\300"
 178      04DC939A 
 178      B67C2A4A 
 178      35C75FAA 
 178      D2C0
 179 0524 52CD5174 		.ascii	"R\315Qt\356}/\015\375\331\347&\225sn\346\242s6I\206"
 179      EE7D2F0D 
 179      FDD9E726 
 179      95736EE6 
 179      A2733649 
 180 0539 38252905 		.ascii	"8%)\005\327\200\307\365\200N\311\\V\332\270,\355\373"
 180      D780C7F5 
 180      804EC95C 
 180      56DAB82C 
 180      EDFB
 181 054b 9D22A479 		.ascii	"\235\"\244y\376\220\312\002i\346)k;\350\021=\364\277"
 181      FE90CA02 
 181      69E6296B 
 181      3BE8113D 
 181      F4BF
 182 055d CCCBD15D 		.ascii	"\314\313\321]\356\333\273\034\275l\331\323\327%\032"
 182      EEDBBB1C 
 182      BD6CD9D3 
 182      D7251A
 183 056c 32048F32 		.ascii	"2\004\2172\255\227\220\372>[\301\367V\370\345\315\017"
 183      AD9790FA 
 183      3E5BC1F7 
 183      56F8E5CD 
 183      0F
 184 057d 9457A1C8 		.ascii	"\224W\241\310B\232\211\013\2218W\317\312\370\202\234"
 184      429A890B 
 184      913857CF 
 184      CAF8829C 
ARM GAS  /tmp/ccis1FyI.s 			page 15


 185 058d 8C2F44E7 		.ascii	"\214/D\347\354\004\017\221\361\005\012\256*=\303U\255"
 185      EC040F91 
 185      F1050AAE 
 185      2A3DC355 
 185      AD
 186 059e 63C617B2 		.ascii	"c\306\027\262\210\222\"\"A[\351\217gQ G\245\202c\035"
 186      88922222 
 186      415BE98F 
 186      67512047 
 186      A582631D 
 187 05b2 E3A02FE1 		.ascii	"\343\240/\341P\223\035\317\342\234x\226\240\363'\211"
 187      50931DCF 
 187      E29C7896 
 187      A0F32789 
 188 05c2 67B182AB 		.ascii	"g\261\202\253\326\343\252\243x\226h7\241\272\251y\033"
 188      D6E3AAA3 
 188      78966837 
 188      A1BAA979 
 188      1B
 189 05d3 F324661A 		.ascii	"\363$f\032~\303\302\271SVZ\232zj\371\212e+\236[\232"
 189      7EC3C2B9 
 189      53565A9A 
 189      7A6AF98A 
 189      652B9E5B 
 190 05e8 5AB53AB5 		.ascii	"Z\265:\265\374\245\225\251WW\275\366\372\352\324\322"
 190      FCA595A9 
 190      5757BDF6 
 190      FAEAD4D2 
 191 05f8 179E2D2F 		.ascii	"\027\236-/\343\353\323\025k\326\320'/\256\\\371J\351"
 191      E3EBD315 
 191      6BD6D027 
 191      2FAE5CF9 
 191      4AE9
 192 060a CBDA7FB0 		.ascii	"\313\332\177\260S\354p"
 192      53EC70
 193              		.text
 194              		.section	.gnu.lto_.symbol_nodes.57089a3caab3aacf,"",%progbits
 195 0000 789C6363 		.ascii	"x\234cc``H\001b\006\246^\246z\006\206\011\347\030\030"
 195      60604801 
 195      6206A65E 
 195      A67A0686 
 195      09E71818 
 196 0014 80D48EC6 		.ascii	"\200\324\216\306\203\015l@\261>\246zF\230\330\256FG"
 196      830D6C40 
 196      B13EA67A 
 196      4698D8AE 
 196      4647
 197 0026 A0483F53 		.ascii	"\240H?S=\023\212\010k\017\023C\253\022\320\000\306\011"
 197      3D138A08 
 197      6B0F1343 
 197      AB12D000 
 197      C609
 198 0038 4CF5CC60 		.ascii	"L\365\314`)\006\206\206\006\007\006\006fF\006\206\307"
 198      29068686 
 198      06070606 
 198      66460686 
 198      C7
ARM GAS  /tmp/ccis1FyI.s 			page 16


 199 0049 FD6FE499 		.ascii	"\375o\344\231\031Y\030\232'\275\221g\000\000\355\"\030"
 199      1959189A 
 199      27BD9167 
 199      0000ED22 
 199      18
 200 005a 46       		.ascii	"F"
 201              		.text
 202              		.section	.gnu.lto_.refs.57089a3caab3aacf,"",%progbits
 203 0000 789C6363 		.ascii	"x\234cc```\004b\006\000\000D\000\010"
 203      60606004 
 203      62060000 
 203      440008
 204              		.text
 205              		.section	.gnu.lto_.decls.57089a3caab3aacf,"",%progbits
 206 0000 789CCD57 		.ascii	"x\234\315WkPT\311\025\276}{``\030\220\340&e\245Lb\014"
 206      6B5054C9 
 206      15BE7D7B 
 206      60601890 
 206      E02665A5 
 207 0017 5B92AD2C 		.ascii	"[\222\255,#\350\246\366\307VJ\035P\254\340\2565c\036"
 207      23E8A6F6 
 207      C7564A1D 
 207      50ACE0AE 
 207      35631E
 208 002a FB6B1601 		.ascii	"\373k\026\001KjyX\202\211V~\344\362P\220\207\212\202"
 208      4B6A7958 
 208      8289567E 
 208      E4F25090 
 208      878A82
 209 003d 2B223E00 		.ascii	"+\">\000\037,D\331U@\034\220\021pD\"\202\350\262\200"
 209      1F2C44D9 
 209      55401C90 
 209      11704422 
 209      82E8B280 
 210 0051 3C45111F 		.ascii	"<E\021\037\260\210\017V%KNw\337az.\243\225\375\227["
 210      B0880F56 
 210      254B4E77 
 210      DF617A2E 
 210      A395FD97 
 211 0066 75A6EFE9 		.ascii	"u\246\357\351\363\365w\316\351>\335\267\307U\020\204"
 211      F3F577CE 
 211      E93EDDB7 
 211      C7551084 
 212 0076 5FCE1584 		.ascii	"_\316\025\204>Q\020\376\212\004a\032\036\025\364]\022"
 212      3E5110FE 
 212      8A04611A 
 212      1E15F45D 
 212      12
 213 0087 EC0FD1CD 		.ascii	"\354\017\321\315 \265 u\262\015\240\302u\301\361\371"
 213      20B52075 
 213      B20DA0C2 
 213      75C1F1F9 
 214 0097 3B74AAA1 		.ascii	";t\252\241\375\014\3446\310\"\020\177\350\353\202\266"
 214      FD0CE436 
 214      C822107F 
 214      E8EB82B6 
 215 00a7 0DE477F0 		.ascii	"\015\344w\360\216\241\275\0052\037\336\277\225y\314"
ARM GAS  /tmp/ccis1FyI.s 			page 17


 215      8EA1BD05 
 215      321FDEBF 
 215      9579CC
 216 00b6 C2ECE71F 		.ascii	"\302\354\347\037`p\227\271|@\336\341\370\010\017\341"
 216      607097B9 
 216      7C40DEE1 
 216      F8080FE1 
 217 00c6 D3417B01 		.ascii	"\323A{\001Z\027\020Ox\377\025\210\017\2107\310\"\331"
 217      5A17104F 
 217      78FF1588 
 217      0F8837C8 
 217      22D9
 218 00d8 57ADCC7F 		.ascii	"W\255\314\177\311\211\217\177r>\010\257-\346 \316\007"
 218      C9898F7F 
 218      723E08AF 
 218      2DE620CE 
 218      07
 219 00e9 897D05BC 		.ascii	"\211}\005\274k\004\306Ib\377)\264\277\006y\017\304K"
 219      6B04C649 
 219      62FF29B4 
 219      BF06790F 
 219      C44B
 220 00fb CE6319B4 		.ascii	"\316c\031\264?\001\361E,\247:'\376r0z\230\230U\252\355"
 220      3F01F145 
 220      2CA73A27 
 220      FE72307A 
 220      989855AA 
 221 0110 47BD0482 		.ascii	"G\275\004\202\274\021\222\321\374C\364i\333C\354\014"
 221      BC1192D1 
 221      FC43F469 
 221      DB43EC0C 
 222 0120 20229B91 		.ascii	" \"\233\221\241\224\303\250\0151\021\005;\326>\202c"
 222      A194C3A8 
 222      0D311105 
 222      3BD63E82 
 222      63
 223 0131 E50623FA 		.ascii	"\345\006#\372\0104\024>\026\032\031\022l\3356\367h\006"
 223      0834143E 
 223      161A1912 
 223      6CDD36F7 
 223      6806
 224 0143 63C373AC 		.ascii	"c\303s\254H\036\344,:\201\255\007\231\204\2363\343M"
 224      481EE42C 
 224      3A81AD07 
 224      99849E33 
 224      E34D
 225 0155 2E03A80F 		.ascii	".\003\250\017\240\237z\011{\334b\020\351-\350,\274("
 225      A09F7A09 
 225      7BDC6210 
 225      E92DE82C 
 225      BC28
 226 0167 6291BEA7 		.ascii	"b\221\276\247\236\235J\367\300\277\240\357\3261s\011"
 226      9E9D4AF7 
 226      C0BFA0EF 
 226      D6317309 
 227 0177 F22F93D8 		.ascii	"\362/\223\330\343v\004\013\250\022a\333\204^\236\236"
 227      E376040B 
ARM GAS  /tmp/ccis1FyI.s 			page 18


 227      A81261DB 
 227      845E9E9E 
 228 0187 B4CCC9C0 		.ascii	"\264\314\311\300\310G\203DP\333\307\257\025x\200\372"
 228      C8478344 
 228      50DBC7AF 
 228      157880FA 
 229 0197 8E067983 		.ascii	"\216\006y\203Z\2269\235\3432o?\031\270'Y\362\026\321"
 229      5A96399D 
 229      E3326F3F 
 229      19B82759 
 229      F216D1
 230 01aa 673F43D5 		.ascii	"g?C\325h>:\217\346C\220\027\320<\370\215U1\246\375\226"
 230      683E3A8F 
 230      E6439017 
 230      D03CF88D 
 230      5531A6FD 
 231 01bf 03D7350B 		.ascii	"\003\3275\013\217J\026\213d\271\222\377aG\303\016\251"
 231      8F4A168B 
 231      64B992FF 
 231      6147C30E 
 231      A9
 232 01d0 0DC62DA3 		.ascii	"\015\306-\2438T\2010\252B\376$\347\012\342\035\235C"
 232      38548130 
 232      AA42FE24 
 232      E70AE21D 
 232      9D43
 233 01e2 03089D45 		.ascii	"\003\010\235E\375\220\204\031-\204\361y\207w\227c\234"
 233      FD908419 
 233      2D84F179 
 233      87779763 
 233      9C
 234 01f3 8168D09D 		.ascii	"\201h\320\235\223C\251\036@v\024\310:\016k\017J\226"
 234      9343A91E 
 234      407614C8 
 234      3A0E6B0F 
 234      4A96
 235 0205 24E01229 		.ascii	"$\340\022)U\215\235\252FIUK\251\244\021s\317\034|\200"
 235      558D9DAA 
 235      4649554B 
 235      A9A41173 
 235      CF1C7C80 
 236 0219 514DF417 		.ascii	"QM\364\027\035\327\312T\355\35790]\2643]T2\325Q\246"
 236      1DD7CA54 
 236      EDEF3930 
 236      5DB4335D 
 236      5432D551 
 237 022e ABF7EBFB 		.ascii	"\253\367\353\3730.aL\245I\231w=\201i@\222,\255\247\027"
 237      302E614C 
 237      A5499977 
 237      3D816940 
 237      922CADA7 
 238 0243 9426EFC8 		.ascii	"\224&\357\310\222\216!\226\237\305Ne\221g\027]\242\024"
 238      928E2196 
 238      9FC54E65 
 238      9167175D 
 238      A214
 239 0255 BD4D25A5 		.ascii	"\275M%\245\030\246t\221\006\221U\236\003]g\036W\277"
ARM GAS  /tmp/ccis1FyI.s 			page 19


 239      18A67491 
 239      0691559E 
 239      035D671E 
 239      57BF
 240 0267 F4645D84 		.ascii	"\364d]\204\267}\367D\261\032\0173'7R\312\017a\266 *"
 240      B77DF744 
 240      B11A0F33 
 240      273752CA 
 240      0F61B620 
 241 027c 509FB41C 		.ascii	"P\237\264\034\034\362b\013\262 \007\213\375]\257{\274"
 241      1CF2620B 
 241      B220078B 
 241      FD5DAF7B 
 241      BC
 242 028d 90C62F4D 		.ascii	"\220\306/M\222\222\244\243\311\222{\210\200\254\260"
 242      9292A4A3 
 242      C9927B88 
 242      80ACB0
 243 029c 20976141 		.ascii	" \227aAP\023\362#\224$\014\324\000\235\365\320y\202"
 243      5013F223 
 243      94240CD4 
 243      009DF5D0 
 243      7982
 244 02ae AC9DA5F5 		.ascii	"\254\235\245\365\342\037\362&$i\001\272\2024\250\321"
 244      E21FF226 
 244      246901BA 
 244      8234A8D1 
 245 02be 1EEA220D 		.ascii	"\036\352\"\015[\273\222\342\354BW|\202\026\217h\316"
 245      5BBB92E2 
 245      EC42577C 
 245      82168F68 
 245      CE
 246 02cf BF77597C 		.ascii	"\277wY|\223\217\177\277\321\307t\313B\353v2\263\315"
 246      938F7FBF 
 246      D1C774CB 
 246      42EB7632 
 246      B3CD
 247 02e1 E0E3AADD 		.ascii	"\340\343\252\335\007\270dN\276\251\357\276\253\206T"
 247      07B8644E 
 247      BEA9EFBE 
 247      AB8654
 248 02f0 885D7A96 		.ascii	"\210]z\226\325F\372\312\213\357\375\006w\261\242\335"
 248      D546FACA 
 248      8BEFFD06 
 248      77B1A2DD 
 249 0300 75AAB5C7 		.ascii	"u\252\265\307\365\335\"\351h=)\240\217\212\241\200\366"
 249      F5DD22E9 
 249      683D29A0 
 249      8F8AA180 
 249      F6
 250 0311 208A6E61 		.ascii	" \212nal3Q\010\264\347\032\211\347:z\027\206\266]\030"
 250      6C335108 
 250      B4E71A89 
 250      E73A7A17 
 250      86B65D18 
 251 0325 B8E7851F 		.ascii	"\270\347\205\0370\236\003\355_\005k \370\344\377)x\030"
 251      309E03ED 
ARM GAS  /tmp/ccis1FyI.s 			page 20


 251      5F056B20 
 251      F8E4FF29 
 251      7818
 252 0337 70D0FCAC 		.ascii	"p\320\374\254\331\205M\271\033\250Uc\245U\236l\312-"
 252      D9854DB9 
 252      1BA85563 
 252      A5559E6C 
 252      CA2D
 253 0349 C4FC45F5 		.ascii	"\304\374E\365\235q/\374\230\222\253z\312R\037\271\""
 253      9D712FFC 
 253      9892AB7A 
 253      CA521FB9 
 253      22
 254 035a DFB97EBE 		.ascii	"\337\271~\276\205RJ2\004\332\367\321t\373\210$\355\325"
 254      85524A32 
 254      04DAF7D1 
 254      74FB8824 
 254      EDD5
 255 036c A23688B4 		.ascii	"\2426\210\264\025\342\372\006\315\265\273\324\221h\003"
 255      15E2FA06 
 255      CDB5BBD4 
 255      916803
 256 037b E047C8A6 		.ascii	"\340G\310\246\273\010\004\251\004\324\016\366\0334\023"
 256      BB0804A9 
 256      04D40EF6 
 256      1B3413
 257 038a 8226B975 		.ascii	"\202&\271u@l\267\220/\372\026\371\322\352a\223:6\355"
 257      406CB790 
 257      2FFA16F9 
 257      D2EA6193 
 257      3A36ED
 258 039d 93082308 		.ascii	"\223\010#\010J\220'\224<\314\2675\015\227\234\223\244"
 258      4A902794 
 258      3CCCB735 
 258      0D979C93 
 258      A4
 259 03ae 9DAED4F5 		.ascii	"\235\256\324\365M\247\256\255\304\011M\362\353\306:"
 259      4DA7AEAD 
 259      C4094DF2 
 259      EBC63A
 260 03bd 352EC674 		.ascii	"5.\306t\211\263\314\257\313\021\232\353\3474&\324\015"
 260      89B3CCAF 
 260      CB119AEB 
 260      E73426D4 
 260      0D
 261 03ce A1BC3DAC 		.ascii	"\241\274=\254\353i8\231\204\325\005\250N\373R\223(\331"
 261      EB693899 
 261      84D505A8 
 261      4EFB5293 
 261      28D9
 262 03e0 09D5D9DE 		.ascii	"\011\325\331\336\214\265\3513\005D\201\366\325\273\215"
 262      8CB5E933 
 262      054481F6 
 262      D5BB8D
 263 03ef B4748340 		.ascii	"\264t\203@\013\340\312\341\253V\015\233~\011\201n\261"
 263      0BE0CAE1 
 263      AB560D9B 
ARM GAS  /tmp/ccis1FyI.s 			page 21


 263      7E09816E 
 263      B1
 264 0400 668E225C 		.ascii	"f\216\"\\N#Ei\203\2517e\343\367D\237\256\237\354\364"
 264      4E234569 
 264      83A93765 
 264      E3F7449F 
 264      AE9FECF4 
 265 0414 C495CC98 		.ascii	"\304\225\314\230=>\261\317\225,\265$\273\001\224\335"
 265      3D3EB1CF 
 265      952CB524 
 265      BB0194DD 
 266 0424 CB00293C 		.ascii	"\313\000)<\230\005\264\230\256rUE\321wn>{\344\214\227"
 266      9805B498 
 266      AE725545 
 266      D1776E3E 
 266      7BE48C97 
 267 0438 A96865D9 		.ascii	"\251he\331\327a\020\371\330\306P?\017\272\212\334\231"
 267      D76110F9 
 267      D8C6503F 
 267      0FBA8ADC 
 267      99
 268 0449 DF71EAAA 		.ascii	"\337q\352\252\341\371S\017la~{\012s\216\253\230q\204"
 268      E1F9530F 
 268      6C617E7B 
 268      0A738EAB 
 268      987184
 269 045c 1EBD5353 		.ascii	"\036\275SS)*|\231\031\223\314]\331\362\211:@ww\322\276"
 269      292A7C99 
 269      1993CC5D 
 269      D9F2893A 
 269      407777D2 
 270 0471 6257DCCA 		.ascii	"bW\334\312\214\257\307N\216\273\342.\246T\015\346\326"
 270      8CAFC74E 
 270      8EBBE22E 
 270      A6540DE6 
 270      D6
 271 0482 C93E3A89 		.ascii	"\311>:\211\336\360\364\320\023-\036b\306\355\305\267"
 271      DEF0F4D0 
 271      132D1E62 
 271      C6EDC5B7 
 272 0492 32D57894 		.ascii	"2\325x\224)7\207\217\245h\031\222n\233\247\267\263\254"
 272      2937878F 
 272      A5681992 
 272      6E9BA7B7 
 272      B3AC
 273 04a4 5A3CC98C 		.ascii	"Z<\311\214\215MC7\335p\242\212*\031\227+\254\362\361"
 273      8D4D4337 
 273      DD70A28A 
 273      2A19972B 
 273      ACF2F1
 274 04b7 D144F4C4 		.ascii	"\321D\364\304\221\362T8U\231\321V\331>re?ikHw\307\271"
 274      91F25438 
 274      5599D156 
 274      D93E7265 
 274      3F696B48 
 275 04ce CCD8B273 		.ascii	"\314\330\262so\256\210\013\230rj\370\320.\331\341\207"
 275      6FAE880B 
ARM GAS  /tmp/ccis1FyI.s 			page 22


 275      98726AF8 
 275      D02ED9E1 
 275      87
 276 04df 6436F2C7 		.ascii	"d6\362\307\013\264\3708\263\325\024m/q\303g\230b\256"
 276      0BB4F838 
 276      B3D5146D 
 276      2F71C367 
 276      9862AE
 277 04f2 AAB1CA7B 		.ascii	"\252\261\312{g1\250)\327\263z\264\270\212\331N\217\244"
 277      6731A829 
 277      D7B37AB4 
 277      B88AD94E 
 277      8FA4
 278 0504 5AD4B88E 		.ascii	"Z\324\270\216)\371O{\037\310\311\372\021\222\226\227"
 278      29F94F7B 
 278      1FC8C9FA 
 278      11929697 
 279 0514 655EF80A 		.ascii	"e^\370\012\263\331\0169\037z\310\241\232\333\025:|\203"
 279      B3D90E39 
 279      1F7AC8A1 
 279      9ADB153A 
 279      7C83
 280 0526 998E8D54 		.ascii	"\231\216\215T\357\233\203\273\2312\226ro\300\203\341"
 280      EF9B83BB 
 280      99329672 
 280      6FC083E1 
 281 0536 E6813AD8 		.ascii	"\346\201:\330{?\335\013\0171\333\216\272\334Zw<\312"
 281      7B3FDD0B 
 281      0F31DB8E 
 281      BADC5A77 
 281      3CCA
 282 0548 14DB67CC 		.ascii	"\024\333g\314\207}\306\032\007\372\020~\301L\217\322"
 282      877DC61A 
 282      07FA107E 
 282      C14C8FD2 
 283 0558 2D5D229E 		.ascii	"-]\"\236fJIu\326\240\013Ns\241\312PU\312\013\025\316"
 283      664A4975 
 283      D6A00B4E 
 283      73A1CA50 
 283      55CA0B15 
 284 056d 644AE9D4 		.ascii	"dJ\351\324\3416w\234\315\224\262\226+=\362\244\246\221"
 284      E136779C 
 284      CD94B296 
 284      2B3DF2A4 
 284      A691
 285 057f 0A2D3BD5 		.ascii	"\012-;\325;\254\226O\010rb\024\237\037\230B8\217\202"
 285      3BAC964F 
 285      08726214 
 285      9F1F9842 
 285      388F82
 286 0592 17543ECF 		.ascii	"\027T>\317)\205\023b\3263\227\376\372\311\032\333\301"
 286      29851362 
 286      D63397FE 
 286      FAC91ADB 
 286      C1
 287 05a3 6319FC0E 		.ascii	"c\031\374\016~\004;\251@\344v\360\0034sz\024\222\275"
 287      7E043BA9 
ARM GAS  /tmp/ccis1FyI.s 			page 23


 287      40E476F0 
 287      0334737A 
 287      1492BD
 288 05b6 64A94FC7 		.ascii	"d\251O\307\360\001K\221\317PQ\001\237F\366\035\317\370"
 288      F0014B91 
 288      CF505101 
 288      9F46F61D 
 288      CFF8
 289 05c8 1FEE94F1 		.ascii	"\037\356\224\361\204>E\211O\0229z\002o\347\341\251J"
 289      843E4589 
 289      4F12397A 
 289      026FE7E1 
 289      A94A
 290 05da B88E6727 		.ascii	"\270\216g'\247@s&N\244p\330;\350\236\034\374\314)r\027"
 290      A7407326 
 290      4EA470D8 
 290      3BE89E1C 
 290      FCCC2972 
 291 05ef 29D9D339 		.ascii	")\331\3239\366\377(s\235\232\025|s\006\207\237P\342"
 291      F6FF2873 
 291      9D9A157C 
 291      7306879F 
 291      50E2
 292 0601 9FCCC6F3 		.ascii	"\237\314\306\363\374?8\347\017\260G\337\236\301E?\256"
 292      FC3F38E7 
 292      0FB047DF 
 292      9EC1453F 
 292      AE
 293 0612 8CFE3B25 		.ascii	"\214\376;%\374\016\237l\277\022\336\247L\266\231\237"
 293      FC0E9F6C 
 293      BF12DEA7 
 293      4CB6999F 
 294 0622 CA566530 		.ascii	"\312Ve0:\305\272\276\342\327\365\271\022\375\014)g\276"
 294      3AC5BABE 
 294      E2D7F5B9 
 294      12FD0C29 
 294      67BE
 295 0634 3B9D0BE6 		.ascii	";\235\013\346\2652\230W\312`\356\360\301lW\256\353\215"
 295      B5329857 
 295      CA60EEF0 
 295      C16C57AE 
 295      EB8D
 296 0646 5933F98A 		.ascii	"Y3\371\212\307':/3\216\376!?\361\337+\243\237\234E?"
 296      C7273A2F 
 296      338EFE21 
 296      3FF1DF2B 
 296      A39F9C45 
 297 065b C1E35F38 		.ascii	"\301\343_8\317\226\257\233L\016>\244\204\337\261\303"
 297      CF96AF9B 
 297      4C0E3EA4 
 297      84DFB1C3 
 298 066b 1DBE663B 		.ascii	"\035\276f;\305\371(\215\0268\201\223OY\221\350\207r"
 298      C5F9288D 
 298      16388193 
 298      4F5991E8 
 298      8772
 299 067d 455FB40B 		.ascii	"E_\264\013\344\030\310\001\220,\220# y \231 {A\366\200"
ARM GAS  /tmp/ccis1FyI.s 			page 24


 299      E418C801 
 299      902C9023 
 299      20792099 
 299      207B41F6 
 300 0692 7C017202 		.ascii	"|\001r\002\344 H>\310~\220\223 \331 \373@\016\203\224"
 300      E420483E 
 300      C87E9093 
 300      20D920FB 
 300      400E8394 
 301 06a6 8064801C 		.ascii	"\200d\200\034\005)\004)\006\331\015r\010\344K\220\034"
 301      05290429 
 301      06D90D72 
 301      08E44B90 
 301      1C
 302 06b7 905320C7 		.ascii	"\220S \307E_\356\243\335\315W\365\2302\233\307\312\344"
 302      455FEEA3 
 302      DDCD57F5 
 302      98329BC7 
 302      CAE4
 303 06c9 27F8A548 		.ascii	"'\370\245Hv\276\203g*\003*i\"\203\253\244\207\316\017"
 303      76BE8367 
 303      2A032A69 
 303      2283ABA4 
 303      87CE0F
 304 06dc 147E2DBA 		.ascii	"\024~-\272y\376\035\316K\203\013\347\025\037\375\210"
 304      79FE1DCE 
 304      4B830BE7 
 304      151FFD88 
 305 06ec 927ED80E 		.ascii	"\222~\330\016g\367\204\037\322p\236$y\023\224\223\353"
 305      67F7841F 
 305      D2709E24 
 305      79139493 
 305      EB
 306 06fd 4B267FF8 		.ascii	"K&\177\370\335wN\346P7|!\244+c\355\231\205\277\303\327"
 306      DD774EE6 
 306      50377C21 
 306      A42B63ED 
 306      9985BFC3 
 307 0712 D94BE775 		.ascii	"\331K\347u\311\345V\317\347\366\324\371y\303W=\037M"
 307      C9E556CF 
 307      E7F6D4F9 
 307      79C3573D 
 307      1F4D
 308 0724 AF12DE33 		.ascii	"\257\022\3363k\017\362\354\243\316\327\335aax\372\233"
 308      6B0FF2EC 
 308      A3CED7DD 
 308      616178FA 
 308      9B
 309 0735 CEAB7EE6 		.ascii	"\316\253~\346r\367\274\254\254\327\003\027\323\017\220"
 309      72F7BCAC 
 309      ACD70317 
 309      D30F90
 310 0744 3838599D 		.ascii	"88Y\235/*/w\266\355\200\376\005\273\340\377eG\260\""
 310      2F2A2F77 
 310      B6ED80FE 
 310      05BBE0FF 
 310      6547B022 
ARM GAS  /tmp/ccis1FyI.s 			page 25


 311 0758 B166B1CB 		.ascii	"\261f\261\313d\031DU*\316\\&I\315\320\344\352:\256u"
 311      64194455 
 311      2ACE5C26 
 311      49CDD0E4 
 311      EA3AAE75 
 312 076c A8F9CB64 		.ascii	"\250\371\313d\231\310_&O\213\3542\011-\200\217L\275"
 312      99C85F26 
 312      4F8BEC32 
 312      092D808F 
 312      4CBD
 313 077e CEF3E2C1 		.ascii	"\316\363\342\301\344\317\231\035|F\006\237\241\340\216"
 313      E4CF991D 
 313      7C46069F 
 313      A1E08E
 314 078d D182BD2E 		.ascii	"\321\202\275.\270\234}\344'\016Z\037ip%S\362O\177\231"
 314      B89C7DE4 
 314      270E5A1F 
 314      69702553 
 314      F24F7F99 
 315 07a1 82713553 		.ascii	"\202q5Szj\022\033\275\360%\246\014\036I\272\353\202"
 315      7A6A121B 
 315      BDF025A6 
 315      0C1E49BA 
 315      EB82
 316 07b3 AD4C395F 		.ascii	"\255L9_;\032\310\356\005\363A\273\320\373\304\"\377"
 316      3B1AC8EE 
 316      05F341BB 
 316      D0FBC422 
 316      FF
 317 07c4 791E20D7 		.ascii	"y\036 \327\204#\217F\006<p3"
 317      84238F46 
 317      063C7033 
 318 07d0 85BA37F4 		.ascii	"\205\2727\364\336\252@H\276\007\330\376=t\214\370\024"
 318      DEAA4048 
 318      BE07D8FE 
 318      3D748CF8 
 318      14
 319 07e1 264B4D8B 		.ascii	"&KM\213\351\"\227C\356\3467\357n\372U\331\350\370Qq"
 319      E9229743 
 319      EEE637EF 
 319      6EFA55D9 
 319      E8F85171 
 320 07f5 02E737AB 		.ascii	"\002\3477\253\311\216\376ZI\316mm\207B\251\204B\251"
 320      C98EFE5A 
 320      49CE6D6D 
 320      8742A984 
 320      42A9
 321 0807 A04C66B9 		.ascii	"\240Lf\271J\352\240J,\260j\027A.\200\324\200T\203\234"
 321      4AEAA04A 
 321      2CB06A17 
 321      412E80D4 
 321      8054839C 
 322 081b 07A97538 		.ascii	"\007\251u8\333\352\271\360\276r\356\320\241\3049x\225"
 322      DBEAB9F0 
 322      BE72EED0 
 322      A1C43978 
 322      95
ARM GAS  /tmp/ccis1FyI.s 			page 26


 323 082c 123EEB2B 		.ascii	"\022>\353+3\301esV\211\346\356&\254\250\372\372\331"
 323      33C16573 
 323      5689E6EE 
 323      26ACA8FA 
 323      FAD9
 324 083e 1F27B3B3 		.ascii	"\037'\263\263\223g\254\237\233\366sN\271\002\344\235"
 324      9367AC9F 
 324      9BF6734E 
 324      B902E49D 
 325 084e B5A34BEA 		.ascii	"\265\243K\352\364\3007\330\316j*O\255qW\356,\333\204"
 325      F4C037D8 
 325      CE6A2A4F 
 325      AD7157EE 
 325      2CDB84
 326 0861 A10698A7 		.ascii	"\241\006\230\247\0373g,\320\341\021WIrC\3650\360\222"
 326      1F33672C 
 326      D0E11157 
 326      497243F5 
 326      30F092
 327 0874 BDF8CDB6 		.ascii	"\275\370\315\266\342\317=Y\334\345\301\327s\275C\361"
 327      E2CF3D59 
 327      DCE5C1D7 
 327      73BD43F1 
 328 0884 37CAF54C 		.ascii	"7\312\365L\332\237o\014\2136EGG\230\326\207\205\177"
 328      DA9F6F0C 
 328      8B364547 
 328      4798D687 
 328      857F
 329 0896 BE659329 		.ascii	"\276e\223)\".&,*\326\024\025\033\225\020\340\357\257"
 329      222E262C 
 329      2AD61415 
 329      1B9510E0 
 329      EFAF
 330 08a8 D36F8C5A 		.ascii	"\323o\214Z\037\365\211Q\027\027\257\003\240nS\334\346"
 330      1FF58951 
 330      1717AF03 
 330      A06E53DC 
 330      E6
 331 08b9 84789D71 		.ascii	"\204x\235q\335\232%\201\354w\345\322\255[u2\205\177"
 331      DD9A2581 
 331      EC77E5D2 
 331      AD5B7532 
 331      857F
 332 08cb B8DBAA8F 		.ascii	"\270\333\252\217\377\264@\037\020 \004\376\350\241\202"
 332      FFB4401F 
 332      102004FE 
 332      E8A182
 333 08da D6160871 		.ascii	"\326\026\010q\355\035\237\020\263$\320\024\036\035\027"
 333      ED1D9F10 
 333      B324D014 
 333      1E1D17
 334 08e9 FE39ED50 		.ascii	"\3769\355PG\304\204\255\206v\351\333\211CC\203tAk\226"
 334      47C484AD 
 334      8676E9DB 
 334      89434383 
 334      74416B96 
 335 08fd FF2D50C7 		.ascii	"\377-P\307\010`\224\377FAc2m\211\212M\000=a\251nK\374"
ARM GAS  /tmp/ccis1FyI.s 			page 27


 335      086094FF 
 335      46416332 
 335      6D898A4D 
 335      003D61A9 
 336 0914 665DD8E6 		.ascii	"f]\330\346\230\367c\343b#\337\217\014[\037\245\213\212"
 336      98F763E3 
 336      6223DF8F 
 336      0C5B1FA5 
 336      8B8A
 337 0926 0D8FDE12 		.ascii	"\015\217\336\022\021\251\213\011\013\337\030\025\033"
 337      11A98B09 
 337      0BDF1815 
 337      1B
 338 0933 A9334544 		.ascii	"\2513EDn\010\333\022\235`J\330\266)2\036\306\273\331"
 338      6E08DB12 
 338      9D604AD8 
 338      B629321E 
 338      C6BBD9
 339 0946 46FFF62D 		.ascii	"F\377\366-\243\343\267\305\353L\361\011\021\000\205"
 339      A3E3B7C5 
 339      EB4CF109 
 339      110085
 340 0955 21738CDB 		.ascii	"!s\214\333\342\023\"c\364q\233#\365$\011Qo\300z\243"
 340      E2132263 
 340      F4719B23 
 340      F5240951 
 340      6FC07AA3 
 341 0969 618963F8 		.ascii	"a\211c\370\221[\023t\3725\306\325F\010\237\233\024\032"
 341      915B1374 
 341      FA35C6D5 
 341      46089F9B 
 341      141A
 342 097b FB86A58B 		.ascii	"\373\206\245\213?\330\272\025\250<\326\376\305`Z\007"
 342      3FD8BA15 
 342      A83CD6FE 
 342      C5605A07 
 343 098b A104456E 		.ascii	"\241\004Enp1\032\365\253\014\356\206`c\260\341\317\301"
 343      70311AF5 
 343      AB0CEE86 
 343      6063B0E1 
 343      CFC1
 344 099d 41BF57AD 		.ascii	"A\277W\255\010\322\333\325\017\334\227\257]\021\030"
 344      08D2DBD5 
 344      0FDC97AF 
 344      5D1118
 345 09ac BA36F863 		.ascii	"\2726\370c\003y\013`o6\353R\367\345!+\226\310\326\220"
 345      03790B60 
 345      6F36EB52 
 345      F7E5212B 
 345      96C8D690 
 346 09c0 195C8812 		.ascii	"\031\\\210\022\267DMX\240\207\264\001\274%PM\030\250"
 346      B7444D58 
 346      A087B401 
 346      BC25504D 
 346      18A8
 347 09d2 25444684 		.ascii	"%DF\2048\"\002\334\310X\203q\235\201\274\004\220\227"
 347      382202DC 
ARM GAS  /tmp/ccis1FyI.s 			page 28


 347      C8588371 
 347      9D81BC04 
 347      9097
 348 09e4 19DB6237 		.ascii	"\031\333b72\232\331Bl\240\020\006\302\372\325\006\225"
 348      329AD942 
 348      6CA01006 
 348      C2FAD506 
 348      95
 349 09f5 7EE52A83 		.ascii	"~\345*\203zmh(i5\320\256\0164\222W\017\203^?\223\377"
 349      7A6D6828 
 349      6935D0AE 
 349      0E349257 
 349      0F835E3F 
 350 0a0b 276BD7E9 		.ascii	"'k\327\351\015\242\321\240\206\227?\006\177jP\221\037"
 350      0DA2D1A0 
 350      86973F06 
 350      7F6A5091 
 350      1F
 351 0a1c BC5C6F70 		.ascii	"\274\\op\245\226\000\317\225\241\313\215!6\370\177\001"
 351      A59600CF 
 351      95A1CB8D 
 351      2136F87F 
 351      01
 352 0a2d ED4D3B58 		.ascii	"\355M;X"
 353              		.text
 354              		.section	.gnu.lto_.symtab.57089a3caab3aacf,"",%progbits
 355 0000 68616C5F 		.ascii	"hal_lld_init\000"
 355      6C6C645F 
 355      696E6974 
 355      00
 356 000d 00       		.ascii	"\000"
 357 000e 00       		.ascii	"\000"
 358 000f 00       		.ascii	"\000"
 359 0010 00000000 		.ascii	"\000\000\000\000\000\000\000\000"
 359      00000000 
 360 0018 BD000000 		.ascii	"\275\000\000\000"
 361 001c 73746D33 		.ascii	"stm32_clock_init\000"
 361      325F636C 
 361      6F636B5F 
 361      696E6974 
 361      00
 362 002d 00       		.ascii	"\000"
 363 002e 00       		.ascii	"\000"
 364 002f 00       		.ascii	"\000"
 365 0030 00000000 		.ascii	"\000\000\000\000\000\000\000\000"
 365      00000000 
 366 0038 BF000000 		.ascii	"\277\000\000\000"
 367 003c 53797374 		.ascii	"SystemCoreClock\000"
 367      656D436F 
 367      7265436C 
 367      6F636B00 
 368 004c 00       		.ascii	"\000"
 369 004d 00       		.ascii	"\000"
 370 004e 00       		.ascii	"\000"
 371 004f 00000000 		.ascii	"\000\000\000\000\000\000\000\000"
 371      00000000 
 372 0057 CE000000 		.ascii	"\316\000\000\000"
ARM GAS  /tmp/ccis1FyI.s 			page 29


 373 005b 646D6149 		.ascii	"dmaInit\000"
 373      6E697400 
 374 0063 00       		.ascii	"\000"
 375 0064 02       		.ascii	"\002"
 376 0065 00       		.ascii	"\000"
 377 0066 00000000 		.ascii	"\000\000\000\000\000\000\000\000"
 377      00000000 
 378 006e C1000000 		.ascii	"\301\000\000\000"
 379              		.text
 380              		.section	.gnu.lto_.opts,"",%progbits
 381 0000 272D666D 		.ascii	"'-fmath-errno' '-fsigned-zeros' '-ftrapping-math' '"
 381      6174682D 
 381      6572726E 
 381      6F272027 
 381      2D667369 
 382 0033 2D666E6F 		.ascii	"-fno-trapv' '-fno-strict-overflow' '-fno-openmp' '-"
 382      2D747261 
 382      70762720 
 382      272D666E 
 382      6F2D7374 
 383 0066 666E6F2D 		.ascii	"fno-openacc' '-mcpu=cortex-m4' '-mfloat-abi=hard' '"
 383      6F70656E 
 383      61636327 
 383      20272D6D 
 383      6370753D 
 384 0099 2D6D6670 		.ascii	"-mfpu=fpv4-sp-d16' '-mno-thumb-interwork' '-mthumb'"
 384      753D6670 
 384      76342D73 
 384      702D6431 
 384      36272027 
 385 00cc 20272D4F 		.ascii	" '-O0' '-Werror' '-fomit-frame-pointer' '-falign-fu"
 385      30272027 
 385      2D576572 
 385      726F7227 
 385      20272D66 
 386 00ff 6E637469 		.ascii	"nctions=16' '-ffunction-sections' '-fdata-sections'"
 386      6F6E733D 
 386      31362720 
 386      272D6666 
 386      756E6374 
 387 0132 20272D66 		.ascii	" '-fno-common' '-flto' '-fsingle-precision-constant"
 387      6E6F2D63 
 387      6F6D6D6F 
 387      6E272027 
 387      2D666C74 
 388 0165 2700     		.ascii	"'\000"
 389              		.text
 390              		.comm	__gnu_lto_v1,1,1
 391              		.comm	__gnu_lto_slim,1,1
 392              		.ident	"GCC: (GNU Tools for Arm Embedded Processors 7-2017-q4-major) 7.2.1 20170904 (release) [ARM
ARM GAS  /tmp/ccis1FyI.s 			page 30


DEFINED SYMBOLS
                            *ABS*:0000000000000000 hal_lld.c
                            *COM*:0000000000000001 __gnu_lto_v1
                            *COM*:0000000000000001 __gnu_lto_slim

NO UNDEFINED SYMBOLS
