ARM GAS  /tmp/cc22YiRv.s 			page 1


   1              		.cpu cortex-m4
   2              		.eabi_attribute 27, 1
   3              		.eabi_attribute 28, 1
   4              		.eabi_attribute 20, 1
   5              		.eabi_attribute 21, 1
   6              		.eabi_attribute 23, 3
   7              		.eabi_attribute 24, 1
   8              		.eabi_attribute 25, 1
   9              		.eabi_attribute 26, 1
  10              		.eabi_attribute 30, 6
  11              		.eabi_attribute 34, 1
  12              		.eabi_attribute 18, 4
  13              		.file	"main.c"
  14              		.section	.gnu.lto_.inline.d3427aeffa2d399,"",%progbits
  15 0000 789C6363 		.ascii	"x\234cc``pa@\000F\006\006\221[@\232\211\355\203\036"
  15      60607061 
  15      40004606 
  15      06915B40 
  15      9A89ED83 
  16 0015 030B0313 		.ascii	"\003\013\003\023H\214\211\233\021(\316\304\015\222e"
  16      488C899B 
  16      1128CEC4 
  16      0D9265
  17 0024 E4020AB0 		.ascii	"\344\002\012\260\3621\000\345\3002p1\004\301\000\000"
  17      F23100E5 
  17      C0327031 
  17      04C10000 
  18 0034 A2BD02D4 		.ascii	"\242\275\002\324"
  19              		.text
  20              		.section	.gnu.lto_main.d3427aeffa2d399,"",%progbits
  21 0000 789C7D93 		.ascii	"x\234}\223\317N\023Q\024\306\317\3273\235\266\330\016"
  21      CF4E1351 
  21      14C6CFD7 
  21      339DB6D8 
  21      0E
  22 0011 685C76C1 		.ascii	"h\\v\301\246\213n\354\302\027\360\021|\005\343\312\205"
  22      A68B6EEC 
  22      C217F011 
  22      7C05E3CA 
  22      85
  23 0022 BE42475B 		.ascii	"\276BG[)\242\213\306\310\230\224\301\214\022#.P\252"
  23      29A28BC6 
  23      C89894C1 
  23      8C12232E 
  23      50AA
  24 0034 C5DACA9F 		.ascii	"\305\332\312\237\241V\220JA\324\270q'\013\245a\323h"
  24      A156904A 
  24      41D4B871 
  24      270BA561 
  24      D368
  25 0046 0C1BD173 		.ascii	"\014\033\321sg*628\311\235\231{\357\357\236\357\334"
  25      672A3632 
  25      38C99D99 
  25      7BEFEF9E 
  25      EFDC
  26 0058 EF9EAB13 		.ascii	"\357\236\253\023\321{&\212\3117%\2154B\210\244A\006"
  26      D17B268A 
ARM GAS  /tmp/cc22YiRv.s 			page 2


  26      C937258D 
  26      344288A4 
  26      4106
  27 006a C1DE1B94 		.ascii	"\301\336\033\224\0151\244Q\357\271\301\267\030[\371"
  27      0D31A451 
  27      EFB9C1B7 
  27      185BF9
  28 0079 599BAFB3 		.ascii	"Y\233\257\263\315\004M\272\335vi\333P]`X\272\325\211"
  28      CD044DBA 
  28      DD7669DB 
  28      505D6058 
  28      BAD589
  29 008c ADD3E907 		.ascii	"\255\323\351\007\246<\356\355\312\311\322\264\253\331"
  29      A63CEEED 
  29      CAC9D2B4 
  29      ABD9
  30 009a 1C224BE0 		.ascii	"\034\"K\340\012\222x\212\244\204\301\034\322$\354\347"
  30      0A92788A 
  30      A484C11C 
  30      D224ECE7 
  31 00aa F2FE7842 		.ascii	"\362\376xB\327\324\254\014>\203N\220\257L|\233\\\372"
  31      D7D4AC0C 
  31      3E834E90 
  31      AF4C7C9B 
  31      5CFA
  32 00bc 114D4D99 		.ascii	"\021MM\231f\321tJ\323g\362\303\207c\010XE\352\361\273"
  32      66D1744A 
  32      D367F2C3 
  32      87630858 
  32      45EAF1BB 
  33 00d0 B06BEEFF 		.ascii	"\260k\356\377*\230n\363\036\252\341!\220\315\202\332"
  33      2A986EF3 
  33      1EAAE121 
  33      90CD82DA 
  34 00e0 ACB1FAD3 		.ascii	"\254\261\372\323\324\037\321\250\267\201k2A\334\301"
  34      D41FD1A8 
  34      B7816B32 
  34      41DCC1
  35 00ef 95EF5F27 		.ascii	"\225\357_'\317*\265\022+\255\261\334\362\223\250\312"
  35      CF2AB512 
  35      2BADB1DC 
  35      F293A8CA 
  36 00ff 9F61BA45 		.ascii	"\237a\272E\323\300s\211\337A\243\036\363\231\2200\326"
  36      D3C07389 
  36      DF41A31E 
  36      F3999030 
  36      D6
  37 0110 D5C666C4 		.ascii	"\325\306f\304gT\336\363\215\366\212\356\340\316e\331"
  37      6754DEF3 
  37      8DF68AEE 
  37      E0CE65D9 
  38 0120 A5A41696 		.ascii	"\245\244\026\226@\250\251\254d\356c\265^Mdf\314<l\326"
  38      40A8A9AC 
  38      64EE63B5 
  38      5E4D6466 
  38      CC3C6CD6 
  39 0134 51878371 		.ascii	"Q\207\203qO\035/\220!%\036\365\303rO'\2677\002\177D"
ARM GAS  /tmp/cc22YiRv.s 			page 3


  39      4F1D2F90 
  39      21251EF5 
  39      C3724F27 
  39      B737027F 
  40 0149 F3B52ACD 		.ascii	"\363\265*\315\325\021/\037\015\300\274\237\313\2071"
  40      D5112F1F 
  40      0DC0BC9F 
  40      CB8731
  41 0158 8F0994E6 		.ascii	"\217\011\224\346#\244\027\376J/\"#\341i\0279g*\355\371"
  41      23A417FE 
  41      4A2F2223 
  41      E1691739 
  41      672AEDF9 
  42 016c 2C74ADB6 		.ascii	",t\255\266\373)\222\375iFm\216X\254\214_BV\374\212z"
  42      FB2992FD 
  42      69466D8E 
  42      58AC8C5F 
  42      4256FC8A 
  43 0181 DC7D0473 		.ascii	"\334}\004s\252D\334>\256|\004\247\312g\371\200\313;"
  43      AA44DC3E 
  43      AE7C04A7 
  43      CA67F980 
  43      CB3B
  44 0193 0B415CCC 		.ascii	"\013A\\\314R\247\203\206p\312\344\235\312^o\343\263"
  44      52A78386 
  44      70CAE49D 
  44      CA5E6FE3 
  44      B3
  45 01a4 1DE02592 		.ascii	"\035\340%\2226\017\310\342\202\263\023\264\370\230\305"
  45      360FC8E2 
  45      82B313B4 
  45      F898C5
  46 01b3 6159DCEC 		.ascii	"aY\334\354-\376sBq\374\303\305\035e\20226\327\275i\210"
  46      2DFE7342 
  46      71FCC3C5 
  46      1D658232 
  46      36D7BD69 
  47 01c8 75E24E02 		.ascii	"u\342N\002+\310\342U\317\267\305nk\333\020x\324\263"
  47      2BC8E255 
  47      CFB7C56E 
  47      6BDB1078 
  47      D4B3
  48 01da 348E5571 		.ascii	"4\216Uq\316\257\306\327\310\312\374\\a\275<\240b\033"
  48      CEAFC6D7 
  48      C8CAFC5C 
  48      61BD3CA0 
  48      621B
  49 01ec 72226B48 		.ascii	"r\"kH\366\313\031 \264\244(\327T\266\203\236%wC\301"
  49      F6CB1920 
  49      B4A428D7 
  49      54B6839E 
  49      257743C1 
  50 0200 96E892ED 		.ascii	"\226\350\222\355\233>Kf\202\270!\213#\302\255\373\273"
  50      9B3E4B66 
  50      82B8218B 
  50      23C2ADFB 
  50      BB
ARM GAS  /tmp/cc22YiRv.s 			page 4


  51 0211 3A503E2E 		.ascii	":P>.\312m%q\302+d\331\021\253\020_Z\377\261u\303\217"
  51      CA6D2571 
  51      C22B64D9 
  51      11AB105F 
  51      5AFFB175 
  52 0227 F1F6D1C3 		.ascii	"\361\366\321\303\011\303\267\265\270A\330\364mU\227"
  52      09C3B7B5 
  52      B841D8F4 
  52      6D5597
  53 0236 02DE358A 		.ascii	"\002\3365\212\\<w\341\322\251\363\364\033\357\335-\335"
  53      5C3C77E1 
  53      D2A9F3F4 
  53      1BEFDD2D 
  53      DD
  54              		.text
  55              		.section	.gnu.lto_.symbol_nodes.d3427aeffa2d399,"",%progbits
  56 0000 789C55C9 		.ascii	"x\234U\311\273\015\302@\024D\321\273\263\3365]@)P\331"
  56      BB0DC240 
  56      1444D1BB 
  56      B3DE355D 
  56      402950D9 
  57 0014 33B20409 		.ascii	"3\262\004\011\037\363\351\200.H\235\223P\001rJ\015\210"
  57      1FF3E980 
  57      2E489D93 
  57      5001724A 
  57      0D88
  58 0026 A715011B 		.ascii	"\247\025\001\033\214\256t&\003O\037\332\311`x\200\347"
  58      8CAE7426 
  58      034F1FDA 
  58      C9607880 
  58      E7
  59 0037 BE5E413A 		.ascii	"\276^A:\213\205?a\220\205\362@\327-\035\2562Up\221\305"
  59      8B853F61 
  59      9085F240 
  59      D72D1DAE 
  59      32557091 
  60 004c 0A4EB2A6 		.ascii	"\012N\262\246\202\243,Up\220\345\012\366\262\366\037"
  60      82A32C55 
  60      7090E50A 
  60      F6B2F61F 
  61 005c 2233C6D7 		.ascii	"\"3\306\327'DZ\246\322L\277y\317#\342V\232\030K\033"
  61      27445AA6 
  61      D24CBF79 
  61      CF23E256 
  61      9A184B1B 
  62 0070 A6D248BF 		.ascii	"\246\322H\277\375\375^\276\35082\346"
  62      FDFD5EBE 
  62      E83832E6 
  63              		.text
  64              		.section	.gnu.lto_.refs.d3427aeffa2d399,"",%progbits
  65 0000 789C6363 		.ascii	"x\234cc```\003bF\006&F.\006\000\000\303\000\033"
  65      60606003 
  65      62460626 
  65      462E0600 
  65      00C3001B 
  66              		.text
  67              		.section	.gnu.lto_.decls.d3427aeffa2d399,"",%progbits
ARM GAS  /tmp/cc22YiRv.s 			page 5


  68 0000 789CB57B 		.ascii	"x\234\265{yT\024Y\272'7n\344B\222\200\203u\372Y\357"
  68      79541459 
  68      BA27376E 
  68      E4429280 
  68      8375FA59 
  69 0015 797A6A6A 		.ascii	"yzjj\354)\346-\205huU\365L\237\231\327\255\335\375j"
  69      EC29E62D 
  69      85687555 
  69      F54C9F99 
  69      D7ADDDFD 
  70 002a E655771F 		.ascii	"\346Uw\037\255\236\363\252\316\231\223\0171K\351f\253"
  70      AD9EF3AA 
  70      CE99930F 
  70      314BE966 
  70      AB
  71 003b 2429ADF7 		.ascii	"$)\255\367O'\202\254*\240\250\254\202\200\012\262\273"
  71      4F2782AC 
  71      2AA0A8AC 
  71      82800AB2 
  71      BB
  72 004c B289EC20 		.ascii	"\262\211\354 \213\010\010(\273\210\013*\240 (\233\314"
  72      8B080828 
  72      BB880B2A 
  72      A020289B 
  72      CC
  73 005d 77EF8DC8 		.ascii	"w\357\215\310\214L\"\255\352w\316\344\341#\342\213\370"
  73      8C4C22AD 
  73      EA77CEE4 
  73      E123E28B 
  73      F8
  74 006e DDFBADF7 		.ascii	"\335\373\255\367\2737\"o*\035\034\034~\272\315\301\341"
  74      BB37226F 
  74      2A1D1C1C 
  74      7EBACDC1 
  74      E1
  75 007f 3BB583C3 		.ascii	";\265\203\303 \234\257\302\207\203c\215\203\345\003"
  75      209CAFC2 
  75      8783638D 
  75      83E503
  76 008e B71C2A80 		.ascii	"\267\034*\200\332\200\356\000\015\000]\004\320e\240"
  76      DA80EE00 
  76      0D005D04 
  76      D065A0
  77 009d AB406540 		.ascii	"\253@e@\210`8\007\253\317>\270\270\036\216n@\357\000"
  77      88603807 
  77      ABCF3EB8 
  77      B81E8E6E 
  77      40EF00
  78 00b0 7D057403 		.ascii	"}\005t\0030\037\300\261\011\216G\200Z\200\372\201o\205"
  78      301FC0B1 
  78      098E4780 
  78      5A80FA81 
  78      6F85
  79 00c2 632B9101 		.ascii	"c+\221\001\307b\240\"\240a\340/\300\261\035\250\007"
  79      C762A022 
  79      A061E02F 
  79      C0B11DA8 
ARM GAS  /tmp/cc22YiRv.s 			page 6


  79      07
  80 00d3 CEFB1C98 		.ascii	"\316\373\034\230\234Z\316\242S\231\240\003\321\245M"
  80      9C5ACEA2 
  80      5399A003 
  80      D1A54D
  81 00e2 D06B40D0 		.ascii	"\320k@\320SN\247\004\214\236\204\034\316\323\216\240"
  81      534EA704 
  81      8C9E841C 
  81      CED38EA0 
  82 00f2 21721BAD 		.ascii	"!r\033\255C\0101\244\364\203\004O\320\017\271\317\000"
  82      430831A4 
  82      F483044F 
  82      D00FB9CF 
  82      00
  83 0103 1C126F32 		.ascii	"\034\022o2\224m3z\0171\342\034,XK\013I\257\222\306\210"
  83      946D337A 
  83      0F31E21C 
  83      2C584B0B 
  83      49AF92C6 
  84 0118 7E1CA82A 		.ascii	"~\034\250*R]\250f\310A\274,\212Gf\214\210\227\364\212"
  84      525DA866 
  84      C841BC2C 
  84      8A47668C 
  84      8897F48A 
  85 012c 844672DA 		.ascii	"\204Fr\332\301\007\013N\030,z\336\254\030E\303\000\375"
  85      C1070B4E 
  85      182C7ADE 
  85      AC1845C3 
  85      00FD
  86 013e D2C5214E 		.ascii	"\322\305!N\355\207\310\325\244\266\326c\030s\364\374"
  86      ED87C8D5 
  86      A4B6D663 
  86      1873F4FC 
  87 014e EAABB109 		.ascii	"\352\253\261\011%V\321\363\371\310\364r\327\017\363"
  87      2556D1F3 
  87      F9C8F472 
  87      D70FF3
  88 015d 4DECA3FE 		.ascii	"M\354\243\376\261\003\272\202\260\350\317\206\325W\325"
  88      B103BA82 
  88      B0E8CF86 
  88      D557D5
  89 016c AE3118B9 		.ascii	"\2561\030\271i\020\007l\327\363\2664'`\337\321\240u"
  89      6910076C 
  89      D7F3B634 
  89      2760DFD1 
  89      A075
  90 017e C0E61F5A 		.ascii	"\300\346\037ZMPl8A\332\305\205\232\326q\350+\015*C\033"
  90      4D506C38 
  90      41DAC585 
  90      9AD671E8 
  90      2B0D2A43 
  91 0193 5129DA08 		.ascii	"Q)\332\010:\226\243\015\360\337\237g=e_\217\012w}?\303"
  91      3A96A30D 
  91      F0DF9F67 
  91      3D655F8F 
  91      0A777D3F 
  92 01a8 94516DAA 		.ascii	"\224Qm\252^\255U\236\0115\345@\263\367\010\012]F\240"
ARM GAS  /tmp/cc22YiRv.s 			page 7


  92      5EAD559E 
  92      0935E540 
  92      B3F7080A 
  92      5D46A0
  93 01bb 12FA9018 		.ascii	"\022\372\220\030|\231\310F\227\320(B\027\321\010XP\201"
  93      7C99C846 
  93      97D02842 
  93      17D10858 
  93      5081
  94 01cd DE87D6C9 		.ascii	"\336\207\326\311qQ\315.\370?R\205\207\232s\3630(\361"
  94      7151CD2E 
  94      F83F5285 
  94      879A73F3 
  94      3028F1
  95 01e0 810611B7 		.ascii	"\201\006\021\267\270\302\245\242ge\013\316\354\022A"
  95      B8C2A5A2 
  95      67650BCE 
  95      EC1241
  96 01ef 74C5CE64 		.ascii	"t\305\316d\253\360\337\322\363\316\260\342T\314,\340"
  96      ABF0DFD2 
  96      F3CEB0E2 
  96      54CC2CE0 
  97 01ff 817DD19E 		.ascii	"\201}\321\236|\337\205Y\360^\002\346F\356.\015\272 "
  97      7CDF8559 
  97      F05E02E6 
  97      46EE2E0D 
  97      BA20
  98 0211 8D7BA4C9 		.ascii	"\215{\244\311t\300\224\021jr\374'\007T\003\026T\203"
  98      74C09411 
  98      6A72FC27 
  98      07540316 
  98      5483
  99 0223 05A80EB9 		.ascii	"\005\250\016\271\223\036\211f\250\012.^\203\213g\211"
  99      931E8966 
  99      A80A2E5E 
  99      838B6789 
 100 0233 B1D5D3F3 		.ascii	"\261\325\323\363\037\304G\230L\034\252E\032t\335\242"
 100      1FC44798 
 100      4C1CAA45 
 100      1A74DDA2 
 101 0243 FD071A66 		.ascii	"\375\007\032flnv|\246\022\377\221(\300U\244<h\340\354"
 101      6C6E767C 
 101      A612FF91 
 101      28C055A4 
 101      3C68E0EC 
 102 0257 8968B42B 		.ascii	"\211h\264+b\344\324\373\215\007\211\210\006\020Qo\021"
 102      62E4D4FB 
 102      8D078988 
 102      0610516F 
 102      11
 103 0268 0112998C 		.ascii	"\001\022\231\214\330\313\003\313\2568\015Q!\007;\256"
 103      D8CB03CB 
 103      AE380D51 
 103      21073BAE 
 104 0278 4CD81572 		.ascii	"L\330\025r\303\256\220\325\374\277?K\2054\203\220&\213"
 104      C3AE90D5 
 104      FCBF3F4B 
ARM GAS  /tmp/cc22YiRv.s 			page 8


 104      85348390 
 104      268B
 105 028a 90065148 		.ascii	"\220\006QHq~\301\220\232'5\200  \226p\315\024s\373\250"
 105      717EC190 
 105      9A273580 
 105      20209670 
 105      CD1473FB 
 106 029f AB34EAFF 		.ascii	"\2534\352\377\372#I\324[i\324[\220\020\366\274\244\252"
 106      FA2349D4 
 106      5B69D45B 
 106      9010F6BC 
 106      A4AA
 107 02b1 3F43D447 		.ascii	"?C\324GA\330\253\262O\317\027?6Ej(\010UZ\304U\012\011"
 107      41D8ABB2 
 107      4FCF173F 
 107      36456A28 
 107      08555AC4 
 108 02c8 87DA68B0 		.ascii	"\207\332h\260o.\266d\272\342\227\3242Ttp<W\015\001\333"
 108      6F2EB664 
 108      BAE297D4 
 108      32547470 
 108      3C570D01 
 109 02dd 08D14692 		.ascii	"\010\321F\222Pod\241\276T=[\300\343U\346\205\222\202"
 109      506F64A1 
 109      BE543D5B 
 109      C0E355E6 
 109      859282
 110 02f0 F13F2277 		.ascii	"\361?\"w\215\030\243\037\225\232L\353P\027(~\313\"k"
 110      8D18A31F 
 110      959A4CEB 
 110      5017287E 
 110      CB226B
 111 0303 23B18CBA 		.ascii	"#\261\214\272\311\224e\302\033\034\320\326\215h38\251"
 111      C99465C2 
 111      1B1CD0D6 
 111      8D683338 
 111      A9
 112 0314 139CB451 		.ascii	"\023\234\264QpR\007Xs\023\254!\221L\317\251w\306Qt\330"
 112      70520758 
 112      7313AC21 
 112      914CCFA9 
 112      77C65174 
 113 0329 70C305D3 		.ascii	"p\303\005\3237\261Y\000D\350\"u^\017H\350\266H\350B"
 113      37B15900 
 113      44E82275 
 113      5E0F48E8 
 113      B648E842 
 114 033d 7644DC96 		.ascii	"vD\334\226\027qi\244\353\234\023\365q\217\331\307\275"
 114      177169A4 
 114      EB9C13F5 
 114      718FD9C7 
 114      BD
 115 034e C90331D8 		.ascii	"\311\0031\330\256\217\373\250\217{E\037\037\017=\375"
 115      AE8FFBA8 
 115      8F7B451F 
 115      1F0F3DFD 
 116 035e 7F051F77 		.ascii	"\177\005\037w\264l\272w\311\024\246 \020\324n\321\251"
ARM GAS  /tmp/cc22YiRv.s 			page 9


 116      B46CBA77 
 116      C914A620 
 116      10D46ED1 
 116      A9
 117 036f 5DF4F01D 		.ascii	"]\364\360\035\352\341s\355\213)<Na\305`\315(\266\222"
 117      EAE173ED 
 117      8B293C4E 
 117      61C560CD 
 117      28B692
 118 0382 D56F358A 		.ascii	"\325o5\212\343\246\246w\013\242\352\332\177~64\303\235"
 118      E3A6A677 
 118      0BA2EADA 
 118      7F7E3634 
 118      C39D
 119 0394 00D05D8B 		.ascii	"\000\320]\213\244\273\242\244\001*i\242~&\201\303EL"
 119      A4BBA2A4 
 119      012A69A2 
 119      7E2681C3 
 119      454C
 120 03a6 527B4377 		.ascii	"R{Cw\242\012\227R\206O\251\2772\345\204\0347\"\020\205"
 120      A20A9752 
 120      864FA9BF 
 120      32E5841C 
 120      37221085 
 121 03ba DC23A8BB 		.ascii	"\334#\250\273B\343\326!\263\273\356\201\273\206\221"
 121      42E3D621 
 121      B3BBEE81 
 121      BB8691
 122 03c9 23743502 		.ascii	"#t5\002\220Q\320&\331\244\246W\222M\221$\262\344\364"
 122      9051D026 
 122      D9A4A657 
 122      924D9124 
 122      B2E4F4
 123 03dc AC58B71C 		.ascii	"\254X\267\034\010\013\205\037\213\325\020\344u\274h"
 123      080B851F 
 123      8BD510E4 
 123      75BC68
 124 03eb EBE4A867 		.ascii	"\353\344\250g\311=\346\331\316g\205\221\330|m\014\321"
 124      C93DE6D9 
 124      CE678591 
 124      D87C6D0C 
 124      D1
 125 03fc 8B673B73 		.ascii	"\213g;s\372\264\346\213\367\331\305\254\371\222K.\254"
 125      FAB4E68B 
 125      F7D9C5AC 
 125      F9924B2E 
 125      AC
 126 040d 72DC22A5 		.ascii	"r\334\"\245\243*\241(\321Y\340I1,||=U\303x\023\341'"
 126      A32AA128 
 126      D159E049 
 126      312C7C7C 
 126      3D55C378 
 127 0424 DB1E64F2 		.ascii	"\333\036d\362\254\264\230Hu\254\211\251>\241\306U\234"
 127      ACB49848 
 127      75AC89A9 
 127      3EA1C655 
 127      9C
ARM GAS  /tmp/cc22YiRv.s 			page 10


 128 0435 551ABB09 		.ascii	"U\032\273\011i\334\265\230\364L\251\211$\252\323\341"
 128      69DCB598 
 128      F44CA989 
 128      24AAD3E1 
 129 0445 4A6E8803 		.ascii	"Jn\210\003\326\001=%)\204<6\242',E\222\346'\247Unq4"
 129      D6013D25 
 129      29843C36 
 129      A2272C45 
 129      92E627A7 
 130 045d 4426D33F 		.ascii	"D&\323?\"\232)\217\001\376\210\302\237!7\261\021Aw?"
 130      229A298F 
 130      01FE88C2 
 130      9F2137B1 
 130      1141773F 
 131 0471 3C1DA615 		.ascii	"<\035\246\025\024%\374p\374\2539\015\256a\212T\\\255"
 131      1425FC70 
 131      FCAB390D 
 131      AE618A54 
 131      5CAD
 132 0483 6C54B09B 		.ascii	"lT\260\233\233\201}]\331\231\3111v\023\260\347\253c"
 132      9B817D5D 
 132      D999C931 
 132      7613B0E7 
 132      AB63
 133 0495 9A31B321 		.ascii	"\2321\263!\203\330\324\035\337\177\212\307\365\254\251"
 133      83D8D41D 
 133      DF7F8AC7 
 133      F5ACA9
 134 04a4 583BDD68 		.ascii	"X;\335h\355DSa\017F\235\030\273\001\330\350\007\241"
 134      ED445361 
 134      0F469D18 
 134      BB01D8E8 
 134      07A1
 135 04b6 A15ADCCA 		.ascii	"\241Z\334\312\240\327G_eh\360m\306\234\277\224\177\326"
 135      A0D7475F 
 135      6568F06D 
 135      C69CBF94 
 135      7FD6
 136 04c8 551B6D2E 		.ascii	"U\033m.MT{\213\261\257\220V\210\2278\275\270\261\351"
 136      4D547B8B 
 136      B1AF9056 
 136      889738BD 
 136      B8B1E9
 137 04db 252AFAE5 		.ascii	"%*\372\345\005'<\310:\351\214^\311S\343q\306$W\274l"
 137      05273CC8 
 137      3AE98C5E 
 137      C953E371 
 137      C62457BC 
 138 04f0 118C5093 		.ascii	"\021\214P\223Y\177\270\344\234\002?a\367\026\036\304"
 138      597FB8E4 
 138      9C023F61 
 138      F7161EC4 
 139 0500 9A9CF12C 		.ascii	"\232\234\361,g5W|\271v\256\370\222\025\220\354\205\351"
 139      6735577C 
 139      B976AEF8 
 139      921590EC 
 139      85E9
ARM GAS  /tmp/cc22YiRv.s 			page 11


 140 0512 AB5ABCC2 		.ascii	"\253Z\274\302\006x\373\255W\345j{e\364\000\347N\032"
 140      0678FBAD 
 140      57E56A7B 
 140      65F400E7 
 140      4E1A
 141 0524 D1E1BB0A 		.ascii	"\321\341\273\012\027\337\230\313\350\243\307\357W\014"
 141      17DF98CB 
 141      E8A3C7EF 
 141      570C
 142 0532 93C92C84 		.ascii	"\223\311,\204#\271`\036\013_\012\001\031}\022>\312\221"
 142      23B9601E 
 142      0B5F0A01 
 142      197D123E 
 142      CA91
 143 0544 6087FEA0 		.ascii	"`\207\376\240N\311\004=\225w\325\231\305\241\232\360"
 143      4EC9043D 
 143      9577D599 
 143      C5A19AF0 
 144 0554 B59371D9 		.ascii	"\265\223q\331\030_\305T\345\013/c\336\3055\354<\246"
 144      185FC554 
 144      E50B2F63 
 144      DEC535EC 
 144      3CA6
 145 0566 E172A330 		.ascii	"\341r\2430\2755\323\202]\0316)\314o\325H\322\221\233"
 145      BD35D382 
 145      5D193629 
 145      CC6FD548 
 145      D2919B
 146 0579 D05163E7 		.ascii	"\320Qc\347j\225#nf\215#B\027\373x|\2131\246\204\245"
 146      6A95236E 
 146      668D2342 
 146      17FB787C 
 146      8B31A684 
 147 058e 74673C40 		.ascii	"tg<@\031n:4\345\214\335y\361\010gw\322Z~/q\2218\342"
 147      196E3A34 
 147      E58CDD79 
 147      F1086777 
 147      D25A7E2F 
 148 05a6 3038E210 		.ascii	"08\342\020\267v>\311y\230zDH\315O\311Je\372D\270\022"
 148      B7763EC9 
 148      79987A44 
 148      48CD4FC9 
 148      4A65FA44 
 149 05bc 27F32C70 		.ascii	"'\363,p\245OS\2258\2331-c\011C\034\316cL\332\322\245"
 149      A54F5395 
 149      389B312D 
 149      6309431C 
 149      CE634CDA 
 150 05d2 06277C91 		.ascii	"\006'|\22115+wS5\270\2021W\036\336h\324\010c\216\230"
 150      31352B77 
 150      5335B882 
 150      31571EDE 
 150      68D40863 
 151 05e8 BB7CA6E3 		.ascii	"\273|\246\343\216\032\327\261\233\207\342LMN\270\215"
 151      8E1AD7B1 
 151      9B87E24C 
 151      4D4EB88D 
ARM GAS  /tmp/cc22YiRv.s 			page 12


 152 05f8 318DB161 		.ascii	"1\215\261a\2074\270\2172\334\\\347\263$\245=\363\222"
 152      8734B88F 
 152      32DC5CE7 
 152      B324A53D 
 152      F392
 153 060a ED9AD7BF 		.ascii	"\355\232\327\277\001\012\015J\002\333\022elk\034]\231"
 153      010A0D4A 
 153      02DB1265 
 153      6C6B1C5D 
 153      99
 154 061b 71C5F799 		.ascii	"q\305\367\231\270\203\207\013N\022\305\224,\361Tpi\374"
 154      B883870B 
 154      4E12C594 
 154      2CF15470 
 154      69FC
 155 062d F9E2159E 		.ascii	"\371\342\025\236]\"\275\355'\206%\015\226\270\340\011"
 155      5D22BDED 
 155      2786250D 
 155      96B8E009 
 156 063d A6545577 		.ascii	"\246TUwi\230\263e\372\272\362A\010]bd\200\270S\026q"
 156      6998B365 
 156      FABAF241 
 156      085D6264 
 156      80B85316 
 157 0652 4A617231 		.ascii	"Jar1\255\321;\035\364V\012z\247q\033Q*GSif\341\371%"
 157      ADD13B1D 
 157      F4560A7A 
 157      A7711B51 
 157      2A475369 
 158 066a 1ECF3219 		.ascii	"\036\3172\031\027\217-'\272Hf\260-\227\351\014\226\005"
 158      178F2D27 
 158      BA4866B0 
 158      2D97E90C 
 158      9605
 159 067c 324E5B64 		.ascii	"2N[d\200H{B2\345\205\364\035\352\036P\342%&\344j\353"
 159      80487B42 
 159      32E585F4 
 159      1DEA1E50 
 159      E22526E4 
 160 0692 E092649A 		.ascii	"\340\222d\232\\\336\304r\342,\010\311\266\010\311\262"
 160      5CDEC472 
 160      E22C08C9 
 160      B608C9B2 
 161 06a2 2FE48CBC 		.ascii	"/\344\214\274\220\224\331\241\011G\226<\356d\0014\033"
 161      9094D9A1 
 161      0947963C 
 161      EE640134 
 161      1B
 162 06b3 DFA7C021 		.ascii	"\337\247\300!\012\226\"\261=W0>\304\230\250\374\250"
 162      0A9622B1 
 162      3D57303E 
 162      C498A8FC 
 162      A8
 163 06c4 46177C82 		.ascii	"F\027|\2021\231\327+\236\251\360Y\306\274\350=p_\203"
 163      3199D72B 
 163      9EA9F059 
 163      C6BCE83D 
ARM GAS  /tmp/cc22YiRv.s 			page 13


 163      705F83
 164 06d7 2F33E6DE 		.ascii	"/3\346\336`S\261\013.cL\305\253\224\012W\\\315\230\366"
 164      6053B10B 
 164      2E634CC5 
 164      AB940A57 
 164      5CCD98F6 
 165 06eb FBAB331A 		.ascii	"\373\2533\032\334\304\230\316\220\323\223j|ShcZJ\322"
 165      DCC498CE 
 165      90D3936A 
 165      7C536863 
 165      5A4AD2
 166 06fe E2DB94E1 		.ascii	"\342\333\224\341Rj3/rfC\237\320\354\270\010V\226\374"
 166      526A332F 
 166      7266439F 
 166      D0ECB808 
 166      5696FC
 167 0711 202B2FC8 		.ascii	" +/\310[y\363E4\254\353\372\231\270\230\343\223g]\360"
 167      5B79F345 
 167      34ACEBFA 
 167      99B898E3 
 167      93675DF0 
 168 0725 1863961E 		.ascii	"\030c\226\036'\334E\314~-\260\007*\356\306\273\262\334"
 168      27DC45CC 
 168      7E2DB007 
 168      2AEEC6BB 
 168      B2DC
 169 0737 1FA5F9D7 		.ascii	"\037\245\371\327\2211\253\306\323\014[\026\177\024\224"
 169      9131ABC6 
 169      D30C5B16 
 169      7F1494
 170 0746 9E63CC70 		.ascii	"\236c\314pbL\205\023\216TR\246*v\246\324\021\3072&\342"
 170      624C8513 
 170      8E5452A6 
 170      2A76A6D4 
 170      11C73226 
 171 075b F558B12B 		.ascii	"\365X\261+NdL\326\355\272\031\005Ng\314\201c\335\371"
 171      4E644CD6 
 171      EDBA1905 
 171      4E67CC81 
 171      63DDF9
 172 076e 8EF82C65 		.ascii	"\216\370,e\270\003\015q\235*q\274X/j\252\271\265\213"
 172      B8030D71 
 172      9D2A71BC 
 172      582F6AAA 
 172      B9B58B
 173 0781 1AE68F19 		.ascii	"\032\346\217\031\325?\242\353\340\215*\2137z\304\261"
 173      D53FA2EB 
 173      E08D2A8B 
 173      377AC4B1 
 174 0791 529F5336 		.ascii	"R\237S6\354\214\013\231\250\230Co\2120\276\302DM\036"
 174      EC8C0B99 
 174      A898436F 
 174      8A30BEC2 
 174      444D1E
 175 07a4 C9B9AA94 		.ascii	"\311\271\252\224\027UoW\324\030\210\252\003Q\2652\242"
 175      17556F57 
 175      D41888AA 
ARM GAS  /tmp/cc22YiRv.s 			page 14


 175      0351B532 
 175      A2
 176 07b5 AE85CF04 		.ascii	"\256\205\317\004\342*&)\273\256\250S\205\033\231\244"
 176      E22A2629 
 176      BBAEA853 
 176      851B99A4 
 177 07c5 BB73ADC7 		.ascii	"\273s\255\307$\321\203.\232\241\213"
 177      24D1832E 
 177      9AA18B
 178 07d0 46DB2E64 		.ascii	"F\333.d\024i\222Q\004z\217\034\275\375J\215;\230\250"
 178      14699251 
 178      047A8F1C 
 178      BDFD4A8D 
 178      3B98A8
 179 07e3 C933372F 		.ascii	"\31137/\220du\327\240?Kf\035w6\353\244\306\217\235t"
 179      906475D7 
 179      A03F4B66 
 179      1D7736EB 
 179      A4C68F9D 
 180 07f8 C4FD4C91 		.ascii	"\304\375L\221\244\271KK\346b[\034j\372\017!\236\016"
 180      A4B94B4B 
 180      E6625B1C 
 180      6AFA0F21 
 180      9E0E
 181 080a 280C3262 		.ascii	"(\0142b\211\244\311M\020\346.\010k\205\213-\234\371"
 181      89A4C94D 
 181      10E62E08 
 181      6B858B2D 
 181      9CF9
 182 081c 29E4CAC7 		.ascii	")\344\312\307\354)\244\035\364n\263\350\355.X\036\021"
 182      EC29A41D 
 182      F46EB3E8 
 182      ED2E581E 
 182      11
 183 082d 9613EB84 		.ascii	"\226\023\353\204\0370!\011\261c\003*\351\310o\242#\277"
 183      1F302109 
 183      B163032A 
 183      E9C86FA2 
 183      23BF
 184 083f 139A7658 		.ascii	"\023\232vX\232\266sf\223\327(rKF\021\222\\E\003\365"
 184      9AB67366 
 184      93D72872 
 184      4B461192 
 184      5C4503F5 
 185 0853 3C9E6252 		.ascii	"<\236bR\346\242&3\354\233r\333\256)\035#x\250\016V\010"
 185      E6A22633 
 185      EC9B72DB 
 185      AE291D23 
 185      78A80E56 
 186 0868 3CEA0685 		.ascii	"<\352\006\205\272,\012ur\2021\345\207\346\302\234\244"
 186      BA2C0A75 
 186      728231E5 
 186      87E6C29C 
 186      A4
 187 0879 8B0802B4 		.ascii	"\213\010\002\264,\"z8q\021\221~\2553\227\307\247\331"
 187      2C227A38 
 187      7111917E 
ARM GAS  /tmp/cc22YiRv.s 			page 15


 187      AD3397C7 
 187      A7D9
 188 088b C36DCFEB 		.ascii	"\303m\317\353k\213Z\234C\031>?\364\374s\036\271\263"
 188      6B8B5A9C 
 188      43193E3F 
 188      F4FC731E 
 188      B9B3
 189 089d 15A746B2 		.ascii	"\025\247F\262r\034\200\256\3728\363\312\221./\237\377"
 189      721C80AE 
 189      FA38F3CA 
 189      912E2F9F 
 189      FF
 190 08ae 995CA64B 		.ascii	"\231\\\246KNr\224\311\202;`\015\271\005kd\260\345.\363"
 190      4E7294C9 
 190      823B600D 
 190      B9056B64 
 190      B0E52EF3 
 191 08c2 46496AF3 		.ascii	"FIj\363\202\243F@G~\037\372\336\353\325z\255\324\250"
 191      82A34640 
 191      477E1FFA 
 191      DEEBD57A 
 191      ADD4A8
 192 08d5 412BA386 		.ascii	"A+\243\206,F\335)\033\346q\0013\352\276\251\256\233"
 192      2C46DD29 
 192      1BE67101 
 192      33EABEA9 
 192      AE9B
 193 08e7 C3971953 		.ascii	"\303\227\031S\2205|\306\021_c\314\265\376\243\217\235"
 193      90357CC6 
 193      115F63CC 
 193      B5FEA38F 
 193      9D
 194 08f8 711D63C4 		.ascii	"q\035c\304\372\340&\324\207\341\3027\225J\334\304n\246"
 194      FAE026D4 
 194      87E1C237 
 194      954ADCC4 
 194      6EA6
 195 090a 0FBE2850 		.ascii	"\017\276(P\341\026\312p\275\253\217\037CMq\227(\002"
 195      E116CA70 
 195      BDAB8F1F 
 195      434D7197 
 195      2802
 196 091c CF00E642 		.ascii	"\317\000\346B\365\020T\327i\205\210\260xM\245\3768\304"
 196      F51054D7 
 196      698588B0 
 196      784DA5FE 
 196      38C4
 197 092e 6442E801 		.ascii	"dB\350\001\247E\343\226h\351\264L\335\253\367\216_\027"
 197      A745E396 
 197      68E9B44C 
 197      DDABF78E 
 197      5F17
 198 0940 2AF51DBA 		.ascii	"*\365\035\272\000:\320\330\255\306\335L\364\213\251"
 198      003AD0D8 
 198      ADC6DD4C 
 198      F48BA9
 199 094f DBCBCEB8 		.ascii	"\333\313\316\270\2171\246\205\252~%\036`\314\300\361"
ARM GAS  /tmp/cc22YiRv.s 			page 16


 199      8F31A685 
 199      AA7E251E 
 199      60CCC0F1 
 200 095f D7A38E78 		.ascii	"\327\243\216x\2301\315=1\327y|\2171\347ZGM\012<\316"
 200      9831CD3D 
 200      31D7797C 
 200      8F31E75A 
 200      474D0A3C 
 201 0974 98CAE8D6 		.ascii	"\230\312\350\326e5~\304\230\344\362\210\003\032\374"
 201      65357EC4 
 201      98E4F288 
 201      031AFC
 202 0983 8431BD2D 		.ascii	"\2041\275-\375\321Nx\2221\265=\231\035\012\374\2021"
 202      FDD14E78 
 202      9231B53D 
 202      991D0AFC 
 202      8231
 203 0995 C7665FE7 		.ascii	"\307f_\347#<\307\230\007\027\006\332Ux\2011\031e#7\224"
 203      233CC798 
 203      071706DA 
 203      55788131 
 203      19652337 
 204 09aa 78853133 		.ascii	"x\20513M\251\373p\210\232\236G^\352?\252\301\007\031"
 204      4DA9FB70 
 204      889A9E47 
 204      5EEA3FAA 
 204      C10719
 205 09bd 9355FEAC 		.ascii	"\223U\376\254\006\343(\306,F\224\034r\304\207\031\363"
 205      06E328C6 
 205      2C46941C 
 205      72C48719 
 205      F3
 206 09ce A8E5F056 		.ascii	"\250\345\360V\034\317\316S'V\215\3708;\317\277_Q\245"
 206      1CCFCE53 
 206      27568DF8 
 206      383BCFBF 
 206      5F51A5
 207 09e1 C2498C49 		.ascii	"\302I\214I\034.\011\343q\032c\372N-.:\341\323\214\031"
 207      1C2E09E3 
 207      711A63FA 
 207      4E2D2E3A 
 207      E1D38C19 
 208 09f5 393CFC15 		.ascii	"9<\374\025>\303\316\257\367F/kq.c\362Vgc\265\270\200"
 208      3EC3CEAF 
 208      F7462F6B 
 208      712E63F2 
 208      566763B5 
 209 0a0b 312D59F3 		.ascii	"1-Y\363\265\302\202w\234\256\225J^\274T\013\353te\002"
 209      B5C28277 
 209      9CAE954A 
 209      5EBC540B 
 209      EB746502 
 210 0a1f FE9BA8B3 		.ascii	"\376\233\250\263\203\345\010m\"\237\365\233\254?\356"
 210      83E5086D 
 210      229FF59B 
 210      AC3FEE
 211 0a2e F47F2609 		.ascii	"\364\177&\011muG\254\"'7\372\260)\243\226\205n\032B"
ARM GAS  /tmp/cc22YiRv.s 			page 17


 211      6D7547AC 
 211      222737FA 
 211      B029A396 
 211      856E1A42 
 212 0a42 1789D75B 		.ascii	"\027\211\327[B\035\305\221\274\363\204\177\016\254\305"
 212      421DC591 
 212      BCF3847F 
 212      0EACC5
 213 0a51 937F4A36 		.ascii	"\223\177J6U\207a\212^\260E\277D6\350\261\317,\350\031"
 213      5587618A 
 213      5EB045BF 
 213      4436E8B1 
 213      CF2CE819 
 214 0a65 5BF43445 		.ascii	"[\3644E\327 \013|\361\177Y\340\217m\341\2178[x\213\004"
 214      D7200B7C 
 214      F17F59E0 
 214      8F6DE18F 
 214      385B788B 
 215 0a7a 3E25AF39 		.ascii	">%\2579\203\307\013\017J&x\220C\007\360F\024\202\001"
 215      83C70B0F 
 215      4A267890 
 215      4307F046 
 215      148201
 216 0a8d 61C2AC09 		.ascii	"a\302\254\011\344*J\304\356(\031o\202%\343&\230Q7\241"
 216      E42A4AC4 
 216      EE28196F 
 216      8225E326 
 216      985137A1 
 217 0aa1 38A034A0 		.ascii	"8\2404\240\023@a@\261@I@\321@G\201N\002\035\007:\010"
 217      13406140 
 217      B1404940 
 217      D1404781 
 217      4E021D07 
 218 0ab7 140F7408 		.ascii	"\024\017t\010(\024(\002(\012\350\010\320a\240c@\251"
 218      28142802 
 218      280AE808 
 218      D061A063 
 218      40A9
 219 0ac9 40E14029 		.ascii	"@\341@)x\023-'L\371.\211\362\223\266\312G\330\272\275"
 219      78132D27 
 219      4CF92E89 
 219      F293B6CA 
 219      47D8BABD 
 220 0add 56E2C879 		.ascii	"V\342\310y[\364\354\032G\266H\242\264b\013_\262\215"
 220      5BF4EC1A 
 220      47B648A2 
 220      B4620B5F 
 220      B28D
 221 0aef D28CA4F3 		.ascii	"\322\214\244\363\347\266\350\3305n\037\223h\376\324"
 221      E7B6E8D8 
 221      356E1F93 
 221      68FED4
 222 0afe 163E69DB 		.ascii	"\026>i\333y\277\004\375L\336Ni\3473\022\315_\313\347"
 222      79BF04FD 
 222      4CDE4E69 
 222      E73312CD 
 222      5FCBE7
ARM GAS  /tmp/cc22YiRv.s 			page 18


 223 0b11 9714DE25 		.ascii	"\227\024\336%\201/\313\033*\205?\221X\372B\336R\211"
 223      812FCB1B 
 223      2A853F91 
 223      58FA42DE 
 223      5289
 224 0b23 EA2D12F4 		.ascii	"\352-\022\364\234-\372\334\232\221!1\364\211\274[\244"
 224      9C2DFADC 
 224      9A912131 
 224      F489BC5B 
 224      A4
 225 0b34 AAD44A34 		.ascii	"\252\324J4\177c\013\367\260E\367KT\231\225\037H\322"
 225      7F630BF7 
 225      B045F74B 
 225      5499951F 
 225      48D2
 226 0b46 6127E97B 		.ascii	"a'\351{\321\026\375z\255\023%\235\277\224\267\223\301"
 226      D116FD7A 
 226      AD13259D 
 226      BF94B793 
 226      C1
 227 0b57 855A7F7D 		.ascii	"\205Z\177}\035\255\365\000s\020\012\275%\255\3374\273"
 227      1DADF500 
 227      73100ABD 
 227      25ADDF34 
 227      BB
 228 0b68 65869A9A 		.ascii	"e\206\232\2327\323\316^\311g\252D\323\305\377i\021\275"
 228      37D3CE5E 
 228      C967AA44 
 228      D3C5FF69 
 228      11BD
 229 0b7a 2AEB05E9 		.ascii	"*\353\005\351 \370\337\026\360}[\360\230m<f$\361\230"
 229      20F8DF16 
 229      F07D5BF0 
 229      986D3C66 
 229      24F198
 230 0b8d 902F26D2 		.ascii	"\220/&\3224\225\270lI\336e\024\015\265\366njZ\271\263"
 230      3495B86C 
 230      49DE6514 
 230      0DB5F66E 
 230      6A5AB9B3 
 231 0ba1 74929662 		.ascii	"t\222\226b\035\320),N\322WW\237<W\340\007\264b\343\210"
 231      1DD0292C 
 231      4ED25757 
 231      9F3C57E0 
 231      07B462E3 
 232 0bb6 83F3951C 		.ascii	"\203\363\225\034Z\357\276)^X\373\323bdyX\203b\224!\024"
 232      5AEFBE29 
 232      5E58FBD3 
 232      62647958 
 232      83629421 
 233 0bcb A3D3508C 		.ascii	"\243\323P\2142\205ba^\016%\035\014'\313\241\0149\247"
 233      32856261 
 233      5E0E251D 
 233      0C27CBA1 
 233      0C39A7
 234 0bde F7E6FE98 		.ascii	"\367\346\376\2309\035d\243{\034\353I\306\215\344!i\260"
 234      391D64A3 
ARM GAS  /tmp/cc22YiRv.s 			page 19


 234      7B1CEB49 
 234      C68DE421 
 234      69B0
 235 0bf0 06927392 		.ascii	"\006\222s\222\315\"1\027\303N\363\370%c\236>\314\353"
 235      CD223117 
 235      C34EF3F8 
 235      25639E3E 
 235      CCEB
 236 0c02 E5F01263 		.ascii	"\345\360\022c\306\317\214g8\012\317\3210\237\240\323"
 236      C6CF8C67 
 236      380ACFD1 
 236      309FA0D3 
 237 0c12 D3C7E35C 		.ascii	"\323\307\343\\\360AGzs\305\224p\302\005\037fLG\322\350"
 237      F041477A 
 237      73C59470 
 237      C2051F66 
 237      4C47D2E8 
 238 0c26 11671C4B 		.ascii	"\021g\034K\031.\356U\355\202\312\336st\036\266\377\232"
 238      192EEE55 
 238      ED82CADE 
 238      73741EB6 
 238      FF9A
 239 0c38 E053F648 		.ascii	"\340S\366Hx\036kP.^\373(\035\222\332\015\001?\301$N"
 239      781E6B50 
 239      2E5EFB28 
 239      1D92DA0D 
 239      013FC124 
 240 0c4d 14747763 		.ascii	"\024twc\234\302$\336x\035\373\034\333\223XdWb\013\254"
 240      9CC224DE 
 240      781DFB1C 
 240      DB935864 
 240      57620BAC 
 241 0c61 EE0B4158 		.ascii	"\356\013AX\201\214\260\264\320\223\305\030g1a\317kW"
 241      818CB0B4 
 241      D093C518 
 241      673161CF 
 241      6B57
 242 0c73 2730CE65 		.ascii	"'0\316eL\334@\307\214\026\0272&-3\373_p\031\323\"e\262"
 242      4CDC40C7 
 242      8C161732 
 242      262D33FB 
 242      5F7019D3 
 243 0c8a 79D0D1EE 		.ascii	"y\320\321\3562\3672\266\267\314\355\0025.\201\032\027"
 243      32F732B6 
 243      B7CCED02 
 243      352E811A 
 243      17
 244 0c9b F19A05AE 		.ascii	"\361\232\005\256\252\351B\372\204\022\321\011\334]\230"
 244      AAE942FA 
 244      8412D109 
 244      DC5D98
 245 0caa AEFB4A15 		.ascii	"\256\373J\025)YG\330tM\264\317\207feo-\355]\357\262"
 245      295947D8 
 245      744DB4CF 
 245      8766656F 
 245      2DED5DEF 
 246 0cbf B426E862 		.ascii	"\264&\350b[\364\232*\363\344\335\024Su\342f\252\322"
ARM GAS  /tmp/cc22YiRv.s 			page 20


 246      5BF49A2A 
 246      F3E4DD14 
 246      5375E266 
 246      AAD2
 247 0cd1 05016DB6 		.ascii	"\005\001m\266B2\010,\363)\254g#\001\300\012s\231\220"
 247      4232082C 
 247      F329AC67 
 247      2301C00A 
 247      739990
 248 0ce4 BF15606F 		.ascii	"\277\025`o%LxW\201\256\000\225\003\225ZM~c\202Z$\336"
 248      254C7857 
 248      81AE0095 
 248      03955A4D 
 248      7E63825A 
 249 0cfa 39F24648 		.ascii	"9\362FH+Nc\222\033\2558er\311\1773\311-\213&?\261\261"
 249      2B4E6392 
 249      1BAD3865 
 249      72C97F33 
 249      C92D8B26 
 250 0d11 44D64631 		.ascii	"D\326F1\371\233.\334Kr\301\367Y\314nu\25549!\367\365"
 250      F99B2EDC 
 250      4B72C1F7 
 250      59CC6E75 
 250      AD343921 
 251 0d27 4CC47C92 		.ascii	"L\304|\222\222<\255_\207\266\327,\301 \002\355\230\213"
 251      923CAD5F 
 251      87B6D72C 
 251      C12002ED 
 251      988B
 252 0d39 AAC0CA1F 		.ascii	"\252\300\312\037b1\310\275\270\232\033\216\361<\313"
 252      6231C8BD 
 252      B89A1B8E 
 252      F13CCB
 253 0d48 9BFAFBDD 		.ascii	"\233\372\373\335\315\012\274\312\230\362\343\225\360"
 253      CD0ABCCA 
 253      98F2E395 
 253      F0
 254 0d55 581E471F 		.ascii	"X\036G\037\002\377GicD\2743Z\277I\273\236.\332\264\364"
 254      02FF4769 
 254      6344BC33 
 254      5ABF49BB 
 254      9E2EDAB4 
 255 0d6a 6C1361DC 		.ascii	"l\023a\334\341C\327rpx\207\335\202\244\320j\335\315"
 255      E143D772 
 255      707887DD 
 255      82A4D06A 
 255      DDCD
 256 0d7c EB39616D 		.ascii	"\3539am\347._]\316CM\250\023t\035\005]\353\255\242\321"
 256      E72E5F5D 
 256      CE434DA8 
 256      13741D05 
 256      5DEBADA2 
 257 0d91 D4A69868 		.ascii	"\324\246\230h\020\322\252\001*H\270\200\226q\242\244"
 257      10D2AA01 
 257      2A48B880 
 257      9671A2A4 
 258 0da1 EA355A55 		.ascii	"\3525ZU=\322\2169\315\312[ga\261E*32\361\356\250Y\320"
ARM GAS  /tmp/cc22YiRv.s 			page 21


 258      3DD28E39 
 258      CDCA5B67 
 258      61B1452A 
 258      3332F1EE 
 259 0db8 60153478 		.ascii	"`\0254x\003\036Z\001Z\006Z\002Z\004Z\000z\015\364\012"
 259      031E5A01 
 259      5A065A02 
 259      5A045A00 
 259      7A0DF40A 
 260 0dcc 681E680E 		.ascii	"h\036h\016\350%\320\030\3200\320\020\320 \320\000P+"
 260      E825D018 
 260      D030D010 
 260      D020D000 
 260      502B
 261 0dde 500BD00D 		.ascii	"P\013\320\015\240&\2135$\222\003n\307L\246\310P%\015"
 261      A0268B35 
 261      2492036E 
 261      C74CA6C8 
 261      50250D
 262 0df1 E6390826 		.ascii	"\3469\010&\221k\016\233di%\257\351\031\241\305\377g"
 262      916B0E9B 
 262      646925AF 
 262      E919A1C5 
 262      FF67
 263 0e03 4DC1EF8D 		.ascii	"M\301\357\215\003\357\260\314\205\207\251h\216I\225"
 263      03EFB0CC 
 263      8587A968 
 263      8E4995
 264 0e12 5DBF0A89 		.ascii	"]\277\012\211\336/$:y\231\032#\217\227\014\375\251\273"
 264      DE2F243A 
 264      79991A23 
 264      8F970CFD 
 264      A9BB
 265 0e24 42EF6D10 		.ascii	"B\357m\020\2328[\270tY'\011j\273UP\333\330Tf\265|>\016"
 265      9A385BB8 
 265      74592709 
 265      6ABB5550 
 265      DBD85466 
 266 0e3c 8E24A500 		.ascii	"\216$\245\000\235\200.\333\005?\335\005?u\201}\235@"
 266      9D802EDB 
 266      053FDD05 
 266      3F75817D 
 266      9D40
 267 0e4e 37AD6C1C 		.ascii	"7\255l\034\270\243xs\311d\212R\242\016P#^h#;\326%j\334"
 267      B8A37873 
 267      C9648A52 
 267      A20E5023 
 267      5E68233B 
 268 0e66 B252A3E3 		.ascii	"\262R\243\343mj\364\203\350\357Wc\354\0346eo\240YzT"
 268      6D6AF483 
 268      E8EF5763 
 268      EC1C3665 
 268      6FA0597A 
 269 0e7b 5E07D173 		.ascii	"^\007\321s\220A\275'U!\264<u\003\354\230\0007\327A\017"
 269      9041BD27 
 269      5521B43C 
 269      7503EC98 
ARM GAS  /tmp/cc22YiRv.s 			page 22


 269      0037D741 
 270 0e90 99FCE125 		.ascii	"\231\374\341%\325\376\016(\321#(\324\007\347\275\240"
 270      D5FE0E28 
 270      D12328D4 
 270      07E7BDA0 
 271 0ea0 CC6DDBF1 		.ascii	"\314m\333\361\266 \035o\331\220q=v\012\263\274\214\032"
 271      B6201D6F 
 271      D990713D 
 271      760AB3BC 
 271      8C1A
 272 0eb2 A1857D19 		.ascii	"\241\205}\031\265\036\254\302\212\343ym\377\236\226"
 272      B51EACC2 
 272      8AE3796D 
 272      FF9E96
 273 0ec1 FAFAA690 		.ascii	"\372\372\246\220\255\350z\254\353\253\370\235\360{\311"
 273      ADE87AAC 
 273      EBABF89D 
 273      F07BC9
 274 0ed0 47436072 		.ascii	"GC`r&\336\250\265\324\306\036Z\033\205\011\374\216b"
 274      26DEA8B5 
 274      D4C61E5A 
 274      1B8509FC 
 274      8E62
 275 0ee2 A1984CE0 		.ascii	"\241\230L\340\355r=<<\241\"\265\225\0045A\362j\211\266"
 275      ED723D3C 
 275      3CA122B5 
 275      95043541 
 275      F26A89B6 
 276 0ef6 67DAD6B5 		.ascii	"g\332\326\265)\216\264\206\233\342\274\350\313\364\223"
 276      298EB486 
 276      9BE2BCE8 
 276      CBF493
 277 0f05 F2C92A89 		.ascii	"\362\311*\211P\355\2770\353\310+\344\024[\264\315s%"
 277      50EDBF30 
 277      EBC82BE4 
 277      145BB4CD 
 277      7325
 278 0f17 791DF83B 		.ascii	"y\035\370;K<s\004\270\331\227\3478[\370\314oY\357#\000"
 278      4B3C7304 
 278      B8D997E7 
 278      385BF8CC 
 278      6F59EF23 
 279 0f2c CBB5EDFD 		.ascii	"\313\265\355\375\234M\375XSk\357A<\344j\2550\225\011"
 279      9C4DFD58 
 279      536BEF41 
 279      3CE46AAD 
 279      309509
 280 0f3f AEAE9377 		.ascii	"\256\256\223w\365\246\2448\342j\"9\317\342\252:\321"
 280      F5A6A438 
 280      E26A2239 
 280      CFE2AA3A 
 280      D1
 281 0f50 552656AC 		.ascii	"U&V\254s\205\344\271\217\337A\371\266\012J\237\006\217"
 281      7385E4B9 
 281      8FDF41F9 
 281      B60A4A9F 
 281      068F
ARM GAS  /tmp/cc22YiRv.s 			page 23


 282 0f62 CA69E840 		.ascii	"\312i\350@\333\021\365fA\275\031H\235\027@\317\201\236"
 282      DB11F566 
 282      41BD1948 
 282      9D1740CF 
 282      819E
 283 0f74 013D047A 		.ascii	"\001=\004z\0004n\225N\213\2373\227\220\360\024\200D"
 283      00346E95 
 283      4E8B9F33 
 283      9790F014 
 283      8044
 284 0f86 D283DD75 		.ascii	"\322\203\335u\372\2336I\345)\374>\364\214\260\252\177"
 284      FA9B3649 
 284      E529FC3E 
 284      F48CB0AA 
 284      7F
 285 0f97 04E022FB 		.ascii	"\004\340\"\373`Iuxl"
 285      60497578 
 285      6C
 286 0fa0 551D1EC9 		.ascii	"U\035\036\311T\207\253\020\334+\244\230_\206\016\037"
 286      5487AB10 
 286      DC2BA498 
 286      5F860E1F 
 287 0fb0 0BC1780A 		.ascii	"\013\301x\012\326>\001\313&\254\246\213\351A\305\364"
 287      D63E01CB 
 287      26ACA68B 
 287      E941C5F4 
 288 0fc0 CC6393E9 		.ascii	"\314c\223\351\250\226\276\252/\026\032\330\257\016O"
 288      A896BEAA 
 288      2F161AD8 
 288      AF0E4F
 289 0fcf 7E442A09 		.ascii	"~D*\011I\245K\002V\2464\010\211\037\256 \211\377Xn\331"
 289      49A54B02 
 289      56A63408 
 289      891FAE20 
 289      89FF586E 
 290 0fe4 02712CBC 		.ascii	"\002q,\274!\304q\022L/\375A\246O\001\322b\372$3\335"
 290      21C47112 
 290      4C2FFD41 
 290      A64F01D2 
 290      62FA2433 
 291 0ff9 CEA48CA6 		.ascii	"\316\244\214\246\301`\313"
 291      C160CB
 292 1000 BC2CA6D8 		.ascii	"\274,\246\330\346\304;d\244\222\236\312$\337Z\321\256"
 292      E6C43B64 
 292      A4929ECA 
 292      24DF5AD1 
 292      AE
 293 1011 CCAAA58B 		.ascii	"\314\252\245\213\252\301\324T\376\326\010\222\234\276"
 293      AAC1D454 
 293      FED60892 
 293      9CBE
 294 101f 214C4C64 		.ascii	"!LLd8V|\037Z|7A\300\225\366\301L\335\336\353tY\006\230"
 294      38567C1F 
 294      5A7C3741 
 294      C095F6C1 
 294      4CDDDEEB 
 295 1037 B51E9CAF 		.ascii	"\265\036\234\257t\013\0155\301r\225|\251pM\030\006\302"
ARM GAS  /tmp/cc22YiRv.s 			page 24


 295      740B0D35 
 295      C172957C 
 295      A9704D18 
 295      06C2
 296 1049 DB553608 		.ascii	"\333U6\010\312\244\257D~\236h\252\016\301\364k\201\032"
 296      CAA4AF44 
 296      7E9E68AA 
 296      0EC1F46B 
 296      811A
 297 105b 39F056C9 		.ascii	"9\360V\311:\370\2773,y\377\337 \207\225\244oc\205\220"
 297      3AF8BF33 
 297      2C79FFDF 
 297      208795A4 
 297      6F638590 
 298 106f EC3DF0E4 		.ascii	"\354=\360\344x\303v0\312\274\261\370o\314\374!\200\367"
 298      78C37630 
 298      CABCB1F8 
 298      6FCCFC21 
 298      80F7
 299 1081 CAC3A58F 		.ascii	"\312\303\245\217\245?\263\224\361a[\264\314\223\274"
 299      A53FB394 
 299      F1615BB4 
 299      CC93BC
 300 1090 043E220F 		.ascii	"\004>\"\017\227\306\255L\210\033y\\\034\265\205\257"
 300      97C6AD4C 
 300      881B795C 
 300      1CB585AF 
 301 10a0 7D7BB2F8 		.ascii	"}{\262\370)\353\235\254?\262\260,\\\272\376(\025\034"
 301      29EB9DAC 
 301      3FB2B02C 
 301      5CBAFE28 
 301      151C
 302 10b2 234E71CD 		.ascii	"#Nq\315v\2468\301\322O\255'\254\265hiZ\224\262*\332"
 302      76A638C1 
 302      D24FAD27 
 302      ACB56869 
 302      5A94B22A 
 303 10c7 2C5F457F 		.ascii	",_E\177~\216~\015B\006C\265e\302j\246U\024\026\335\227"
 303      7E8E7E0D 
 303      420643B5 
 303      65C26AA6 
 303      551416DD 
 304 10dc 234E1F72 		.ascii	"#N\037r\305\021Nt\005>:\361\246M\201\2172\346\330\331"
 304      C5114E74 
 304      053E3AF1 
 304      A64D818F 
 304      32E6D8D9 
 305 10f0 914A1EA7 		.ascii	"\221J\036\2472\346\312\215\271\027\012|\2062n\011\335"
 305      32E6CA8D 
 305      B9170A7C 
 305      86326E09 
 305      DD
 306 1101 AF4B11E2 		.ascii	"\257K\021\342\351\322\\\253\335\340.\256\267\311\036"
 306      E9D25CAB 
 306      DDE02EAE 
 306      B7C91E
 307 1110 91705E4B 		.ascii	"\221p^K6\223H\206a\004/\255Pp\177M\205z\001w\237\323"
ARM GAS  /tmp/cc22YiRv.s 			page 25


 307      36934886 
 307      61042FAD 
 307      50707F4D 
 307      857A0177 
 308 1126 65142C8C 		.ascii	"e\024,\214\243xV\241\216\303y\002\277\011\035\003:\012"
 308      A37856A1 
 308      8EC37902 
 308      BF091D03 
 308      3A0A
 309 1138 140F1407 		.ascii	"\024\017\024\007\024\013\024\015\024\311Kk\362\375I"
 309      140B140D 
 309      14C94B6B 
 309      F2FD49
 310 1147 45611D9D 		.ascii	"Ea\035\2354a\220\206\361\230v#\367\252E^p\250\320\342"
 310      34619086 
 310      F1987623 
 310      F7AA455E 
 310      70A8D0E2 
 311 115b 2F173C95 		.ascii	"/\027<\225,\344M\014\030>\207l\004KS^\342\222\303\374"
 311      2CE44D0C 
 311      183E876C 
 311      044B535E 
 311      E292C3FC 
 312 116f 06C98E01 		.ascii	"\006\311\216\001\220w\210\027+\223\035\224\203\004b"
 312      90778817 
 312      2B931D94 
 312      830462
 313 117e 6F3712E0 		.ascii	"o7\022\340\341\377A\236\267\244F\342\272\003$5\210n"
 313      E1FF419E 
 313      B7A446E2 
 313      BA032435 
 313      886E
 314 1190 077873F0 		.ascii	"\007xs\360\017\361\226\372\3660Y\310\314WH\213\346\345"
 314      0FF196FA 
 314      F63059C8 
 314      CC57488B 
 314      E6E5
 315 11a2 F5978EC1 		.ascii	"\365\227\216\301\277f\231I\320\013\266\350\265c\260"
 315      BF669949 
 315      D00BB6E8 
 315      B563B0
 316 11b1 45025F94 		.ascii	"E\002_\224\207K\337iI\320\313\266h\353!\030\026\012"
 316      874BDF69 
 316      49D0CBB6 
 316      68EB2118 
 316      160A
 317 11c3 53ABF8B0 		.ascii	"S\253\370\260\033\012cpE\036/\031\3413\357Z\026>\007"
 317      1B0A6370 
 317      451E2F19 
 317      E133EF5A 
 317      163E07
 318 11d6 3986B63B 		.ascii	"9\206\266;[M%\261A\005\240\265\203\352\315I\272\206"
 318      5B4D25B1 
 318      4105A0B5 
 318      83EACD49 
 318      BA86
 319 11e8 23891D62 		.ascii	"#\211\035b\361*\201\322!u\266#\253C\211;\351X\341\032"
ARM GAS  /tmp/cc22YiRv.s 			page 26


 319      F12A81D2 
 319      2175B623 
 319      AB43893B 
 319      E958E11A 
 320 11fc 3A7BBA94 		.ascii	":{\272\224h\275\273|\336%\375;\022\236\351p\363\324"
 320      68BDBB7C 
 320      DE25FD3B 
 320      129EE970 
 320      F3D4
 321 120e 061ADA44 		.ascii	"\006\032\332Dh}\322\242D\204\250\304\251\376\270D-\036"
 321      687DD2A2 
 321      4484A8C4 
 321      A9FEB844 
 321      2D1E
 322 1220 65A3F7E4 		.ascii	"e\243\367\344xc\023\217\0371\215\352k\007s4\346g\375"
 322      7863138F 
 322      1F318DEA 
 322      6B077334 
 322      E667FD
 323 1233 B18DC494 		.ascii	"\261\215\304\2244\350%\305\266\027y\225S\377\035*\223"
 323      34E825C5 
 323      B6177995 
 323      53FF1D2A 
 323      93
 324 1244 CD4669D3 		.ascii	"\315Fi\323\263<\236c\372\210;g\277b;gs\273\343n\273"
 324      B33C9E63 
 324      FA883B67 
 324      BF623B67 
 324      73BBE36E 
 325 1259 E22576EF 		.ascii	"\342%v\357Lw\376\010\331\203\2062@\237t~#m\035\026_"
 325      4C77FE08 
 325      D9838632 
 325      409F747E 
 325      236D1D16 
 326 126e 9DE688C3 		.ascii	"\235\346\210\303\264\0241u=\373\215\222 2\001\361w\033"
 326      B4143175 
 326      3DFB8D92 
 326      203201F1 
 326      771B
 327 1280 D1699E6E 		.ascii	"\321i\236nIK\237Mx\355\212\0171LX^Q\226\206`\262\001"
 327      494B9F4D 
 327      78ED8A0F 
 327      314C585E 
 327      51968660 
 328 1296 F3B71B51 		.ascii	"\363\267\033Q\026\305pg\357\237\217V \265{8\333Q\027"
 328      16C57067 
 328      EF9F8F56 
 328      20B57B38 
 328      DB5117
 329 12a9 62F90E12 		.ascii	"b\371\016\022\036zy55\352\034\030u\206\347m\276E\177"
 329      1E7A7935 
 329      35EA1C18 
 329      7586E76D 
 329      BE457F
 330 12bc 15AD2AA8 		.ascii	"\025\255*\250\213 o\035\001'M\011\362-\331\302\344C"
 330      8B206F1D 
 330      01274D09 
ARM GAS  /tmp/cc22YiRv.s 			page 27


 330      F22DD9C2 
 330      E443
 331 12ce 1E9753C9 		.ascii	"\036\227S\311\334\351\302\324*'Y\021\350<\364\374v)"
 331      DCE9C2D4 
 331      2A275911 
 331      E83CF4FC 
 331      7629
 332 12e0 3753E814 		.ascii	"7S\350\024\237\013\240\034K8\210D*(1d%\335\005\3273"
 332      9F0BA01C 
 332      4B388844 
 332      2A283164 
 332      25DD05D7 
 333 12f5 13EB26C6 		.ascii	"\023\353&\306#5\270\2051\375\205\373p\037;\255\312("
 333      2335B885 
 333      31FD85FB 
 333      701F3BAD 
 333      CA28
 334 1307 6D51E211 		.ascii	"mQ\342\021\306\344Eu\177\207\0373\315B\347\302Z\355"
 334      C6E44575 
 334      7F871F33 
 334      CD42E7C2 
 334      5AED
 335 1319 EE832DE1 		.ascii	"\356\203-\341\355\277\220\334\314^H\026\363\032T\304"
 335      EDBF90DC 
 335      CC5E4816 
 335      F31A54C4 
 336 1329 AF7D47D8 		.ascii	"\257}G\330wf\266I\213\347\230\300\311\363MQJ\274\312"
 336      7766B649 
 336      8BE798C0 
 336      C9F34D51 
 336      4ABCCA
 337 133c 98D993C7 		.ascii	"\230\331\223\307k]q\2143eJ\022:W\225\370\030c^,\247"
 337      6B5D718C 
 337      33654A12 
 337      3A5795F8 
 337      18635E2C 
 338 1351 5D15BE04 		.ascii	"]\025\276\004}\207\274E\035\211\213S\011_\331\221\255"
 338      7D87BC45 
 338      1D898B53 
 338      095FD991 
 338      AD
 339 1362 4A950525 		.ascii	"J\225\005%\261J\234\311\260\035%\335!.8\2372\232\347"
 339      B14A9CC9 
 339      B01D25DD 
 339      212E389F 
 339      329AE7
 340 1375 AFCFDDD2 		.ascii	"\257\317\335\322\242\365\344=\340&\362\312\307z\251"
 340      A2F5E43D 
 340      E026F2CA 
 340      C77AA9
 341 1384 CBC35297 		.ascii	"\313\303R\227'K]P\263\\H\322\032\260\354:$c\035P%P\025"
 341      274B5D50 
 341      B35C48D2 
 341      1AB0EC3A 
 341      24631D50 
 342 139b 50AD9098 		.ascii	"P\255\220\230\362\255\257A\213\037\322\232U\255\351"
 342      F2ADAF41 
ARM GAS  /tmp/cc22YiRv.s 			page 28


 342      8B1FD29A 
 342      55ADE9
 343 13aa 22D5AAB0 		.ascii	"\"\325\252\260h&O\004\027\004\321r\205HX\011\317\323"
 343      68264F04 
 343      1704D172 
 343      85485809 
 343      CFD3
 344 13bc F25101A0 		.ascii	"\362Q\001\2402\213;\313y\313#\340\315D\241\262\021\227"
 344      328B3BCB 
 344      79CB23E0 
 344      CD44A1B2 
 344      1197
 345 13ce 17CA7728 		.ascii	"\027\312w(-\263\275\347T\254rVC\241\277d\213\227]<W"
 345      2DB3BDE7 
 345      54AC7256 
 345      43A1BF64 
 345      8B975D3C 
 346 13e3 58CDCAD5 		.ascii	"X\315\312\325lV\026\2220\002\023\375\312y\231\225\372"
 346      6C561692 
 346      300213FD 
 346      CA799995 
 346      FA
 347 13f4 B054B352 		.ascii	"\260T\263R[Ik*\372\224\250\030Y\311\\\224U\214\331\221"
 347      5B496B2A 
 347      FA94A818 
 347      59C95C94 
 347      558CD991 
 348 1408 80F1ABC4 		.ascii	"\200\361\253\304\252\247<\202\300\312?J\346C\353z!("
 348      AAA73C82 
 348      C0CA3F4A 
 348      E643EB7A 
 348      2128
 349 141a 8D109406 		.ascii	"\215\020\224\006\253 \364\277kq@\201\200\264\277bJb"
 349      AB20F4BF 
 349      6B714081 
 349      80B4BF62 
 349      4A62
 350 142c D362BDB5 		.ascii	"\323b\275\265\205\344K\366\305\206\003\256x\214\246"
 350      85E44BF6 
 350      C58603AE 
 350      788CA6
 351 143b 1AD75F15 		.ascii	"\032\327_\025\031d\373N\364\006\364\333d\011Z\275\245"
 351      1964FB4E 
 351      F406F4DB 
 351      64095ABD 
 351      A5
 352 144c 50AE51B8 		.ascii	"P\256Q\270\031\224\224S\030\304\304\257f\337v\304/X"
 352      19949453 
 352      18C4C4AF 
 352      66DF76C4 
 352      2F58
 353 145e 7AD7E487 		.ascii	"z\327\344\207T\251\361\034c\344\366\224\237|pm\332\231"
 353      54A9F11C 
 353      63E4F694 
 353      9F7C706D 
 353      DA99
 354 1470 5E235B28 		.ascii	"^#[(\333X\265[xTk\342\345\366R\330\331H}\253\243`\232"
ARM GAS  /tmp/cc22YiRv.s 			page 29


 354      DB58B55B 
 354      78546BE2 
 354      E5F652D8 
 354      D9487DAB 
 355 1487 937E5173 		.ascii	"\223~Qs\223\227\356\246\350\340\305/j\262\037\265\254"
 355      9397EEA6 
 355      E8E0C52F 
 355      6AB21FB5 
 355      AC
 356 1498 F0541A5C 		.ascii	"\360T\032\\C\355LZ\306j\312$\333\030\014\313\253[\354"
 356      43ED4C5A 
 356      C66ACA24 
 356      DB180CCB 
 356      AB5BEC
 357 14ab DA85C2E2 		.ascii	"\332\205\302\342\373H\2725\232hgY\215t\321\325H'/l\216"
 357      FB48BA35 
 357      9A686759 
 357      8D74D1D5 
 357      48272F6C 
 358 14c0 8EEDACA9 		.ascii	"\216\355\254\251\260\372\242\250\313ju\323m\226\237"
 358      B0FAA2A8 
 358      CB6A75D3 
 358      6D969F
 359 14cf 6CBADFE6 		.ascii	"l\272\337\346\212\227\355\273\343Xj\362a^\324\245\207"
 359      8A97EDBB 
 359      E3586AF2 
 359      615ED4A5 
 359      87
 360 14e0 E93238B7 		.ascii	"\35128\267zP)\325\345\254\225.}T\227^Q\227\371\311\230"
 360      7A5029D5 
 360      E5AC952E 
 360      7D54975E 
 360      5197F9C9 
 361 14f5 18ABED32 		.ascii	"\030\253\3552}V\272\3341\353\222\232x\010\226\300!."
 361      7D56BADC 
 361      31EB929A 
 361      780896C0 
 361      212E
 362 1507 7675291B 		.ascii	"vu)\033\230\357u5oO\357g\312,\325\317L\253D\005\007"
 362      98EF7535 
 362      6F4FEF67 
 362      CA2CD5CF 
 362      4CAB4405 
 363 151c D8B5AA90 		.ascii	"\330\265\252\220\260~\225}\005\207\250\202\203\242\202"
 363      B07E957D 
 363      0587A882 
 363      83A282
 364 152b 777227B2 		.ascii	"wr'\262\325R\005\207\254\024\0346+X4\224\031\351\214"
 364      D5520587 
 364      AC141C36 
 364      2B583494 
 364      19E98C
 365 153e C3998285 		.ascii	"\303\231\202\205\371K\305\032Q.\323\357\201i\254\300"
 365      F94BC51A 
 365      512ED3EF 
 365      8169ACC0 
 366 154e C5BED87B 		.ascii	"\305\276\330{T\354\250(6/6\357\257\244R\357YI\0353K"
ARM GAS  /tmp/cc22YiRv.s 			page 30


 366      54ECA828 
 366      362F36EF 
 366      AFA452EF 
 366      59491D33 
 367 1563 5D9D9E1D 		.ascii	"]\235\236\035\326\342h&Un\207~}t\314NQ\221q\346\200"
 367      D6E26826 
 367      556E877E 
 367      7D74CC4E 
 367      519171E6 
 368 1578 C5DE8903 		.ascii	"\305\336\211\003j\373\232<\244\232<\0205yu\347\332-"
 368      6AFB9A3C 
 368      A49A3C10 
 368      357975E7 
 368      DA2D
 369 158a AB6C7D68 		.ascii	"\253l}h\245\312#\263*S\341\345C.\370\010S%u\374\360"
 369      A5CA23B3 
 369      2A53E1E5 
 369      432EF808 
 369      532575FC 
 370 159f 118579A0 		.ascii	"\021\205y\2400U*\273J\036\260kdU9\301\224Y\251\252\311"
 370      30552ABB 
 370      4A1EB06B 
 370      645539C1 
 370      9459A9AA 
 371 15b4 37A7F313 		.ascii	"7\247\363\023vm\352\322\201(\316~:?\243\012>\025\025"
 371      766DEAD2 
 371      8128CE7E 
 371      3A3FA30A 
 371      3E1515
 372 15c7 ACBA9C3B 		.ascii	"\254\272\234;\202\244\012>\263Rp\322\254`\317\243\262"
 372      82A40A3E 
 372      B35270D2 
 372      AC60CFA3 
 372      B2
 373 15d8 79277CCC 		.ascii	"y'|\314\276\202\203\307\306*\234\314\343m\232)s\370"
 373      BE8283C7 
 373      C62A9CCC 
 373      E36D9A29 
 373      73F8
 374 15ea A5A9C355 		.ascii	"\245\251\303UT\3609\273\226;\024{\304\325\276\2023T"
 374      54F039BB 
 374      963B147B 
 374      C4D5BE82 
 374      3354
 375 15fc C117A282 		.ascii	"\301\027\242\2029gV\012\034\245\012\316X)8kV0+w\346"
 375      3967560A 
 375      1CA50ACE 
 375      5829386B 
 375      56302B77 
 376 1611 B9134E12 		.ascii	"\271\023N\022RH\330\266\377\216\260m\277\244\262\026"
 376      5248D8B6 
 376      FF8EB06D 
 376      BFA4B216 
 377 1621 9E5673ED 		.ascii	"\236Vs\355\017\000\353\332\364\212i\332\276p\252\012"
 377      0F00EBDA 
 377      F48A69DA 
 377      BE70AA0A 
ARM GAS  /tmp/cc22YiRv.s 			page 31


 378 1631 9B7DFE9A 		.ascii	"\233}\376\232],~\231\263K\264h\201]\032X^\276\352l\337"
 378      5D2C7E99 
 378      B34BB468 
 378      815D1A58 
 378      5EBEEA6C 
 379 1646 A2256AD1 		.ascii	"\242%j\321\242hQ\303\\l\251\325~\260%+\213\226E\213"
 379      A26851C3 
 379      5C6CA9D5 
 379      7EB0252B 
 379      8B96458B 
 380 165a 3425DD49 		.ascii	"4%\335I\225\256\342~\037wq{\317l\264j\230=!\002\022"
 380      95AEE27E 
 380      1F77717B 
 380      CF6CB46A 
 380      983D2102 
 381 166f CD430D3F 		.ascii	"\315C\015?\240x\353\313\211[\010\2469\3104t\337\026"
 381      A078EBCB 
 381      895B08A6 
 381      39C83474 
 381      DF16
 382 1681 BBE6F19E 		.ascii	"\273\346\361\236B\301\245h\312\026j\373\202\217\"a\374"
 382      42C1A568 
 382      CA166AFB 
 382      828F2261 
 382      FC
 383 1692 A2BBB6C8 		.ascii	"\242\273\266\3105s'\205\302\240C#\362\362e\336\211\317"
 383      35732785 
 383      C2A04323 
 383      F2F265DE 
 383      89CF
 384 16a4 C10A6696 		.ascii	"\301\012f\226Z#4!sO\230\302\035\255\302\252%T\261\011"
 384      5A233421 
 384      734F98C2 
 384      1DADC2AA 
 384      2554B109 
 385 16b8 BD816308 		.ascii	"\275\201c\010\034M@\007\201\302\201V\254&R*\025\322"
 385      1C4D4007 
 385      81C28156 
 385      AC26522A 
 385      15D2
 386 16ca 173D9635 		.ascii	"\027=\2265\305j\357C\032{F\002\224\314\013\2514%\233"
 386      C56AEF43 
 386      1A7B4602 
 386      94CC0BA9 
 386      34259B
 387 16dd 91A19AA2 		.ascii	"\221\241\232\242\333\362\306\256\3616\314\002\250U>"
 387      DBF2C6AE 
 387      F136CC02 
 387      A8553E
 388 16ec 32E2D796 		.ascii	"2\342\327\226\243\241\321\371\334z\301\352H\273V;\374"
 388      A3A1D1F9 
 388      DC7AC1EA 
 388      48BB563B 
 388      FC
 389 16fd 2093A1BF 		.ascii	" \223\241\277\243\031\303S*iVE(\244\013\243H\2058NZ"
 389      A319C353 
 389      2A695645 
ARM GAS  /tmp/cc22YiRv.s 			page 32


 389      28A40BA3 
 389      4885384E 
 390 1712 539F2EA8 		.ascii	"S\237.\250q\021\033\012=\011m'ya\017\037\371\371K\375"
 390      71111B0A 
 390      3D096D27 
 390      79610F1F 
 390      F9F94BFD 
 391 1726 D38369C2 		.ascii	"\323\203i\302v\343\352\237\220\375m\363\005O\020\256"
 391      76E3EA9F 
 391      90FD6DF3 
 391      054F10AE 
 392 1736 64E0D1A3 		.ascii	"d\340\321\243G\253\234p-c\022\273J~%\377k\007\271\237"
 392      47AB9C70 
 392      2D6312BB 
 392      4A7E25FF 
 392      6B07B99F 
 393 174a BB4183DB 		.ascii	"\273A\203\333e=\221N\270\221\265\216,)It\302-\214\271"
 393      653D914E 
 393      B891B58E 
 393      2C294974 
 393      C22D8CB9 
 394 175e D09B53A1 		.ascii	"\320\233S\241\3067\03135\027=\306\343.\306\314$7>\325"
 394      C6371933 
 394      35173DC6 
 394      E32EC6CC 
 394      24373ED5 
 395 1772 E01EC694 		.ascii	"\340\036\306\224^\233\334\302T\335H\276d\035zQ-\374"
 395      5E9BDCC2 
 395      54DD48BE 
 395      641D7A51 
 395      2DFC
 396 1784 4A7194AC 		.ascii	"Jq\224\254\264{'BB\324\370\016\205:\336XZ\204\356\330"
 396      B47B2742 
 396      42D4F80E 
 396      853ADE58 
 396      5A84EED8 
 397 1798 36393A70 		.ascii	"69:p\310c\366\364\200j\350rvg\010y\323{D\241A\361\012"
 397      C863F6F4 
 397      806AE872 
 397      76670879 
 397      D37B44A1 
 398 17af 8C92EC0E 		.ascii	"\214\222\354\016\007\322\242\277\000\263\330\023\370"
 398      07D2A2BF 
 398      00B3D813 
 398      F8
 399 17bc 315BB89D 		.ascii	"1[\270\235\357\214\216+6\242\004\005\271\227$$n\032"
 399      EF8C8E2B 
 399      36A20405 
 399      B9972424 
 399      6E1A
 400 17ce 246E     		.ascii	"$n"
 401 17d0 22442B15 		.ascii	"\"D+\025\350$P:P\012\320)\240d\205\230\264D`K\241D\340"
 401      E824503A 
 401      500AD029 
 401      A0648598 
 401      B444604B 
 402 17e7 095B812F 		.ascii	"\011[\201/m\365[\224\352\027k\013\177m\013\037\223\302"
ARM GAS  /tmp/cc22YiRv.s 			page 33


 402      6DF55B94 
 402      EA176B0B 
 402      7F6D0B1F 
 402      93C2
 403 17f9 8FCA9A23 		.ascii	"\217\312\232#\035\0267\013p\022\371\005V\222\355\260"
 403      1D16370B 
 403      7012F905 
 403      5692EDB0 
 404 1809 207D3516 		.ascii	" }5\026\342\\\366\025 \351\354\260\274l\351K\216\031"
 404      E25CF615 
 404      20E9ECB0 
 404      BC6CE94B 
 404      8E19
 405 181b A9F03879 		.ascii	"\251\3608y\327\213Kh\324<T\002\013\351xW\272|\315\312"
 405      D78B4B68 
 405      D43C5402 
 405      0BE97857 
 405      BA7CCDCA 
 406 182f BB71D2F2 		.ascii	"\273q\322\362\234\337[\210\311\002\025eB\363\014\205"
 406      9CDF5B88 
 406      C9021565 
 406      42F30C85 
 407 183f 79014B94 		.ascii	"y\001K\224\264\023\010t\032\374\377\227\304\202da\307"
 407      B4130874 
 407      1AFCFF97 
 407      C4826461 
 407      C7
 408 1850 932AAB59 		.ascii	"\223*\253Y'\323j4e\211\243I3\332\020~T\201\304-\231"
 408      27D36A34 
 408      6589A349 
 408      33DA107E 
 408      5481C42D 
 409 1865 744F8789 		.ascii	"tO\207\211\326\350\245,\023\251\321\344\265\306\014"
 409      D6E8A52C 
 409      13A9D1E4 
 409      B5C60C
 410 1874 82690CDA 		.ascii	"\202i\014\332\233_=X\357\355\002\274:q3\371}\027\232"
 410      9B5F3D58 
 410      EFED02BC 
 410      3A7133F9 
 410      7D179A
 411 1887 1290E2AF 		.ascii	"\022\220\342\257\276d\266\230U#\300\222\347\352S<\303"
 411      BE64B698 
 411      5523C092 
 411      E7EA533C 
 411      C3
 412 1898 0ACB65F9 		.ascii	"\012\313e\371Z\016\212\242C\012\0064;\373\201\275\262"
 412      5A0E8AA2 
 412      430A0634 
 412      3BFB81BD 
 412      B2
 413 18a9 1B031E8B 		.ascii	"\033\003\036\213&\036\213\022\232\020\217\345\203\307"
 413      261E8B12 
 413      9A108FE5 
 413      83C7
 414 18b7 72C13BE7 		.ascii	"r\301;\347\201\316\002\025\000e\003\235\001\312\003"
 414      81CE0215 
ARM GAS  /tmp/cc22YiRv.s 			page 34


 414      0065039D 
 414      01CA03
 415 18c6 3AA79096 		.ascii	":\247\220\226\335\336t\267l\372\\\005\005\007\265\360"
 415      DDDE74B7 
 415      6CFA5C05 
 415      0507B5F0 
 416 18d6 36926DBF 		.ascii	"6\222m\2776\030N\027\212+y\034\311\223EK\277\303\023"
 416      36184E17 
 416      8A2B791C 
 416      C993454B 
 416      BFC313
 417 18e9 DD3461EB 		.ascii	"\3354a\353\246\207\3106y\033\323YM\317YS\323\231X\366"
 417      A687C836 
 417      791BD359 
 417      4DCF5953 
 417      D39958F6 
 418 18fd 0A8DBC2E 		.ascii	"\012\215\274.J\346m\242c\235\213\334\311\3207y\330\362"
 418      4AE66DA2 
 418      639D8BDC 
 418      C9D03779 
 418      D8F2
 419 190f F894F2D7 		.ascii	"\370\224\362\3274\375\212\240E\224%\375r\326\246\237"
 419      34FD8AA0 
 419      459425FD 
 419      72D6A69F 
 420 191f D99985E0 		.ascii	"\331\231\205\340\300\277\324\231dq\372\342\322\003\253"
 420      C0BFD499 
 420      6471FAE2 
 420      D203AB
 421 192e 65429155 		.ascii	"eB\221U\012\026\233\013z\342\363\342\003l9\003\327\320"
 421      0A169B0B 
 421      7AE2F3E2 
 421      036C3903 
 421      D7D0
 422 1940 38FB5D63 		.ascii	"8\373]c\312\313\252|\373\277\337\275\240 +\222\022\205"
 422      CACBAA7C 
 422      FBBFDFBD 
 422      A0202B92 
 422      1285
 423 1952 F8B3ED81 		.ascii	"\370\263\355\201c5Z\341\027\237M\355\177\377\220\376"
 423      63355AE1 
 423      179F4DED 
 423      7FFF90FE 
 424 1962 B8143068 		.ascii	"\270\0240h\320\362\223\317A\361'\237\027\025\344'\237"
 424      D0F293CF 
 424      41F1279F 
 424      1715E427 
 424      9F
 425 1973 A78E3FAC 		.ascii	"\247\216?\254p\301\351\256\354\3672s\313\357\011\315"
 425      70C1E9AE 
 425      ECF73273 
 425      CBEF09CD 
 426 1983 97265565 		.ascii	"\227&Ue\2649\371\305\350%\213\203\340\2245\277L\233"
 426      B439F9C5 
 426      E8258B83 
 426      E09435BF 
 426      4C9B
ARM GAS  /tmp/cc22YiRv.s 			page 35


 427 1995 5F7BD9D0 		.ascii	"_{\331\320\240\305\265\254y\374\312\362\202\213\320"
 427      A0C5B5AC 
 427      79FCCAF2 
 427      828BD0
 428 19a4 FED182AA 		.ascii	"\376\321\202\252 *\374\260\3514\242\277JEW,]\\\021\273"
 428      202AFCB0 
 428      E934A2BF 
 428      4A45572C 
 428      5D5C11BB 
 429 19b8 B84ABB78 		.ascii	"\270J\273x~\3214\246\301S\254\213\364\207\335\227\235"
 429      7ED134A6 
 429      C153AC8B 
 429      F487DD97 
 429      9D
 430 19c9 842E66DF 		.ascii	"\204.f\337\250*\032\302\253\177\317:(\265tP*vPF;h\353"
 430      A82A1AC2 
 430      AB7FCF3A 
 430      28B57450 
 430      2A765046 
 431 19e0 CAAC72C1 		.ascii	"\312\254r\301'\327\321\016V\307\032\3064?\311\242\035"
 431      27D7D10E 
 431      56C71AC6 
 431      343FC9A2 
 431      1D
 432 19f1 8CC43846 		.ascii	"\214\3048F\347\265\232L\2479\352\363r\326\2039\240\016"
 432      E7B59A4C 
 432      A739EAF3 
 432      72D68339 
 432      A00E
 433 1a03 E40AFCAF 		.ascii	"\344\012\374\257P\220\031r\241\353\310A\005\356f\275"
 433      50901972 
 433      A1EBC841 
 433      05EE66BD 
 434 1a13 DC2A1F7D 		.ascii	"\334*\037}\340\202\373\031S7T\\\254\306C\214Y\031\277"
 434      E082FB19 
 434      5337545C 
 434      ACC6438C 
 434      5919BF
 435 1a26 3EEA88C7 		.ascii	">\352\210\307)\243\014\2339\032\252\242E\303}\275yn"
 435      29A30C9B 
 435      391AAAA2 
 435      45C37DBD 
 435      796E
 436 1a38 4AC913F6 		.ascii	"J\311\023\366l\223\002Y\0052\033\354\215\034ZN\277\264"
 436      6C930259 
 436      05321BEC 
 436      8D1C5A4E 
 436      BFB4
 437 1a4a 54D3EBB6 		.ascii	"T\323\353\266\340\265\257\230\307$\360k\262}K\321O$"
 437      E0B5AF98 
 437      C724F06B 
 437      B27D4BD1 
 437      4F24
 438 1a5c E84AF9CE 		.ascii	"\350J\371\316%o!n\336e\033\271\032\254\207\232\354\316"
 438      256F216E 
 438      DE651BB9 
 438      1AAC879A 
ARM GAS  /tmp/cc22YiRv.s 			page 36


 438      ECCE
 439 1a6e 0E07DA17 		.ascii	"\016\007\332\027\361f=\214\204j\310\370Z\240:\240\032"
 439      F1663D8C 
 439      846AC8F8 
 439      5AA03AA0 
 439      1A
 440 1a7f 4BE6278E 		.ascii	"K\346'\216\257\214\"\374\224\372\212+Ll>\357d\373\336"
 440      AF8C22FC 
 440      94FA8A2B 
 440      4C6C3EEF 
 440      64FBDE
 441 1a92 D9BC51A4 		.ascii	"\331\274Q\244\031z\371\276\036\205w\335wy\362\336\243"
 441      197AF9BE 
 441      1E8577DD 
 441      7779F2DE 
 441      A3
 442 1aa3 09C08D96 		.ascii	"\011\300\215\226\224hP\010\257\231+\323V\017Z\025\374"
 442      94685008 
 442      AF992BD3 
 442      560F5A15 
 442      FC
 443 1ab4 26ABD176 		.ascii	"&\253\321v\203\2156r$\331\266\274\224\344\"\005\223"
 443      838D3672 
 443      24D9B6BC 
 443      94E42205 
 443      93
 444 1ac5 44B3805B 		.ascii	"D\263\200[\004p\013\005w\305\306\\\266\372al\253\025"
 444      04700B05 
 444      77C5C65C 
 444      B6FA616C 
 444      AB15
 445 1ad7 B85500B7 		.ascii	"\270U\000\267Rp\177\372\271A\253\236\311(\224\354\335"
 445      52707FFA 
 445      B941AB9E 
 445      C92894EC 
 445      DD
 446 1ae8 11C06D14 		.ascii	"\021\300m\024|%m&\331\352\341\262\317\252\347v\001L"
 446      7C256D26 
 446      D9EAE1B2 
 446      CFAAE776 
 446      014C
 447 1afa 8EBC9F97 		.ascii	"\216\274\237\227\217\277\222\374\373\320[\375\233\337"
 447      8FBF92FC 
 447      FBD05BFD 
 447      9BDF
 448 1b08 FEE1BD6D 		.ascii	"\376\341\275m\236\236\016*\306;h\274\367~\261w\367N"
 448      9E9E0E2A 
 448      C63B68BC 
 448      F77EB177 
 448      F74E
 449 1b1a 5FBD3E50 		.ascii	"_\275>P\243\323\005\373\370\033\267n\321\031?\362\010"
 449      A3D305FB 
 449      F81BB76E 
 449      D1193FF2 
 449      08
 450 1b2b 0E327878 		.ascii	"\0162xx\031\374\376\301?\300_\377\017z\257]>\036>\376"
 450      19FCFEC1 
ARM GAS  /tmp/cc22YiRv.s 			page 37


 450      3FC05FFF 
 450      0F7AAF5D 
 450      3E1E3EFE 
 451 1b3f DEBEC1BB 		.ascii	"\336\276\301\273\365\036~^\336{}\374\365\036\272\335"
 451      F51E7E5E 
 451      DE7B7DFC 
 451      F51EBADD 
 452 1b4f FAAFBD82 		.ascii	"\372\257\275\202}\215:\343w\201\372\240\017\367:\250"
 452      7D8D3AE3 
 452      7781FAA0 
 452      0FF73AA8 
 453 1b5f C5D6FFF5 		.ascii	"\305\326\377\365-\255\203\276\013\362\320\005\031w\003"
 453      2DAD83BE 
 453      0BF2D005 
 453      197703
 454 1b6e 149A3802 		.ascii	"\024\2328\002k\364\361\323\353\214\377\345\303\017="
 454      6BF4F1D3 
 454      EB8CFFE5 
 454      C30F3D
 455 1b7d B6EDF5D9 		.ascii	"\266\355\365\331\345\363\273\235\036\001A\036\006\243"
 455      E5F3BB9D 
 455      1E01411E 
 455      06A3
 456 1b8b B985F75E 		.ascii	"\271\205\367^\002\022d\374\344-0\343^\203\336k7Ai\202"
 456      021264FC 
 456      E42D30E3 
 456      5E83DE6B 
 456      37416982 
 457 1b9f F44610E2 		.ascii	"\364F\020\342e\014\016rdF}\2523\252\204\243#\273\001"
 457      650C0E72 
 457      64467DAA 
 457      33AA84A3 
 457      23BB01
 458 1bb2 30ED9EC0 		.ascii	"0\355\236\300 \235q\357n\235\217\277\217Q\011\0141\202"
 458      209D71EF 
 458      6E9D8FBF 
 458      8F51090C 
 458      3182
 459 1bc4 5C23BC42 		.ascii	"\\#\274B\367\313\200\000_.`\027\347\263K\031\360M\260"
 459      F7CB8000 
 459      5F2E6017 
 459      E7B34B19 
 459      F04DB0
 460 1bd7 3E58AFFE 		.ascii	">X\257\376F\347\037`\364\371\372;\3257:\303\356@\243"
 460      46E71F60 
 460      F4F9FA3B 
 460      D5373AC3 
 460      EE40A3
 461 1bea 018EFB0C 		.ascii	"\001\216\373\014pT|\2433\006\004\302\355]\301_\177\255"
 461      70547CA3 
 461      330604C2 
 461      ED5DC15F 
 461      7FAD
 462 1bfc 37387EA3 		.ascii	"78~\243\363\016\010\3667\352\015\312 \237\177\003\343"
 462      F30E08F6 
 462      37EA0DCA 
 462      209F7F03 
ARM GAS  /tmp/cc22YiRv.s 			page 38


 462      E3
 463 1c0d B65087F8 		.ascii	"\266P\207\370\372\354\362\330\343\355m\343\230O>\334"
 463      FAECF2D8 
 463      E3ED6DE3 
 463      984F3EDC 
 464 1c1d F2A1A7C5 		.ascii	"\362\241\247\305=\306\335\340V\342\031\350\332\313\307"
 464      3DC6DDE0 
 464      56E219E8 
 464      DACBC7
 465 1c2c E8E3BF47 		.ascii	"\350\343\277G\031\250\363\327\3577\252\002u~\201\240"
 465      19A8F3D7 
 465      EF37AA02 
 465      757E81A0 
 466 1c3c 91265007 		.ascii	"\221&P\007f\372\006\032|\002TF\362_g\374x\215S\002\003"
 466      66FA061A 
 466      7C025446 
 466      F25F67FC 
 466      788D5302 
 467 1c51 0CC6208F 		.ascii	"\014\306 \217_\354\370|\333\347\373=\274\003\374\002"
 467      5FECF87C 
 467      DBE7FB3D 
 467      BC03FC02 
 468 1c61 7D7CF586 		.ascii	"}|\365\206 \217\337l\333F\374$\370\322\021z4\356\367"
 468      208FDF6C 
 468      DB46FC24 
 468      F8D2117A 
 468      34EEF7
 469 1c74 F509322A 		.ascii	"\365\0112*\375\230\010?]\300>\177\275\001\216\324^\225"
 469      FD98083F 
 469      5DC03E7F 
 469      BD018ED4 
 469      5E95
 470 1c86 5FB051BF 		.ascii	"_\260Q\277_gT{\357\325\321S\220\255\017\324\373C\360"
 470      5F67547B 
 470      EFD5D153 
 470      90AD0FD4 
 470      FB43F0
 471 1c99 F638E9BF 		.ascii	"\3668\351\277\325\373\033\375\274\202\376\2443*\240"
 471      D5FB1BFD 
 471      BC82FEA4 
 471      332AA0
 472 1ca8 A3A03DE0 		.ascii	"\243\240=\340i!\376*\341\250\200\253:\243\206\336\245"
 472      6921FE2A 
 472      E1A880AB 
 472      3AA386DE 
 472      A5
 473 1cb9 1D8244C1 		.ascii	"\035\202D\301(W\350R\210\227\216h\340\"etF\034\250\013"
 473      2857E852 
 473      88978E68 
 473      E0226574 
 473      461CA80B 
 474 1ccd 56EAF791 		.ascii	"V\352\367\221\356\225\373\214\240e \034\202\364~\201"
 474      EE95FB8C 
 474      A065201C 
 474      82F47E81 
 475 1cdd 8A209DB7 		.ascii	"\212 \235\267\277Q\001\004b\202\230\232Z\350\013\356"
 475      BF510104 
ARM GAS  /tmp/cc22YiRv.s 			page 39


 475      6282989A 
 475      5AE80BEE 
 476 1ced 7905EE0D 		.ascii	"y\005\356\0150\350\025\373\214FC\240\033\353\016<\005"
 476      30E815FB 
 476      8C4643A0 
 476      1BEB0E3C 
 476      05
 477 1cfe E1D0FB7B 		.ascii	"\341\320\373{C\014\240\203\200]\177\014T\353\367\373"
 477      430CA083 
 477      805D7F0C 
 477      54EBF7FB 
 478 1d0e 18BD0376 		.ascii	"\030\275\003v\353\225\206\335\337\201^J\342\316\257"
 478      EB9586DD 
 478      DF815E4A 
 478      E2CEAF
 479 1d1d 835446F2 		.ascii	"\203TF\362_G\274\374\265\257\327\036\340\375\000Cy\222"
 479      5F47BCFC 
 479      B5AFD71E 
 479      E0FD0043 
 479      7992
 480 1d2f 2E7AB591 		.ascii	".z\265\221\036\2505A\306?\371\372\370\371\030\205\361"
 480      1EA83541 
 480      C63FF9FA 
 480      F8F91885 
 480      F1
 481 1d40 F2F147E0 		.ascii	"\362\361G\340!\361D\0037\275|}\366\370\353\214\037|"
 481      21F14403 
 481      37BD7C7D 
 481      F6F8EB8C 
 481      1F7C
 482 1d52 4F54F67A 		.ascii	"OT\366z\203\272\020\006\022_/?=\357\275\327\313\000"
 482      83BA1006 
 482      125F2F3F 
 482      3DEFBDD7 
 482      CB00
 483 1d64 E2027C77 		.ascii	"\342\002|w\353\311\321_\277Oo\000\317z\033\367c\203"
 483      EBC9D15F 
 483      BF4F6F00 
 483      CF7A1BF7 
 483      6383
 484 1d76 E756CED7 		.ascii	"\347V\316\327\2406\350\367@\356\200w\014\236\236@\233"
 484      A036E8F7 
 484      40EE8077 
 484      0C9E9E40 
 484      9B
 485 1d87 39C3CF38 		.ascii	"9\303\3178\303\247\234\341\023\316\3601g\370)g\370\010"
 485      C3A79CE1 
 485      13CEF031 
 485      67F82967 
 485      F808
 486 1d99 076DF504 		.ascii	"\007m\365\004\332\214\203\266\374\014\350S\240O\200"
 486      DA8C83B6 
 486      FC0CE853 
 486      A04F80
 487 1da8 3E06FA29 		.ascii	">\006\372)\020\334\337\262\025h\013\020\340\266\000"
 487      10DCDFB2 
 487      15680B10 
ARM GAS  /tmp/cc22YiRv.s 			page 40


 487      E0B600
 488 1db7 CE13709E 		.ascii	"\316\023p\236\200\363\004\234\347\307NDE\022F\220\372"
 488      80F3049C 
 488      E7C74E44 
 488      45124690 
 488      FA
 489 1dc8 773F447F 		.ascii	"w?D\177\335\267\237\370\201\015*\357\000H\367\375F\260"
 489      DDB79FF8 
 489      810D2AEF 
 489      0048F7FD 
 489      46B0
 490 1dda 85A4243D 		.ascii	"\205\244$=\350\277u4\007Ypc\020\362W\006\323\330\361"
 490      E8BF7534 
 490      07597063 
 490      10F25706 
 490      D3D8F1
 491 1ded BE5E4146 		.ascii	"\276^AF\225\301H\031\305\276\000C\220\221\337\245\017"
 491      95C14819 
 491      C5BE0043 
 491      9091DFA5 
 491      0F
 492 1dfe 326ABC83 		.ascii	"2j\274\203\375\202}\275\214>\337\352\325\006#+\015\357"
 492      FD827DBD 
 492      8C3EDFEA 
 492      D506232B 
 492      0DEF
 493 1e10 BD6DCC13 		.ascii	"\275m\314\023\351n\024\347\247\367\012\0126\350\375"
 493      E96E14E7 
 493      A7F70A0A 
 493      36E8FD
 494 1e1f F4A44BB5 		.ascii	"\364\244K\265\220\000\306u\222D\243\331\342j\305\351"
 494      9000C675 
 494      9244A3D9 
 494      E26AC5E9 
 495 1e2f 8CEFBFAD 		.ascii	"\214\357\277\255\360x\357\335\015\375\377\247\267@ "
 495      F078EFDD 
 495      0DFDFFA7 
 495      B74020
 496 1e3e 37BF0701 		.ascii	"7\277\007\001\251IJ\022\014TA\242\3437\254\212\200\226"
 496      A9494A12 
 496      0C5441A2 
 496      E337AC8A 
 496      8096
 497 1e50 E245E537 		.ascii	"\342E\3457\220\370\376\177\332\364\226n(\216\014[\227"
 497      90F8FE7F 
 497      DAF4966E 
 497      288E0C5B 
 497      97
 498 1e61 80606360 		.ascii	"\200`c`\260Q\354M\351CO\234}\374%\027\025,iwn\327\355"
 498      B051EC4D 
 498      E9434F9C 
 498      7DFC2517 
 498      152C6977 
 499 1e78 F8D52FB6 		.ascii	"\370\325/\266\177\251\202\223\235_\374\356\367\216p"
 499      7FA98293 
 499      9D5FFCEE 
 499      F78E70
ARM GAS  /tmp/cc22YiRv.s 			page 41


 500 1e87 FCC36F3F 		.ascii	"\374\303o?\373\355g_\374gkI{\275|-%Ho\360\361\362\245"
 500      FBED675F 
 500      FC676B49 
 500      7BBD7C2D 
 500      25486FF0 
 501 1e9e C579B790 		.ascii	"\305y\267\220\364\012:\330\265\364\277.( \330\340\255"
 501      F40A3AD8 
 501      B5F4BF2E 
 501      2820D8E0 
 501      AD
 502 1eaf 57E98368 		.ascii	"W\351\203h\315P\353}\331\210aw\351)\230\010W)\037\344"
 502      CD50EB7D 
 502      D9886177 
 502      E9299808 
 502      57291FE4 
 503 1ec3 0467644C 		.ascii	"\004gdL\353I]\201s\322\306\205u$^&\340}\264\341:\353"
 503      EB495D81 
 503      73D2C685 
 503      75245E26 
 503      E07DB4E1 
 504 1ed9 1B3AE3DB 		.ascii	"\033:\343\333\034\302\372'\016\221\352\005\243\343["
 504      1CC2FA27 
 504      0E91EA05 
 504      A3E35B
 505 1ee8 3F18EC06 		.ascii	"?\030\354\006\037\243\336\310\357\321\033\215<\370\305"
 505      1FA3DEC8 
 505      EFD11B8D 
 505      3CF8C5
 506 1ef7 88E10CC3 		.ascii	"\210\341\014\303\011Ob\257\240w]wRC\267\033 \327\014"
 506      094F62AF 
 506      A0775D77 
 506      5243B71B 
 506      20D70C
 507 1f0a FFE7F32F 		.ascii	"\377\347\363/\024\344\226Q+\275\252\010\016\3622\030"
 507      14E49651 
 507      2BBDAA08 
 507      0EF23218 
 508 1f1a F1B61D5B 		.ascii	"\361\266\035[\201\266\000y\342_\356\330\301m\337\301"
 508      81B60079 
 508      E25FEED8 
 508      C16DDFC1 
 509 1f2a EDDCC1FF 		.ascii	"\355\334\301\377\346\213\337\357\330j\255\037\330\346"
 509      E68BDFEF 
 509      D86AAD1F 
 509      D8E6
 510 1f38 B1EDF39D 		.ascii	"\261\355\363\235\237\355\364\330\371\005\374}\276u\313"
 510      9FEDF4D8 
 510      F905FC7D 
 510      BE75CB
 511 1f47 AF3FDABF 		.ascii	"\257?\332\277\037\212\272\337\326-_\177\264\371\247"
 511      1F8ABADF 
 511      D62D5F7F 
 511      B4F9A7
 512 1f56 FB49AE38 		.ascii	"\373I\2568\377a\347/v|\241\373\002\252\360v\375\327"
 512      FF61E72F 
 512      767CA1FB 
 512      02AAF076 
ARM GAS  /tmp/cc22YiRv.s 			page 42


 512      FDD7
 513 1f68 AEC141BB 		.ascii	"\256\301A\273t\314\345t\332q\223\360$%H\034\274\367"
 513      74CCE574 
 513      DA7193F0 
 513      2425481C 
 513      BCF7
 514 1f7a EEFC2EE8 		.ascii	"\356\374.\3503\270\371\3264\373\216\370B\005\221$\310"
 514      33B8F9D6 
 514      34FB8EF8 
 514      42059124 
 514      C8
 515 1f8b F7ECC777 		.ascii	"\367\354\307w/\015.\336\271\335\363\223\265 6\304\251"
 515      2F0D2EDE 
 515      B9DDF393 
 515      B52036C4 
 515      A9
 516 1f9c EA1EFFFC 		.ascii	"\352\036\377\374"
 517 1fa0 CFDB3DA8 		.ascii	"\317\333=\250\256\337zz\210\032\371\222\361\240\374"
 517      AEDF7A7A 
 517      881AF992 
 517      F1A0FC
 518 1faf C5EF7FE9 		.ascii	"\305\357\177\351\371\353\257\270m;\224\237m\337\366"
 518      F9EBAFB8 
 518      6D3B949F 
 518      6DDFF6
 519 1fbe BBEDBF22 		.ascii	"\273\355\277\"\027\266\374\372+\227\355\277\374\315"
 519      17B6FCFA 
 519      2B97EDBF 
 519      FCCD
 520 1fcc E7DBFE20 		.ascii	"\347\333\376 \232\366\377\000\301\304\217o"
 520      9AF6FF00 
 520      C1C48F6F 
 521              		.text
 522              		.section	.gnu.lto_.symtab.d3427aeffa2d399,"",%progbits
 523 0000 6D61696E 		.ascii	"main\000"
 523      00
 524 0005 00       		.ascii	"\000"
 525 0006 00       		.ascii	"\000"
 526 0007 00       		.ascii	"\000"
 527 0008 00000000 		.ascii	"\000\000\000\000\000\000\000\000"
 527      00000000 
 528 0010 BB000000 		.ascii	"\273\000\000\000"
 529 0014 53443100 		.ascii	"SD1\000"
 530 0018 00       		.ascii	"\000"
 531 0019 02       		.ascii	"\002"
 532 001a 00       		.ascii	"\000"
 533 001b 00000000 		.ascii	"\000\000\000\000\000\000\000\000"
 533      00000000 
 534 0023 BB020000 		.ascii	"\273\002\000\000"
 535 0027 63685468 		.ascii	"chThdSleep\000"
 535      64536C65 
 535      657000
 536 0032 00       		.ascii	"\000"
 537 0033 02       		.ascii	"\002"
 538 0034 00       		.ascii	"\000"
 539 0035 00000000 		.ascii	"\000\000\000\000\000\000\000\000"
 539      00000000 
ARM GAS  /tmp/cc22YiRv.s 			page 43


 540 003d CC000000 		.ascii	"\314\000\000\000"
 541 0041 7365745F 		.ascii	"set_status\000"
 541      73746174 
 541      757300
 542 004c 00       		.ascii	"\000"
 543 004d 02       		.ascii	"\002"
 544 004e 00       		.ascii	"\000"
 545 004f 00000000 		.ascii	"\000\000\000\000\000\000\000\000"
 545      00000000 
 546 0057 D8000000 		.ascii	"\330\000\000\000"
 547 005b 6770735F 		.ascii	"gps_thd_init\000"
 547      7468645F 
 547      696E6974 
 547      00
 548 0068 00       		.ascii	"\000"
 549 0069 02       		.ascii	"\002"
 550 006a 00       		.ascii	"\000"
 551 006b 00000000 		.ascii	"\000\000\000\000\000\000\000\000"
 551      00000000 
 552 0073 DB000000 		.ascii	"\333\000\000\000"
 553 0077 6770735F 		.ascii	"gps_init\000"
 553      696E6974 
 553      00
 554 0080 00       		.ascii	"\000"
 555 0081 02       		.ascii	"\002"
 556 0082 00       		.ascii	"\000"
 557 0083 00000000 		.ascii	"\000\000\000\000\000\000\000\000"
 557      00000000 
 558 008b B3020000 		.ascii	"\263\002\000\000"
 559 008f 7573625F 		.ascii	"usb_serial_init\000"
 559      73657269 
 559      616C5F69 
 559      6E697400 
 560 009f 00       		.ascii	"\000"
 561 00a0 02       		.ascii	"\002"
 562 00a1 00       		.ascii	"\000"
 563 00a2 00000000 		.ascii	"\000\000\000\000\000\000\000\000"
 563      00000000 
 564 00aa B5020000 		.ascii	"\265\002\000\000"
 565 00ae 63685379 		.ascii	"chSysInit\000"
 565      73496E69 
 565      7400
 566 00b8 00       		.ascii	"\000"
 567 00b9 02       		.ascii	"\002"
 568 00ba 00       		.ascii	"\000"
 569 00bb 00000000 		.ascii	"\000\000\000\000\000\000\000\000"
 569      00000000 
 570 00c3 B7020000 		.ascii	"\267\002\000\000"
 571 00c7 68616C49 		.ascii	"halInit\000"
 571      6E697400 
 572 00cf 00       		.ascii	"\000"
 573 00d0 02       		.ascii	"\002"
 574 00d1 00       		.ascii	"\000"
 575 00d2 00000000 		.ascii	"\000\000\000\000\000\000\000\000"
 575      00000000 
 576 00da B9020000 		.ascii	"\271\002\000\000"
 577              		.text
ARM GAS  /tmp/cc22YiRv.s 			page 44


 578              		.section	.gnu.lto_.opts,"",%progbits
 579 0000 272D666D 		.ascii	"'-fmath-errno' '-fsigned-zeros' '-ftrapping-math' '"
 579      6174682D 
 579      6572726E 
 579      6F272027 
 579      2D667369 
 580 0033 2D666E6F 		.ascii	"-fno-trapv' '-fno-strict-overflow' '-fno-openmp' '-"
 580      2D747261 
 580      70762720 
 580      272D666E 
 580      6F2D7374 
 581 0066 666E6F2D 		.ascii	"fno-openacc' '-mcpu=cortex-m4' '-mfloat-abi=hard' '"
 581      6F70656E 
 581      61636327 
 581      20272D6D 
 581      6370753D 
 582 0099 2D6D6670 		.ascii	"-mfpu=fpv4-sp-d16' '-mno-thumb-interwork' '-mthumb'"
 582      753D6670 
 582      76342D73 
 582      702D6431 
 582      36272027 
 583 00cc 20272D4F 		.ascii	" '-O0' '-Werror' '-fomit-frame-pointer' '-falign-fu"
 583      30272027 
 583      2D576572 
 583      726F7227 
 583      20272D66 
 584 00ff 6E637469 		.ascii	"nctions=16' '-ffunction-sections' '-fdata-sections'"
 584      6F6E733D 
 584      31362720 
 584      272D6666 
 584      756E6374 
 585 0132 20272D66 		.ascii	" '-fno-common' '-flto' '-fsingle-precision-constant"
 585      6E6F2D63 
 585      6F6D6D6F 
 585      6E272027 
 585      2D666C74 
 586 0165 2700     		.ascii	"'\000"
 587              		.text
 588              		.comm	__gnu_lto_v1,1,1
 589              		.comm	__gnu_lto_slim,1,1
 590              		.ident	"GCC: (GNU Tools for Arm Embedded Processors 7-2017-q4-major) 7.2.1 20170904 (release) [ARM
ARM GAS  /tmp/cc22YiRv.s 			page 45


DEFINED SYMBOLS
                            *ABS*:0000000000000000 main.c
                            *COM*:0000000000000001 __gnu_lto_v1
                            *COM*:0000000000000001 __gnu_lto_slim

NO UNDEFINED SYMBOLS
