ARM GAS  /tmp/ccRveW8T.s 			page 1


   1              		.cpu cortex-m4
   2              		.eabi_attribute 27, 1
   3              		.eabi_attribute 28, 1
   4              		.eabi_attribute 20, 1
   5              		.eabi_attribute 21, 1
   6              		.eabi_attribute 23, 3
   7              		.eabi_attribute 24, 1
   8              		.eabi_attribute 25, 1
   9              		.eabi_attribute 26, 1
  10              		.eabi_attribute 30, 6
  11              		.eabi_attribute 34, 1
  12              		.eabi_attribute 18, 4
  13              		.file	"memstreams.c"
  14              		.section	.gnu.lto_.inline.3e1e92746d099ff5,"",%progbits
  15 0000 789C6363 		.ascii	"x\234cc``(c@\000V\006\006>^\006\006&\211\011\247\031"
  15      60602863 
  15      40005606 
  15      063E5E06 
  15      06268909 
  16 0016 19581898 		.ascii	"\031X\030\230@b\214\230BL\014\242\262@R\256\341\027"
  16      40628C98 
  16      424C0CA2 
  16      B24052AE 
  16      E117
  17 0028 5C8805A8 		.ascii	"\\\210\005\250\206y\202\037\0102\343\225ea\340`\007"
  17      8679821F 
  17      0832E395 
  17      6561E060 
  17      07
  18 0039 CAF26CC8 		.ascii	"\312\362l\310\205I2\000\000$\275\015\374"
  18      85493200 
  18      0024BD0D 
  18      FC
  19              		.text
  20              		.section	.gnu.lto_put.3e1e92746d099ff5,"",%progbits
  21 0000 789C9554 		.ascii	"x\234\225TKO\024A\020\356\232\232\007\273<d9q\340\300"
  21      4B4F1441 
  21      10EE9A9A 
  21      07BB3C64 
  21      3971E0C0 
  22 0014 41428871 		.ascii	"AB\210q\007\203\361\346\311\037\340\301_\000\206\204"
  22      0783F1E6 
  22      C91FE0C1 
  22      5F008684 
  23 0024 4DD848C4 		.ascii	"M\330H\304\263\264,\017\021E\022yN&\004\335\020\022"
  23      B3B42C0F 
  23      11451279 
  23      4E2604DD 
  23      1012
  24 0036 8D51E282 		.ascii	"\215Q\342\202\270\202\256\200\310k\005\025\214\341@"
  24      B882AE80 
  24      C86B0515 
  24      8CE140
  25 0045 8C08014D 		.ascii	"\214\010\001M4F\345\210V\365,\001\361\002\223LmMu\325"
  25      3446E588 
  25      56F52C01 
  25      F102934C 
ARM GAS  /tmp/ccRveW8T.s 			page 2


  25      6D4D75D5 
  26 0059 57DFD7D5 		.ascii	"W\337\327\325\333\246\020\242_\027\342\024\375\026\323"
  26      DBA610A2 
  26      5F17E214 
  26      FD16D3
  27 0068 2B4C019A 		.ascii	"+L\001\232\240WC!\244F+RG0(\242+k\000P\022\210\032\015"
  27      A0574321 
  27      A4462B52 
  27      473028A2 
  27      2B6B0050 
  28 0080 75036AE0 		.ascii	"u\003j\340:\266!\274\251{\350b3\272HY\364\371#\351\254"
  28      3AB621BC 
  28      A97BE862 
  28      33BA4859 
  28      F4F923E9 
  29 0095 66F12740 		.ascii	"f\361'@>}\366\215FF\240\250_\322\223\350l3{b\013\322"
  29      3E7DF68D 
  29      4646A0A8 
  29      5FD293E8 
  29      6C337B62 
  30 00ab E7A2263A 		.ascii	"\347\242&:(=\006y\360\010\362\030r\020\212(\371]r\251"
  30      283D0679 
  30      F008F218 
  30      72108A28 
  30      F95D72A9 
  31 00bf D5C22008 		.ascii	"\325\302 \010\362o\375\376\232\320\012\373\244\254\225"
  31      F26FFDFE 
  31      9AD00AFB 
  31      A4AC95
  32 00ce 898928CA 		.ascii	"\211\211(\312\243.\"\014\001\356-\244\220\200\307PH"
  32      A32E220C 
  32      01EE2DA4 
  32      9080C750 
  32      48
  33 00df E96EC3DD 		.ascii	"\351n\303\3355\304\023\252tvkjb\247\364s\035\312\014"
  33      35C413AA 
  33      74766B6A 
  33      62A7F473 
  33      1DCA0C
  34 00f2 177518F6 		.ascii	"\027u\030\366JK\362\240\230\013u\001O\240\220\263\177"
  34      4A4BF2A0 
  34      980B7501 
  34      4FA090B3 
  34      7F
  35 0103 7E5F9AF5 		.ascii	"~_\232\365a\211\252\2747\024\233\311(\210\252\312\225"
  35      6189AABC 
  35      37149BC9 
  35      2888AACA 
  35      95
  36 0114 AE9C3B11 		.ascii	"\256\234;\0219%u\027\015\210\377\333\230\037J\3774\260"
  36      39257517 
  36      0D88FFDB 
  36      981F4AFF 
  36      34B0
  37 0126 DD9E69EA 		.ascii	"\335\236i\352\360\024\012X\020\351\030\001\332B!4Z\034"
  37      F0140A58 
  37      10E91801 
ARM GAS  /tmp/ccRveW8T.s 			page 3


  37      DA422134 
  37      5A1C
  38 0138 6E89AEF8 		.ascii	"n\211\256\370\030\253U&\266\272roG\352\025\326~\351"
  38      18AB5526 
  38      B6BA726F 
  38      47EA15D6 
  38      7EE9
  39 014a 54340A05 		.ascii	"T4\012\005\014\361\340\255\221\220\333\177\032e\342"
  39      0CF1E0AD 
  39      9190DB7F 
  39      1A65E2
  40 0159 7DEE7C2C 		.ascii	"}\356|,\031\310\001\342ijl\220\214\245\263g\260g\262"
  40      19C801E2 
  40      696A6C90 
  40      8CA5B367 
  40      B067B2
  41 016c 67B14923 		.ascii	"g\261I#\243\371\2017!]0H&\260\256l\016\007\330\010q"
  41      A3F98137 
  41      215D3048 
  41      26B0AE6C 
  41      0E07D808 
  42 0181 95898926 		.ascii	"\225\211\211&v\361\013\324:\233\315Q?\363t0\335A\277"
  42      76F10BD4 
  42      3A9BCD51 
  42      3FF37430 
  42      DD41BF
  43 0194 A0507CF3 		.ascii	"\240P|\363\306\270\351\205\200\210w\324\217\315[<AC"
  43      C6B8E985 
  43      808877D4 
  43      8FCD5B3C 
  43      4143
  44 01a6 EDC9C858 		.ascii	"\355\311\310Xr\322\354\205\236+4\302|\027\323\250\016"
  44      72D2EC85 
  44      9E2B34C2 
  44      7C17D3A8 
  44      0E
  45 01b7 9E31755A 		.ascii	"\2361uZ[l\374\260\222n\337\227\336\222\017\236C/\264"
  45      5B6CFCB0 
  45      926EDF97 
  45      DE920F9E 
  45      432FB4
  46 01ca AB7E9000 		.ascii	"\253~\220\000[aO\007=d\355\220P/\024\224:oc\004\265"
  46      5B614F07 
  46      3D64ED90 
  46      502F1494 
  46      3A6F6304 
  47 01df 0675CBE3 		.ascii	"\006u\313\343'S$\035\026\243D\241'\352\327FK\304\362"
  47      2753241D 
  47      16A344A1 
  47      27EAD746 
  47      4BC4F2
  48 01f2 160384B5 		.ascii	"\026\003\204\265\356\306&\217\260\002\015.\303\270\332"
  48      EEC6268F 
  48      B0020D2E 
  48      C3B8DA
  49 0201 E6269AB8 		.ascii	"\346&\232\270J\215o\336\214\244\304\342\241(Y0\241("
  49      4A8D6FDE 
ARM GAS  /tmp/ccRveW8T.s 			page 4


  49      8CA4C4E2 
  49      A1285930 
  49      A128
  50 0213 716B78B9 		.ascii	"qkx\271O\235~Hu\223\273\352^)\250\210\333\320mxX\006"
  50      4F9D7E48 
  50      7593BBEA 
  50      5E29A888 
  50      DBD06D78 
  51 0229 312344C6 		.ascii	"1#D\306w\246Osl\357P\254\377\206\322\233E\307\231\312"
  51      77A64F73 
  51      6CEF50AC 
  51      FF86D29B 
  51      45C799CA 
  52 023d 608A9BC1 		.ascii	"`\212\233\3014A;\230\351\015\266kg[\314\003\021<\316"
  52      34413B98 
  52      E90DB66B 
  52      675BCC03 
  52      113CCE
  53 0250 DC6676B9 		.ascii	"\334fv\271\315z\334:\032\300C\261<\240\301\306\271\001"
  53      CD7ADC3A 
  53      1AC043B1 
  53      3CA0C1C6 
  53      B901
  54 0262 3F93F101 		.ascii	"?\223\361\001\300\034!P\257\305k\220\242z\3006\311\335"
  54      C01C2150 
  54      AFC56B90 
  54      A27AC036 
  54      C9DD
  55 0274 36AFC126 		.ascii	"6\257\301&l\241\006\331\275s\024\263\367\252\326@\300"
  55      6CA106D9 
  55      BD7314B3 
  55      F7AAD640 
  55      C0
  56 0285 7C6A9074 		.ascii	"|j\220t\023\341\006\335D\2354\374ot_9\230F\361-\240"
  56      13E106DD 
  56      449D34FC 
  56      6F745F39 
  56      9846F12D 
  57 029a 46015C5E 		.ascii	"F\001\\^\375H\352\263\365\370\372\002\320\321\347\377"
  57      FD48EAB3 
  57      F5F8FA02 
  57      D0D1E7FF 
  58 02aa A210C782 		.ascii	"\242\020\307\202A\373LE\250,t\366\234}\241\332\256("
  58      41FB4C45 
  58      A82C74F6 
  58      9C7DA1DA 
  58      AE28
  59 02bc ADB42B43 		.ascii	"\255\264+Cev\365\245\213\345\245\341j;\\\036N\271\301"
  59      6576F5A5 
  59      8BE5A5E1 
  59      6A3B5C1E 
  59      4EB9C1
  60 02cf F3420B55 		.ascii	"\363B\013UA\031\206\253\253\376\002!\233v\011"
  60      411986AB 
  60      ABFE0221 
  60      9B7609
  61              		.text
ARM GAS  /tmp/ccRveW8T.s 			page 5


  62              		.section	.gnu.lto_get.3e1e92746d099ff5,"",%progbits
  63 0000 789C9594 		.ascii	"x\234\225\224\317KTQ\024\307\357y\367\375p\306l\264"
  63      CF4B5451 
  63      14C7EF79 
  63      F7FD70C6 
  63      6CB4
  64 0012 451448B8 		.ascii	"E\024H\270HD\242yF?\026m\373\003Z\264j\251!8\340\220"
  64      4844A279 
  64      463F166D 
  64      FB035AB4 
  64      6AA92138 
  65 0028 34ADF3E9 		.ascii	"4\255\363\351\370#-B05\037\217aj\220R\211\222F\263i"
  65      F8232D42 
  65      30351F8F 
  65      616A9052 
  65      899246B3 
  66 003d D449CDFC 		.ascii	"\324I\315\3745f\245Q-$\022\305\037`T\346*\254s\356\235"
  66      3566A551 
  66      2D2412C5 
  66      1F6054E6 
  66      2AAC73EE 
  67 0052 D26AA30F 		.ascii	"\322j\243\017\336}\367\235{\316\347|\317=\227\2533\306"
  67      DE7DF79D 
  67      7BCEE77C 
  67      CF3D97AB 
  67      33C6
  68 0064 422A63A7 		.ascii	"B*c\247\360[\200/\323\031(\014_\2053f)\270b\251\034"
  68      F05B802F 
  68      D319280C 
  68      5F853366 
  68      29B862A9 
  69 0079 34B4A862 		.ascii	"4\264\250b\324\000\320\011X\271\302U\015\312\341:\277"
  69      D400D009 
  69      58B9C255 
  69      0DCAE13A 
  69      BF
  70 008a C9E155D5 		.ascii	"\311\341U\325C\207_\343\016G/\374\375\222\264\347\367"
  70      43875FE3 
  70      0E472FFC 
  70      FD92B4E7 
  70      F7
  71 009b D22F400E 		.ascii	"\322/@\016\376\266\365\005\343\220\177\327\302'\321"
  71      FEB6F505 
  71      E3907FD7 
  71      C227D1
  72 00aa D2AB87A2 		.ascii	"\322\253\207\242\323\226\313\341\012kF\367(d\303#\310"
  72      D396CBE1 
  72      0A6B46F7 
  72      2864C323 
  72      C8
  73 00bb 266437E4 		.ascii	"&d7\344\243\363\233\344l\203\301\275\300p\336\370}5"
  73      A3F39BE4 
  73      6C83C1BD 
  73      C070DEF8 
  73      7D35
  74 00cd A1E4B559 		.ascii	"\241\344\265YV\245\225\030\216p\353\260\3039\364\000"
  74      56A59518 
ARM GAS  /tmp/ccRveW8T.s 			page 6


  74      8E70EBB0 
  74      C339F400 
  75 00dd DF1E8826 		.ascii	"\337\036\210&\006\217!\217\374\277}\236\235p\361c\""
  75      068F218F 
  75      FCBF7D9E 
  75      9D70F163 
  75      22
  76 00ee B6B3273A 		.ascii	"\266\263':\276'7\"b7Z\367\335\011Z\243\226\352p\025"
  76      BE273722 
  76      62375AF7 
  76      DD095AA3 
  76      96EA7015 
  77 0102 7AFF8EA7 		.ascii	"z\377\216\247\007\335\235\232\216\005\316O\212\320\376"
  77      07DD9D9A 
  77      8E05CE4F 
  77      8AD0FE
  78 0111 C6F0809A 		.ascii	"\306\360\200\232\012]k\335_\021\264nQ\250\0061\031z"
  78      0A5D6BDD 
  78      5F11B46E 
  78      51A80631 
  78      197A
  79 0123 3C1B0AFE 		.ascii	"<\033\012\376\004~\352\332l\312\320Ux\012\271\360\004"
  79      047EEADA 
  79      6CCAD055 
  79      780AB9F0 
  79      04
  80 0134 72A928AC 		.ascii	"r\251(\254%\016\270\215\214\321\336\364\336\210\314"
  80      250EB88D 
  80      8CD1DEF4 
  80      DE88CC
  81 0143 B988D660 		.ascii	"\271\210\326`%\246\354\003\267\203\325B\310\277\345"
  81      25A6EC03 
  81      B783D542 
  81      C8BFE5
  82 0152 63501F22 		.ascii	"cP\037\"R\230\007\257\265\204\265\371\263\326J,\036"
  82      529807AF 
  82      B584B5F9 
  82      B3D64A2C 
  82      1E
  83 0163 8CAFBFCD 		.ascii	"\214\257\277\315\312\002,TWh\3408\030*\3154\232\351"
  83      CA022C54 
  83      5768E038 
  83      182ACD34 
  83      9AE9
  84 0175 34336848 		.ascii	"43hH\303Aq\003mF:#H\006#\234\207\314\23140v\225\304"
  84      C3417103 
  84      6D463A23 
  84      4806239C 
  84      87CC9934 
  85 018d B13A9AF2 		.ascii	"\261:\232\362\025\250\264\227C\0217i\265y\272\315\335"
  85      15A8B497 
  85      43113769 
  85      B579BACD 
  85      DD
  86 019e 0C4DB1E5 		.ascii	"\014M\261\345{C\2724\001\212o\256\036|iP'U\2613\361"
  86      7B43BA34 
  86      018A6FAE 
ARM GAS  /tmp/ccRveW8T.s 			page 7


  86      1E7C6950 
  86      2755B133 
  87 01b3 C1E4881E 		.ascii	"\301\344\210\036\206P\005\2662\307\341i\030\007\375"
  87      865005B6 
  87      32C7E169 
  87      1807FD
  88 01c2 241FD766 		.ascii	"$\037\327fj\337\315\245\233\367-\271\344\202\001\010"
  88      6ADFCDA5 
  88      9BF72DB9 
  88      E4820108 
  89 01d2 4393C807 		.ascii	"C\223\310\007\0110\005{\354\250$+\273D=\023(q\356\006"
  89      0930057B 
  89      ECA8242B 
  89      BB443D13 
  89      2871EE06 
  90 01e6 11B50055 		.ascii	"\021\265\000U\037\206N\244D\332T\214(\212\313\242\326"
  90      1F864EA4 
  90      44DA548C 
  90      288ACBA2 
  90      D6
  91 01f7 97DA8386 		.ascii	"\227\332\203\206\\\314D\326\242\023\035\361P\005\012"
  91      5CCC44D6 
  91      A2131DF1 
  91      50050A
  92 0206 5C8121B1 		.ascii	"\\\201!\261\325u\\\225\256\261\366\016.=\371\256\024"
  92      D5755C95 
  92      AEB1F60E 
  92      2E3DF9AE 
  92      14
  93 0217 19302C14 		.ascii	"\0310,\024Qfx\376\273\270\323\022\245\356\262\270\221"
  93      516678FE 
  93      BBB8D312 
  93      A5EEB2B8 
  93      91
  94 0228 ADE25E08 		.ascii	"\255\342^\010T\320\251y\257I\226\206\312\220H\374\037"
  94      54D0A979 
  94      AF499686 
  94      CA9048FC 
  94      1F
  95 0239 F5E7A52D 		.ascii	"\365\347\245-c{[\214\377\332\022>\344P\230\006\243\224"
  95      637B5B8C 
  95      FFDA123E 
  95      E4509806 
  95      A394
  96 024b 0FC6902E 		.ascii	"\017\306\220.\373\3329\237\332\025}G\002\217\222\266"
  96      FBDA399F 
  96      DA157D47 
  96      028F92B6 
  97 025b F12D6D13 		.ascii	"\361-m\023R[s\015H\212!A\335\265\223]nR\342\002\200"
  97      525B730D 
  97      488A2141 
  97      DDB5935D 
  97      6E52E202 
  98 0270 492460AE 		.ascii	"I$`\256\231z\341\263\3634\311\2554S`\"\233(_k\223\335"
  98      997AE1B3 
  98      F334C9AD 
  98      34536022 
ARM GAS  /tmp/ccRveW8T.s 			page 8


  98      9B285F6B 
  99 0286 25329707 		.ascii	"%2\227\007\253\026}\303\013\210/\341\005\324\202\275"
  99      AB167DC3 
  99      0B882FE1 
  99      05D482BD 
 100 0296 5EC36BCA 		.ascii	"^\303k\312\346ih\337\000\004g\362\330\312G<\015\036"
 100      E66968DF 
 100      000467F2 
 100      D8CA473C 
 100      0D1E
 101 02a8 D55E9D06 		.ascii	"\325^\235\006<\351\210\303\376\034\361z\3153%\276\""
 101      3CE988C3 
 101      FE1CF17A 
 101      CD3325BE 
 101      22
 102 02b9 DFD973E6 		.ascii	"\337\331s\346\305\200YRXj\226\372\212\314\300\345K\305"
 102      C5805952 
 102      586A96FA 
 102      8ACCC0E5 
 102      4BC5
 103 02cb 85FE80E9 		.ascii	"\205\376\200\351/\366\247\246\336\013L\361\225q\177"
 103      2FF6A7A6 
 103      DE0B4CF1 
 103      95717F
 104 02da A00C8A7E 		.ascii	"\240\014\212~\001)\223t\027"
 104      01299374 
 104      17
 105              		.text
 106              		.section	.gnu.lto_writes.3e1e92746d099ff5,"",%progbits
 107 0000 789C9594 		.ascii	"x\234\225\224\337K\024Q\024\307\357\2313?\\w\375\005"
 107      DF4B1451 
 107      14C7EF99 
 107      333F5C77 
 107      FD05
 108 0012 F6E6830F 		.ascii	"\366\346\203\017\211H\264S \321\017z\352\245\267\240"
 108      8948B453 
 108      20D10F7A 
 108      EAA5B7A0 
 109 0022 FE022DC1 		.ascii	"\376\002-\301\005\267\244\355\245\247\235\374\261Z\366"
 109      05B7A4ED 
 109      A5A79DFC 
 109      B15AF6
 110 0031 60A56B0D 		.ascii	"`\245k\015Kl\210m\020Q\222i\376\250V-Km3\323\0051(("
 110      4B6C886D 
 110      10519269 
 110      FEA8562D 
 110      4B6D33D3 
 111 0049 A3565723 		.ascii	"\243VW#\"!\312\255s\357\314\262\345\223\2730g\356\334"
 111      2221CAAD 
 111      73EFCCB2 
 111      E593BB30 
 111      67EEDC
 112 005c 7BBE9FFB 		.ascii	"{\276\237\373=g\356\254\312\030;\2410\266\217\356\273"
 112      3D67EEAC 
 112      CA183BA1 
 112      30B68FEE 
 112      BB
ARM GAS  /tmp/ccRveW8T.s 			page 9


 113 006d E8622A03 		.ascii	"\350b*\003\211\321%!c\206$S\220\021\350\0062P\032(\000"
 113      89D12521 
 113      63862453 
 113      9011E806 
 113      32501A28 
 114 0082 9404CC2F 		.ascii	"\224\004\314/\241\254\200\037.b\007\302l\323\275\020"
 114      A1AC801F 
 114      2E6207C2 
 114      6CD3BD10 
 115 0092 B6610829 		.ascii	"\266a\010)\213\036\277\305\314\217\371\374\021\240\224"
 115      8B1EBFC5 
 115      CC8FF9FC 
 115      11A094
 116 00a1 1E936B13 		.ascii	"\036\223k\023}\256\212\210a4\030\321\256\221\2037\032"
 116      7DAE8A88 
 116      613418D1 
 116      AE918337 
 116      1A
 117 00b2 9B0F8750 		.ascii	"\233\017\207PbA\312\356\203\022\270\017%\234\370\000"
 117      6241CAEE 
 117      8312B80F 
 117      259CF800 
 118 00c2 2A28772E 		.ascii	"*(w.\026o\327\320\015\214\306W~\254D\245\362\036\241"
 118      166FD7D0 
 118      0D8CC657 
 118      7EAC44A5 
 118      F21EA1
 119 00d5 5BEA4663 		.ascii	"[\352Fc{\010\021\372\001\377\025\322\024\203\001(\247"
 119      7B0811FA 
 119      01FF15D2 
 119      14830128 
 119      A7
 120 00e6 F45F6DF1 		.ascii	"\364_m\361\240\003w\013\351\245\317\221\024\330\322"
 120      A003770B 
 120      E9A5CF91 
 120      14D8D2
 121 00f5 DF3D422A 		.ascii	"\337=B*\303\303\315R\231\301\240\220n\030\035\301|\254"
 121      C3C3CD52 
 121      99C1A090 
 121      6E181DC1 
 121      7CAC
 122 0107 14D2A5E9 		.ascii	"\024\322\245\351\356v\315\226\316G\204T\202\241\315"
 122      EE76CD96 
 122      CE478454 
 122      82A1CD
 123 0116 5289C130 		.ascii	"R\211\3010\224\363\374\357_\343\323\016\334#\264\267"
 123      94F3FCEF 
 123      5FE3D30E 
 123      DC23B4B7 
 124 0126 FBFBA65C 		.ascii	"\373\373\246\\e\335B\233\352TL#\332T\032B\005F\376\227"
 124      65DD429B 
 124      EA544C23 
 124      DA541A42 
 124      0546FE97 
 125 013a F31F657F 		.ascii	"\363\037e\177\350Mu\346\2512<\2022\336\014\352\301c"
 125      E84D75E6 
 125      A9323C82 
ARM GAS  /tmp/ccRveW8T.s 			page 10


 125      32DE0CEA 
 125      C163
 126 014c A0EE3326 		.ascii	"\240\3563&\321b\357\352\317Q\225\243.\033\321\265\233"
 126      D162EFEA 
 126      CF5195A3 
 126      2E1BD1B5 
 126      9B
 127 015d 68DE12A8 		.ascii	"h\336\022\250\315]#\315\023(\343\204\273o\224\250\221"
 127      CD5D23CD 
 127      1328E384 
 127      BB6F94A8 
 127      91
 128 016e FAD36244 		.ascii	"\372\323bD\327\343\020\031vn\003r\251J< \0172\017\012"
 128      D7E31019 
 128      766E0372 
 128      A94A3C20 
 128      0F320F0A 
 129 0182 0F2A054D 		.ascii	"\017*\005M\343\243\034>r\360Q.\017NQ\223\013x?\363\030"
 129      E3A31C3E 
 129      72F0512E 
 129      0F4E5193 
 129      0B783FF3 
 130 0197 8716009F 		.ascii	"\207\026\000\237)\024\363E\300\233U,jg\255\334.;\317"
 130      2914F345 
 130      C09B552C 
 130      6A67ADDC 
 130      2E3BCF
 131 01aa 87B80C0D 		.ascii	"\207\270\014\015f\342\375Qn\336\304<\023]\214f\206\022"
 131      66E2FD51 
 131      6EDEC43C 
 131      135D8C66 
 131      8612
 132 01bc 894A6B06 		.ascii	"\211Jk\006\250\230`\363\330\214\306\017\204\"\33242"
 132      A89860F3 
 132      D88CC60F 
 132      8422DA34 
 132      32
 133 01cd 169B50C3 		.ascii	"\026\233P\303p\375\234a\030TT\016\311 \312\353\241\265"
 133      70FD9C61 
 133      1854540E 
 133      C920CAEB 
 133      A1B5
 134 01df F9968577 		.ascii	"\371\226\205wN\375\216a-I0\012a\350\024\273\301\030"
 134      4EFD8E61 
 134      2D49300A 
 134      61E814BB 
 134      C118
 135 01f1 E8023DE9 		.ascii	"\350\002=\351\266\310R\226\250q\201\022\307\367\251"
 135      B6C85296 
 135      A8718112 
 135      C7F7A9
 136 0200 40355E0D 		.ascii	"@5^\015\\S,\026\222Q\"\262O\320\2640n;/\240if\325\211"
 136      5C532C16 
 136      925122B2 
 136      4FD0B430 
 136      6E3B2FA0 
 137 0218 569D4389 		.ascii	"V\235C\211\345\275\326\232\234\345\336\3172eL\244\313"
ARM GAS  /tmp/ccRveW8T.s 			page 11


 137      E5BDD69A 
 137      9CE5DECF 
 137      32654CA4 
 137      CB
 138 0229 B0514A96 		.ascii	"\260QJ\226\250\347\2312^\244\3138k\241\012\311\030\001"
 138      A8E79932 
 138      5EA4CB38 
 138      6BA10AC9 
 138      1801
 139 023b 8565396D 		.ascii	"\205e9mye\277\265\250f\265\217\006\223b\037\211\357"
 139      7965BFB5 
 139      A866B58F 
 139      0693621F 
 139      89EF
 140 024d 3395B67C 		.ascii	"3\225\266|\300BiYZ\236\316X~iY\016\005\022v\347I\310"
 140      C0426959 
 140      5A9ECE58 
 140      7E69590E 
 140      051276E7 
 141 0263 892C0981 		.ascii	"\211,\011\201p\276\370\002\01008\230|\253\3717\214\234"
 141      70BEF802 
 141      08303898 
 141      7CABF937 
 141      8C9C
 142 0275 103A825C 		.ascii	"\020:\202\\\0101\3603\221\\d\2423\204\271\326!K\332"
 142      0831F033 
 142      915C64A2 
 142      3384B9D6 
 142      214BDA
 143 0288 3D746CC9 		.ascii	"=tl\311\320N\356\345U\306\313\214\345%\030\000\213\222"
 143      D04EEEE5 
 143      55C6CB8C 
 143      E5251800 
 143      8B92
 144 029a 4B686271 		.ascii	"Khbq\364\374\0051\267u\354\353\014v\026t\3232h&V\355"
 144      F4FC0531 
 144      B775ECEB 
 144      0C761674 
 144      D3326826 
 145 02b0 B3544C68 		.ascii	"\263TLh\306\326\201\370\005\022\025R\210\213\213Ho\211"
 145      C6D681F8 
 145      05121552 
 145      888B8B48 
 145      6F89
 146 02c2 DE157EA1 		.ascii	"\336\025~\241\277\324.:\033k\320\020\036\230\263\275"
 146      BFD42E3A 
 146      1B6BD010 
 146      1E98B3BD 
 147 02d2 14F3B3D2 		.ascii	"\024\363\263\322\312\201\364\006v\270\335\372\241ZO"
 147      CA81F406 
 147      76B8DDFA 
 147      A15A4F
 148 02e1 B5E7C831 		.ascii	"\265\347\3101\375\224O\257\255\252\323\353<\325\272"
 148      FD944FAF 
 148      ADAAD3EB 
 148      3CD5BA
 149 02f0 EFCCE99A 		.ascii	"\357\314\351\232*\257O\367\326x\355\241\3738\223<\365"
ARM GAS  /tmp/ccRveW8T.s 			page 12


 149      2AAF4FF7 
 149      D678EDA1 
 149      FB38933C 
 149      F5
 150 0301 52753D9C 		.ascii	"Ru=\234D\257\257\376/+\216\256\331"
 150      44AFAFFE 
 150      2F2B8EAE 
 150      D9
 151              		.text
 152              		.section	.gnu.lto_reads.3e1e92746d099ff5,"",%progbits
 153 0000 789C9594 		.ascii	"x\234\225\224\317KTQ\024\307\357y\347\375\230\321\361"
 153      CF4B5451 
 153      14C7EF79 
 153      E7FD98D1 
 153      F1
 154 0011 17D8CE85 		.ascii	"\027\330\316\205\213D$\234W Q\213j\321\246]P\177\201"
 154      8B44249C 
 154      5720518B 
 154      6AD1A65D 
 154      507F81
 155 0024 86E08053 		.ascii	"\206\340\200S\322\264i5/\177\214\232.\254t\214\307\020"
 155      D2B46935 
 155      2F7F8C9A 
 155      2EAC748C 
 155      C710
 156 0036 C6A01611 		.ascii	"\306\240\026\021%\231\245Y\215?\232R\033\315T\020\212"
 156      2599A559 
 156      8D3F9A52 
 156      1BCD5410 
 156      8A
 157 0047 827E6096 		.ascii	"\202~`\226Y\021\005b\216\235{\357\014S\256\234\201w"
 157      59110562 
 157      8E9D7BEF 
 157      0C53AE9C 
 157      8177
 158 0059 DFFD71BE 		.ascii	"\337\375q\276\237\373=\347\3367:c\254Rcl?\275w\323\303"
 158      9FFB3DE7 
 158      DE373A63 
 158      AC52636C 
 158      3FBD77D3 
 159 006e 74060AA3 		.ascii	"t\006\012\243GA\306,E\245FE\240\027\250@a\240\001P\020"
 159      4741C62C 
 159      45A54645 
 159      A017A840 
 159      61A00150 
 160 0083 30BF82AA 		.ascii	"0\277\202\252\006~h\305v\204\331\372\333!l\301\020R"
 160      067E68C5 
 160      7684D9FA 
 160      DB216CC1 
 160      1052
 161 0095 140D7FC4 		.ascii	"\024\015\177\304\354\367\331|\010PH\303\225\325h\277"
 161      ECF7D97C 
 161      085048C3 
 161      95D568BF 
 162 00a5 ABA4D7B2 		.ascii	"\253\244\327\262j\255H\347\367\003W\353\032\216\204"
 162      6AAD48E7 
 162      F70357EB 
ARM GAS  /tmp/ccRveW8T.s 			page 13


 162      1A8E84
 163 00b4 5061418A 		.ascii	"PaA\212\356\207\002\270\003\005\234x\027J(v.\266\320"
 163      EE8702B8 
 163      03059C78 
 163      174A2876 
 163      2EB6D0
 164 00c7 66A01B18 		.ascii	"f\240\033\030\365/\375\372\022Q\212\273\205\356u\030"
 164      F52FFDFA 
 164      12518ABB 
 164      85EE7518 
 165 00d7 AD9D2144 		.ascii	"\255\235!D\030\000\374WHS\014\356A1\205\257\267,\004"
 165      1800FC57 
 165      48530CEE 
 165      413185AF 
 165      B72C04
 166 00ea 9DB84748 		.ascii	"\235\270GH/,\365\306!!\035\357\026R\025\356o\225\252"
 166      2F2CF5C6 
 166      21211DEF 
 166      165215EE 
 166      6F95AA
 167 00fd 0C068574 		.ascii	"\014\006\205t\303j\017fc\231\220~\230\012\267\031\311"
 167      C36A0F66 
 167      6399907E 
 167      980AB719 
 167      C9
 168 010e 5D7B8454 		.ascii	"]{\204T\201\241\255R\205\301\003(\346\361?\277-L9q\257"
 168      81A1AD52 
 168      85C10328 
 168      E6F13FBF 
 168      2D4C3971 
 169 0123 D0DE18E8 		.ascii	"\320\336\030\350\237t\025\205\205v\272S\263\255H}a\010"
 169      9F741585 
 169      8576BA53 
 169      B3AD487D 
 169      6108
 170 0135 3518FE5F 		.ascii	"5\030\376_\316\177\024\375\256/\336\221\245\253\360"
 170      CE7F14FD 
 170      AE2FDE91 
 170      A5ABF0
 171 0144 108A7831 		.ascii	"\020\212x1\250\006\217\200\252\317\230B\213}_\327Ft"
 171      A8068F80 
 171      AACF9842 
 171      8B7D5FD7 
 171      4674
 172 0156 8EBA6845 		.ascii	"\216\272hE\342\275h_\023\250\255U#\315c(\342\204[/\265"
 172      E2BD685F 
 172      13A8AD55 
 172      23CD6328 
 172      E2845B2F 
 173 016b 8815DF6C 		.ascii	"\210\025\337l\264\"\321%\350\011\267\302\016 \233\272"
 173      B422D125 
 173      E809B7C2 
 173      0E209BBA 
 174 017b C21BE48D 		.ascii	"\302\033\344\215\312\033\2157:O\335\340=\007\3579y/"
 174      CA1B8D37 
 174      3A4FDDE0 
 174      3D07EF39 
ARM GAS  /tmp/ccRveW8T.s 			page 14


 174      792F
 175 018d 83379922 		.ascii	"\2037\231\")\027\360\202f1N\315\001>\223+\346\363\200"
 175      2917F082 
 175      66314ECD 
 175      013E932B 
 175      E6F380
 176 01a0 572B5F24 		.ascii	"W+_$\317\232\270_\326\314\273\370\031j\355\345\265c"
 176      CF9AB85F 
 176      D6CCBBF8 
 176      196AEDE5 
 176      B563
 177 01b2 DCBD8D59 		.ascii	"\334\275\215Y6\272\030\315\014-\257\227\311\031\240"
 177      36BA18CD 
 177      0C2DAF97 
 177      C919A0
 178 01c1 6C820DA3 		.ascii	"l\202\015\2433\006\277\021\232\250\323\360h,\252w\301"
 178      3306BF11 
 178      9AA8D3F0 
 178      682CAA77 
 178      C1
 179 01d2 95739665 		.ascii	"\225s\226eQV\006\311 \302\023\242\265\371\306\3057\231"
 179      515606C9 
 179      20C213A2 
 179      B5F9C6C5 
 179      3799
 180 01e4 E64D4B2E 		.ascii	"\346MK.)0\002]\320!v\203Q0\005z\242T\222\2254Qc\002"
 180      2930025D 
 180      D0217683 
 180      5130057A 
 180      A2549295 
 181 01fc 25EEEFB8 		.ascii	"%\356\357\270@\325]\0164k\222\205d\224\210\354#\324"
 181      40D55D0E 
 181      346B9285 
 181      649488EC 
 181      23D4
 182 020e 2F8E259C 		.ascii	"/\216%\234\347\3204\223y\242\314sh\371\317>\271\246"
 182      E7D03493 
 182      79A2CC73 
 182      68F9CF3E 
 182      B9A6
 183 0220 A6B9F793 		.ascii	"\246\271\367\223T\032\321d\032\246Dii\242\236\246\322"
 183      541AD164 
 183      1AA64469 
 183      69A29EA6 
 183      D2
 184 0231 78964CE3 		.ascii	"x\226L\343\254D\345\2221\002\012\313j\322\362F\342h"
 184      AC44E592 
 184      31020ACB 
 184      6AD2F246 
 184      E268
 185 0243 F4B4F651 		.ascii	"\364\264\366QaB\354\243\360}&\223\226\017I\224\221\246"
 185      6142ECA3 
 185      F07D2693 
 185      960F4994 
 185      91A6
 186 0255 E5A994E5 		.ascii	"\345\251\224\345\347\322r(p\335\220,\0079#\"[\201@W"
 186      E7D27228 
ARM GAS  /tmp/ccRveW8T.s 			page 15


 186      70DD902C 
 186      07392322 
 186      5B814057 
 187 0269 B6F80408 		.ascii	"\266\370\004\01008\270\362\312\360oX\216\020:\202\\"
 187      3038B8F2 
 187      CAF06F58 
 187      8E103A82 
 187      5C
 188 027a 0831F033 		.ascii	"\0101\3603\033\363D|f\010\235\362\222\305\017J\210s"
 188      1BF3447C 
 188      66089DF2 
 188      92C50F4A 
 188      8873
 189 028c 5B864AB9 		.ascii	"[\206J\271\227\351\224\227\031\351%\030\000I\311 \264"
 189      97E99497 
 189      19E92518 
 189      0049C920 
 189      B4
 190 029d 2DD1F3E7 		.ascii	"-\321\363\347\305\334\366\261/R\330Y0\211\305\304w\261"
 190      C5DCF6B1 
 190      2F52D859 
 190      3089C5C4 
 190      77B1
 191 02af 99B84BF9 		.ascii	"\231\270K\371\204f\3547\020?G\241Dr\321~\213tJtV\370"
 191      8466EC37 
 191      103F47A1 
 191      4472D17E 
 191      8B744A74 
 192 02c5 89FE533B 		.ascii	"\211\376S;\351n\254Bm\327\346\\\302K>\277+M\034H'\260"
 192      E96EAC42 
 192      6DD7E65C 
 192      C24B3EBF 
 192      2B4D1C48 
 193 02db CBED360F 		.ascii	"\313\3556\017Wy*<G\217\233\247|fUy\265Y\355\2510}gN"
 193      57792A3C 
 193      478F9BA7 
 193      7C665579 
 193      B559EDA9 
 194 02f3 57967B7D 		.ascii	"W\226{}\246\267\322\233\350\272O0\305S\243T\324\300"
 194      A6B7D29B 
 194      E8BA4F30 
 194      C553A354 
 194      D4C0
 195 0305 49F4FA6A 		.ascii	"I\364\372j\376\002\324\363\257;"
 195      FE02D4F3 
 195      AF3B
 196              		.text
 197              		.section	.gnu.lto_msObjectInit.3e1e92746d099ff5,"",%progbits
 198 0000 789C9D92 		.ascii	"x\234\235\222\337K\223Q\030\307\317w\317\373c2\224."
 198      DF4B9351 
 198      18C7CF77 
 198      CFFB6332 
 198      942E
 199 0012 0A22BCF0 		.ascii	"\012\"\274\360\"X\022\354\205\356\272\011\242\213\272"
 199      225812EC 
 199      85EEBA09 
 199      A28BBA
ARM GAS  /tmp/ccRveW8T.s 			page 16


 200 0021 EBA2BFC0 		.ascii	"\353\242\277\300\305\304\201\303pu\023\301^\247k\223"
 200      C5C481C3 
 200      707513C1 
 200      5EA76B93 
 201 0031 7E5CE592 		.ascii	"~\\\345\222\361&\243\\\273\032\031\226\245\263\266V"
 201      F126A35C 
 201      BB1A1996 
 201      A5B3B656 
 202 0041 AEF24761 		.ascii	"\256\362Ga$$\225FF\224P\021\012\231\224\366\234\263"
 202      24249546 
 202      46945011 
 202      0A9994F6 
 202      9CB3
 203 0053 0525DDE4 		.ascii	"\005%\335\344\201\303{\316y\237\357\347\371\236\347"
 203      81C37BCE 
 203      799FEFE7 
 203      F99EE7
 204 0062 398610A2 		.ascii	"9\206\020\242\227\204\330\317\337m<\005\011\270\004"
 204      9784D8CF 
 204      DF6D3C05 
 204      09B804
 205 0071 4F803710 		.ascii	"O\2007\020\021\027\"8K\027\010\245\370\373aWc\326\346"
 205      11172238 
 205      4B1708A5 
 205      F8FB6157 
 205      63D6E6
 206 0084 51BCD867 		.ascii	"Q\274\330g\236\266c\333\035\026&I\250\201A4r\324t\327"
 206      9EB663DB 
 206      1D162649 
 206      A8814134 
 206      72D474D7 
 207 0098 804367C8 		.ascii	"\200Cg\310!@\343\355\327\251\324B\235\334\272\320\300"
 207      2140E3ED 
 207      D7A9D442 
 207      9DDCBAD0 
 207      C0
 208 00a9 DBA52F33 		.ascii	"\333\245/3\0235\344\203\340\365\312\354\320.o\306\266"
 208      1335E483 
 208      E0F5CAEC 
 208      D02E6FC6 
 208      B6
 209 00ba A37671B2 		.ascii	"\243vq\262\237\354\235\016\021\206@\314\303M\324\343"
 209      9FEC9D0E 
 209      118640CC 
 209      C34DD4E3 
 210 00ca 06EA051F 		.ascii	"\006\352\005\037\011\334\202\227\243\263]\371\331\032"
 210      09DC8297 
 210      A3B35DF9 
 210      D91A
 211 00d8 DAA39403 		.ascii	"\332\243\224\003\363\313+\356\252\364GFI5\334\336(\325"
 211      F3CB2BEE 
 211      AAF44746 
 211      4935DCDE 
 211      28D5
 212 00ea 048695F4 		.ascii	"\004\206\225\364r\307\314D-\355U\3227\335\271sZUZ\276"
 212      72C7CC44 
 212      2DED55D2 
ARM GAS  /tmp/ccRveW8T.s 			page 17


 212      37DDB973 
 212      5A555ABE 
 213 00fe B4F54AA7 		.ascii	"\264\365J\247}\310!\035#\033\305\272@^\211\277eKc\032"
 213      7DC8211D 
 213      231BC5BA 
 213      405E89BF 
 213      654B631A 
 214 0112 ED53E2C5 		.ascii	"\355S\342\305\344\370\210\376;o\305\262\216\321\177"
 214      E4F888FE 
 214      3B6FC5B2 
 214      8ED17F
 215 0121 48EFC02B 		.ascii	"H\357\300+\343\337^_\353\2515\264J\211p\027\206\220"
 215      E3DF5E5F 
 215      EBA935B4 
 215      4A897017 
 215      8690
 216 0133 35BDF64C 		.ascii	"5\275\366L/\332k\353q\273\370.\203\302A\017W\232\257"
 216      2FDA6BEB 
 216      71BBF82E 
 216      83C2410F 
 216      579AAF
 217 0146 A841BA35 		.ascii	"\250A\2725 \323\272\241\010\"\241J\333M\334\017ZDt5"
 217      20D3BAA1 
 217      0822A14A 
 217      DB4DDC0F 
 217      5A447435 
 218 015a 9ECB9F92 		.ascii	"\236\313\237\222\030F'c\245\247\246\254+)g\243\245\251"
 218      18462763 
 218      A5A7A6AC 
 218      2B2967A3 
 218      A5A9
 219 016c B291465F 		.ascii	"\262\221F_\0077'\275\303!#\305\005/\260\035\371\363"
 219      073727BD 
 219      C32123C5 
 219      052FB01D 
 219      F9F3
 220 017e 79FCC59C 		.ascii	"y\374\305\234\307\312\311\30658d\242\2104z\024\032\367"
 220      C7CAC9C6 
 220      353864A2 
 220      88347A14 
 220      1AF7
 221 0190 60FD0933 		.ascii	"`\375\0113\025\254s\265\260T\027\371is{\315\264\214"
 221      15AC73B5 
 221      B05417F9 
 221      69737BCD 
 221      B48C
 222 01a2 E3B3EFD3 		.ascii	"\343\263\357\323\237\022\036\231`\213Cn\334\3477Q\252"
 222      9F121E99 
 222      608B436E 
 222      DCE73751 
 222      AA
 223 01b3 D23BFB07 		.ascii	"\322;\373\007c\340\350^\316|\025\222\361\200\371\314"
 223      63E0E85E 
 223      CE7C1592 
 223      F180F9CC 
 224 01c3 1E4344B0 		.ascii	"\036CD\260\353\324\307\227\013f\325\365\177\330\324"
 224      EBD4C797 
ARM GAS  /tmp/ccRveW8T.s 			page 18


 224      0B66D5F5 
 224      7FD8D4
 225 01d2 505636D5 		.ascii	"PV6\325+|\010+\305\375T\264W\233\241\351x\244h.I{,i"
 225      2B7C082B 
 225      C5FD54B4 
 225      579BA1E9 
 225      78A4682E 
 226 01ea 4685F67A 		.ascii	"F\205\366zs\264qESm\235\2204\267\244-\177\230\333\034"
 226      73B47145 
 226      536D9D90 
 226      34B7A42D 
 226      7F98DB1C 
 227 01fe 6D52D134 		.ascii	"mR\3214I\233\372\273!:\004\236\260\3523\242\351\365"
 227      499BFABB 
 227      213A049E 
 227      B0EA33A2 
 227      E9F5
 228 0210 F3506F48 		.ascii	"\363PoH\216\204\254\013_f\267\317g\035h\011\372\203"
 228      8E84AC0B 
 228      5F66B7CF 
 228      671D6809 
 228      FA83
 229 0222 878F586D 		.ascii	"\207\217Xma\253\245\251\325j\015\372\255\360\361\366"
 229      61ABA5A9 
 229      D56A0DFA 
 229      ADF0F1F6 
 230 0232 4053286C 		.ascii	"@S(l\205\002\241\352\322wTP(|\314\360\237hn\016\264"
 230      8502A1EA 
 230      D2775450 
 230      287CCCF0 
 230      9F686E0E 
 231 0247 6BE1E0C9 		.ascii	"k\341\340\311\000\005\332\302\277\000f\264<\261"
 231      0005DAC2 
 231      BF0066B4 
 231      3CB1
 232              		.text
 233              		.section	.gnu.lto_vmt.3e1e92746d099ff5,"",%progbits
 234 0000 789C6363 		.ascii	"x\234cc``\230\011\304\272\014\0200\205\231q\347\316"
 234      60609809 
 234      C4BA0C10 
 234      30859971 
 234      E7CE
 235 0012 37B7D9EB 		.ascii	"7\267\331\353\3776t44<\350^\317\\;\207\231a\0323\206"
 235      FF367434 
 235      343CE85E 
 235      CF5C3B87 
 235      99611A33 
 236 0027 D48247CC 		.ascii	"\324\202G\314s\230\031\24713bH,\003J0Mcf\302\220x\306"
 236      739819A7 
 236      31336248 
 236      2C034A30 
 236      4D6366C2 
 237 003e 34879979 		.ascii	"4\207\231y\03233X\342\353\263'\3739,\2665t,hp\230\303"
 237      1A333358 
 237      E2EBB327 
 237      FB392CB6 
 237      35742C68 
ARM GAS  /tmp/ccRveW8T.s 			page 19


 238 0055 CC329599 		.ascii	"\3142\225\231\201q\033c\375TfF\306\255 \212\211q\013"
 238      81711B63 
 238      FD546646 
 238      C6AD208A 
 238      89710B
 239 0068 886266DC 		.ascii	"\210bf\334\314X\317\300\270\235\321\202A[OO\3379#3)"
 239      CC58CFC0 
 239      B89DD182 
 239      415B4F4F 
 239      DF392333 
 240 007d D33F583F 		.ascii	"\323?X?\277X?#1G?'3I\277\270\244(51\267X?75\027\312"
 240      BF583F23 
 240      31473F27 
 240      3349BFB8 
 240      A4283531 
 241 0098 D44B6600 		.ascii	"\324Kf\000\000\371\364I\233"
 241      00F9F449 
 241      9B
 242              		.text
 243              		.section	.gnu.lto_.symbol_nodes.3e1e92746d099ff5,"",%progbits
 244 0000 789C6363 		.ascii	"x\234cc``\350\003b\006\246>\246z\006\206\011\347\030"
 244      6060E803 
 244      6206A63E 
 244      A67A0686 
 244      09E718
 245 0013 1880D48E 		.ascii	"\030\200\324\216\205\007\033\330\200b\375L\365\214\350"
 245      85071BD8 
 245      8062FD4C 
 245      F58CE8
 246 0022 623D4CF5 		.ascii	"b=L\365L\350b\275L\365\314\350b\023\231\352Y`b\273\032"
 246      4CE862BD 
 246      4CF5CCE8 
 246      621399EA 
 246      596062BB 
 247 0037 1D191858 		.ascii	"\035\031\030X'01\264(1003Nb\252g\005K10448\000E\230"
 247      273031B4 
 247      28313030 
 247      334E62AA 
 247      67054B31 
 248 0052 D81816B7 		.ascii	"\330\030\026\267\277\221gf\206\320\014\000\3059$\272"
 248      BF916766 
 248      86D00C00 
 248      C53924BA 
 249              		.text
 250              		.section	.gnu.lto_.refs.3e1e92746d099ff5,"",%progbits
 251 0000 789C6363 		.ascii	"x\234cc``\020\000bF\026&VF\026V&&&f&\006&F\006\000\003"
 251      60601000 
 251      62461626 
 251      56461656 
 251      26262666 
 252 001b 4F003B   		.ascii	"O\000;"
 253              		.text
 254              		.section	.gnu.lto_.decls.3e1e92746d099ff5,"",%progbits
 255 0000 789C8D57 		.ascii	"x\234\215WkP\024\331\025\356\323w\030f\206\227Aw\343"
 255      6B5014D9 
 255      15EED377 
 255      18668697 
ARM GAS  /tmp/ccRveW8T.s 			page 20


 255      4177E3
 256 0013 A6F8E12A 		.ascii	"\246\370\341*&l\266\226\021wkc\245\362cS\376\330\344"
 256      266CB696 
 256      11776B63 
 256      A5F26353 
 256      FED8E4
 257 0026 87D9AAB8 		.ascii	"\207\331\252\270I\025\177\202\200\203\314\026\014\024"
 257      49157F82 
 257      8083CC16 
 257      0C14
 258 0034 3364D7FC 		.ascii	"3d\327\374j^\212\017\024\304U\020Q\304\007\002\262B"
 258      6A5E8A0F 
 258      14C45510 
 258      51C40702 
 258      B242
 259 0046 01BE4019 		.ascii	"\001\276@\031Q|\363\020\027P\0011\200(\370\000T \210"
 259      517CF310 
 259      17500131 
 259      8028F800 
 259      542088
 260 0059 42CEBDB7 		.ascii	"B\316\275\267{\246\031\007\327.\316t\337s\317\343;\217"
 260      7BA61907 
 260      D72ECE74 
 260      DF73CFE3 
 260      3B8F
 261 006b 7BBAD10A 		.ascii	"{\272\321\012\2020\351'\010_\210\202\020\2174\203\227"
 261      8230E927 
 261      085F8882 
 261      108F3483 
 261      97
 262 007c 27F2CE0B 		.ascii	"'\362\316\013\316K\213\324\212\324\216\324\2074\204"
 262      CE4B8BD4 
 262      8AD48ED4 
 262      873484
 263 008b F40108C2 		.ascii	"\364\001\010\302R$\374\023~\013\302\254\3530\256\015"
 263      5224FC13 
 263      7E0BC2AC 
 263      EB30AE0D 
 264 009b 78F7475A 		.ascii	"x\367GZ\200\324\202\024\206TGy\270\027\212\367\001\244"
 264      80D48214 
 264      86544779 
 264      B8178AF7 
 264      01A4
 265 00ad 5FE17327 		.ascii	"_\341s'\336\011\222\016\237\275\220|e\233\324\037\275"
 265      DE09920E 
 265      9FBD907C 
 265      659BD41F 
 265      BD
 266 00be FFCEC576 		.ascii	"\377\316\305v\331\034\266\251]j\337\235mjW\257\262\335"
 266      D91CB6A9 
 266      5D6ADF9D 
 266      6D6A57AF 
 266      B2DD
 267 00d0 2EDB0E72 		.ascii	".\333\016r\261}\231bP\331\356\224m\367\270\301\375\011"
 267      B17D9962 
 267      50D9EE94 
 267      6DF7B8C1 
ARM GAS  /tmp/ccRveW8T.s 			page 21


 267      FD09
 268 00e2 9211DEC6 		.ascii	"\222\021\336\306.\3129Rr\263\314\305G\233\013~\305\307"
 268      2ECA3952 
 268      72B3CCC5 
 268      479B0B7E 
 268      C5C7
 269 00f4 80CA87AB 		.ascii	"\200\312\207\253}5~Q\316\277b?\304\305\376\247(\240"
 269      7D357E51 
 269      CEBF623F 
 269      C4C5FEA7 
 269      28A0
 270 0106 C7FB1A95 		.ascii	"\307\373\032\225\017jw@\366Emk\250]$\017\\\373\310v"
 270      0F6A7740 
 270      F6456D6B 
 270      A85D240F 
 270      5CFBC876 
 271 011a 9518F4B2 		.ascii	"\225\030\364\262\335\017\346\250\355*\221\353\275F\032"
 271      DD0FE6A8 
 271      ED2A91EB 
 271      BD461A
 272 0129 439A409A 		.ascii	"C\232@\232\024\270=\015\336\247in\361\371\215\300\223"
 272      14B83D0D 
 272      DEA7696E 
 272      F1F98DC0 
 272      93
 273 013a AC91F3DD 		.ascii	"\254\221\363\335*\343\356\023\336\276v\022\030J\312"
 273      2AE3EE13 
 273      DEBE7612 
 273      184ACA
 274 0149 28F5EE81 		.ascii	"(\365\356\201n\352\015\346\001\310\336\325\027]\317"
 274      6EEA0DE6 
 274      01C8DED5 
 274      175DCF
 275 0158 2817702F 		.ascii	"(\027p/x\211\240lr)W5\266\007\234D\301)\353\324PYU)"
 275      7889A06C 
 275      72295735 
 275      B6079C44 
 275      C129EBD4 
 276 0170 03BB0406 		.ascii	"\003\273\004\006E\215\205!\003Aa+\356\301!\243\310\253"
 276      458D8521 
 276      0341612B 
 276      EEC121A3 
 276      C8AB
 277 0182 AC82ACE4 		.ascii	"\254\202\254\344\016\235\300kL\223\320u|\344\212\307"
 277      0E9DC06B 
 277      4C93D075 
 277      7CE48AC7 
 278 0192 7DB887A2 		.ascii	"}\270\207\242\241\276B\246.\026(wf\370\305=o\"\262\347"
 278      A1BE42A6 
 278      2E162877 
 278      66F8C53D 
 278      6F22B2E7 
 279 01a6 A98D07EA 		.ascii	"\251\215\007\352\274\211\226=\247nj\270\351\027|L\342"
 279      BC89963D 
 279      A76E6AB8 
 279      E9177C4C 
 279      E2
ARM GAS  /tmp/ccRveW8T.s 			page 22


 280 01b7 97CE2CC0 		.ascii	"\227\316,\300\011 J>\217\247\365\027\353\266\020\010"
 280      09204A3E 
 280      8FA7F517 
 280      EBB61008 
 281 01c7 30C00CD0 		.ascii	"0\300\014\320\365\223\323\223>|M\267\253\354/\3124\344"
 281      F593D393 
 281      3E7C4DB7 
 281      ABEC2FCA 
 281      34E4
 282 01d9 8FF459AC 		.ascii	"\217\364Y\254(\353\377\016\202\014G\250\025\373\303"
 282      28EBFF0E 
 282      820C47A8 
 282      15FBC3
 283 01e8 9CE0B48D 		.ascii	"\234\340\264\215\222$B-\030\340\014\0208\011\3014\236"
 283      9224422D 
 283      18E00C10 
 283      3809C134 
 283      9E
 284 01f9 00DAB3E9 		.ascii	"\000\332\263\351\222\224,I\007%\262P\200\317\003`Y\200"
 284      92942C49 
 284      0725B250 
 284      80CF0360 
 284      5980
 285 020b 00351044 		.ascii	"\0005\020DmR)8\015\001p\012\002\250\375\342\375G/\372"
 285      6D522938 
 285      0D01700A 
 285      02A8FDE2 
 285      FD472FFA 
 286 021f 90F5CCFE 		.ascii	"\220\365\314\376\275\262\341&\342p\320|tqe\032uP\207"
 286      BDB2E126 
 286      E270D07C 
 286      7471651A 
 286      755087
 287 0232 0ECE3A1D 		.ascii	"\016\316:\035\240?\367\036\316\271\367P\325\323Z\344"
 287      A03FF71E 
 287      CEB9F750 
 287      D5D35AE4 
 288 0242 A5C18232 		.ascii	"\245\301\2022C\026\015\345]\334\274e5c\205y\203\035"
 288      43160DE5 
 288      5DDCBC65 
 288      35638579 
 288      831D
 289 0254 18AB6166 		.ascii	"\030\253af\302\356\207q\373\033@\304e\353\310\215|/"
 289      C2EE8771 
 289      FB1B40C4 
 289      65EBC88D 
 289      7C2F
 290 0266 5C2E30C0 		.ascii	"\\.0\300<\\\246e\224\3556\340R\213Y\242s\017Y\375#\257"
 290      3C5CA665 
 290      94ED36E0 
 290      528B59A2 
 290      730F59FD 
 291 027c 4E68388B 		.ascii	"Nh8\213\342\375\001Y\371\271]\025\276\244\024X\346n"
 291      E2FD0159 
 291      F9B95D15 
 291      BEA41458 
 291      E66E
ARM GAS  /tmp/ccRveW8T.s 			page 23


 292 028e A696EF25 		.ascii	"\246\226\357%\334\240\006\227\243\215{\372|\271\301"
 292      DCA00697 
 292      A38D7BFA 
 292      7CB9C1
 293 029d 4518EBB9 		.ascii	"E\030\353\271[\247R}T\311\3742wD\222\026\3015\204x\311"
 293      5BA7527D 
 293      54C9FC32 
 293      77449216 
 293      C1358478 
 294 02b2 19AB560E 		.ascii	"\031\253V\016U\222\012R$\375_\004\270\202q]\306\270"
 294      55920A52 
 294      24FD5F04 
 294      B882715D 
 294      C6B8
 295 02c4 E02A06AB 		.ascii	"\340*\006\253\225\203m@\346E\036\354\363\311\221*\015"
 295      95836D40 
 295      E6451EEC 
 295      F3C9912A 
 295      0D
 296 02d5 A96608C4 		.ascii	"\251f\010\304\312\354\3279\276\252|.\257f\371lD\037"
 296      CAECD739 
 296      BEAA7C2E 
 296      AF66F96C 
 296      441F
 297 02e7 D79D3EAE 		.ascii	"\327\235>\256\301\234Nn\270w\322\261\365V\247\226\234"
 297      C19C4E6E 
 297      B877D2B1 
 297      F556A796 
 297      9C
 298 02f8 E54E4E5E 		.ascii	"\345NN^\357\232r\026\255\347T`\316+\032H\013:ir:i\234"
 298      EF9A7216 
 298      ADE75460 
 298      CE2B1A48 
 298      0B3A6972 
 299 030f DB49B37B 		.ascii	"\333I\263{'\257\332\007\223u\013wQ\215\314\024i\236"
 299      27AFDA07 
 299      93750B77 
 299      518DCC14 
 299      699E
 300 0321 C82C5EC0 		.ascii	"\310,^\300\375z\334\027\340&,\304\337\363\240\341]\234"
 300      FD7ADC17 
 300      E0262CC4 
 300      DFF3A0E1 
 300      5D9C
 301 0333 323AB643 		.ascii	"2:\266C\267\270@\262\333%{G]PN\355#I2h\250\024T;QT\323"
 301      B7B840B2 
 301      DB257B47 
 301      5D504EED 
 301      23493268 
 302 034e B6872AB8 		.ascii	"\266\207*\270\017P\011=xxZa1m\371\356\302t\037r\204"
 302      0F50093D 
 302      78785A61 
 302      316DF9EE 
 302      C2741F72 
 303 0363 1F9C9F8E 		.ascii	"\037\234\237\216M\225\033\224\336\340\335\362@\352-"
 303      4D951B94 
 303      DEE0DDF2 
ARM GAS  /tmp/ccRveW8T.s 			page 24


 303      40EA2D
 304 0372 F39D1B4A 		.ascii	"\363\235\033J\033\203\362\263\002\2458\257\362\265V"
 304      1B83F2B3 
 304      02A538AF 
 304      F2B556
 305 0381 86D2FBD1 		.ascii	"\206\322\373\321\036\311\216}\212YG)\270\345\204r\313"
 305      1EC98E7D 
 305      8A594729 
 305      B8E58472 
 305      CB
 306 0392 154A3B83 		.ascii	"\025J;\203r=/?\013H\011\207\322}\245\270\224vP(o:?\325"
 306      723D2F3F 
 306      0B480987 
 306      D27DA5B8 
 306      94765028 
 307 03aa E90CE5A7 		.ascii	"\351\014\345\247\363\320\344\360IoR\301\304\305\306"
 307      F3D0E4F0 
 307      496F52C1 
 307      C4C5C6
 308 03b9 9689333A 		.ascii	"\226\2113:0\004\261\243\341\232\345.\314r\250\234\345"
 308      3004B1A3 
 308      E19AE52E 
 308      CC72A89C 
 308      E5
 309 03ca 3BC8BC8D 		.ascii	";\310\274\215L^\262\313\315\213k\356\321\222ubTw\235"
 309      4C5EB2CB 
 309      CD8B6BEE 
 309      D1927562 
 309      54779D
 310 03dd 08430D3C 		.ascii	"\010C\015<\236\275\375\031\333<XB:\035\347g\362a\275"
 310      9EBDFD19 
 310      DB3C5842 
 310      3A1DE767 
 310      F261BD
 311 03f0 A431C867 		.ascii	"\2441\310g0\375\227\317`Ks\331\260\350\275\331\001\014"
 311      30FD97CF 
 311      604B73D9 
 311      B0E8BDD9 
 311      010C
 312 0402 2797C181 		.ascii	"'\227\301\201M\300\370\275\225\301\226\335[\303\017"
 312      4DC0F8BD 
 312      95C196DD 
 312      5BC30F
 313 0411 2BF270C8 		.ascii	"+\362p\3103o\031/\245f?\245$\3679\257\270{\3736?uM:"
 313      336F192F 
 313      A5663FA5 
 313      24F739AF 
 313      B87BFB36 
 314 0429 67D5A497 		.ascii	"g\325\244\227\325\344\277JM\366u\3466z9\332c\305\330"
 314      D5E4BF4A 
 314      4DF675E6 
 314      367A39DA 
 314      63C5D8
 315 043c 850D520B 		.ascii	"\205\015R\013j~\305\004\241\303\031t\207kY\372XY&\263"
 315      6A7EC504 
 315      A1C31974 
 315      876B59FA 
ARM GAS  /tmp/ccRveW8T.s 			page 25


 315      585926B3 
 316 0450 1AAB3CC8 		.ascii	"\032\253<\310c^\026w\011)\251:v\304O\035`\335\254\000"
 316      635E1677 
 316      0929A93A 
 316      76C44F1D 
 316      60DDAC00 
 317 0464 071C01D6 		.ascii	"\007\034\001\326\266V<\340\312\310\203\007<\2307\347"
 317      B6563CE0 
 317      CAC88307 
 317      3C9837E7 
 318 0474 CE1F234A 		.ascii	"\316\037#J\200\0179\357YU\362&q\356\000\007Y\200\217"
 318      800F39EF 
 318      5955F226 
 318      71EE0007 
 318      59808F
 319 0487 9400CB1B 		.ascii	"\224\000\313\033\236\344\210r\200\365ED\332\211j\363"
 319      9EE48872 
 319      80F54544 
 319      DA896AF3 
 320 0497 A810F43B 		.ascii	"\250\020\364;\203\353w\015n\210\005\267o\327\216i/2"
 320      83EB770D 
 320      6E8805B7 
 320      6FD78E69 
 320      2F32
 321 04a9 3A7770E5 		.ascii	":wp\345\345WK\301\301{\302\361m\315)n\3229\002y\312"
 321      E5574BC1 
 321      C17BC2F1 
 321      6DCD296E 
 321      D2390279 
 322 04be 99CAD4F4 		.ascii	"\231\312\324\364\347SsO\315\313k\036|\251\303\345DQ"
 322      E753734F 
 322      CDCB6B1E 
 322      7CA9C3E5 
 322      4451
 323 04d0 7D83864C 		.ascii	"}\203\206LsG\205Im\327}H2a\213\242\324\232;z\262\221"
 323      73478549 
 323      6DD77D48 
 323      32618BA2 
 323      D49A3B7A 
 324 04e6 2FB2660E 		.ascii	"/\262f\016\375\254'\333\370b\342\366\331\226Y\235C\217"
 324      FDAC27DB 
 324      F862E2F6 
 324      D996599D 
 324      438F
 325 04f8 B433B163 		.ascii	"\2643\261c\216\304>\333p\246\333\227\354\340Z\347\252"
 325      8EC43EDB 
 325      70A6DB97 
 325      ECE05AE7 
 325      AA
 326 0509 8BB17F54 		.ascii	"\213\261\177TZ\203\263\264&\034Zm\017O\217{\221\335"
 326      5A83B3B4 
 326      261C5A6D 
 326      0F4F8F7B 
 326      91DD
 327 051b 5CEBE8E1 		.ascii	"\\\353\350\3417ez\265V\357,\255I\207Vkmi\223/\311\347"
 327      37657AB5 
 327      56EF2CAD 
ARM GAS  /tmp/ccRveW8T.s 			page 26


 327      4987566B 
 327      6D69932F 
 328 0531 5A2706AE 		.ascii	"Z'\006\256^2\360\301.\321\027h\351\366\322_\253\215"
 328      5E32F0C1 
 328      2ED11768 
 328      E9F6D25F 
 328      AB8D
 329 0543 B4CD32F2 		.ascii	"\264\3152\362Z1\242\035~\332\371\206@`\340\374\300\300"
 329      5A31A21D 
 329      7EDAF986 
 329      4060E0FC 
 329      C0C0
 330 0555 A0422A6E 		.ascii	"\240B*n\357x\272\342d\225$m\322\322\260\330\334\232"
 330      EF78BAE2 
 330      6495246D 
 330      D2D2B0D8 
 330      DC9A
 331 0567 81F9CE23 		.ascii	"\201\371\316#<\302\014\204\340\217\300\345[\340\312"
 331      3CC20C84 
 331      E08FC0E5 
 331      5BE0CA
 332 0576 328A0AFE 		.ascii	"2\212\012\376\347*jtHf\261\006B\302\002\301\024\356"
 332      E72A6A74 
 332      4866B106 
 332      42C202C1 
 332      14EE
 333 0588 0FD3FD57 		.ascii	"\017\323\375W\262\0026\006$\213A0\015\201\220$\006\302"
 333      B2023606 
 333      248B4130 
 333      0D819024 
 333      06C2
 334 059a 1BBC4B62 		.ascii	"\033\274Kb \3736P\371@\320lv\271\201s\005\\\360`na\334"
 334      20FB3650 
 334      F940D06C 
 334      76B98173 
 334      055CF060 
 335 05b1 2D1E2ECA 		.ascii	"-\036.\312\207\316\263\215\004\277D\250\220 w\247\234"
 335      87CEB38D 
 335      04BF44A8 
 335      902077A7 
 335      9C
 336 05c2 DAEAA4EA 		.ascii	"\332\352\244\352j\375|\031u\372\234\250\005\267\220"
 336      6AFD7C19 
 336      75FA9CA8 
 336      05B790
 337 05d1 E96BBCAB 		.ascii	"\351k\274\253\346\216\267:\375)\342|U\372SE\245\206"
 337      E68EB73A 
 337      FD29E27C 
 337      55FA5345 
 337      A586
 338 05e3 A3AFF34F 		.ascii	"\243\257\363O\352yo.\240G\260'3\323\223W\261\200V\361"
 338      EA796F2E 
 338      A047B027 
 338      33D39357 
 338      B18056F1 
 339 05f7 65F6DD1E 		.ascii	"e\366\335\036_\322\316J\354\271\265\260\245\306\300"
 339      5FD2CE4A 
ARM GAS  /tmp/ccRveW8T.s 			page 27


 339      ECB9B5B0 
 339      A5C6C0
 340 0606 4A151418 		.ascii	"J\025\024\030\310cm\312\325\342hO%\354H<G`\233\305_"
 340      C8636DCA 
 340      D5E2684F 
 340      25EC483C 
 340      47609BC5 
 341 061b 2C1515DD 		.ascii	",\025\025\335(\272\210\016\203\373Zm\020\003 M\244{"
 341      28BA880E 
 341      83FB5A6D 
 341      1003204D 
 341      A47B
 342 062d 549C166A 		.ascii	"T\234\026j+\026*\003#\336\206\224\216\264\005i\323\333"
 342      2B162A03 
 342      23DE8694 
 342      8EB40569 
 342      D3DB
 343 063f C5A25E46 		.ascii	"\305\242^F\335\003RW`<\307?\011=Q1u\011\270\241K\271"
 343      DD035257 
 343      603CC73F 
 343      093D5131 
 343      7509B8A1 
 344 0655 01075324 		.ascii	"\001\007S$4\206\371\202\227\256\306\214.\3019rA'\301"
 344      3486F982 
 344      97AEC68C 
 344      2EC13972 
 344      4127C1
 345 0668 0BB7D2DC 		.ascii	"\013\267\322\3343\346\365\307\222\366\016\035\351fy"
 345      33E6F5C7 
 345      92F60E1D 
 345      E96679
 346 0677 155B2ACA 		.ascii	"\025[*\312\017\372A\320|\216\250\365#\332\022Y\250\273"
 346      0FFA41D0 
 346      7C8EA8F5 
 346      23DA1259 
 346      A8BB
 347 0689 5D74CC2C 		.ascii	"]t\314,\012o\216\314@&&\344}\222C\313\333\267\373\200"
 347      0A6F8ECC 
 347      402626E4 
 347      7D9243CB 
 347      DBB7FB80 
 348 069d 8FBA2DB2 		.ascii	"\217\272-\262f\265\305\016G[\014v\326^\027\331XC\036"
 348      66B5C50E 
 348      475B0C76 
 348      D65E17D9 
 348      58431E
 349 06b0 3CE363AD 		.ascii	"<\343c\255~\370y\305\254\227\315\232\017U\243x\247H"
 349      7EF879C5 
 349      AC97CD9A 
 349      0F55A378 
 349      A748
 350 06c2 4771B628 		.ascii	"Gq\266(\217\342\336C;\236\020\034\305\005\354]\363\247"
 350      8FE2DE43 
 350      3B9E101C 
 350      C505EC5D 
 350      F3A7
 351 06d4 BD371CEF 		.ascii	"\2757\034\357\032\024\204\307\316q\374\330u\034\377"
ARM GAS  /tmp/ccRveW8T.s 			page 28


 351      1A1484C7 
 351      CE71FCD8 
 351      751CFF
 352 06e3 28D2719C 		.ascii	"(\322q\234WRS\251%C|\2704\036\037\334\242%\243|Q\236"
 352      575253A9 
 352      25437CB8 
 352      341E1FDC 
 352      A225A37C 
 353 06f9 3770CD13 		.ascii	"7p\315\023\261\301n\221\310c?\311^\344C\306\371v\341"
 353      B1C16E91 
 353      C8633FC9 
 353      5EE443C6 
 353      F976E1
 354 070c E17DAD7A 		.ascii	"\341}\255z\272\235\213\333\220#j\346\232\347\027\312"
 354      BA9D8BDB 
 354      90236AE6 
 354      9AE717CA 
 355 071c A6ECFC75 		.ascii	"\246\354\374u\023\356\015y\\.\377t\177\276^y\005\355"
 355      13EE0D79 
 355      5C2EFF74 
 355      7FBE5E79 
 355      05ED
 356 072e E5BCF694 		.ascii	"\345\274\366\224\255\343\276\037O\223\375\222\216y;"
 356      ADE3BE1F 
 356      4F93FD92 
 356      8E793B
 357 073d 9B3B58A9 		.ascii	"\233;X\251a2\373\304\217\031g\2747#\333\223H\032\346"
 357      6132FBC4 
 357      8F1967BC 
 357      3723DB93 
 357      481AE6
 358 0750 7F74FF8B 		.ascii	"\177t\377\213#Z\352\277\000\313\267\237\246\203\236"
 358      235AEABF 
 358      00CBB79F 
 358      A6839E
 359 075f A3AEDC5A 		.ascii	"\243\256\334Z\017\222\316%Jw\037ja\001\024R\204\007"
 359      0F92CE25 
 359      4A771F6A 
 359      61011452 
 359      8407
 360 0771 B8970DD3 		.ascii	"\270\227\015\323\273*\211:\271\010@N.\034D\0218\304"
 360      BB2A893A 
 360      B908404E 
 360      2E1C4411 
 360      38C4
 361 0783 F29BAFE4 		.ascii	"\362\233\257\344\267\251\244\272\301\023\363{\037\337"
 361      B7A9A4BA 
 361      C113F37B 
 361      1FDF
 362 0791 7697372F 		.ascii	"v\2277/\251+\177$\245o\226\226Ii\204J\302.\245w`\217"
 362      A92B7F24 
 362      A56F9696 
 362      4969844A 
 362      C22EA577 
 363 07a7 A8A12BFE 		.ascii	"\250\241+\376\257\326a\226\333;w\207\332\364K\017J-"
 363      AFD66196 
 363      DB3B7787 
ARM GAS  /tmp/ccRveW8T.s 			page 29


 363      DAF44B0F 
 363      4A2D
 364 07b9 BC367B76 		.ascii	"\2746{v\342\007\261?\033\021/y]\034\303F`\234\177!\326"
 364      E207B13F 
 364      1B112F79 
 364      5D1CC346 
 364      609C7F21 
 365 07ce 23E2     		.ascii	"#\342"
 366 07d0 52FA0F40 		.ascii	"R\372\017@Og\203n\311\001\326\250\355\271\242\224\256"
 366      4F67836E 
 366      C901D6A8 
 366      EDB9A294 
 366      AE
 367 07e1 C326601F 		.ascii	"\303&`\037\220\334~\221\270\004\2452\307\222\032\374"
 367      90DC7E91 
 367      B804A532 
 367      C7921AFC 
 368 07f1 64A9A1DF 		.ascii	"d\251\241\337(B\355\212\320Q&\264ix\370\202A\335\213"
 368      2842ED8A 
 368      D05126B4 
 368      6978F882 
 368      41DD8B
 369 0804 14B6B317 		.ascii	"\024\266\263\027\213y/\322\373\034\365\033o~\346\257"
 369      8B792FD2 
 369      FB1CF51B 
 369      6F7EE6AF 
 370 0814 E827A37E 		.ascii	"\350'\243~\304\207*\365p\245\223\213\317\235-\341_M"
 370      C4872AF5 
 370      70A5938B 
 370      CF9D2DE1 
 370      5F4D
 371 0826 A5D8C925 		.ascii	"\245\330\311%\242[\3255jUL<oM\024\274=uj\214k\227\241"
 371      A25BD535 
 371      6A554C3C 
 371      6F4D14BC 
 371      3D756A8C 
 372 083d F631AE9D 		.ascii	"\3661\256\235\227\225\035\360\256J\035g\225\372\211"
 372      97951DF0 
 372      AE4A1D67 
 372      95FA89
 373 084c 558A2E50 		.ascii	"U\212.P\305~\257\362\205A\316\310\363\015\022|\3052"
 373      C57EAFF2 
 373      8541CEC8 
 373      F30D127C 
 373      C532
 374 085e D2A764A4 		.ascii	"\322\247d\244\234ed\377\303\251W\276\262P\375B%mC\212"
 374      9C6564FF 
 374      C3A957BE 
 374      B250FD42 
 374      256D438A 
 375 0872 5085B844 		.ascii	"P\205\270D \361\211\266\337\007\007\033WF\233#\314\337"
 375      20F189B6 
 375      DF07071B 
 375      57469B23 
 375      CCDF
 376 0884 AC36C659 		.ascii	"\2546\306Y\215\321\3411\306\030s\204\321jK0\205\307"
 376      8DD1E131 
ARM GAS  /tmp/ccRveW8T.s 			page 30


 376      C6187384 
 376      D16A4B30 
 376      85C7
 377 0896 5A8DB1A6 		.ascii	"Z\215\261\246X\37118R\367\365\337\376\261heH\210\240"
 377      58F93138 
 377      52F7F5DF 
 377      FEB16865 
 377      4888A0
 378 08a9 0F0B4B34 		.ascii	"\017\013K4[l+\302l_\030\023\255\011\306\360\204\330"
 378      5B6C2BC2 
 378      6C5F1813 
 378      AD09C6F0 
 378      84D8
 379 08bb CF2C7116 		.ascii	"\317,q\026\323g\246\360\010\263\321l\211\214I\\k2\306"
 379      D367A6F0 
 379      08B3D16C 
 379      898C495C 
 379      6B32C6
 380 08ce 8647469B 		.ascii	"\206GF\233-&c\330ZSTxb\214-\314\266>\336d\015\216\026"
 380      2D2663D8 
 380      5A535478 
 380      628C2DCC 
 380      B63EDE64 
 381 08e5 3C65E54F 		.ascii	"<e\345O\336\241l]o5\206YmkQ\0225\320!>|\276<\314\346"
 381      DEA16C5D 
 381      6F358659 
 381      6D6B5112 
 381      35D0213E 
 382 08fe 29DF3D62 		.ascii	")\337=b\255\353\302l_\316\006\237`3\306\307%\330\254"
 382      ADEBC26C 
 382      5FCE069F 
 382      6033C6C7 
 382      25D8AC
 383 0911 C63FFF7D 		.ascii	"\306?\377}\325\312U?\030#\343b\343\3151\246\004\253"
 383      D5CA553F 
 383      1823E362 
 383      E3CD31A6 
 383      04AB
 384 0923 F1EB952B 		.ascii	"\361\353\225+\215\221\321\012\200O\337?f\201\2543\331"
 384      8D91D10A 
 384      804FDF3F 
 384      6681AC33 
 384      D9
 385 0934 B4DF2798 		.ascii	"\264\337'\230m&\253\326j\376\217)\314\266\234\301\246"
 385      6D26ABD6 
 385      6AFE8F29 
 385      CCB69CC1 
 385      A6
 386 0945 0AEB2223 		.ascii	"\012\353\"#]\340\377!xyp\2103\010\333Z\214\035\035z"
 386      5DE0FF21 
 386      78797088 
 386      3308DB5A 
 386      8C1D1D7A 
 387 0959 A0B5B556 		.ascii	"\240\265\265V\357X\3537\021\337\231\"m\177\265\230m"
 387      EF58EB37 
 387      11DF9922 
 387      6D7FB598 
ARM GAS  /tmp/ccRveW8T.s 			page 31


 387      6D
 388 096a C41467D5 		.ascii	"\304\024g\325P\203\332\210\304\250(S\002\371w\254MC"
 388      5083DA88 
 388      C4A82853 
 388      02F977AC 
 388      4D43
 389 097c C53C9833 		.ascii	"\305<\2303\357U\246\330\325\014\304?W}\373\376x\243"
 389      EF55A6D8 
 389      D50CC43F 
 389      577DFBFE 
 389      78A3
 390 098e 056D5C54 		.ascii	"\005m\\T\224\325d\243\372q\011\353\271\011-JD\306\257"
 390      94D564A3 
 390      FA7109EB 
 390      B9092D4A 
 390      44C6AF
 391 09a1 D7C498C2 		.ascii	"\327\304\230\302\243<-q\266\350\204\270\357!\3043\312"
 391      A33C2D71 
 391      B6E884B8 
 391      EF21C433 
 391      CA
 392 09b2 B2C81A6F 		.ascii	"\262\310\032o\212D\216\305\222\030\023\023\370\256r"
 392      8A448EC5 
 392      92181313 
 392      F8AE72
 393 09c1 D812CC96 		.ascii	"\330\022\314\226uh\376\377>yRG"
 393      7568FEFF 
 393      3E795247 
 394              		.text
 395              		.section	.gnu.lto_.symtab.3e1e92746d099ff5,"",%progbits
 396 0000 6D734F62 		.ascii	"msObjectInit\000"
 396      6A656374 
 396      496E6974 
 396      00
 397 000d 00       		.ascii	"\000"
 398 000e 00       		.ascii	"\000"
 399 000f 00       		.ascii	"\000"
 400 0010 00000000 		.ascii	"\000\000\000\000\000\000\000\000"
 400      00000000 
 401 0018 15010000 		.ascii	"\025\001\000\000"
 402              		.text
 403              		.section	.gnu.lto_.opts,"",%progbits
 404 0000 272D666D 		.ascii	"'-fmath-errno' '-fsigned-zeros' '-ftrapping-math' '"
 404      6174682D 
 404      6572726E 
 404      6F272027 
 404      2D667369 
 405 0033 2D666E6F 		.ascii	"-fno-trapv' '-fno-strict-overflow' '-fno-openmp' '-"
 405      2D747261 
 405      70762720 
 405      272D666E 
 405      6F2D7374 
 406 0066 666E6F2D 		.ascii	"fno-openacc' '-mcpu=cortex-m4' '-mfloat-abi=hard' '"
 406      6F70656E 
 406      61636327 
 406      20272D6D 
 406      6370753D 
ARM GAS  /tmp/ccRveW8T.s 			page 32


 407 0099 2D6D6670 		.ascii	"-mfpu=fpv4-sp-d16' '-mno-thumb-interwork' '-mthumb'"
 407      753D6670 
 407      76342D73 
 407      702D6431 
 407      36272027 
 408 00cc 20272D4F 		.ascii	" '-O0' '-Werror' '-fomit-frame-pointer' '-falign-fu"
 408      30272027 
 408      2D576572 
 408      726F7227 
 408      20272D66 
 409 00ff 6E637469 		.ascii	"nctions=16' '-ffunction-sections' '-fdata-sections'"
 409      6F6E733D 
 409      31362720 
 409      272D6666 
 409      756E6374 
 410 0132 20272D66 		.ascii	" '-fno-common' '-flto' '-fsingle-precision-constant"
 410      6E6F2D63 
 410      6F6D6D6F 
 410      6E272027 
 410      2D666C74 
 411 0165 2700     		.ascii	"'\000"
 412              		.text
 413              		.comm	__gnu_lto_v1,1,1
 414              		.comm	__gnu_lto_slim,1,1
 415              		.ident	"GCC: (GNU Tools for Arm Embedded Processors 7-2017-q4-major) 7.2.1 20170904 (release) [ARM
ARM GAS  /tmp/ccRveW8T.s 			page 33


DEFINED SYMBOLS
                            *ABS*:0000000000000000 memstreams.c
                            *COM*:0000000000000001 __gnu_lto_v1
                            *COM*:0000000000000001 __gnu_lto_slim

NO UNDEFINED SYMBOLS
