ARM GAS  /tmp/ccVwCFuG.s 			page 1


   1              		.cpu cortex-m4
   2              		.eabi_attribute 27, 1
   3              		.eabi_attribute 28, 1
   4              		.eabi_attribute 20, 1
   5              		.eabi_attribute 21, 1
   6              		.eabi_attribute 23, 3
   7              		.eabi_attribute 24, 1
   8              		.eabi_attribute 25, 1
   9              		.eabi_attribute 26, 1
  10              		.eabi_attribute 30, 6
  11              		.eabi_attribute 34, 1
  12              		.eabi_attribute 18, 4
  13              		.file	"nvic.c"
  14              		.section	.gnu.lto_.inline.97de7cfdf140df1c,"",%progbits
  15 0000 789C6363 		.ascii	"x\234cc``\010d@\000\026\006\006^\036\006\006&\261\003"
  15      60600864 
  15      40001606 
  15      065E1E06 
  15      0626B103 
  16 0014 BB19811C 		.ascii	"\273\031\201\034&\220\030#\003\007;P\210gC.L\204\211"
  16      26901823 
  16      03073B50 
  16      8867432E 
  16      4C8489
  17 0027 81531048 		.ascii	"\201S\020Hr=\210\205\213p\203\324\2610\260\263\241\212"
  17      723D8885 
  17      8B7083D4 
  17      B130B0B3 
  17      A18A
  18 0039 33000020 		.ascii	"3\000\000 0\006)"
  18      300629
  19              		.text
  20              		.section	.gnu.lto_nvicEnableVector.97de7cfdf140df1c,"",%progbits
  21 0000 789C8592 		.ascii	"x\234\205\222\317KTQ\024\307\357\367\235\367c~9\213"
  21      CF4B5451 
  21      14C7EFF7 
  21      9DF7637E 
  21      398B
  22 0012 A04520E5 		.ascii	"\240E \345\"\020\027\371\262E\373\020\332IP\177A\315"
  22      221017F9 
  22      B245FB10 
  22      DA49507F 
  22      41CD
  23 0024 C6819C11 		.ascii	"\306\201\234\021\015i\347s\264Q\313E\320\2504\274b\""
  23      0D69E773 
  23      B451CB45 
  23      D0A834BC 
  23      6222
  24 0036 2D216C92 		.ascii	"-!l\222,\323\254\246\311\374AH\024\322\276\222\002!"
  24      2CD3ACA6 
  24      C9FC4148 
  24      14D2BE92 
  24      0221
  25 0048 297191A0 		.ascii	")q\221\240\3269\357\215\025\214\322\205w\337\371\365"
  25      D639EF8D 
  25      158CD285 
  25      77DFF9F5 
ARM GAS  /tmp/ccVwCFuG.s 			page 2


  26 0058 BDF77CCE 		.ascii	"\275\367|\316{\246Rj\211\224:\316\357\375\374(R\320"
  26      7BA6526A 
  26      89943ACE 
  26      EFFDFC28 
  26      52D0
  27 006a 143F003B 		.ascii	"\024?\000;P\355\032\332\321G\031B\261\373\313\244Vs"
  27      50ED1ADA 
  27      D1471942 
  27      B1FBCBA4 
  27      5673
  28 007c D7E15518 		.ascii	"\327\341U\030\\;\340\214\024\340\262p\200\224\267\360"
  28      5C3BE08C 
  28      14E0B270 
  28      8094B7F0 
  29 008c 10355CF5 		.ascii	"\0205\\\365\256\353\201KW\310%@g\367\307b\366sT\\\015"
  29      AEEB814B 
  29      57C82540 
  29      67F7C762 
  29      F673545C 
  30 00a1 55EC6E39 		.ascii	"U\354n9\231\201(\035\205b{\371\315\355\253V\365\260"
  30      9981281D 
  30      85627BF9 
  30      CDEDAB56 
  30      F5B0
  31 00b3 E3A49CC2 		.ascii	"\343\244\234\302\314\0209\207]\"<\006\361\201x\204J"
  31      CC103987 
  31      5D223C06 
  31      F1817884 
  31      4A
  32 00c4 8CA35271 		.ascii	"\214\243RqHa\002\325\\~/\365\365\033\3211O\372i\376"
  32      486102D5 
  32      5C7E2FF5 
  32      F51BD131 
  32      4FFA69FE 
  33 00d8 63C62849 		.ascii	"c\306(I\227\207K\322'\273H'Q\355\325\217m\367W\230\272"
  33      97874BD2 
  33      27BB4827 
  33      51EDD58F 
  33      6DF75798 
  34 00ed DF2BA660 		.ascii	"\337+\246`*\201\313\2777\012\316\366\257n\247\260t\007"
  34      2A81CBBF 
  34      370ACEF6 
  34      AF6EA7B0 
  34      7407
  35 00ff 8327F781 		.ascii	"\203'\367\2015\272\306\233Ab\351\274\231\206\270\246"
  35      35BAC69B 
  35      4162E9BC 
  35      9986B8A6 
  36 010f 58166F56 		.ascii	"X\026oV@\254\240\304Bb\205%\026\201\\\023\205\364\251"
  36      40ACA0C4 
  36      42628525 
  36      16815C13 
  36      85F4A9
  37 0122 548F378E 		.ascii	"T\2177\216^\342\031\322\012Rk\335[\371\220\334\230%"
  37      5EE219D2 
  37      0A526BDD 
  37      5BF990DC 
ARM GAS  /tmp/ccVwCFuG.s 			page 3


  37      9825
  38 0134 6429A238 		.ascii	"d)\2428\264>o\371\001\215;\033\277\265\3723\"\3631\340"
  38      B43E6FF9 
  38      018D3B1B 
  38      BFB5FA33 
  38      22F331E0 
  39 0148 143B9D28 		.ascii	"\024;\235(\236r\353+\350\374\236\276n\370U\304\312\177"
  39      9E72EB2B 
  39      E8FC9EBE 
  39      6EF855C4 
  39      CA7F
  40 015a E76A41C7 		.ascii	"\347jA\307\264WT\\\272\274AR\304\351\201K\305\267\226"
  40      B457545C 
  40      BABC4152 
  40      C4E9814B 
  40      C5B796
  41 016d 7F8E004F 		.ascii	"\177\216\000O\027\027g\315\034nv\360\307\312\035t)\300"
  41      171767CD 
  41      1C6E76F0 
  41      C7CA1D74 
  41      29C0
  42 017f B7E119AB 		.ascii	"\267\341\031\253$\371abj\242\302\036u\272:\234*\227"
  42      24F96162 
  42      6AA2C21E 
  42      75BA3A9C 
  42      2A97
  43 0191 82788E1C 		.ascii	"\202x\216\034\372\275\2669\271\261>\334\257\327\345"
  43      FABDB639 
  43      B9B13EDC 
  43      AFD7E5
  44 01a0 25994BB8 		.ascii	"%\231K\270\024\302\013\330Y\212z_\270\200:\356G\332"
  44      14C20BD8 
  44      598A7A5F 
  44      B8803AEE 
  44      47DA
  45 01b2 DB4CDF18 		.ascii	"\333L\337\030\033\321\374\006uN\263\360\332\320\375"
  45      1BD1FC06 
  45      754EB3F0 
  45      DAD0FD
  46 01c1 C90AE9C0 		.ascii	"\311\012\351\300\304!\274\364\032\374\213j\354p\255"
  46      C421BCF4 
  46      1AFC8B6A 
  46      EC70AD
  47 01d0 A57B4B5C 		.ascii	"\245{K\\\246/[\030\232\332\214\370\\\006\212;\360\013"
  47      A62F5B18 
  47      9ADA8CF8 
  47      5C068A3B 
  47      F00B
  48 01e2 259D2523 		.ascii	"%\235%#\232\231K\007\374\012\340\025*\371\306\022\274"
  48      9A994B07 
  48      FC0AE015 
  48      2AF9C612 
  48      BC
  49 01f3 5182DF85 		.ascii	"Q\202\337\205\326\330\2036\214\031\217\026\345\264m"
  49      D6D88336 
  49      8C198F16 
  49      E5B46D
ARM GAS  /tmp/ccVwCFuG.s 			page 4


  50 0202 2E45F05A 		.ascii	".E\360ZhM\217vVh-\237v\364\017-\237\035-\303\013\226"
  50      684D8F76 
  50      56682D9F 
  50      76F40F2D 
  50      9F1D2DC3 
  51 0218 E385A4AE 		.ascii	"\343\205\244\256\214'\354\003\004\376\017\020\334\023"
  51      8C27EC03 
  51      04FE0F10 
  51      DC13
  52 0226 60CE03D0 		.ascii	"`\316\003\320\366\000\230\027\200\220\007\260 \000a"
  52      F6009817 
  52      809007B0 
  52      200061
  53 0235 B58A542E 		.ascii	"\265\212T.\337\007\357\267\227\325#\360,?R[k\3277\306"
  53      DF07EFB7 
  53      97D523F0 
  53      2C3F525B 
  53      6BD737C6 
  54 0249 CFC54F9D 		.ascii	"\317\305O\235\261\223\255v\343\331\363vs\262\345B\253"
  54      B193AD76 
  54      E3D9F376 
  54      73B2E542 
  54      AB
  55 025a 1D4B3635 		.ascii	"\035K65%\023\366\211\323\015\365\015\027\355D[<V\033"
  55      2513F689 
  55      D30DF50D 
  55      17ED445B 
  55      3C561B
  56 026d 5348E8CD 		.ascii	"SH\350\315-\361\344o{\242<\020"
  56      2DF1E46F 
  56      7BA23C10 
  57              		.text
  58              		.section	.gnu.lto_nvicDisableVector.97de7cfdf140df1c,"",%progbits
  59 0000 789C7552 		.ascii	"x\234uRAk\023A\030\235\267\337\356\246\266&7\301C\260"
  59      416B1341 
  59      189DB7DF 
  59      EEA6B626 
  59      37C143B0 
  60 0014 3D08A507 		.ascii	"=\010\245\007\263\346'H\301[)\350/\320\\\032\260\211"
  60      B3E62748 
  60      C15B29E8 
  60      2FD05C1A 
  60      B089
  61 0026 5829DE3A 		.ascii	"X)\336:M\332m\253\026\2046\021\302\"+\246X\020\255\322"
  61      4DDA6DAB 
  61      16843611 
  61      C2222BA6 
  61      5810ADD2 
  62 003a 684CAC1A 		.ascii	"hL\254\032\327\242-\032DQ\177\200-\"=\024\225\034,\324"
  62      D7A22D1A 
  62      44517F80 
  62      2D223D14 
  62      951C2CD4 
  63 004e EA37B339 		.ascii	"\3527\2639\010\352\300\316\316\333y\373\336\373\346"
  63      08EAC0CE 
  63      CEDB79FB 
  63      DEFBE6
ARM GAS  /tmp/ccVwCFuG.s 			page 5


  64 005d 1B5B0831 		.ascii	"\033[\0101k\010\221\344\367\001~\004\0110\204\0010\200"
  64      6B0891E4 
  64      F7017E04 
  64      09308401 
  64      3080
  65 006f 18333086 		.ascii	"\03030\206\3134O\010\246>\327\214\276\233\222G\343j"
  65      CB344F08 
  65      A63ED78C 
  65      BE9B9247 
  65      E36A
  66 0081 C576E5E4 		.ascii	"\305v\345\344A\217\204(\222\320\003\313\350c\326\333"
  66      418F8428 
  66      92D003CB 
  66      E863D6DB 
  67 0091 89BB1E5D 		.ascii	"\211\273\036]\"\217\000\223\341\267fi#\246\240\201\036"
  67      228F0093 
  67      E1B76669 
  67      23A6A081 
  67      1E
  68 00a2 863FE57C 		.ascii	"\206?\345|1FG!x\275\371\352\306\225H\357\202\2249\331"
  68      31464721 
  68      78BDF9EA 
  68      C69548EF 
  68      829439D9 
  69 00b6 785D2679 		.ascii	"x]&y\330#\302\003\020\013\342>\342\250 .\370\223@\025"
  69      D823C203 
  69      100BE23E 
  69      E2A8202E 
  69      F8934015 
  70 00ca BD8AFFE9 		.ascii	"\275\212\377\351\336^!j\233\241!\036\302\026*\341\322"
  70      DE5E216A 
  70      9BA1211E 
  70      C2162AE1 
  70      D2
  71 00db 3BAB21F7 		.ascii	";\253!\367~M\311\306f\031\037\216w\202\3771\015\236"
  71      7E4DC9C6 
  71      66191F8E 
  71      7782FF31 
  71      0D9E
  72 00ed 2C522B93 		.ascii	",R+\223'\333R\320\206\026\022\323:\357\014q\221\264"
  72      27DB52D0 
  72      861612D3 
  72      3AEF0C71 
  72      91B4
  73 00ff 85FCAEDB 		.ascii	"\205\374\256\333\\^4\224\\\211P\"\233\215\346\312wj"
  73      5C5E3494 
  73      5C895022 
  73      9B8DE6CA 
  73      776A
  74 0111 5195D944 		.ascii	"Q\225\331D7j\234b\013\271\326Z$\344\030L\250\\\337\376"
  74      376A9C62 
  74      0BB9D65A 
  74      24E4184C 
  74      A85CDFFE 
  75 0125 B15F112C 		.ascii	"\261_\021,\310 /c\250kR\376\273;c\205,\012\225\326\313"
  75      C8202F63 
  75      A86B52FE 
ARM GAS  /tmp/ccVwCFuG.s 			page 6


  75      BB3B6385 
  75      2C0A95D6 
  76 013a F55D4DB4 		.ascii	"\365]M\264a\341QH\372\352\256\267\245\324\371TV_\272"
  76      61E15148 
  76      FAEAAEB7 
  76      A5D4F954 
  76      565FBA
  77 014d 1D210358 		.ascii	"\035!\003XA\234C0)x\177qG+1\2438\031\274\211\204f\352"
  77      419C4330 
  77      29787F71 
  77      472B31A3 
  77      3819BC89 
  78 0164 145682E6 		.ascii	"\024V\202\346\013\333\307\265qn\203\177\310\243\010"
  78      0BDBC7B5 
  78      716E837F 
  78      C8A308
  79 0173 47C26396 		.ascii	"G\302c\226V\233\037\253\365j\324\271-'\306e\217G\035"
  79      569B1FAB 
  79      F56AD4B9 
  79      2D27C665 
  79      8F471D
  80 0186 78021F05 		.ascii	"x\002\037\005]/o\356\264\026\012frIm\372\243\036\355"
  80      5D2F6FEE 
  80      B4160A66 
  80      72496DFA 
  80      A31EED
  81 0199 C353389C 		.ascii	"\303S8\234T\367\256\201$\347\321\205~Y\334@\230\317"
  81      54F7AE81 
  81      24E7D185 
  81      7E59DC40 
  81      98CF
  82 01ab 6AD715B4 		.ascii	"j\327\025\264\326\272\333a\376\341n\375\307\275\023"
  82      D6BADB61 
  82      FEE16EFD 
  82      C7BD13
  83 01ba CFB43BFE 		.ascii	"\317\264;\376v\317x\324\205@\271\333\332\3759\222\177"
  83      76CF78D4 
  83      8540B9DB 
  83      DAFD3992 
  83      7F
  84 01cb 16DA0581 		.ascii	"\026\332\005\201U\326\334F\316\2775\253\303\350\033"
  84      55D6DC46 
  84      CEBF35AB 
  84      C3E81B
  85 01da 36ADB4B8 		.ascii	"6\255\264\270mG\022\011\247\177(}:=x\322\311\2168C\247"
  85      6D471209 
  85      A77F287D 
  85      3A3D78D2 
  85      C98E3843 
  86 01ef CE3867B3 		.ascii	"\3168g\263\347\316\2178\251\354\360p6\343\034;1\320"
  86      E7CE8F38 
  86      A9ECF070 
  86      36E31C3B 
  86      31D0
  87 0201 3F70C1C9 		.ascii	"?p\301\311\214\246S\211\224@\3467\016k\330n"
  87      8CA65389 
  87      9440E637 
ARM GAS  /tmp/ccVwCFuG.s 			page 7


  87      0E6BD86E 
  88              		.text
  89              		.section	.gnu.lto_nvicSetSystemHandlerPriority.97de7cfdf140df1c,"",%progbits
  90 0000 789C6D52 		.ascii	"x\234mR\317O\023A\024\236o\337\356v\005i<\022\303\201"
  90      CF4F1341 
  90      149E6FDF 
  90      EE760569 
  90      3C12C381 
  91 0014 8349C341 		.ascii	"\203I\303A\026n\036\274\030.^\210\211\376\005XMh\002"
  91      166E1EBC 
  91      182E5E88 
  91      89FE0558 
  91      4D6802
  92 0027 2D0163BC 		.ascii	"-\001c\274u\350\017(j\274\010\225\324\215\351\301\206"
  92      75E80F28 
  92      6ABC0895 
  92      D48DE9C1 
  92      86
  93 0038 833168AA 		.ascii	"\2031h\252b\241@)J\270\240\201\030\243x\362\027&\004"
  93      62A14029 
  93      4AB8A081 
  93      18A378F2 
  93      172604
  94 004b 884A0FA2 		.ascii	"\210J\017\242\021}3\255\011\007'\331\231yo\276\367\336"
  94      117D33AD 
  94      090727D9 
  94      99796FBE 
  94      F7DE
  95 005d F7BDB7B6 		.ascii	"\367\275\267\266\020b\301\020\342$\237m\374\011[\200"
  95      1062C110 
  95      E2249F6D 
  95      FC095B80 
  96 006d 4D1820DE 		.ascii	"M\030 \336\3110\205\220\206\305\233i\202\017X\000\203"
  96      C9308590 
  96      86C59B69 
  96      820F5800 
  96      83
  97 007e 20A20699 		.ascii	" \242\006\231\026\242\270N\243\204\362\360F\301h\231"
  97      16A2B84E 
  97      A384F2F0 
  97      46C16899 
  98 008e 90BC4AB7 		.ascii	"\220\274J\267*\366\220L6z\034\236&\241\027\362ha\324"
  98      2AF6904C 
  98      367A1C9E 
  98      26A117F2 
  98      6861D4
  99 00a1 6AE28147 		.ascii	"j\342\201G\327\310#\300d\363\333J\346\243_\231\006\232"
  99      D7C823C0 
  99      64F3DB4A 
  99      E6A35F99 
  99      069A
 100 00b3 D98CDF9C 		.ascii	"\331\214\337\234+:\324\006\301\367\265\374\370\351@"
 100      2B3AD406 
 100      C1F7B5FC 
 100      F8E940
 101 00c2 4ECA982C 		.ascii	"N\312\230,}\312\221<\346\021\341\011\210\363\3411\232"
 101      7DCA913C 
ARM GAS  /tmp/ccVwCFuG.s 			page 8


 101      E611E109 
 101      88F3E131 
 101      9A
 102 00d3 F0084D82 		.ascii	"\360\010M\202]\002S\0100\372^\354\3136\321\011\035\371"
 102      5D025308 
 102      30FA5EEC 
 102      CB36D109 
 102      1DF9
 103 00e5 61F9FDA8 		.ascii	"a\371\375\250U\013\255L\324B\237\376'\264\200\200\306"
 103      550BAD4C 
 103      D4429FFE 
 103      27B48080 
 103      C6
 104 00f6 3FDC1F6B 		.ascii	"?\334\037k\260\315\354?\266\230\0067\200O\366L\256Y"
 104      B0CDEC3F 
 104      B6980637 
 104      804FF64C 
 104      AE59
 105 0108 25B9FF67 		.ascii	"%\271\377g\230I4\256\357:u\340H\323\340\315\"u\343N"
 105      984934AE 
 105      EF3A75E0 
 105      48D3E0CD 
 105      2275E34E 
 106 011c 707D073A 		.ascii	"p}\007:\225Hi\255)\342\336\321\010\027\020\364\031\211"
 106      954869AD 
 106      29E2DED1 
 106      081710F4 
 106      1989
 107 012e 378B1BB7 		.ascii	"7\213\033\267m\2252C\026\027\373\365\343\305\254O)&"
 107      6D953243 
 107      1617FBF5 
 107      E3C5AC4F 
 107      2926
 108 0140 D4638699 		.ascii	"\324c\206\231\2505B\334b\332B\242Y\327fX\241\260\365"
 108      A83542DC 
 108      62DA42A2 
 108      59D76658 
 108      A1B0F5
 109 0153 CE17FD2D 		.ascii	"\316\027\375-\035\217\3544)2ED\325C:Y~\251\343}Zk\374"
 109      1D8FEC34 
 109      29324544 
 109      D5433A59 
 109      7EA9E37D 
 110 016a E7FCAE9F 		.ascii	"\347\374\256\237q\334k\237\022\240|{\253\333\251\372"
 110      71DC6B9F 
 110      12A07C7B 
 110      ABDBA9FA 
 111 017a 2CEE0C1E 		.ascii	",\356\014\036\361\310\301\034\017hV\325Q\350\273\371"
 111      F1C8C11C 
 111      0F6856D5 
 111      51E8BBF9 
 112 018a 24183D2E 		.ascii	"$\030=.e\263\3120\217,\252jK\210ztHS\341\011\323&b\337"
 112      65B3CA30 
 112      8F2CAA6A 
 112      4B887A74 
 112      4853E109 
 113 01a2 87570A45 		.ascii	"\207W\012ET\211#C\216`_e\271\246\304\340d\203\205\342"
ARM GAS  /tmp/ccVwCFuG.s 			page 9


 113      54892343 
 113      8E605F65 
 113      B9A6C4E0 
 113      648385E2 
 114 01b6 A8A59858 		.ascii	"\250\245\230X\220\353q\351\307\002W\331D\374\353\320"
 114      90EB71E9 
 114      C70257D9 
 114      44FCEBD0 
 115 01c6 9E554511 		.ascii	"\236UE\021G\036\234y\035L\2245\250\374\352\352[\015"
 115      471E9C79 
 115      1D4C9435 
 115      A8FCEAEA 
 115      5B0D
 116 01d8 3AA8C8D2 		.ascii	":\250\310\322\212\212\345\225%[\261\347\037){\324\243"
 116      8A8AE595 
 116      255BB1E7 
 116      1F297BD4 
 116      A3
 117 01e9 7AAE86C5 		.ascii	"z\256\206\305\232\200\327S\323S\015\356}\231\030T\002"
 117      9A80D753 
 117      D3530DEE 
 117      7D991854 
 117      02
 118 01fa 0EE3190B 		.ascii	"\016\343\031\013\030\323]W\272+\2711\263}R=f\303\036"
 118      18D35D57 
 118      BA2BB931 
 118      B37D523D 
 118      66C31E
 119 020d 35E039DC 		.ascii	"5\3409\334\214\222\303\335[B;\363\021;\210egnT5Wg\305"
 119      8C92C3DD 
 119      5B423BF3 
 119      113B8865 
 119      676E5435 
 120 0224 ADE5711D 		.ascii	"\255\345q\035omu;\272C\347Cg\316\271\221\001\267\273"
 120      6F6D753B 
 120      BA43E743 
 120      67CEB991 
 120      01B7BB
 121 0237 ABC7ED8B 		.ascii	"\253\307\355\213\364_\032p\203\221\336\336H\330=u\266"
 121      F45F1A70 
 121      8391DEDE 
 121      48D83D75 
 121      B6
 122 0248 B3A3F38A 		.ascii	"\263\243\363\212\033\276\034\012\266\006\205\257\273"
 122      1BBE1C0A 
 122      B60685AF 
 122      BB
 123 0255 2B7CA1E7 		.ascii	"+|\241\347b\277\331\327\037\212\374\005\200\315\351"
 123      62BFD9D7 
 123      1F8AFC05 
 123      80CDE9
 124 0264 A6       		.ascii	"\246"
 125              		.text
 126              		.section	.gnu.lto___func__.9173.97de7cfdf140df1c,"",%progbits
 127 0000 789C6363 		.ascii	"x\234cc``\020\005by\006\010\230\302\314\370\341\361"
 127      60601005 
 127      62790608 
ARM GAS  /tmp/ccVwCFuG.s 			page 10


 127      98C2CCF8 
 127      E1F1
 128 0012 9CCB4C8A 		.ascii	"\234\313L\212L\363\0338\3460300nfTd\220\315+\313L\016"
 128      4CF31B38 
 128      E6303330 
 128      306E6654 
 128      6490CD2B 
 129 0029 4E2D09AE 		.ascii	"N-\011\256,.I\315\365H\314K\311I-\012(\312\314/\312"
 129      2C2E49CD 
 129      F548CC4B 
 129      C9492D0A 
 129      28CACC2F 
 130 003e 2CA96400 		.ascii	",\251d\000\000\346\363\022t"
 130      00E6F312 
 130      74
 131              		.text
 132              		.section	.gnu.lto_nvicClearPending.97de7cfdf140df1c,"",%progbits
 133 0000 789C3551 		.ascii	"x\2345Q\317kSA\020\236\357\315\373a\301\344&x\010\332"
 133      CF6B5341 
 133      109EEFCD 
 133      FB61C1E4 
 133      267808DA 
 134 0014 43A11431 		.ascii	"C\241\0241k\376\004\351\301S\021\364/\320\\\032\260"
 134      6BFE04E9 
 134      C15311F4 
 134      2FD05C1A 
 134      B0
 135 0025 895829DE 		.ascii	"\211X)\336\272M\333\244UA\301&Bx\310\223\246\210\007"
 135      BA4DDBA4 
 135      5541C126 
 135      4278C893 
 135      A68807
 136 0038 6DC5B631 		.ascii	"m\305\2661i\325\360\020Q\244HE<yR\021\364P\264\364\240"
 136      69D5F010 
 136      51A44845 
 136      3C795211 
 136      F450B4F4 
 137 004d D05667F7 		.ascii	"\320Vg\367\351\300\316\356\314|\363\315\217\365\211"
 137      E9C0CEEE 
 137      CC7CF3CD 
 137      8FF589
 138 005c 080E514E 		.ascii	"\010\016QN\356Cr\210\255\011\0070\021\032w0\216\353"
 138      EE437288 
 138      AD090730 
 138      111A7730 
 138      8EEB
 139 006e 3CC788AB 		.ascii	"<\307\210\253_\333\316\300=-\322\275\335\011*z\372p"
 139      5FDBCEC0 
 139      3D2DD2BD 
 139      DD092A7A 
 139      FA70
 140 0080 C8447526 		.ascii	"\310Du&+x\214\001AmN-\205|\215C\006\\1\177n4>\247\215"
 140      2B788C01 
 140      416D4E2D 
 140      857C8D43 
 140      065C317F 
 141 0099 E9A057CC 		.ascii	"\351\240W\314==WO\363\011\220\274\277\274\231\277\031"
ARM GAS  /tmp/ccVwCFuG.s 			page 11


 141      3D3D574F 
 141      F30990BC 
 141      BFBC99BF 
 141      19
 142 00aa F42F685D 		.ascii	"\364/h]\326\335\027M\326}!3V\301B\210\025d\260\214\014"
 142      D6DD174D 
 142      D67D2133 
 142      56C14288 
 142      1564B08C 
 143 00bf 898BD042 		.ascii	"\211\213\320B\277\301\177z\264_K\371nR\020O\340\223"
 143      BFC17F7A 
 143      B45F4BF9 
 143      6E52104F 
 143      E093
 144 00d1 E970F19D 		.ascii	"\351p\361\235\327\325\373\177\252\272\373\261\211\315"
 144      D7D5FB7F 
 144      AABAFBB1 
 144      89CD
 145 00df 533D901C 		.ascii	"S=\220\034\327\021\345\261(\201\213\351\031\345\303"
 145      D711E5B1 
 145      28818BE9 
 145      19E5C3
 146 00ee 12D18CED 		.ascii	"\022\321\214\355w\226eH\376\216\311\335\312\336Z\344"
 146      77966548 
 146      FE8EC9DD 
 146      CADE5AE4 
 147 00fe 18BA06A3 		.ascii	"\030\272\006\243\301\276\024\272\325|\330N\231\236]"
 147      C1BE14BA 
 147      D57CD84E 
 147      999E5D
 148 010d 1C455BBA 		.ascii	"\034E[\272\020\330\217\312\375 \00198\226\021\2508\313"
 148      10D88FCA 
 148      FD200139 
 148      389611A8 
 148      38CB
 149 011f 3BAFFEF9 		.ascii	";\257\376\371\314z\226\357n\375:h\262|\350xR\247\321"
 149      CC7A96EF 
 149      6EFD3A68 
 149      B27CE878 
 149      52A7D1
 150 0132 4932B72B 		.ascii	"I2\267+\263^\202r\023\372\327\315\316\256\005z\360\260"
 150      B35E8272 
 150      13FAD7CD 
 150      CEAE057A 
 150      F0B0
 151 0144 6641E5ED 		.ascii	"fA\345\355\352\177zO*\210'~\177\365\233M\223\204\372"
 151      EA7F7A4F 
 151      2A88277E 
 151      7FF59B4D 
 151      9384FA
 152 0157 74FC3648 		.ascii	"t\3746H\230\315\036\326\343\215\227~\204;\023\362\021"
 152      98CD1ED6 
 152      E38D977E 
 152      843B13F2 
 152      11
 153 0168 D1919003 		.ascii	"\321\221\220\003\251\217u\3411\301\017\255N+\245\036"
 153      A98F75E1 
ARM GAS  /tmp/ccVwCFuG.s 			page 12


 153      31C10FAD 
 153      4E2BA51E 
 154 0178 E8A909DD 		.ascii	"\350\251\011\335\033\362\001<E\204\232\235X\202\277"
 154      1BF2013C 
 154      45849A9D 
 154      5882BF
 155 0187 77166A6E 		.ascii	"w\026jnn\321\004\243\261\220{\360\014J\332\262\277\367"
 155      6ED104A3 
 155      B1907BF0 
 155      0C4ADAB2 
 155      BFF7
 156 0199 1C39294E 		.ascii	"\0349)N[(G\3637`\327kdF&%Y\325\361lV\015\016\027\316"
 156      5B2847F3 
 156      3760D76B 
 156      64462625 
 156      59D5F16C 
 157 01b2 174E9F55 		.ascii	"\027N\237U\245Q5|\356\202\272X\272tyT\345K##\245\242"
 157      A551357C 
 157      EE82BA58 
 157      BA747954 
 157      E54B2323 
 158 01c8 3A796668 		.ascii	":yfhp\350\212*\216\025\362\331<\241\370\027W\234\251"
 158      70E88A2A 
 158      8E15F2D9 
 158      3CA1F817 
 158      579CA9
 159 01db 76       		.ascii	"v"
 160              		.text
 161              		.section	.gnu.lto_.symbol_nodes.97de7cfdf140df1c,"",%progbits
 162 0000 789C55CA 		.ascii	"x\234U\312\273\015\2000\024C\321\033\2070\010\223\300"
 162      BB0D8030 
 162      1443D11B 
 162      87300893 
 162      C0
 163 0011 3EECF01E 		.ascii	">\354\360\036=\237\260\016-=30\011\"\320\245\260,\035"
 163      3D9FB00E 
 163      2D3D3330 
 163      0922D0A5 
 163      B02C1D
 164 0024 BB05C612 		.ascii	"\273\005\306\0224\313 _P\352\230\206\"\213,\324\262"
 164      34CB205F 
 164      50EA9886 
 164      228B2CD4 
 164      B2
 165 0035 CA5449DA 		.ascii	"\312TI\332\205w\020\265\311b5\205,k~\001\367\376\373"
 165      857710B5 
 165      C9623585 
 165      2C6B7E01 
 165      F7FEFB
 166 0048 24CEFB09 		.ascii	"$\316\373\011\274\214\177\031\274"
 166      BC8C7F19 
 166      BC
 167              		.text
 168              		.section	.gnu.lto_.refs.97de7cfdf140df1c,"",%progbits
 169 0000 789C6363 		.ascii	"x\234cc```\003bF&&f&\006\000\000\303\000\027"
 169      60606003 
 169      62462626 
ARM GAS  /tmp/ccVwCFuG.s 			page 13


 169      66260600 
 169      00C30017 
 170              		.text
 171              		.section	.gnu.lto_.decls.97de7cfdf140df1c,"",%progbits
 172 0000 789CBD58 		.ascii	"x\234\275XkPU\327\025>\373\354\013\\\340\002\026\231"
 172      6B5055D7 
 172      153EFBEC 
 172      0B5CE002 
 172      1699
 173 0012 C6A66426 		.ascii	"\306\246d&M\315H\247\011\027c2I\377\264!\250\225\037"
 173      4DCD48A7 
 173      09176332 
 173      49FFB421 
 173      A8951F
 174 0025 26CC2571 		.ascii	"&\314%q&\375Q\202xS\311\360\310\000v4\177z\360\202\202"
 174      26FD5182 
 174      7853C9F0 
 174      C8007634 
 174      7F7AF082 
 175 003a A8014554 		.ascii	"\250\001ET\300\200\200OT$\"\250\210\002\312[@QP^\202"
 175      C080804F 
 175      542422A8 
 175      8802CA5B 
 175      4051505E 
 176 004f 0888C81B 		.ascii	"\010\210\310\033\037\200(]\373q\270\207#\327\2463\235"
 176      1F80285D 
 176      FB71B887 
 176      23D7A633 
 176      9D
 177 0060 9E99C53E 		.ascii	"\236\231\305>\373\354o\257\375\255\265\366^{]\254\005"
 177      FBEC6FAF 
 177      FDADB5F6 
 177      5E7B5DAC 
 177      05
 178 0071 4130BE29 		.ascii	"A0\276)\010\221\242 \334A\2020\003\2175|+\021\314\217"
 178      0891A220 
 178      DC418230 
 178      038F357C 
 178      2B11CC8F 
 179 0085 15480548 		.ascii	"\025H\005H\015H-H=H\013\010\300\205\373\302\334\347"
 179      0D482D48 
 179      3D480B08 
 179      C085FBC2 
 179      DCE7
 180 0097 47F8E800 		.ascii	"G\370\350\000\3557 \316 . \305 \256 \037\301\330\022"
 180      ED3720CE 
 180      202E20C5 
 180      20AE201F 
 180      C1D812
 181 00aa 68BF0659 		.ascii	"h\277\006Y\006\357\323\320>\007\321\301\273=\010\206"
 181      06EFD3D0 
 181      3E07D1C1 
 181      BB3D0886 
 182 00ba F7C5D07A 		.ascii	"\367\305\320z\200\374\0361\375\025\302\253\317^\030"
 182      80FC1E31 
 182      FD15C2AB 
 182      CF5E18
ARM GAS  /tmp/ccVwCFuG.s 			page 14


 183 00c9 D0CDB3C6 		.ascii	"\320\315\263\306\022\276\206\254_\326+\257#\022\014"
 183      12BE86AC 
 183      5FD62BAF 
 183      23120C
 184 00d8 626B206E 		.ascii	"bk n\217\372I\201\001G\013\374\267\300\330V\220\030"
 184      8FFA4981 
 184      01470BFC 
 184      B7C0D856 
 184      9018
 185 00ea 902EE837 		.ascii	"\220.\3507s[\242\240\277\026\2615\210\336`\304\326\252"
 185      735BA2A0 
 185      BF16B135 
 185      88DE60C4 
 185      D6AA
 186 00fc 7D8D9F2A 		.ascii	"}\215\237*8\207\256y8\310O\032\000\354,\330\3717n\253"
 186      3887AE79 
 186      38C84F1A 
 186      00EC2CD8 
 186      F9376EAB 
 187 0110 D24EA2CF 		.ascii	"\322N\242\317\203\267\365\363\350K\304\250?rG\266\256"
 187      83B7F5F3 
 187      E84BC4A8 
 187      3F7247B6 
 187      AE
 188 0121 03B51308 		.ascii	"\003\265\023\010Z\200\020G+\037\322\237\221\0372\316"
 188      5A801047 
 188      2B1FD29F 
 188      911F32CE 
 189 0131 00229207 		.ascii	"\000\"\222\007\031J=\215\216!&\242`\306\232g(\264*&"
 189      194A3D8D 
 189      8E2126A2 
 189      60C69A67 
 189      28B42A26 
 190 0145 23FA0894 		.ascii	"#\372\010\224\212\222\013e\206\004\371\263\274<\232"
 190      8A920B65 
 190      8604F9B3 
 190      BC3C9A
 191 0154 C5C87885 		.ascii	"\305\310x\205V\304'\315\307N`\373\2138\241-g\244\322"
 191      56C427CD 
 191      C74E60FB 
 191      8B38A12D 
 191      67A4D2
 192 0167 AA13DD05 		.ascii	"\252\023\335\005\350\327\216B\274\026\342\005_Snue\212"
 192      E8D78E42 
 192      BC16E205 
 192      5F536E75 
 192      658A
 193 0179 58A4EFA6 		.ascii	"X\244\357\246\376G\331\366x!}\237,\030\331\245s?!\261"
 193      FE47D9F6 
 193      78217D9F 
 193      2C18D9A5 
 193      733F21B1 
 194 018d 471B8305 		.ascii	"G\033\203\005\224\217\260\354\320\366\312c\3318\016"
 194      948FB0EC 
 194      D0F6CA63 
 194      D9380E
 195 019c A3257688 		.ascii	"\243%v\210pp\202O9\003\347'\035\330'\202h\370q,\313"
ARM GAS  /tmp/ccVwCFuG.s 			page 15


 195      7070824F 
 195      3903E727 
 195      1DD82782 
 195      68F8712C 
 196 01b1 067BD3F7 		.ascii	"\006{\323\367\033Q\247S\011\332\331\016i\240;Z\233|"
 196      1B51A753 
 196      09DAD90E 
 196      69A03B5A 
 196      9B7C
 197 01c3 DF11BA2E 		.ascii	"\337\021\272.v\350\355D,v4?osDvn1\222\264YJ7I\266\253"
 197      76E8ED44 
 197      2C76343F 
 197      6F734476 
 197      6E3192B4 
 198 01dd 047411B9 		.ascii	"\004t\021\271\242B\344*\240K\310\215h,@\356\002:\017"
 198      A242E42A 
 198      A04BC88D 
 198      682C40EE 
 198      023A0F
 199 01f0 1FCFC1C7 		.ascii	"\037\317\301\307\303\204Q\361\203\344?\357\037\223\244"
 199      C38451F1 
 199      83E43FEF 
 199      1F93A4
 200 01ff B75111B2 		.ascii	"\267Q\021\262C\027\020\246\030\360\301\022;F\361XVB"
 200      431710A6 
 200      18F0C112 
 200      3B46F158 
 200      5642
 201 0211 86358E45 		.ascii	"\2065\216E\204\201X\230\322S&ZZ\243\304\342\032\267"
 201      84815898 
 201      D253265A 
 201      5AA3C4E2 
 201      1AB7
 202 0223 8FBF531E 		.ascii	"\217\277S\036-I\"*\2065.\233\327\200%\331\"\025G\317"
 202      2D49222A 
 202      86352E9B 
 202      D78025D9 
 202      221547CF 
 203 0237 96200D04 		.ascii	"\226 \015\004\236\"B4\344[\315\263#\2275\263\337J\021"
 203      9E224234 
 203      E45BCDB3 
 203      239735B3 
 203      DF4A11
 204 024a FD5836F3 		.ascii	"\375X6\363\254\330\211\271@$\336\031\271v\300\236\271"
 204      ACD889B9 
 204      4024DE19 
 204      B976C09E 
 204      B9
 205 025b 6001F1C8 		.ascii	"`\001\361\310\245\273I\342\242$\262f\274IZ \242o~\215"
 205      A5BB49E2 
 205      A224B266 
 205      BC495A20 
 205      A26F7E8D 
 206 026f CA80C955 		.ascii	"\312\200\311U`\"\240r\264\010\376^\001Et\315\311\226"
 206      6022A072 
 206      B408FE5E 
 206      014574CD 
ARM GAS  /tmp/ccVwCFuG.s 			page 16


 206      C996
 207 0281 9C69F19D 		.ascii	"\234i\361\235t)\275\030\234\220\263\370A\236$\001GI"
 207      7429BD18 
 207      9C90B3F8 
 207      419E2401 
 207      4749
 208 0293 4370E8AC 		.ascii	"Cp\350\254\231\344Y\022.\224\207:\021:\203: \352\025"
 208      99E45912 
 208      2E94873A 
 208      113A833A 
 208      20EA15
 209 02a6 E81D98DE 		.ascii	"\350\035\230\336x\267h\004\343~\352\227y\371\357\275"
 209      78B76804 
 209      E37EEA97 
 209      79F9EFBD 
 210 02b6 9971C1C1 		.ascii	"\231q\301\301\"\231jJ\246J&\223\277\347\206\311\221"
 210      22996A4A 
 210      A64A2693 
 210      BFE786C9 
 210      91
 211 02c7 9369F84D 		.ascii	"\223i\370M\262T\274Y\"\376\002\024\2524S\251TS\251\241"
 211      B254BC59 
 211      22FE0214 
 211      AA3453A9 
 211      5453A9A1 
 212 02db 5472271E 		.ascii	"Tr'\036\2310\236fT\372\036\017\266\333\313\232~;\253"
 212      99309E66 
 212      54FA1E0F 
 212      B6DBCB9A 
 212      7E3BAB
 213 02ee 891875CD 		.ascii	"\211\030u\315\254\351\232ZS-\325Ttd\2577\336\317v\361"
 213      ACE99A5A 
 213      532DD554 
 213      7464AF37 
 213      DECF76F1 
 214 0302 F3B2178F 		.ascii	"\363\262\027\217m\271\242\376\267\346P\2523+\252S+\252"
 214      6DB9A2FE 
 214      B7E650AA 
 214      332BAA53 
 214      2BAA
 215 0314 A78A8A47 		.ascii	"\247\212\212G\262\366a|\234ij\234(\232\322\341<\332"
 215      B2F6617C 
 215      9C696A9C 
 215      289AD2E1 
 215      3CDA
 216 0326 D19C301D 		.ascii	"\321\2340\035\037\321 7W\004\256@v\207\345\203!\240"
 216      1FD12037 
 216      5704AE40 
 216      7687E583 
 216      21A0
 217 0338 46F0DC0D 		.ascii	"F\360\334\015~4\340I\226`\223\215\374\213|\206w-m\351"
 217      7E34E049 
 217      9660938D 
 217      FC8B7C86 
 217      772D6DE9 
 218 034c B6933225 		.ascii	"\266\2232%\274H@\313\\\221\007l\272\006\330tdH@\267"
 218      BC4840CB 
ARM GAS  /tmp/ccVwCFuG.s 			page 17


 218      5C91076C 
 218      BA06D874 
 218      644840B7 
 219 0360 40E14DF0 		.ascii	"@\341M\360-qHj\345\244\255\035G\307\374'\364\275\211"
 219      2D71486A 
 219      E5A4AD1D 
 219      47C7FC27 
 219      F4BD89
 220 0373 99AB3ADD 		.ascii	"\231\253:\335\266\331-\215\232\200\211\274\253\005t"
 220      B6D92D8D 
 220      9A8089BC 
 220      AB0574
 221 0382 1BE9F869 		.ascii	"\033\351\370i\255\257\331\223\344D\243\014\337x\224"
 221      ADAFD993 
 221      E444A30C 
 221      DF7894
 222 0391 674CFB9F 		.ascii	"gL\373\237ZY\214r3\215\362\0359\312\2217\233\252\020"
 222      5A598C72 
 222      338DF21D 
 222      39CA9137 
 222      9BAA10
 223 03a4 B8B413CE 		.ascii	"\270\264\023\316D}\375'\325\247\373\244\030;\212B\327"
 223      447DFD27 
 223      D5A7FBA4 
 223      183B8A42 
 223      D7
 224 03b5 CD2EBDCE 		.ascii	"\315.\275\316\235\200Z\250+\013\253\266\327\332\342"
 224      9D805AA8 
 224      2B0BABB6 
 224      D7DAE2
 225 03c4 56E6CA8C 		.ascii	"V\346\312\214\276\332*+\266\377\337\"\236\335=\260\023"
 225      BEDA2A2B 
 225      B6FFDF22 
 225      9EDD3DB0 
 225      13
 226 03d5 B1FDDF87 		.ascii	"\261\375\337\207\240\177\260v<\311\016?d\330sE\203\037"
 226      A07FB076 
 226      3CC90E3F 
 226      64D87345 
 226      831F
 227 03e7 30A82B49 		.ascii	"0\250+I5qm\255\210\370D\342V:+\215\354\244N\321\273"
 227      35716DAD 
 227      88F844E2 
 227      563A2B8D 
 227      ECA44ED1 
 228 03fc 4208A94F 		.ascii	"B\010\251O\322\322.5!\347xj\226$}\212ht\332\001\336"
 228      D2D22E35 
 228      21E7786A 
 228      96247D8A 
 228      6874DA01 
 229 0411 46E1F790 		.ascii	"F\341\367\220\263<\211\240\263\307\262\246\355\225\350"
 229      B33C89A0 
 229      B3C7B2A6 
 229      ED95E8
 230 0420 A6D7A1CF 		.ascii	"\246\327\241\317\217<\276g\373n\246t\235\036<\217\224"
 230      8F3CBE67 
 230      FB6EA674 
ARM GAS  /tmp/ccVwCFuG.s 			page 18


 230      9D1E3C8F 
 230      94
 231 0431 C3524C7C 		.ascii	"\303RL|\244\026u!gH\252\230\354D\305\334V\370\362wQ"
 231      A4167521 
 231      6748AA98 
 231      EC44C5DC 
 231      56F8F277 
 232 0446 40F7D1BB 		.ascii	"@\367\321\2730\365DcZ\241\216\331$\021\243FK\266\346"
 232      30F54463 
 232      5AA18ED9 
 232      2411A346 
 232      4BB6E6
 233 0459 F1FE880D 		.ascii	"\361\376\210\015\364\023O\336/@\254\037\357B\016C\343"
 233      F4134FDE 
 233      2F40AC1F 
 233      EF420E43 
 233      E3
 234 046a 916407E6 		.ascii	"\221d\007\346\037\351 q\320\201\351\351(\015\036c\016"
 234      1FE92071 
 234      D081E9E9 
 234      280D1E63 
 234      0E
 235 047b BAD7F4B2 		.ascii	"\272\327\364\262\206\347S\223\025\3118=m{\034,\272\250"
 235      86E75393 
 235      15C9383D 
 235      6D7B1C2C 
 235      BAA8
 236 048d 5F76D143 		.ascii	"_v\321C\346\242\354\244\214\263\330l\264\206\036\375"
 236      E6A2ECA4 
 236      8CB3D86C 
 236      B4861EFD 
 237 049d 0700EFA5 		.ascii	"\007\000\357\245\360G\324\350~\331\350\356C\335\351"
 237      F047D4E8 
 237      7ED9E8EE 
 237      43DDE9
 238 04ac B69CB935 		.ascii	"\266\234\2715\364\267$te:r\346\204\330\365\204\355\273"
 238      F4B72474 
 238      653A72E6 
 238      84D8F584 
 238      EDBB
 239 04be 359C29B9 		.ascii	"5\234)\271\006v\336N\370\013\236f<\357\344\356>\315"
 239      0676DE4E 
 239      F80B9E66 
 239      3CEFE4EE 
 239      3ECD
 240 04d0 833E4CB0 		.ascii	"\203>L\260\027\222\233\222\355-\362\034\225y\2160\236"
 240      17929B92 
 240      ED2DF21C 
 240      95798E30 
 240      9E
 241 04e1 39D1DDC7 		.ascii	"9\321\335\307\2640\333\025\356\030\244\270`\\\331\005"
 241      B430DB15 
 241      EE18A4B8 
 241      605CD905 
 242 04f1 93573C7E 		.ascii	"\223W<~R\203g\350Jb\356\311\356\357\220\233\235|3\270"
 242      528367E8 
 242      4A62EEC9 
ARM GAS  /tmp/ccVwCFuG.s 			page 19


 242      EEEF909B 
 242      9D7C33B8 
 243 0505 476F2547 		.ascii	"Go%G\376)\030\366\330\274?]\211I\363\034\305'p\270\\"
 243      FE2918F6 
 243      D8BC3F5D 
 243      8949F31C 
 243      C52770B8 
 244 051a 79FE1F07 		.ascii	"y\376\037\007:cl\375ciG\257:\340XL\027\270{r\270\016"
 244      3A636CFD 
 244      636947AF 
 244      3AE0584C 
 244      17B87B72 
 245 0530 CFAE00F7 		.ascii	"\317\256\000\367\302\031z/L\302\012\317\314+<E\026\226"
 245      C2197A2F 
 245      4CC20ACF 
 245      CC2B3C45 
 245      1696
 246 0542 98987F89 		.ascii	"\230\230\177\211\306\216\244\3269\373\217\350\033\202"
 246      C68EA4D6 
 246      39FB8FE8 
 246      1B82
 247 0550 F141EA91 		.ascii	"\361A\352\221)\032\212Q9\024\233\257\306>\242'\301\364"
 247      291A8A51 
 247      39149BAF 
 247      C63EA227 
 247      C1F4
 248 0562 CBB4EF2B 		.ascii	"\313\264\357+\233\034\326(\265?\177\235\366\374\216"
 248      9B1CD628 
 248      B53F7F9D 
 248      F6FC8E
 249 0571 C458BE25 		.ascii	"\304X\276%\323\311-}\241}\264\330\236\365;\211\373'"
 249      D3C92D7D 
 249      A17DB4D8 
 249      9EF53B89 
 249      FB27
 250 0583 07F6356A 		.ascii	"\007\3665jy\240\035\241\177e<uT\207\023\250{PikQ\014"
 250      79A01DA1 
 250      7F653C75 
 250      548713A8 
 250      7B50696B 
 251 0599 8FF4C7D0 		.ascii	"\217\364\307\320\275\266\363|\217\345\015\271Y\344\201"
 251      BDB6F37C 
 251      8FE50DB9 
 251      59E481
 252 05a8 8E1429CF 		.ascii	"\216\024)\317\227\351\251M\242zC\316\000\374%\205\233"
 252      97E9A94D 
 252      A27A43CE 
 252      00FC2585 
 252      9B
 253 05b9 44677912 		.ascii	"Dgy\022\275\236\006'\337\344\373QYL8\323b\002\235\352"
 253      BD9E0627 
 253      DFE4FB51 
 253      594C38D3 
 253      62029DEA 
 254 05cd BB9C6AC7 		.ascii	"\273\234j\307Y\222\213\366\312\315\224l\033\234\302"
 254      59928BF6 
 254      CACD946C 
ARM GAS  /tmp/ccVwCFuG.s 			page 20


 254      1B9CC2
 255 05dc 583EDE16 		.ascii	"X>\336\026\375\214\237\033r\350\272\253\307~v\264\310"
 255      FD8C9F1B 
 255      72E8BAAB 
 255      C77E76B4 
 255      C8
 256 05ed 32566619 		.ascii	"2Vf\031\303X\246\366\217\3178\252Yn\021]Q\264H\340\333"
 256      C358A6F6 
 256      8FCF38AA 
 256      596E115D 
 256      51B448E0 
 257 0602 28CB5899 		.ascii	"(\313X\231\345\276\206\334\025,T\277\244\332\200\011"
 257      E5BE86DC 
 257      152C54BF 
 257      A4DA8009 
 258 0612 372F4DD5 		.ascii	"7/M\325;)\325\307\211\257Q\377,\377y+\267:\035\223\255"
 258      3B29D5C7 
 258      89AF51FF 
 258      2CFF792B 
 258      B73A1D93 
 259 0627 51D89CC0 		.ascii	"Q\330\234\300\313\213N\345\251u\341\2476\262\357\364"
 259      CB8B4EE5 
 259      A975E1A7 
 259      36B2EFF4 
 260 0637 568CD399 		.ascii	"V\214\323\231\033\306\367F\307j\031\370\015\222{s\206"
 260      1BC6F746 
 260      C76A19F8 
 260      0D927B73 
 260      86
 261 0648 06B416DD 		.ascii	"\006\264\026\335\260KvC\002s\303\213\322\216\014'\265"
 261      B04B7643 
 261      0273C38B 
 261      D28E0C27 
 261      B5
 262 0659 1B7E049E 		.ascii	"\033~\004\236;)\317\335\224\347.\231g^\321\350!9{\020"
 262      3B29CFDD 
 262      94E72E99 
 262      675ED1E8 
 262      21397B10 
 263 066d 9E3DD95D 		.ascii	"\236=\331]\231v\3708\343q\2748\256\222\207#\235\304"
 263      9976F838 
 263      E371BC38 
 263      AE928723 
 263      9DC4
 264 067f 6A2665E4 		.ascii	"j&e\344\200\016\347\260A9\220\316<\220\365\017\363s"
 264      800EE7B0 
 264      413990CE 
 264      3C90F50F 
 264      F373
 265 0691 457C9E0D 		.ascii	"E|\236\015\276\350\210\217\267\3413\311\336\354hn\314"
 265      BEE8888F 
 265      B7E133C9 
 265      DEEC686E 
 265      CC
 266 06a2 D5E14B6C 		.ascii	"\325\341Kl0\277\267\252\\\236I\006cs\272\342\254p\005"
 266      30BFB7AA 
 266      5C9E4906 
ARM GAS  /tmp/ccVwCFuG.s 			page 21


 266      6373BAE2 
 266      AC7005
 267 06b5 1BBCD7FE 		.ascii	"\033\274\327\376`\233#\276\306:\025\345\233\277\303"
 267      609B23BE 
 267      C63A15E5 
 267      9BBFC3
 268 06c4 4DECBDE6 		.ascii	"M\354\275\346~\324{lR\024I\320eY\271i\23090\235n\377"
 268      7ED47B6C 
 268      521449D0 
 268      6559B969 
 268      9839309D 
 269 06da 3325DB4C 		.ascii	"3%\333LN\270\225\202\235:\246L\035:\264\230=\013\027"
 269      4EB89582 
 269      9D3AA64C 
 269      1D3AB498 
 269      3D0B17
 270 06ed BBD13643 		.ascii	"\273\3216C\212\212\224\212+\246\335\006\032\242$i\227"
 270      8A8A948A 
 270      2BA6DD06 
 270      1AA22469 
 270      97
 271 06fe 0E6D179D 		.ascii	"\016m\027\235Q\232\010v\212\013g#\011\236\004\377,%"
 271      519A0876 
 271      8A0B6723 
 271      099E04FF 
 271      2C25
 272 0710 BFAB18BE 		.ascii	"\277\253\030\276+\030\376Db4\015\267\3100b`\371\214"
 272      2B18FE44 
 272      62340DB7 
 272      C8306260 
 272      F98C
 273 0722 A201A440 		.ascii	"\242\001\244@\223\304SM\320Q\230\270\031\305s\325\262"
 273      93C4534D 
 273      D05198B8 
 273      19C573D5 
 273      B2
 274 0733 F3D10E51 		.ascii	"\363\321\016Q\245\273\201\243\011\221\255j\"QjtW\220"
 274      A5BB81A3 
 274      0991AD6A 
 274      22516A74 
 274      5790
 275 0745 197D408D 		.ascii	"\031}@\215N\025UL\246\202\314L\366\252\231$\315\321"
 275      4E15554C 
 275      A682CC4C 
 275      F6AA9924 
 275      CDD1
 276 0757 6D928AC7 		.ascii	"m\222\212\307\202\223)\232l\352\014\216\236=\021\335"
 276      8293299A 
 276      6CEA0C8E 
 276      9E3D11DD 
 277 0767 662B13F8 		.ascii	"f+\023\370\276\222\240\362@\007A]:\325D\340p`\320\011"
 277      BE92A0F2 
 277      4007415D 
 277      3AD544E0 
 277      7060D009 
 278 077b D10D658A 		.ascii	"\321\015e\212\213\321)\220# \331 \271 GAN\203\034\002"
 278      8BD12990 
ARM GAS  /tmp/ccVwCFuG.s 			page 22


 278      2320D920 
 278      B9204741 
 278      4E831C02 
 279 078f 390C9203 		.ascii	"9\014\222\003\222\005r\022\344\230\270\230V%\214v\277"
 279      92057212 
 279      E498B898 
 279      56258C76 
 279      BF
 280 07a0 82768A9A 		.ascii	"\202v\212\232v\262\2316\313\363\345\003\316\221\300"
 280      76B29936 
 280      CBF3E503 
 280      CE91C0
 281 07af 85A0049E 		.ascii	"\205\240\004\236\343\315\252\206\006\235wIR\245\007"
 281      E3CDAA86 
 281      069D7749 
 281      52A507
 282 07be B931A18A 		.ascii	"\2711\241\212a\272\344{\024\365\250C\327\242X\371'\365"
 282      61BAE47B 
 282      14F5A843 
 282      D7A258F9 
 282      27F5
 283 07d0 CAD16AF7 		.ascii	"\312\321j\367\266\360\320A\362\203\375\317\320rJD/\220"
 283      B6F0D041 
 283      F283FDCF 
 283      D0724A44 
 283      2F90
 284 07e2 2A74A58A 		.ascii	"*t\245\212@\357Q\207.Q\035\3501E\240\367\253\321\373"
 284      40EF5187 
 284      2E511DE8 
 284      3145A0F7 
 284      ABD1FB
 285 07f5 CC68929A 		.ascii	"\314h\222\232\233:\256\"\274]C\357\300\315S\271\371"
 285      9B3AAE22 
 285      BC5D43EF 
 285      C0CD53B9 
 285      F9
 286 0806 5668A1DB 		.ascii	"Vh\241\333\274ABy\020\233\377E\234\230\347_\016j\241"
 286      BC414279 
 286      109BFF45 
 286      9C98E75F 
 286      0E6AA1
 287 0819 B8466740 		.ascii	"\270Fg@\341\317\342\354\375J\342@y\305>\230\252\301"
 287      E1CFE2EC 
 287      FD4AE240 
 287      79C53E98 
 287      AAC1
 288 082b CAD2F78C 		.ascii	"\312\322\367\214bC\301O\037\221\226\276\244%\305WmE"
 288      6243C14F 
 288      1F9196BE 
 288      A425C557 
 288      6D45
 289 083d 1BCF3331 		.ascii	"\033\31731\344(\317<l\316\344Ii\204(\033\235>P\300\373"
 289      E428CF3C 
 289      6CCEE449 
 289      6984281B 
 289      9D3E50C0 
 290 0852 2E8AE4E2 		.ascii	".\212\344\342\302\223\313\300\2768\223\223\305\374x"
ARM GAS  /tmp/ccVwCFuG.s 			page 23


 290      C293CBC0 
 290      BE389393 
 290      C5FC78
 291 0861 41CE8F85 		.ascii	"A\316\217\205,\217\337j\357I\322\251\363\343yp\3229"
 291      2C8FDF6A 
 291      EF49D2A9 
 291      F3E37970 
 291      D239
 292 0873 EAD8429A 		.ascii	"\352\330B\232\037/\310\371\361l\303\355\247\2668\211"
 292      1F2FC8F9 
 292      F16CC3ED 
 292      A7B63889 
 293 0883 FA173527 		.ascii	"\372\0275'm\033\260\222/\215\230_rid\365\346\016\333"
 293      6D1BB092 
 293      2F8D985F 
 293      726964F5 
 293      E60EDB
 294 0896 2A172B12 		.ascii	"*\027+\022_\263\330\315\336\203Q\374\206\277.(~\204"
 294      5FB3D8CD 
 294      DE8351FC 
 294      86BF2E28 
 294      7E84
 295 08a8 3AB31FA1 		.ascii	":\263\037\241r\336t\341y\263\260\274\241\012\341\024"
 295      72DE74E1 
 295      79B3B0BC 
 295      A10AE114 
 296 08b8 C6AD74EC 		.ascii	"\306\255t\354\364\021>\227\344\361\316\370+3\226}rU"
 296      F4113E97 
 296      E4F1CEF8 
 296      2B33967D 
 296      7255
 297 08ca F6C91576 		.ascii	"\366\311\025vg<\211?\275R\355\222\022`YLY\226Q\226W"
 297      673C893F 
 297      BD52ED92 
 297      1260594C 
 297      59965196 
 298 08df 6596FB0F 		.ascii	"e\226\373\017\364\237\022\3256YD\307\225\235-\347\261"
 298      F49F12D5 
 298      365944C7 
 298      959D2DE7 
 298      B1
 299 08f0 AD24FDDE 		.ascii	"\255$\375\336\227g\252mp:#\275{\327D\265\026g\261N\301"
 299      9767AA6D 
 299      703A23BD 
 299      7BD744B5 
 299      1667B14E 
 300 0905 50768103 		.ascii	"Pv\201\003C\026\223~r\341\343j^\262h\025\303.|x<{\344"
 300      4316937E 
 300      72E1E36A 
 300      5EB26815 
 300      C32E7C78 
 301 091c 90353ECA 		.ascii	"\2205>\312\346&\214\214\355\266\266hn\235l\256\007\265"
 301      E6268C8C 
 301      EDB6B668 
 301      6E9D6CAE 
 301      07B5
 302 092e B6E06CE6 		.ascii	"\266\340l\346\260Vm\35650\240\206\032PO\015\250\223"
ARM GAS  /tmp/ccVwCFuG.s 			page 24


 302      B0566DEE 
 302      3530A086 
 302      1A504F0D 
 302      A893
 303 0940 0D288CCC 		.ascii	"\015(\214\314j\304js-\242\217\366\246\356\344a\370\204"
 303      6AC46A73 
 303      2DA28FF6 
 303      A6EEE461 
 303      F884
 304 0952 54199307 		.ascii	"T\031\223\007\373\035\360\011Frph:\307\021\347\262N"
 304      FB1DF009 
 304      46727068 
 304      3AC711E7 
 304      B24E
 305 0964 61C1C572 		.ascii	"a\301\305rn\235\007\251\371O\224\324\331\343|66\035"
 305      6E9D07A9 
 305      F94F94D4 
 305      D9E37C36 
 305      361D
 306 0976 9F76C616 		.ascii	"\237v\306\026_d\235\224\361\366\207|\363\273\2218g\376"
 306      5F649D94 
 306      F1F6877C 
 306      F3BB9138 
 306      67FE
 307 0988 B4CB1697 		.ascii	"\264\313\026\227\260\261\231\370\230\3756\270\234u\022"
 307      B0B199F8 
 307      98FD36B8 
 307      9C7512
 308 0997 EB1233ED 		.ascii	"\353\0223\355q\015\353\014E\365t\362\255\263\210\374"
 308      710DEB0C 
 308      45F574F2 
 308      ADB388FC 
 309 09a7 E4EE4B6C 		.ascii	"\344\356Kl\346?_t\212j\304\205W#\247\236\356\334k\217"
 309      E63F5F74 
 309      8A6AC485 
 309      5723A79E 
 309      EEDC6B8F 
 310 09bb 6FB0A9B7 		.ascii	"o\260\251\267\233\243\316s\254=tM'.\345[Y\376y'\273"
 310      9BA3CE73 
 310      AC3D744D 
 310      272EE55B 
 310      59FE7927 
 311 09d0 B683EDA4 		.ascii	"\266\203\355\244\035\247\262.[\253\013\346v\360V\033"
 311      1DA7B22E 
 311      5BAB0BE6 
 311      76F0561B 
 312 09e0 F5D63DEA 		.ascii	"\365\326=\352\255N\331[u\275q\365\366\352\002\330\""
 312      AD4ED95B 
 312      75BD71F5 
 312      F6EA02D8 
 312      22
 313 09f1 BAA8A1ED 		.ascii	"\272\250\241\355S\334\310H>\251k\273\207p3\353D\325"
 313      53DCC848 
 313      3EA96BBB 
 313      877033EB 
 313      44D5
 314 0a03 541DB1C1 		.ascii	"T\035\261\301\355\2543p\254\266\322\032\337g\235\356"
ARM GAS  /tmp/ccVwCFuG.s 			page 25


 314      EDAC3370 
 314      ACB6D21A 
 314      DF679DEE 
 315 0a13 DEA97318 		.ascii	"\336\251s\030\367\261\316\341\201\214\035\266x\220\317"
 315      F7B1CEE1 
 315      818C1DB6 
 315      7890CF
 316 0a22 E91EAAE3 		.ascii	"\351\036\252\343\016\332N\016\323\363\221\374[\262K"
 316      0EDA4E0E 
 316      D3F391FC 
 316      5BB24B
 317 0a31 C876EB7F 		.ascii	"\310v\353\177\3223\243\305\343\024\374Fn\303\265t[D"
 317      D233A3C5 
 317      E314FC46 
 317      6EC3B574 
 317      5B44
 318 0a43 4B09F3E3 		.ascii	"K\011\363\343\306\333\014)\021\322\365\335)~\331\224"
 318      C6DB0C29 
 318      11D2F5DD 
 318      297ED994 
 319 0a53 43D22E85 		.ascii	"C\322.\205\2148\014\011O>\025\350\262:\305\227nbUE\027"
 319      8C380C09 
 319      4F3E15E8 
 319      B23AC597 
 319      6E625545 
 320 0a68 A0EF72B4 		.ascii	"\240\357r\264l8jU\242\023\341vn\370\201\335\316d\353"
 320      6C386A55 
 320      A213E176 
 320      6EF881DD 
 320      CE64EB
 321 0a7b 5572F46C 		.ascii	"Ur\364l\352\251\240\350\213\350\225\353\271\037\364"
 321      EAA9A0E8 
 321      8BE895EB 
 321      B91FF4
 322 0a8a 3DA483C3 		.ascii	"=\244\203\303<\355?\207\264\377\022R\371\030\3104H$"
 322      3CED3F87 
 322      B4FF1252 
 322      F918C834 
 322      4824
 323 0a9c 5E8C1E43 		.ascii	"^\214\036C\373\004d\020\344\005\310\014\310\004\310"
 323      FB046410 
 323      E405C80C 
 323      C804C8
 324 0aab 14C824C8 		.ascii	"\024\310$\310\010\210\004\270\315 \343\360>\0042\000"
 324      088804B8 
 324      CD20E3F0 
 324      3E043200 
 325 0abb 320AF20C 		.ascii	"2\012\362\014\344\351\354\365M\353\210M\346:\342\246"
 325      E4E9ECF5 
 325      4DEB884D 
 325      E63AE2A6 
 326 0acb 9AE98D39 		.ascii	"\232\351\2159v\221\212\346\007v\321]\002/\\\344h9;\362"
 326      76918AE6 
 326      0776D15D 
 326      022F5CE4 
 326      68393BF2 
 327 0adf 7A5551A3 		.ascii	"zUQ\243\264l4\353~\240\326\2557;\201\371\254Z\341\263"
ARM GAS  /tmp/ccVwCFuG.s 			page 26


 327      B46C34EB 
 327      7EA0D6AD 
 327      373B81F9 
 327      AC5AE1B3 
 328 0af3 AAF97DA6 		.ascii	"\252\371}\246\254\177\024\272\273\325\350b5zJ\201\276"
 328      AC7F14BA 
 328      BBD5E862 
 328      357A4A81 
 328      BE
 329 0b04 3F3F5AA6 		.ascii	"??Z\246B\225\377`\206?R\303\363\325\225E?wJ!\257C\346"
 329      4295FF60 
 329      863F52C3 
 329      F3D59545 
 329      3F774A21 
 330 0b1b 38A5E015 		.ascii	"8\245\340\025\345-\012\217\337Q+\277\375\012\274_\001"
 330      E52D0A8F 
 330      DF512BBF 
 330      FD0ABC5F 
 330      01
 331 0b2c 6F54C36F 		.ascii	"oT\303o\275\002\357R\300\233\346\207+\313\261\011V\216"
 331      BD02EF52 
 331      C09BE687 
 331      2BCBB109 
 331      568E
 332 0b3e 0DABCB31 		.ascii	"\015\253\3131\242\252w\3029\303DN\010\321\325\253\326"
 332      A2AA77C2 
 332      39C3444E 
 332      08D1D5AB 
 332      D6
 333 0b4f 55A3F671 		.ascii	"U\243\366q\265b\345\0265:ZT\207\273a\2439\334}\363n"
 333      B562E516 
 333      353A5A54 
 333      87BB61A3 
 333      39DC7DF3 
 334 0b64 0E85EE06 		.ascii	"\016\205\356\006\205\356\346\371}\246\214\266\002\335"
 334      85EEE6F9 
 334      7DA68CB6 
 334      02DD
 335 0b72 30FF9E9E 		.ascii	"0\377\236\236\343a\305\346\350\231\337\314Y\342$\023"
 335      E361C5E6 
 335      E899DFCC 
 335      59E22413 
 336 0b82 F0705F87 		.ascii	"\360p_\207p\327r\270|\275\240\3529\305^]\307\236:\015"
 336      70D772B8 
 336      7CBDA0EA 
 336      39C55E5D 
 336      C79E3A0D 
 337 0b96 9E64C55E 		.ascii	"\236d\305^\373\303\2748{u\261'\037y\024\215\335\376"
 337      FBC3BC38 
 337      7B75B127 
 337      1F79148D 
 337      DDFE
 338 0ba8 2FA79E17 		.ascii	"/\247\236\027\203S\326\244\030\214\302\013\221\011\317"
 338      8353D6A4 
 338      188CC20B 
 338      9109CF
 339 0bb7 1683C372 		.ascii	"\026\203\303r1\230\331\333uE\243,\006\011\320|\207l"
ARM GAS  /tmp/ccVwCFuG.s 			page 27


 339      3198D9DB 
 339      7545A32C 
 339      0609D07C 
 339      876C
 340 0bc9 C1AC1884 		.ascii	"\301\254\030\204\226\334M\245\327\367i\225`\362OL3x"
 340      96DC4DA5 
 340      D7F76995 
 340      60F24F4C 
 340      3378
 341 0bdb 2B076FA5 		.ascii	"+\007o\245\340\332\314+\307\354\225`\362\277>38\206"
 341      E0DACC2B 
 341      C7EC9560 
 341      F2BF3E33 
 341      3886
 342 0bed 8349BB20 		.ascii	"\203I\273 \344\237\201\001+B\374\327\006\031\327\030"
 342      E49F8101 
 342      2B42FCD7 
 342      0619D718 
 343 0bfd 032242C3 		.ascii	"\003\"B\303\336sw\327{\255\017\\\033\370\205\257>4\\"
 343      DE7377D7 
 343      7BAD0F5C 
 343      1BF885AF 
 343      3E345C
 344 0c10 BFDE3F48 		.ascii	"\277\336?H\377}hXD\270> 4884D\357iX\355\265z\243\236"
 344      FF7D6858 
 344      44B83E20 
 344      34383834 
 344      44EF6958 
 345 0c29 4C730FD0 		.ascii	"Ls\017\320\376\365\363\257\336\366Z\272T\260\363\363"
 345      FEF5F3AF 
 345      DEF65ABA 
 345      54B0F3F3 
 346 0c39 DB101812 		.ascii	"\333\020\030\022\261\354\003\277\210\017\365\033\302"
 346      B1EC03BF 
 346      880FF51B 
 346      C2
 347 0c46 C3F4FE61 		.ascii	"\303\364\376a\301\357\207\204\206\030\3377\372\257\015"
 347      C1EF8784 
 347      8618DF37 
 347      FAAF0D
 348 0c55 D4078604 		.ascii	"\324\007\206\004\004mXg\324\007\373\007\254\017\014"
 348      046D5867 
 348      D407FB07 
 348      AC0F0C
 349 0c64 31EAFDD6 		.ascii	"1\352\375\326\031\277\365\337\020\024\341\027\261\351"
 349      19BFF5DF 
 349      1014E117 
 349      B1E9
 350 0c72 7B63B8FB 		.ascii	"{c\270\373zA+\317\376\303kf\207o\012\327\373\205G\254"
 350      7A412BCF 
 350      FEC36B66 
 350      876F0AD7 
 350      FB8547AC 
 351 0c86 03284C79 		.ascii	"\003(Ly\377\277!*\374\212\264\313\003\303\315\206\272"
 351      FFBF212A 
 351      FC8AB4CB 
 351      03C3CD86 
ARM GAS  /tmp/ccVwCFuG.s 			page 28


 351      BA
 352 0c97 922FBEC6 		.ascii	"\222/\276\306\010\337M\341\021\306\340U\376!\353\202"
 352      08DF4DE1 
 352      11C6E055 
 352      FE21EB82 
 353 0ca7 8C613E61 		.ascii	"\214a>a\201\241a\201\021\233\250[\274\202\214\376a>"
 353      81A16181 
 353      119BA85B 
 353      BC828CFE 
 353      613E
 354 0cb9 C61058F0 		.ascii	"\306\020X\360\037\266\001\353\001\270\312?(B\023\260"
 354      1FB601EB 
 354      01B8CA3F 
 354      284213B0 
 355 0cc9 DE3FEC77 		.ascii	"\336?\354ws\027\017\213\230%\031\260\036h\002=\007?"
 355      73170F8B 
 355      982519B0 
 355      1E68023D 
 355      073F
 356 0cdb BF6F3784 		.ascii	"\277o7\204\004\370\371\271\377i\351\307\313\264r\317"
 356      04F8F9B9 
 356      FF69E9C7 
 356      CBB472CF 
 357 0ceb D6B0C277 		.ascii	"\326\260\302w\205a\315\212\345\037\211\336>\266\314"
 357      8561CD8A 
 357      E51F89DE 
 357      3EB6CC
 358 0cfa 6B9FF845 		.ascii	"k\237\370E\330\360vv\370C\215\267\347g\206\331\3562"
 358      D8F07676 
 358      F8438DB7 
 358      E76786D9 
 358      EE32
 359 0d0c 8DB7978F 		.ascii	"\215\267\227\217\271\373\201\306\333\327\307\2405\260"
 359      B9FB81C6 
 359      DBD7C7A0 
 359      35B0
 360 0d1a DE52185C 		.ascii	"\336R\030\\a\036\364\200\301\025\006\215\357\227\336"
 360      611EF480 
 360      C115068D 
 360      EF97DE
 361 0d29 863FCEA5 		.ascii	"\206?\316\245i\334\030\241\367Z\355\353\355kf\033\032"
 361      69DC18A1 
 361      F75AEDEB 
 361      ED6B661B 
 361      1A
 362 0d3a 66F40B08 		.ascii	"f\364\013\010\376\020\010\333~\276\306\333\313\357K"
 362      FE1008DB 
 362      7EBEC6DB 
 362      CBEF4B
 363 0d49 0808CCF7 		.ascii	"\010\010\314\3674hV\257^i\300\236\313\015x9\264>+\015"
 363      346856AF 
 363      5E69C09E 
 363      CB0D7839 
 363      B43E2B0D 
 364 0d5d 1ACF95BE 		.ascii	"\032\317\225\276\006\315g+=\015V0\004\200\345\244\277"
 364      06CD672B 
 364      3D0D5630 
ARM GAS  /tmp/ccVwCFuG.s 			page 29


 364      0480E5A4 
 364      BF
 365 0d6e 8AFCF182 		.ascii	"\212\374\361\202?V\276\253\274|\015\330w\225\017\366"
 365      3F56BEAB 
 365      BC7C0DD8 
 365      77950FF6 
 366 0d7e F282D6CB 		.ascii	"\362\202\326\313`\345\351m\3602h\326|\371\205\001\010"
 366      60E5E96D 
 366      F03268D6 
 366      7CF98501 
 366      08
 367 0d8f 02C2CBE7 		.ascii	"\002\302\313\347+\357\345\360\327\323\313\240\365\365"
 367      2BEFE5F0 
 367      D7D3CBA0 
 367      F5F5
 368 0d9d FA8CAEF5 		.ascii	"\372\214\256\365o>\021B\247"
 368      6F3E1142 
 368      A7
 369              		.text
 370              		.section	.gnu.lto_.symtab.97de7cfdf140df1c,"",%progbits
 371 0000 6E766963 		.ascii	"nvicEnableVector\000"
 371      456E6162 
 371      6C655665 
 371      63746F72 
 371      00
 372 0011 00       		.ascii	"\000"
 373 0012 00       		.ascii	"\000"
 374 0013 00       		.ascii	"\000"
 375 0014 00000000 		.ascii	"\000\000\000\000\000\000\000\000"
 375      00000000 
 376 001c C7000000 		.ascii	"\307\000\000\000"
 377 0020 6E766963 		.ascii	"nvicDisableVector\000"
 377      44697361 
 377      626C6556 
 377      6563746F 
 377      7200
 378 0032 00       		.ascii	"\000"
 379 0033 00       		.ascii	"\000"
 380 0034 00       		.ascii	"\000"
 381 0035 00000000 		.ascii	"\000\000\000\000\000\000\000\000"
 381      00000000 
 382 003d CB000000 		.ascii	"\313\000\000\000"
 383 0041 6E766963 		.ascii	"nvicSetSystemHandlerPriority\000"
 383      53657453 
 383      79737465 
 383      6D48616E 
 383      646C6572 
 384 005e 00       		.ascii	"\000"
 385 005f 00       		.ascii	"\000"
 386 0060 00       		.ascii	"\000"
 387 0061 00000000 		.ascii	"\000\000\000\000\000\000\000\000"
 387      00000000 
 388 0069 CD000000 		.ascii	"\315\000\000\000"
 389 006d 6E766963 		.ascii	"nvicClearPending\000"
 389      436C6561 
 389      7250656E 
 389      64696E67 
ARM GAS  /tmp/ccVwCFuG.s 			page 30


 389      00
 390 007e 00       		.ascii	"\000"
 391 007f 00       		.ascii	"\000"
 392 0080 00       		.ascii	"\000"
 393 0081 00000000 		.ascii	"\000\000\000\000\000\000\000\000"
 393      00000000 
 394 0089 CF000000 		.ascii	"\317\000\000\000"
 395 008d 63685379 		.ascii	"chSysHalt\000"
 395      7348616C 
 395      7400
 396 0097 00       		.ascii	"\000"
 397 0098 02       		.ascii	"\002"
 398 0099 00       		.ascii	"\000"
 399 009a 00000000 		.ascii	"\000\000\000\000\000\000\000\000"
 399      00000000 
 400 00a2 DA000000 		.ascii	"\332\000\000\000"
 401              		.text
 402              		.section	.gnu.lto_.opts,"",%progbits
 403 0000 272D666D 		.ascii	"'-fmath-errno' '-fsigned-zeros' '-ftrapping-math' '"
 403      6174682D 
 403      6572726E 
 403      6F272027 
 403      2D667369 
 404 0033 2D666E6F 		.ascii	"-fno-trapv' '-fno-strict-overflow' '-fno-openmp' '-"
 404      2D747261 
 404      70762720 
 404      272D666E 
 404      6F2D7374 
 405 0066 666E6F2D 		.ascii	"fno-openacc' '-mcpu=cortex-m4' '-mfloat-abi=hard' '"
 405      6F70656E 
 405      61636327 
 405      20272D6D 
 405      6370753D 
 406 0099 2D6D6670 		.ascii	"-mfpu=fpv4-sp-d16' '-mno-thumb-interwork' '-mthumb'"
 406      753D6670 
 406      76342D73 
 406      702D6431 
 406      36272027 
 407 00cc 20272D4F 		.ascii	" '-O0' '-Werror' '-fomit-frame-pointer' '-falign-fu"
 407      30272027 
 407      2D576572 
 407      726F7227 
 407      20272D66 
 408 00ff 6E637469 		.ascii	"nctions=16' '-ffunction-sections' '-fdata-sections'"
 408      6F6E733D 
 408      31362720 
 408      272D6666 
 408      756E6374 
 409 0132 20272D66 		.ascii	" '-fno-common' '-flto' '-fsingle-precision-constant"
 409      6E6F2D63 
 409      6F6D6D6F 
 409      6E272027 
 409      2D666C74 
 410 0165 2700     		.ascii	"'\000"
 411              		.text
 412              		.comm	__gnu_lto_v1,1,1
 413              		.comm	__gnu_lto_slim,1,1
ARM GAS  /tmp/ccVwCFuG.s 			page 31


 414              		.ident	"GCC: (GNU Tools for Arm Embedded Processors 7-2017-q4-major) 7.2.1 20170904 (release) [ARM
ARM GAS  /tmp/ccVwCFuG.s 			page 32


DEFINED SYMBOLS
                            *ABS*:0000000000000000 nvic.c
                            *COM*:0000000000000001 __gnu_lto_v1
                            *COM*:0000000000000001 __gnu_lto_slim

NO UNDEFINED SYMBOLS
