ARM GAS  /tmp/ccIPXe4t.s 			page 1


   1              		.cpu cortex-m4
   2              		.eabi_attribute 27, 1
   3              		.eabi_attribute 28, 1
   4              		.eabi_attribute 20, 1
   5              		.eabi_attribute 21, 1
   6              		.eabi_attribute 23, 3
   7              		.eabi_attribute 24, 1
   8              		.eabi_attribute 25, 1
   9              		.eabi_attribute 26, 1
  10              		.eabi_attribute 30, 6
  11              		.eabi_attribute 34, 1
  12              		.eabi_attribute 18, 4
  13              		.file	"pal.c"
  14              		.section	.gnu.lto_.inline.5d06dbe7f15da23c,"",%progbits
  15 0000 789C6363 		.ascii	"x\234cc``\210`@\000f\006\006\001\011\006\006&\211\011"
  15      60608860 
  15      40006606 
  15      06010906 
  15      06268909 
  16 0014 A7191958 		.ascii	"\247\031\031X\030\230@bL\334\014\014\214@\246\270<\220"
  16      18984062 
  16      4CDC0C0C 
  16      8C40A6B8 
  16      3C90
  17 0026 AD766007 		.ascii	"\255v`\007\023\252\004\013\203\2202\220-\362a5\\\007"
  17      13AA040B 
  17      83903290 
  17      2DF26135 
  17      5C07
  18 0038 0B2FD0A4 		.ascii	"\013/\320\244\011~ \010Q\303\000\000i\336\010\257"
  18      097E2008 
  18      51C30000 
  18      69DE08AF 
  19              		.text
  20              		.section	.gnu.lto_palReadBus.5d06dbe7f15da23c,"",%progbits
  21 0000 789C9553 		.ascii	"x\234\225S\317KTQ\024\276\337;\357\335\031\035g,h\341"
  21      CF4B5451 
  21      14BEDF3B 
  21      EFDD191D 
  21      672C68E1 
  22 0014 62A02112 		.ascii	"b\240!\022q\343\373#l\337\242\277@\335(\010E\322z\256"
  22      71E3FB23 
  22      6CDFA2BF 
  22      40DD2808 
  22      45D27AAE 
  23 0028 F3C31F54 		.ascii	"\363\303\037T\033\311Q\344!FV\020E\211S\223f9\2166Z"
  23      1BC951E4 
  23      21465610 
  23      45895393 
  23      66398E36 
  24 003d 61654498 		.ascii	"aeD\230\205\213\"(Q\321Z\031e\235{\337\250C\255\\\274"
  24      858B2228 
  24      51D15A19 
  24      659D7BDF 
  24      A843AD5C 
  25 0052 F3EE8FEF 		.ascii	"\363\356\217\357|\347\273\337\271W\012!VH\210\023\374"
  25      7CE7BBDF 
ARM GAS  /tmp/ccIPXe4t.s 			page 2


  25      B9570A21 
  25      56488813 
  25      FC
  26 0063 3FC59F08 		.ascii	"?\305\237\010\012X\202?\360\"\310r\204P\226\315\301"
  26      0A58823F 
  26      F022C872 
  26      845096CD 
  26      C1
  27 0074 B6FDB1D4 		.ascii	"\266\375\261\324c\007\374\203D\200c\000\3404\210\270"
  27      6307FC83 
  27      44806300 
  27      E03488B8 
  28 0084 45B62303 		.ascii	"E\266#\003\210\343\022]!,\245\356yt\221<\022\260y\272"
  28      88E3125D 
  28      212CA5EE 
  28      7974913C 
  28      12B079BA 
  29 0098 BD38F439 		.ascii	"\2758\3649\242\247@\214\247\353\233\305lU\375M\245\022"
  29      A2A7408C 
  29      A7EB9BC5 
  29      6C55FD4D 
  29      A512
  30 00aa 2A3FD027 		.ascii	"*?\320'\207\263\257U\205G\226\3100<\213(\306\021\325"
  30      87B3AF55 
  30      854796C8 
  30      303C8B28 
  30      C611D5
  31 00bd A4F751CF 		.ascii	"\244\367Q\317\340\364\322@\027\321q\010\036\277\337"
  31      E0F4D240 
  31      17D17108 
  31      1EBFDF
  32 00cc BAF53152 		.ascii	"\272\3651Rw\335$\316\215\222:\351\021\341\001\250<\221"
  32      77DD24CE 
  32      8D923AE9 
  32      11E101A8 
  32      3C91
  33 00de 970472A8 		.ascii	"\227\004r\250\323\370Oc\273\375ai\217\360i\030\302\224"
  33      D3F84F63 
  33      BBFD6169 
  33      8FF06918 
  33      C294
  34 00f0 0F593A0B 		.ascii	"\017Y:\013\266xolcgF\326^S\252O\3457\007\217]M\246\027"
  34      B6786F6C 
  34      636746D6 
  34      5E53AA4F 
  34      E537078F 
  35 0108 94FDBF0A 		.ascii	"\224\375\277\012N\232@-3\334}\343\344\325\356\237n\225"
  35      4E9A402D 
  35      33DC7DE3 
  35      E4D5EE9F 
  35      6E95
  36 011a 7F59B398 		.ascii	"\177Y\263\230\235?Z\005.e[\034\034\342 m=u\364H\352"
  36      9D3F5A05 
  36      2E655B1C 
  36      1CE2206D 
  36      3D75F448 
  37 012f 10841611 		.ascii	"\020\204\026\021\022\232Q\364\350\342\034yH\275\254"
ARM GAS  /tmp/ccIPXe4t.s 			page 3


  37      129A51F4 
  37      E8E21C79 
  37      48BDAC
  38 013e 4FD017A4 		.ascii	"O\320\027\244VfW\007\245V4DA\326\223I\027^\005\264G"
  38      56665707 
  38      A5563444 
  38      41D69349 
  38      175E05B4 
  39 0153 0481C952 		.ascii	"\004\201\311R\355^b\367i\015\211\311\012\037\011FN\025"
  39      ED5E62F7 
  39      690D89C9 
  39      0A1F0946 
  39      4E15
  40 0165 168B7204 		.ascii	"\026\213r\004\303\235J\251\230G\001\316\367\023x\357"
  40      C39D4AA9 
  40      984701CE 
  40      F71378EF 
  41 0175 6DF7F26A 		.ascii	"m\367\362j\310\275\243\374\255 \036a\004\375\246:\246"
  41      C8BDA3FC 
  41      AD201E61 
  41      04FDA63A 
  41      A6
  42 0186 E00A2EBB 		.ascii	"\340\012.\273\334x\300t\373\306v\276Z\327\014\242\032"
  42      DC78C074 
  42      FBC676BE 
  42      5AD70CA2 
  42      1A
  43 0197 8FF76B72 		.ascii	"\217\367kr\253i\035\251\230\261\213a\023\023\353\037"
  43      AB691DA9 
  43      98B18B61 
  43      1313EB1F 
  44 01a7 02F1DF2A 		.ascii	"\002\361\337*\350QE\206\345\011<A\\\224k\2564\355I\376"
  44      E8514586 
  44      E5093C41 
  44      5C946BAE 
  44      34ED49FE 
  45 01bb 9CFE1161 		.ascii	"\234\376\021a\\\015/h\317\365\332\316\322FOH\213=\342"
  45      5C0D2F68 
  45      CFF5DACE 
  45      D2464F48 
  45      8B3DE2
  46 01ce 510879BE 		.ascii	"Q\010y\276 \323%\251\311\321\3614\030=h\244Vb\206\245"
  46      20D325A9 
  46      C9D1F134 
  46      183D68A4 
  46      566286A5 
  47 01e2 FA0D2A20 		.ascii	"\372\015* \356Q\225\221\"K\307\377vy\266\344\225u(\007"
  47      EE519591 
  47      224BC7FF 
  47      7679B6E4 
  47      95752807 
  48 01f6 C298350E 		.ascii	"\302\2305\016\230[:\307\016\254\241\260\347%\225\237"
  48      985B3AC7 
  48      0EACA1B0 
  48      E725959F 
  49 0206 206C4EF0 		.ascii	" lN\360\017q\204\313\341i\211\370]n2\027f\342T\247\336"
  49      0F7184CB 
ARM GAS  /tmp/ccIPXe4t.s 			page 4


  49      E16989F8 
  49      5D6E3217 
  49      66E254A7 
  50 021b AA46D110 		.ascii	"\252F\321\020[\232x\336\020\3577\311>d\223\026\016\232"
  50      5B9A78DE 
  50      10EF37C9 
  50      3E649316 
  50      0E9A
  51 022d F4CC3025 		.ascii	"\364\3140%\277w\301\247rX&\023\226\263\313C\261[xn\330"
  51      BF77C1A7 
  51      72582613 
  51      96B3CB43 
  51      B15B786E 
  52 0242 CDF57FE1 		.ascii	"\315\365\177\341\263\377\332c\017\231\002\3228\315\257"
  52      B3FFDA63 
  52      0F9902D2 
  52      38CDAF
  53 0251 99BEF26B 		.ascii	"\231\276\362k\036`\2576\221\210\225\020\376\305\325"
  53      1E60AF36 
  53      91889510 
  53      FEC5D5
  54 0260 6F468868 		.ascii	"oF\210hC\203\333\330\332\326\334v\372\214{\266\303m"
  54      4383DBD8 
  54      DAD6DC76 
  54      FA8C7BB6 
  54      C36D
  55 0272 6D6A773B 		.ascii	"mjw;\316\267\270\347\232\332\033Z\0045_\350\370\013"
  55      CEB7B8E7 
  55      9ADA1B5A 
  55      04355FE8 
  55      F80B
  56 0284 7DB12DC3 		.ascii	"}\261-\303"
  57              		.text
  58              		.section	.gnu.lto_palWriteBus.5d06dbe7f15da23c,"",%progbits
  59 0000 789C9553 		.ascii	"x\234\225SKO\023Q\024\276\337\234\351\3641\264\005\342"
  59      4B4F1351 
  59      14BEDF9C 
  59      E9F431B4 
  59      05E2
  60 0012 C2058924 		.ascii	"\302\005\211$\2324l\230\245+W$n]\370\013\200\015$$\032"
  60      9A346C98 
  60      A52B5724 
  60      6E5DF80B 
  60      800D2424 
  61 0027 ABEB0ED0 		.ascii	"\253\353\016\320\026\360\261\02308\020\202\202\306h"
  61      16F0B113 
  61      30381082 
  61      82C668
  62 0036 D4A06201 		.ascii	"\324\240b\001\241\026\005\037 \226\020\203\217\270\320"
  62      A116051F 
  62      20961083 
  62      8FB8D0
  63 0045 C082A081 		.ascii	"\300\202\240\201\350B\215\026\317\275\323\322\206]'"
  63      E8428D16 
  63      CFBDD3D2 
  63      865D27
  64 0054 9933F79E 		.ascii	"\2313\367\236{\316w\276\363\3353\206\020\242\312#D\204"
ARM GAS  /tmp/ccIPXe4t.s 			page 5


  64      7BCE77BE 
  64      F3DD3386 
  64      10A2CA23 
  64      4484
  65 0066 BFC7F815 		.ascii	"\277\307\370\025^\001M\360\013bK\032\037\331\232\316"
  65      5E014DF0 
  65      0B624B1A 
  65      1FD99ACE 
  66 0076 46D7DDB5 		.ascii	"F\327\335\265!\327\036\360\007\006\300\011\0201\215"
  66      21D71EF0 
  66      0706C009 
  66      10318D
  67 0085 748F8118 		.ascii	"t\217\201\030.\322eB\246k#\245\325\335\260\371I\367"
  67      2ED26542 
  67      A66B23A5 
  67      D5DDB0F9 
  67      49F7
  68 0097 FF349276 		.ascii	"\3774\222v\342\240\303X}$\324\203q\324qT6~\317\241\013"
  68      E2A0C358 
  68      7D24D483 
  68      71D47154 
  68      367ECFA1 
  69 00ac E410A0F3 		.ascii	"\344\020\240\363vgi\340kHn5\324\3626\221\355O\022\035"
  69      766769E0 
  69      6B486E35 
  69      D4F23691 
  69      ED4F121D 
  70 00c0 82E0F5FB 		.ascii	"\202\340\365\373\355[\237B\221Q\333\356\260\323\213"
  70      ED5B9F42 
  70      9151DBEE 
  70      B0D38B
  71 00cf D7C83EE2 		.ascii	"\327\310>\342\020\341\021\210\001\361\0205x\200\032"
  71      10E11188 
  71      01F11035 
  71      78801A
  72 00de C12E8109 		.ascii	"\301.\201\011D8|07\262`\322a\225:6\3434\3473?\215\252"
  72      44387C30 
  72      37B260D2 
  72      61953A36 
  72      E334E733 
  73 00f5 4C1D8FF7 		.ascii	"L\035\217\367g\352\002)Dd\370\227\373\271\336\240\241"
  73      67EA0229 
  73      4464F897 
  73      FBB9DEA0 
  73      A1
  74 0106 0F17D862 		.ascii	"\017\027\330b\222\333\344\026\301\236\273+\236\264\235"
  74      92DBE416 
  74      C19EBB2B 
  74      9EB49D
  75 0115 DBED620E 		.ascii	"\333\355b\016c\330=~\000\234\351\321\330\030$\215.\215"
  75      63D83D7E 
  75      009CE9D1 
  75      D818248D 
  75      2E8D
  76 0127 47FA0C69 		.ascii	"G\372\014i\274r\353\223\306/M@\372L\271\252`\343\015"
  76      BC72EB93 
  76      C62F4D40 
ARM GAS  /tmp/ccIPXe4t.s 			page 6


  76      FA4CB9AA 
  76      60E30D
  77 013a CA551892 		.ascii	"\312U\030\222p5Tq\321\255\324\351&\226\236z\270\031"
  77      70355471 
  77      D1ADD4E9 
  77      26969E7A 
  77      B819
  78 014c 41EB887F 		.ascii	"A\353\210\177\230\333\270jH\022\003\024fz}\211\314\262"
  78      98DBB86A 
  78      48120314 
  78      667A7D89 
  78      CCB2
  79 015e 576A4410 		.ascii	"WjD\020\230b\356\362\351a\376\2026\3211\351w#\301\221"
  79      9862EEF2 
  79      E961FE82 
  79      36D131E9 
  79      7723C191 
  80 0172 D399A579 		.ascii	"\323\231\245yc\030C\355|\007\265\016\3718\337M\340\263"
  80      631843ED 
  80      7C07B50E 
  80      F938DF4D 
  80      E0B3
  81 0184 D5AEB5CF 		.ascii	"\325\256\265\317\246u\307v\217\374\230\3060zUu<\201"
  81      A675C776 
  81      8FFC98C6 
  81      307A5575 
  81      3C81
  82 0196 25B8EC5A 		.ascii	"%\270\354ZC\021\351\366\330N:,k\372\021\306\314^M\236"
  82      4311E9F6 
  82      D84E3A2C 
  82      6BFA11C6 
  82      CC5E4D9E 
  83 01aa 04DA42BC 		.ascii	"\004\332B\274V)\304a\251\324\326Go\354\237\355s(\320"
  83      5629C461 
  83      A9D4D647 
  83      6FEC9FED 
  83      7328D0
  84 01bd 4752B259 		.ascii	"GR\262Y\304D)gS]H\347\237\331\037!\216\343\2110\245"
  84      C4442967 
  84      535D48E7 
  84      9FD91F21 
  84      8EE38930 
  85 01d2 CCD2F73B 		.ascii	"\314\322\367;\373\255\333\224d+\035\252\300S\036\243"
  85      FBADDB94 
  85      642B1DAA 
  85      C0531EA3 
  86 01e2 749E6AE7 		.ascii	"t\236j\347\365\361\0048\372\212\242j\"\303T\335;\231"
  86      F5F10438 
  86      FA8AA26A 
  86      22C354DD 
  86      3B99
  87 01f4 43CCA1A0 		.ascii	"C\314\241\240\242b\270\355\347\222\353G]\332\332\000"
  87      A262B8ED 
  87      E792EB47 
  87      5DDADA00 
  88 0204 558B1241 		.ascii	"U\213\022A\250,At<S\202\250\311~\316\202l\242\363o\022"
  88      A82C4174 
ARM GAS  /tmp/ccIPXe4t.s 			page 7


  88      3C5382A8 
  88      C97ECE82 
  88      6CA2F36F 
  89 0219 2E94AED0 		.ascii	".\224\256\320\251\024\335S\246\334\363E\271\027\\\364"
  89      A914DD53 
  89      A6DCF345 
  89      B9175CF4 
  90 0229 BE027A1E 		.ascii	"\276\002z\036me{q\320\224\222yP\211\027\014\3031\333"
  90      6D657B71 
  90      D0949279 
  90      5089170C 
  90      C331DB
  91 023c 8518AF22 		.ascii	"\205\030\257\"a\2242\360\225\331\337\313b\177\257\366"
  91      619432F0 
  91      95D9DFCB 
  91      627FAFF6 
  92 024c F5E767E9 		.ascii	"\365\347g\351\030\260\024=Pf\177\257\213\375-\272\350"
  92      18B0143D 
  92      50667FAF 
  92      8BFD2DBA 
  92      E8
  93 025d 7BDC4D55 		.ascii	"{\334MU P\212^Q\026z\010K\012]\223\350o\\\364_\005\364"
  93      20508A5E 
  93      51167A08 
  93      4B0A5D93 
  93      E86F5CF4 
  94 0274 A012C764 		.ascii	"\240\022\307d_f\365\274\362\225\216_H\215\337\276Ra"
  94      5F66F5BC 
  94      F2958E5F 
  94      488DDFBE 
  94      5261
  95 0286 2680E57C 		.ascii	"&\200\345|\251w\023\223\023A.\025o\227G\225x\253J\345"
  95      A9771393 
  95      13412E15 
  95      6F974795 
  95      78AB4AE5 
  96 029a 67746A68 		.ascii	"gtjh\344&\366\016\253\220\205\325+\177<\201\025X\\["
  96      E426F60E 
  96      AB9085D5 
  96      2B7F3C81 
  96      15585C5B 
  97 02ae 7C47C7F0 		.ascii	"|G\307\360\356%w:\335?\231\005f\2365\365\365VCKkS\353"
  97      EE25773A 
  97      DD3F9905 
  97      669E35F5 
  97      F556434B 
  98 02c5 8993D6A9 		.ascii	"\211\223\326\251\250\325\322\330fE\3174[\247\033\333"
  98      A8D5D2D8 
  98      6645CF34 
  98      5BA71BDB 
  99 02d5 EA9B0535 		.ascii	"\352\233\0055\235\213\352M\255g\243\377\001\316\353"
  99      9D8BEA4D 
  99      AD67A3FF 
  99      01CEEB
 100 02e4 88FF     		.ascii	"\210\377"
 101              		.text
 102              		.section	.gnu.lto_palSetBusMode.5d06dbe7f15da23c,"",%progbits
ARM GAS  /tmp/ccIPXe4t.s 			page 8


 103 0000 789C9552 		.ascii	"x\234\225RMKTQ\030~\237\373\336\017gFG\333\265\020\022"
 103      4D4B5451 
 103      187E9FFB 
 103      DE0F6746 
 103      47DBB510 
 104 0015 0A063773 		.ascii	"\012\0067s\177A+\027-]\364\013\324\002\005\303HZ\317"
 104      7F412B17 
 104      2D5DF40B 
 104      D40205C3 
 104      485ACF
 105 0028 CDF95031 		.ascii	"\315\371P1hQ\216a\027\031\250)\212\242b\354c\324r\032"
 105      68518E61 
 105      1719A829 
 105      8AA262EC 
 105      63D4721A 
 106 003c CB3E4862 		.ascii	"\313>Hb\244\205\225\271(j\021*\212\253\242\254\367\234"
 106      A48595B9 
 106      286A112A 
 106      8AABA2AC 
 106      F79C
 107 004e 3BA5459B 		.ascii	";\245E\2339p\276\237\367y\237\3679\307&\242\021&\212"
 107      3970BE9F 
 107      F7799FF7 
 107      39C726A2 
 107      11268A
 108 0061 C97C503A 		.ascii	"\311|P:9\004\203\244C\016\301\206E\344\031\246\014\246"
 108      390483A4 
 108      430EC186 
 108      45E419A6 
 108      0CA6
 109 0073 19AC6DB5 		.ascii	"\031\254m\265\266 \023l@\002@\011\203M\313F\002\247"
 109      B620136C 
 109      40024009 
 109      834DCB46 
 109      02A7
 110 0085 F91CA33C 		.ascii	"\371\034\243<\370\271h\264^\361\244\225\306\026\235"
 110      F8B968B4 
 110      5EF1A495 
 110      C6169D
 111 0094 8C97DEEB 		.ascii	"\214\227\336\353\013W\226I7\024\320*\250J\352\226\317"
 111      0B579649 
 111      3714D02A 
 111      A84AEA96 
 111      CF
 112 00a5 23EC3360 		.ascii	"#\3543`\312vsa\374cTm\015\264\3106]\031\3130\357\003"
 112      CA767361 
 112      FC63546D 
 112      0DB4C836 
 112      5D19CB30 
 113 00bb C9FACDC6 		.ascii	"\311\372\315\306\265\345h,\357y\003^i\371\"{\007|f\334"
 113      B5E5682C 
 113      EF79035E 
 113      69F9227B 
 113      077C66DC 
 114 00cf 050B21EE 		.ascii	"\005\013!\356\240\031\223h&9\"\334CL\340[\205\374\331"
 114      A0199368 
 114      263922DC 
ARM GAS  /tmp/ccIPXe4t.s 			page 9


 114      434CE05B 
 114      85FCD9
 115 00e2 08EFD7A1 		.ascii	"\010\357\327\241+\353\223\027\302\325\320\227y\035j"
 115      2BEB9317 
 115      C2D5D097 
 115      791D6A
 116 00f1 E2FEBFA1 		.ascii	"\342\376\277\241&\241\210\230\302\177\270\275=\332`"
 116      26A18898 
 116      C27FB8BD 
 116      3DDA60
 117 0100 9BB9DF72 		.ascii	"\233\271\337r1%uJ\215\220\223\233\213V\311\333\3769"
 117      3125754A 
 117      8D90939B 
 117      8B56C9DB 
 117      FE39
 118 0112 E895BEE7 		.ascii	"\350\225\276\347\361\376P=$\3222d\260Y\006\307T[K\255"
 118      F1FE503D 
 118      24D23264 
 118      B05906C7 
 118      545B4BAD 
 119 0126 1C282561 		.ascii	"\034(%ahR\032\322e\017\261x\312\303\242\222\370\023"
 119      68521AD2 
 119      650FB178 
 119      CAC3A292 
 119      F813
 120 0138 526FE756 		.ascii	"Ro\347V&lE>\316\216\244\315\246\313\257\034U<\2030-"
 120      266C453E 
 120      CE8EA4CD 
 120      A6CBAF1C 
 120      553C8330 
 121 014d 9A541B16 		.ascii	"\232T\033\026]\304_00\025\012\220\020\344Lya\336\316"
 121      5DC45F30 
 121      30150A90 
 121      10E44C79 
 121      61DECE
 122 0160 61E29498 		.ascii	"a\342\224\230\333\342s\235\304\007\001r\367zpi%\342"
 122      DBE2739D 
 122      C4070172 
 122      F77A7069 
 122      25E2
 123 0172 DEF082AB 		.ascii	"\336\360\202\253\020f\220\303\250\316\216\007pI\322"
 123      106690C3 
 123      A8CE8E07 
 123      7049D2
 124 0181 2EB5ED30 		.ascii	".\265\3550]\277\274YjT9Ch\304\303?9\345\211y\025\251"
 124      5DBFBC59 
 124      6A543943 
 124      68C4C33F 
 124      39E58979 
 125 0197 165DB9C0 		.ascii	"\026]\271\300\212\305\325wN\342\207W\347s8\313\312\212"
 125      8AC5D577 
 125      4EE28757 
 125      E77338CB 
 125      CA8A
 126 01a9 592468B7 		.ascii	"Y$h\267\346\210v:\371mv+*8y\352\210\262O\235}\255\254"
 126      E688763A 
 126      F96D762B 
ARM GAS  /tmp/ccIPXe4t.s 			page 10


 126      2A3879EA 
 126      88B24F9D 
 127 01c0 0D4594D8 		.ascii	"\015E\224\330&\237\353\361H\376G\251*5y\251\220\206"
 127      269FEBF1 
 127      48FE47A9 
 127      2A3579A9 
 127      9086
 128 01d2 A0CF6BA9 		.ascii	"\240\317k\251\021\224Ej\340\365\034\022>7h)v\265\374"
 128      1194456A 
 128      E0F51C12 
 128      3E376829 
 128      76B5FC
 129 01e5 AB6B1CC8 		.ascii	"\253k\034\3106j2 \212\307\332\000\375E\237\210\001\273"
 129      366A3220 
 129      8AC7DA00 
 129      FD459F88 
 129      01BB
 130 01f7 ACE49A98 		.ascii	"\254\344\232\230\0321\257\231\014\305\364\364o&\263"
 130      1A31AF99 
 130      0CC5F4F4 
 130      6F26B3
 131 0206 C64779B6 		.ascii	"\306Gy\266\363(\3175Sr#\203\200\312\022]BH\253\310\374"
 131      F328CF35 
 131      53722383 
 131      80CA125D 
 131      4248ABC8 
 132 021b CFFEA6AC 		.ascii	"\317\376\246\254\022\200\027b\277X\241\341a\237\367"
 132      12801762 
 132      BF58A1E1 
 132      619FF7
 133 022a D03A0672 		.ascii	"\320:\006r\323g\002\373\202\257&\025\013\2629\036w\333"
 133      D36702FB 
 133      82AF2615 
 133      0BB2391E 
 133      77DB
 134 023c BA7B3A7B 		.ascii	"\272{:{\332\017\273}\375nwG\257\333\177\242\313=\336"
 134      DA0FBB7D 
 134      FD6E7747 
 134      AFDB7FA2 
 134      CB3DDE
 135 024f D11BEF22 		.ascii	"\321\033\357\"\356<\331o\036\353;r\364\027\253&\030"
 135      EE3CD96F 
 135      1EEB3B72 
 135      F417AB26 
 135      18
 136 0260 1E       		.ascii	"\036"
 137              		.text
 138              		.section	.gnu.lto_.symbol_nodes.5d06dbe7f15da23c,"",%progbits
 139 0000 789C55C9 		.ascii	"x\234U\311\335\011\302@\024D\341sgcRF \225\304\312\356"
 139      DD09C240 
 139      1444E173 
 139      67635246 
 139      2095C4CA 
 140 0015 8AE053CC 		.ascii	"\212\340S\314/V`\027\026a\017\276[CHX\025\334\207\341"
 140      2F566017 
 140      16610FBE 
 140      5B434858 
ARM GAS  /tmp/ccIPXe4t.s 			page 11


 140      15DC87E1 
 141 0029 C07C2570 		.ascii	"\300|%p\333\207:9\214O\330\3638\035\3410\212\330@\320"
 141      DB873A39 
 141      8C4FD8F3 
 141      381DE130 
 141      8AD840D0 
 142 003d 556E394D 		.ascii	"Un9M\262\017\365r\3454K\211l\220\207D\020c\013\266\310"
 142      B20FF572 
 142      E5344B89 
 142      6C908744 
 142      10630BB6 
 143 0052 8BFF2350 		.ascii	"\213\377#Pr~\255\026\364m\361k\305\375\362\256\331\000"
 143      727EAD16 
 143      F46DF16B 
 143      C5FDF2AE 
 143      D900
 144 0064 BC832289 		.ascii	"\274\203\"\211"
 145              		.text
 146              		.section	.gnu.lto_.refs.5d06dbe7f15da23c,"",%progbits
 147 0000 789C6363 		.ascii	"x\234cc``\020\000bF\006&F\026F&&f\026F\026&V\026\006"
 147      60601000 
 147      62460626 
 147      46164626 
 147      26661646 
 148 0019 0002EF00 		.ascii	"\000\002\357\000;"
 148      3B
 149              		.text
 150              		.section	.gnu.lto_.decls.5d06dbe7f15da23c,"",%progbits
 151 0000 789CA558 		.ascii	"x\234\245X{P\024G\032\237\236\336\305eY\300\240\271"
 151      7B501447 
 151      1A9F9EDE 
 151      C56559C0 
 151      A0B9
 152 0012 B22AE40A 		.ascii	"\262*\344\012\023\242\\U\302\242\346uuI*\0275\321\212"
 152      13A25C55 
 152      C2A2E675 
 152      75492A17 
 152      35D18A
 153 0025 09DC9254 		.ascii	"\011\334\222T\212\252\253\332\020\300@\035\202\305."
 153      8AAAABDA 
 153      10C0401D 
 153      82C52E
 154 0034 7795BF6E 		.ascii	"w\225\277n`\011\3403\200\250<\024Q\014\341\025D\003"
 154      6009E033 
 154      80A83C14 
 154      510CE115 
 154      4403
 155 0046 1AE42122 		.ascii	"\032\344!\"/\005\004\001Q\010\010\276\215\032\203\200"
 155      2F050401 
 155      510808BE 
 155      8D1A8380 
 156 0056 3C44E5BE 		.ascii	"<D\345\276\356\236\331\231]Y\357\252n\252>f\272\347"
 156      EE9ED999 
 156      5D59EFAA 
 156      6EAA3E66 
 156      BAE7
 157 0068 D7DFF7FB 		.ascii	"\327\337\367\373~\375u\367,N\034\307\335\\\310q\005"
ARM GAS  /tmp/ccIPXe4t.s 			page 12


 157      7EFD75F7 
 157      2C4E1CC7 
 157      DD5CC871 
 157      05
 158 0079 3CC77522 		.ascii	"<\307u\"\216\233\205K\005}'9\371R\203-\202w/\202\275"
 158      8E9B854B 
 158      057D2739 
 158      F952832D 
 158      82772F82 
 159 008e 02E607F6 		.ascii	"\002\346\007\366&\030\206\376\367\341\376!\230?\342"
 159      261886FE 
 159      F7E1FE21 
 159      983FE2
 160 009d 6CAE65E0 		.ascii	"l\256e\340o>\334=\300\300=\327\010\366<`\202\340\216"
 160      6F3EDC3D 
 160      C0C03DD7 
 160      08F63C60 
 160      82E08E
 161 00b0 E0BE94F4 		.ascii	"\340\276\224\364\303\335\005,\000\354o`\357\200\351"
 161      C3DD052C 
 161      00EC6F60 
 161      EF80E9
 162 00bf C154C417 		.ascii	"\301T\304\027X+\334\010\227\371\360\354\006\366\000"
 162      582BDC08 
 162      97F9F0EC 
 162      06F600
 163 00ce 9E9F833B 		.ascii	"\236\237\203;/\362\361\023\237\011\007\203]\374\277"
 163      2FF2F113 
 163      9F090783 
 163      5DFCBF
 164 00dd F02CF697 		.ascii	"\360,\366\227\012\016$>\341A8,\025y(9\004\202\255\264"
 164      0A0E243E 
 164      E141382C 
 164      15792839 
 164      0482ADB4 
 165 00f1 E3708363 		.ascii	"\343p\203c<\324\"\217\347D.\217\241}\205c\361_\024\271"
 165      3CD4228F 
 165      E7442E8F 
 165      A17D8563 
 165      F15F14B9 
 166 0105 90211FDA 		.ascii	"\220!\037\332\361\370\330\001\017\257gh\361\031\330"
 166      F1F8D801 
 166      0FAF6768 
 166      F119D8
 167 0114 3A050FC2 		.ascii	":\005\017\302\371s\270\277!j.\351\361\234\330V\316\011"
 167      F973B8BF 
 167      216A2EE9 
 167      F19CD856 
 167      CE09
 168 0126 096F3F17 		.ascii	"\011o?\027\351\030\335\216\333V\254\033B\2034\253\371"
 168      E918DD8E 
 168      DB56AC1B 
 168      428334AB 
 168      F9
 169 0137 088948E5 		.ascii	"\010\211H\345E\332\263\322\205\0303\222 \222^2\224\375"
 169      45DAB3D2 
 169      85183392 
ARM GAS  /tmp/ccIPXe4t.s 			page 13


 169      20925E32 
 169      94FD
 170 0149 30FA0E31 		.ascii	"0\372\0161\3439\031+\217PxU\014F\364\342(\025%\027\312"
 170      E339192B 
 170      8F507855 
 170      0C46F4E2 
 170      28152517 
 171 015e 0C7152B7 		.ascii	"\014qR\267\024\036Y1\022^\341\025\211\203\346b\3071"
 171      141E5931 
 171      125EE115 
 171      8983E662 
 171      C731
 172 0170 8D880803 		.ascii	"\215\210\010\003\207FZ\324\303\350\022@\203\334\270"
 172      87465AD4 
 172      C3E81240 
 172      83DCB8
 173 017f 14CD0644 		.ascii	"\024\315\006Dz/wU?\326`\236>?\030hlp\307\256\364\371"
 173      7A2F7755 
 173      3FD6609E 
 173      3E3F1868 
 173      6C70C7AE 
 174 0195 C8E5C1DD 		.ascii	"\310\345\301\335j\337\022\201]\232 \016\035EX\322\363"
 174      6ADF1281 
 174      5D9A200E 
 174      1D4558D2 
 174      F3
 175 01a6 5C42D91E 		.ascii	"\\B\331\036\274\005#\017-RA\363~{\326U7h.\324\"/hfU"
 175      BC05230F 
 175      2D5241F3 
 175      7E7BD655 
 175      37682ED4 
 176 01bf 8D9F51B3 		.ascii	"\215\237Q\263\267\032h\316\346\227m\322\340\345\324"
 176      B71A68CE 
 176      E6976DD2 
 176      E0E5D4
 177 01ce EB604B61 		.ascii	"\353`Ka1\031\270T\213\010ww\350:t\267r\332\225u\021"
 177      3119B854 
 177      8B087777 
 177      E83A74B7 
 177      72DA9575 
 178 01e3 44D777A3 		.ascii	"D\327w\243\007\347\341\267\3103?\32473\340\206\264>"
 178      07E7E1B7 
 178      C8333FD4 
 178      3733E086 
 178      B43E
 179 01f5 C982102F 		.ascii	"\311\202\020/\344Z\004\3475\034\252D\236\350g\344\311"
 179      E45A04E7 
 179      351CAA44 
 179      9EE867E4 
 179      C9
 180 0206 A13AE443 		.ascii	"\241:\344C\306\034C\276\034\252\201\316j\350\314'\\"
 180      C61C43BE 
 180      1CAA81CE 
 180      6AE8CC27 
 180      5C
 181 0217 EB2E64BC 		.ascii	"\353.d\274\2279*\010^\350\004\322\242Z\204)\006\324"
 181      97392A08 
ARM GAS  /tmp/ccIPXe4t.s 			page 14


 181      5EE804D2 
 181      A25A8429 
 181      06D4
 182 0229 59AA65EC 		.ascii	"Y\252e\354\013\017\246\036p\302\377\242!\252\262\257"
 182      0B0FA61E 
 182      70C2FFA2 
 182      21AAB2AF 
 183 0239 37F28E42 		.ascii	"7\362\216B\234r\030\242\271\340\245\246o\005\201G\365"
 183      9C7218A2 
 183      B9E0A5A6 
 183      6F058147 
 183      F5
 184 024a 10E2A41C 		.ascii	"\020\342\244\034\002\"\262\030\011\015\023\251\256\270"
 184      0222B218 
 184      090D13A9 
 184      AEB8
 185 0258 08D12037 		.ascii	"\010\321 7\246\023\312]\034\005ir\030d\266\364\235\216"
 185      A613CA5D 
 185      1C056972 
 185      1864B6F4 
 185      9D8E
 186 026a 1E924723 		.ascii	"\036\222G#\004i\220\203\324KA\316\337\037\335\345\206"
 186      04699083 
 186      D44B41CE 
 186      DF1FDDE5 
 186      86
 187 027b EFD02028 		.ascii	"\357\320 ({l\360Wg\246\272\217bN<\330\234L\355\277\226"
 187      7B6CF057 
 187      67A6BA8F 
 187      624E3CD8 
 187      9C4CEDBF 
 188 0290 C6E35106 		.ascii	"\306\343Q\006\315\350:\274Z\013d,\377S\3060\240l6}\330"
 188      CDE83ABC 
 188      5A0B642C 
 188      FF53C630 
 188      A06C367D 
 189 02a5 154FB2D1 		.ascii	"\025O\262\321\367\022\256\017\2730\317\213\240\371\343"
 189      F712AE0F 
 189      BB30CF8B 
 189      A0F9E3
 190 02b4 D4D05135 		.ascii	"\324\320Q5~\304\336mK\257\257W\3418VNy\231\251Ij\234"
 190      7EC4DE6D 
 190      4BAFAF57 
 190      E138564E 
 190      7999A949 
 191 02ca C81A8569 		.ascii	"\310\032\205i)eZ\234\314\032]#m{]X\301\314\207f\343"
 191      29655A9C 
 191      CC1A5D23 
 191      6D7B5D58 
 191      C1CC8766 
 192 02df EC649D3B 		.ascii	"\354d\235;\363\310\023zE\027\036:\343\315\014\372\375"
 192      F3C8137A 
 192      45171E3A 
 192      E3CD0CFA 
 192      FD
 193 02f0 C3991152 		.ascii	"\303\231\021R1KH\305`E\275,a\365r\242\365t\276\016\247"
 193      314B48C5 
ARM GAS  /tmp/ccIPXe4t.s 			page 15


 193      6045BD2C 
 193      61F572A2 
 193      F574BE0E 
 194 0305 50305F9A 		.ascii	"P0_\232\365\350\221\273$t\212EP\373p\250\013\322\350"
 194      F5E891BB 
 194      24748A45 
 194      50FB70A8 
 194      0BD2E8
 195 0318 26B9F541 		.ascii	"&\271\365AnK\304\334z\241\363\274\242`\226\354N\"\263"
 195      6E4BC4DC 
 195      7AA1F3BC 
 195      A26096EC 
 195      4E22B3
 196 032b 791184BE 		.ascii	"y\021\204\276 \013\275D\324\2716\365\227\033Z\234\315"
 196      200BBD44 
 196      D4B936F5 
 196      971B5A9C 
 196      CD
 197 033c 62C477EE 		.ascii	"b\304w\356\034s\030c\300a\214\346\202\345\015\264b~"
 197      1C731863 
 197      C0618CE6 
 197      82E50DB4 
 197      627E
 198 034e 8118FD72 		.ascii	"\201\030\375r\214\213\322d\306O\035\250\326\340\203"
 198      8C8BD264 
 198      C64F1DA8 
 198      D6E083
 199 035d 34886AA2 		.ascii	"4\210j\242\240\242\327\015-\360\366\366I%\243S\300\020"
 199      A0A2D70D 
 199      2DF0F6F6 
 199      4925A353 
 199      C010
 200 036f 2FCF1307 		.ascii	"/\317\023\007\253x\001\361\200.C\300!\344\215\206\221"
 200      AB7801F1 
 200      802E43C0 
 200      21E48D86 
 200      91
 201 0380 375D9C07 		.ascii	"7]\234\007\010+\250\034\257\232\321k\202\260YG\303\015"
 201      082BA81C 
 201      AF9AD16B 
 201      82B05947 
 201      C30D
 202 0392 423832C0 		.ascii	"B82\300JSO\\,\363\264\342\317\274\233)\324\305c\012"
 202      4A534F5C 
 202      2CF3B4E2 
 202      CFBC9B29 
 202      D4C5630A 
 203 03a6 EE9913DC 		.ascii	"\356\231\023\334E\242\212\251<\251\326\302\216@@\234"
 203      45A28AA9 
 203      3CA9D6C2 
 203      8E40409C 
 204 03b6 9805DB16 		.ascii	"\230\005\333\026T\315\365w\312\265\310\333{\241\017"
 204      54CDF577 
 204      CAB5C8DB 
 204      7BA10F
 205 03c5 733B51ED 		.ascii	"s;Q\355\221g\021Z\374\350*\351\004\277\327\320B\271"
 205      9167115A 
ARM GAS  /tmp/ccIPXe4t.s 			page 16


 205      FCE82AE9 
 205      04BFD7D0 
 205      42B9
 206 03d7 D66C4880 		.ascii	"\326lH\200\333\336\032\2678\312\202D?\347\030\235F\320"
 206      DBDE1AB7 
 206      38CA8244 
 206      3FE7189D 
 206      46D0
 207 03e9 50B80252 		.ascii	"P\270\002R)\025!h\242\310uP\344\012(rUT\204q\276W\275"
 207      29152168 
 207      A2C87550 
 207      E40A2872 
 207      55548471 
 208 0400 280E4610 		.ascii	"(\016F\020\224-i\324~<\255\334y!8\215s\354\224\263\361"
 208      942D69D4 
 208      7E3CADDC 
 208      7921388D 
 208      73EC94B3 
 209 0415 A828600F 		.ascii	"\250(`\017V\300\011\247\316W\350p\001\253\330\353\255"
 209      56C009A7 
 209      CE57E870 
 209      01ABD8EB 
 209      AD
 210 0426 87E235B8 		.ascii	"\207\3425\270\2045r\332K[\325\270\2145\252\212K\273"
 210      843572DA 
 210      4B5BD5B8 
 210      8C35AA8A 
 210      4BBB
 211 0438 787C9435 		.ascii	"x|\2245J*G\266 \\\313\032\367\223\016\231q#{N\330\233"
 211      4A2A47B6 
 211      205CCB1A 
 211      F7930E99 
 211      71237B4E 
 212 044e D2C133DF 		.ascii	"\322\3013\337\257Bs\327\246=\303*\266V\206\311\3528"
 212      AF4273D7 
 212      A63DC32A 
 212      B65686C9 
 212      EA38
 213 0460 D25B50A5 		.ascii	"\322[P\245\301\255\024\353:\335~\355\216;(\016\225\002"
 213      C1AD14EB 
 213      3ADD7EED 
 213      8E3B280E 
 213      9502
 214 0472 970FF973 		.ascii	"\227\017\371s@H\260\010uM\222\364\255 \375]\020s\014"
 214      4048B008 
 214      754D92F4 
 214      AD20FD5D 
 214      10730C
 215 0485 44B515B3 		.ascii	"D\265\025\263\0221\355\011\374\312;YB]\002\246\350["
 215      1231ED09 
 215      FCCA3B59 
 215      425D02A6 
 215      E85B
 216 0497 F6E89B48 		.ascii	"\366\350\233H\206\313\345\010:\375\016\210{\364\345"
 216      86CBE508 
 216      3AFD0E88 
 216      7BF4E5
ARM GAS  /tmp/ccIPXe4t.s 			page 17


 217 04a6 98588ED3 		.ascii	"\230X\216\323 \376C\220\352>\330#\260I\260\007`\243"
 217      20FE4390 
 217      EA3ED823 
 217      B049B007 
 217      60A3
 218 04b8 608FC126 		.ascii	"`\217\301&\300\246\300f\300\306\255%K\030<|Wf0b\317"
 218      C0A6C066 
 218      C0C6AD25 
 218      4B183C7C 
 218      57663062 
 219 04cd A005296A 		.ascii	"\240\005)j\205\240\373\025|\177\235\233\257\002}E\341"
 219      85A0FB15 
 219      7C7F9D9B 
 219      AF027D45 
 219      E1
 220 04de FBAC3DBA 		.ascii	"\373\254=\272\035\331\213\321\245p~\333\036~\374)\370"
 220      1DD98BD1 
 220      A5707EDB 
 220      1E7EFC29 
 220      F8
 221 04ef 6D85F736 		.ascii	"m\205\3676{\370i\231\213X\210U\036\264\020\307lW\017"
 221      7BF86999 
 221      8B588855 
 221      1EB410C7 
 221      6C570F
 222 0502 73F5A44A 		.ascii	"s\365\244J1k\277\3159k\212\264F\025\201\317\314\035"
 222      316BBFCD 
 222      396B8AB4 
 222      461581CF 
 222      CC1D
 223 0514 58C9F38C 		.ascii	"X\311\363\214\"\255;s\247%9\207ux\251F\313\3407`\011"
 223      22AD3B73 
 223      A7253987 
 223      7578A946 
 223      CBE03760 
 224 0529 74CC2D1A 		.ascii	"t\314-\032\205CI\326\265O\225\253q\007\333\037k\252"
 224      854349D6 
 224      B54F95AB 
 224      7107DB1F 
 224      6BAA
 225 053b 2DAF239F 		.ascii	"-\257#\237\005,\333\246Z'\262U\010\374\002\364D\336"
 225      052CDBA6 
 225      5A27B255 
 225      08FC02F4 
 225      44DE
 226 054d F348EE0E 		.ascii	"\363H\356\016J\011\315B\005\375?\325\004t~h\233\271"
 226      4A09CD42 
 226      05FD3FD5 
 226      04747E68 
 226      9BB9
 227 055f A6D56DB6 		.ascii	"\246\325m\266\036\2664\274\274\246\343x\235H\004\260"
 227      1EB634BC 
 227      BCA6E378 
 227      9D4804B0 
 228 056f C73665DC 		.ascii	"\3076e\334t\305\003\214zVsN\2563\362\3211\356g\373\347"
 228      74C5038C 
 228      7A56734E 
ARM GAS  /tmp/ccIPXe4t.s 			page 18


 228      AE33F2D1 
 228      31EE67FB 
 229 0584 93FD0025 		.ascii	"\223\375\000%\000>\236\267\222\207\341ps\340\035Yx\037"
 229      003E9EB7 
 229      9287E170 
 229      73E01D59 
 229      781F
 230 0596 DB0033B7 		.ascii	"\333\0003\267\322\373\020[\315:\262\313W\365\245\272"
 230      D2FB105B 
 230      CD3AB2CB 
 230      57F5A5BA 
 231 05a6 8BAB99BC 		.ascii	"\213\253\231\274\036\337\321?\344\206o\3626_GAO\177"
 231      1EDFD13F 
 231      E4866FF2 
 231      365F4741 
 231      4F7F
 232 05b8 1D05B1D3 		.ascii	"\035\005\261\323\356ngG7\302\367\030\335\376\321s\330"
 232      EE6E6747 
 232      37C2F718 
 232      DDFED173 
 232      D8
 233 05c9 D157C556 		.ascii	"\321W\305V\340\021$\036D\233xO\224\314K\007\321\320"
 233      E011241E 
 233      449B784F 
 233      94CC4B07 
 233      D1D0
 234 05db D0F2097A 		.ascii	"\320\362\011z\330m\341\265h\263\234W\020;\207\324\305"
 234      D86DE1B5 
 234      68B39C57 
 234      103B87D4 
 234      C5
 235 05ec 65DB13DC 		.ascii	"e\333\023\334\341\350\201\315\304f\206\022\301\313\267"
 235      E1E881CD 
 235      C4668612 
 235      C1CBB7
 236 05fb 3C11701B 		.ascii	"<\021p\033\317\246\347;\210\261\235\367F\251`)\274\362"
 236      CFA6E73B 
 236      88B19DF7 
 236      46A96029 
 236      BCF2
 237 060d FC69BEFB 		.ascii	"\374i\276\373\366\276\321[\202\220\246\243\3525\303"
 237      F6BED15B 
 237      8290A6A3 
 237      EA35C3
 238 061c D46FE3E7 		.ascii	"\324o\343\347\254d\306\251w\037[\024\000\262]\024\304"
 238      AC64C6A9 
 238      771F5B14 
 238      00B25D14 
 238      C4
 239 062d 5953A1B8 		.ascii	"YS\241\270(\010\341$\336\316\225M\341\022\370\025\037"
 239      2808E124 
 239      DECE954D 
 239      E112F815 
 239      1F
 240 063e 56B7E4A3 		.ascii	"V\267\344\243\251j\316\300lQ\200\232\323\205c\343\030"
 240      A96ACEC0 
 240      6C51809A 
ARM GAS  /tmp/ccIPXe4t.s 			page 19


 240      D38563E3 
 240      18
 241 064f 9FC454CD 		.ascii	"\237\304T\315\244\332\311rl-\334\263\205\264p\323ap"
 241      A4DAC972 
 241      6C2DDCB3 
 241      85B470D3 
 241      6170
 242 0661 9AAC11E1 		.ascii	"\232\254\021\341gW\270\222,h\007\250\361,e\310\317\220"
 242      6757B892 
 242      2C6807A8 
 242      F12C65C8 
 242      CF90
 243 0673 264B33AF 		.ascii	"&K3\257,\314t\233\302\334I+\213\000oNN\234tV\361\254"
 243      2CCC749B 
 243      C2DC492B 
 243      8B006F4E 
 243      4E9C7456 
 244 0689 0F45A948 		.ascii	"\017E\251H_\212\245\250Z\275h\027\215m\021\346\3634"
 244      5F8AA5A8 
 244      5ABD6817 
 244      8D6D11E6 
 244      F334
 245 069b 41E990E6 		.ascii	"A\351\220\346\320n~\021\374\335\305\253\230\207\335"
 245      D06E7E11 
 245      FCDDC5AB 
 245      9887DD
 246 06aa 653DA7DD 		.ascii	"e=\247\335^\312\025r\353\340k`\312;\243\032fC\253\""
 246      5ECA1572 
 246      EBE06B60 
 246      CA3BA31A 
 246      6643AB22 
 247 06be 2854212F 		.ascii	"(T!/\304\012\362I\217\312\341\353\001\375\004\237\021"
 247      C40AF249 
 247      8FCAE1EB 
 247      01FD049F 
 247      11
 248 06cf 1CCAE05F 		.ascii	"\034\312\340_\"\013(\303\322\352\202\257Q]Pbsw\375<"
 248      220B28C3 
 248      D2EA82AF 
 248      515D5062 
 248      7377FD3C 
 249 06e3 CA850464 		.ascii	"\312\205\004d\\&\222\007~s\262\362\313\342ig\305\357"
 249      5C269207 
 249      7E73B2F2 
 249      CBE26967 
 249      C5EF
 250 06f5 433D6E4A 		.ascii	"C=nJ\202_\376A\301o\017\345\227-\361\033\257\031\030"
 250      825FFE41 
 250      C16F0FE5 
 250      972DF11B 
 250      AF1918
 251 0708 7715F9F5 		.ascii	"w\025\371\365f\353`\312\342\005R\224\000C\231\262\340"
 251      66EB60CA 
 251      E2055294 
 251      004399B2 
 251      E0
 252 0719 F0684B70 		.ascii	"\360hKp/%\370\370\322\325Q\036\2170\202E\355\205\217"
ARM GAS  /tmp/ccIPXe4t.s 			page 20


 252      2F25F8F8 
 252      D2D5511E 
 252      8F308245 
 252      ED858F
 253 072c 54F8099B 		.ascii	"T\370\011\233\305\211\206\233y\032G\213b?\357\370S\333"
 253      C589869B 
 253      791A478B 
 253      623FEFF8 
 253      53DB
 254 073e EF22FDD4 		.ascii	"\357\"\375\324\316\205\032\333\307?\375\251}\254\345"
 254      CE851ADB 
 254      C73FFDA9 
 254      7DACE5
 255 074d 44B29666 		.ascii	"D\262\226fL\020L\205\374G\331\203*\253\012\007\230\012"
 255      4C104C85 
 255      FC47D983 
 255      2AAB0A07 
 255      980A
 256 075f 4277C9A0 		.ascii	"Bw\311\240\273C\025\016R\025\362$\025\322\233\222\342"
 256      BB43150E 
 256      5215F224 
 256      15D29B92 
 256      E2
 257 0770 15B394D3 		.ascii	"\025\263\224\323\226(t\302\300\367)\020\345\310<r\354"
 257      962874C2 
 257      C0F72910 
 257      E5C83C72 
 257      EC
 258 0781 75F89EEA 		.ascii	"u\370\236\352P7r0\003\343$\025\325\341\374T\315C\035"
 258      50377230 
 258      03E32415 
 258      D5E1FC54 
 258      CD431D
 259 0794 4EA50D55 		.ascii	"N\245\015U\211\245hD\205|<\021\204F\332|\351g\034\207"
 259      89A56844 
 259      857C3C11 
 259      8446DA7C 
 259      E9671C87 
 260 07a8 8A81FE0F 		.ascii	"\212\201\376\017<\226~\034f\011\240\324\310\277I7<k"
 260      3C967E1C 
 260      6609A0D4 
 260      C8BF4937 
 260      3C6B
 261 07ba E89D6A27 		.ascii	"\350\235j'\344\011x\021\207Vx\"?P\256\000\224#\2578"
 261      E4097811 
 261      87567822 
 261      3F50AE00 
 261      9423AF38 
 262 07ce 5404     		.ascii	"T\004"
 263 07d0 F55EC8D3 		.ascii	"\365^\310\323_\005\207\367\264L;kEt\362\177C_\236\232"
 263      5F0587F7 
 263      B44C3B6B 
 263      4574F27F 
 263      435F9E9A 
 264 07e4 6DD0298B 		.ascii	"m\320)\213\277\004\230\310\305\377\243\265\370;Zw\356"
 264      BF0498C8 
 264      C5FFA3B5 
ARM GAS  /tmp/ccIPXe4t.s 			page 21


 264      F83B5A77 
 264      EE
 265 07f5 72A7B2FE 		.ascii	"r\247\262\376h-\376YK\346\204\332\241\252\207\250\252"
 265      682DFE59 
 265      4BE684DA 
 265      A1AA87A8 
 265      AA
 266 0806 A592AA71 		.ascii	"\245\222\252q\335\275\247\021\250:\014\023;\271\031"
 266      DDBDA711 
 266      A83A0C13 
 266      3BB919
 267 0815 976E4ADC 		.ascii	"\227nJ\334&\354G\024\206\362eM\363E\025P\031\325\362"
 267      26EC4714 
 267      86F2654D 
 267      F3451550 
 267      19D5F2
 268 0828 B7EF2D3B 		.ascii	"\267\357-;\334\361\317L\313\271\246{6s{\236\223u!\034"
 268      DCF1CF4C 
 268      CBB9A67B 
 268      36737B9E 
 268      9375211C 
 269 083c 61D3DD7A 		.ascii	"a\323\335z\275\251\225\255T\262\321\375\304:{\212\306"
 269      BDA995AD 
 269      54B2D1FD 
 269      C43A7B8A 
 269      C6
 270 084d DF7348B6 		.ascii	"\337sH\266\202\222-\267\226\300\261\206\032g\221\354"
 270      82922DB7 
 270      96C0B186 
 270      1A6791EC 
 271 085d 4CA9DFD6 		.ascii	"L\251\337\326S\211u\001\024\204\016\313T\017KT\217\262"
 271      53897501 
 271      14840ECB 
 271      540F4B54 
 271      8FB2
 272 086f F21FE97C 		.ascii	"\362\037\351|\254cg\212\226\0341-\211\373\020\231\007"
 272      AC63678A 
 272      961C312D 
 272      89FB1099 
 272      07
 273 0880 4154D643 		.ascii	"AT\326C)\354\317t\"\364\236\350\030\233\207\013}\011"
 273      29ECCF74 
 273      22F49EE8 
 273      189B870B 
 273      7D09
 274 0892 95E281E4 		.ascii	"\225\342\201\344B2\275\274\363\2043;\220.\322\337:\255"
 274      4232BDBC 
 274      F384333B 
 274      902ED2DF 
 274      3AAD
 275 08a4 5D7D6E1E 		.ascii	"]}n\036)\342\026\367>\242\005s\034\246\261\222\356\375"
 275      29E216F7 
 275      3EA20573 
 275      1CA6B192 
 275      EEFD
 276 08b6 55BC87E4 		.ascii	"U\274\207\344\223fzi\353J%\270\344Y\340\033\373j\247"
 276      93667A69 
ARM GAS  /tmp/ccIPXe4t.s 			page 22


 276      EB4A25B8 
 276      E459E01B 
 276      FB6AA7
 277 08c9 9D179F55 		.ascii	"\235\027\237U\355\203:\253\206W\3205\224h\331\213q?"
 277      ED833AAB 
 277      8657D035 
 277      9468D98B 
 277      713F
 278 08db 137D7FFB 		.ascii	"\023}\177\373\330.-\276\305\032{FJ{\346\275\222't\322"
 278      D82E2DBE 
 278      C51A7B46 
 278      4A7BE6BD 
 278      922774D2 
 279 08ef A5F16A46 		.ascii	"\245\361jF\276\220\234\022G\307\241\023 \014lT\212@"
 279      BE909C12 
 279      47C7A113 
 279      200C6C54 
 279      8A40
 280 0901 B5D053C3 		.ascii	"\265\320S\303/\346P\035\377\012\214\265\224\324\036"
 280      2FE6501D 
 280      FF0A8CB5 
 280      94D41E
 281 0910 553B14E4 		.ascii	"U;\024\344\244$H%\023\344\336\335\374b\265}\306\362"
 281      A4244825 
 281      13E4DEDD 
 281      FC62B57D 
 281      C6F2
 282 0922 69574F93 		.ascii	"iWO\2238)%q\264)\363\201\326>e\207\350\234\357r\216"
 282      38292571 
 282      B429F381 
 282      D63E6587 
 282      E89CEF72 
 283 0937 6817DFA7 		.ascii	"h\027\337\247)\237b)\377\364\340\370\244+~\302\262\274"
 283      299F6229 
 283      FFF4E0F8 
 283      A42B7EC2 
 283      B2BC
 284 0949 F560CB5D 		.ascii	"\365`\313]\235\230\345\225\027\342r\353\022\274\010"
 284      9D98E595 
 284      17E272EB 
 284      12BC08
 285 0958 8EA6085B 		.ascii	"\216\246\010[\235\302q#\3644\220\024\233h\212y\267+"
 285      9DC27123 
 285      F4349014 
 285      9B688A79 
 285      B72B
 286 096a 4F89FF63 		.ascii	"O\211\377cq%?\012\352\017\336sv\230q\213\224q3\313\370"
 286      71253F0A 
 286      EA0FDE73 
 286      7698718B 
 286      947133CB 
 287 097f F140DC13 		.ascii	"\361@\334\023\361\027\206\033)\354_\373\362\304\022"
 287      F117861B 
 287      29EC5FFB 
 287      F2C412
 288 098e 18A15B98 		.ascii	"\030\241[\230e\362\206\316^\2203\300\3444e\322JSl\221"
 288      65F286CE 
ARM GAS  /tmp/ccIPXe4t.s 			page 23


 288      5E9033C0 
 288      E43465D2 
 288      4A536C91 
 289 09a2 52FCA13E 		.ascii	"R\374\241>\241\352)A\034\242\007vd\236q_\274UM\004i"
 289      A1EA2941 
 289      1CA20776 
 289      649E715F 
 289      BC554D04 
 290 09b7 63825C2E 		.ascii	"c\202\\.\016\307\331j*G\332\325\306\333ZQ\216\376?2"
 290      0EC7D96A 
 290      2A47DAD5 
 290      C6DB5A51 
 290      8EFE3F32 
 291 09cb 39DA4439 		.ascii	"9\332D9`\307S\270=\013=\355D\216\016*G|}g\206F\271\271"
 291      60C753B8 
 291      3D0B3DED 
 291      448E0E2A 
 291      477C7D67 
 292 09e3 90B52E0B 		.ascii	"\220\265.\013\320\3116\027r\007\360\336\323\005\177"
 292      D0C93617 
 292      7207F0DE 
 292      D3057F
 293 09f2 5762494D 		.ascii	"WbIM\311\330s\"\366\034\305\266m=\220\347\376\362~z"
 293      C9D87322 
 293      F61CC5B6 
 293      6D3D90E7 
 293      FEF27E7A 
 294 0a06 484C64F0 		.ascii	"HLd\360B\262\006V3='\331\202\354\342_&E\221[\276\035"
 294      42B20656 
 294      333D27D9 
 294      82ECE25F 
 294      2645915B 
 295 0a1c 295D9EB2 		.ascii	")]\236\262q\331-\272\354\246.\033:\253fl\276\002\332"
 295      71D92DBA 
 295      ECA62E1B 
 295      3AAB666C 
 295      BE02DA
 296 0a2f 6CC03D22 		.ascii	"l\300=\"\270\207\202k\212\247~\267\3315+l\022;/\202"
 296      B887826B 
 296      8AA77EB7 
 296      D9352B6C 
 296      123B2F82 
 297 0a43 C95DBB31 		.ascii	"\311]\27318\322\020\026\034\372A\254\351\005__\375\312"
 297      38D21016 
 297      1CFA41AC 
 297      E9055F5F 
 297      FDCA
 298 0a55 F088AF22 		.ascii	"\360\210\257\"\374\003\365\321&}xp\244\336\024\023\242"
 298      FC03F5D1 
 298      267D7870 
 298      A4DE1413 
 298      A2
 299 0a66 07806F88 		.ascii	"\007\200o\210\346\243O?\367Z\271l\031\247\332\020l\372"
 299      E6A34F3F 
 299      F75AB96C 
 299      19A7DA10 
 299      6CFA
ARM GAS  /tmp/ccIPXe4t.s 			page 24


 300 0a78 87D6688C 		.ascii	"\207\326h\214\215\2102\257Xn4\277\256\2175\305\350\203"
 300      8D8832AF 
 300      586E34BF 
 300      AE8F35C5 
 300      E883
 301 0a8a 6336BC16 		.ascii	"c6\274\026\025\035\025\366ZX\360W\021\372\210\250\220"
 301      151D15F6 
 301      5A58F057 
 301      11FA88A8 
 301      90
 302 0a9b C8D8D030 		.ascii	"\310\330\3200\375\206\340\220\360\210\2500\27514l}p"
 302      FD86E090 
 302      F088A830 
 302      BD31346C 
 302      7D70
 303 0aad 6CA4D968 		.ascii	"l\244\331h\376fc\230\3117\234\323H\243\377\364\214\321"
 303      FE666398 
 303      C9379CD3 
 303      48A3FFF4 
 303      8CD1
 304 0abf A66F4C7A 		.ascii	"\246oLz\243\311\034\012P\030\242\213\210\336\030\035"
 304      A3C91C0A 
 304      5018A28B 
 304      88DE181D 
 305 0acf 6326D18D 		.ascii	"c&\321\215\346\025O3%/M\372\300\317>Y\261\\\277n\335"
 305      E6154F33 
 305      252F4DFA 
 305      C0CF3E59 
 305      B15CBF6E 
 306 0ae4 2AFD4701 		.ascii	"*\375G\001k\375\377\271\234\2207FF\206\202\003'\202"
 306      6BFDFFB9 
 306      9C903746 
 306      46868203 
 306      2782
 307 0af6 880855FD 		.ascii	"\210\010U\375\365C\303\032\362g\235j\335\312\217\015"
 307      F543C31A 
 307      F2679D6A 
 307      DDCA8F0D 
 308 0b06 AA0F020D 		.ascii	"\252\017\002\015\006\364\005Z\243\016\211\014\013\216"
 308      06F4055A 
 308      A30E890C 
 308      0B8E
 309 0b14 11135BF6 		.ascii	"\021\023[\366\246\321\254\221\036\260)\314\214\375W"
 309      A6D1AC91 
 309      1EB029CC 
 309      8CFD57
 310 0b23 19F0DA55 		.ascii	"\031\360\332U\006u\300\347\001\253\014\363\374\003\003"
 310      0675C0E7 
 310      01AB0CF3 
 310      FC0303
 311 0b32 56AF5E65 		.ascii	"V\257^ep\362\377,(`\265A\375\211\377\252\325\006\374"
 311      70F2FF2C 
 311      2860B541 
 311      FD89FFAA 
 311      D506FC
 312 0b45 81C1A033 		.ascii	"\201\301\2403\2317@Z_o\214\2106\232\265\214qD\250\321"
 312      9937405A 
ARM GAS  /tmp/ccIPXe4t.s 			page 25


 312      5F6F8C88 
 312      369AB58C 
 312      7144A8D1 
 313 0b59 EC14BD7E 		.ascii	"\354\024\275~=x\321\021\227\306\365\301&\363\333F\263"
 313      3D78D111 
 313      97C6F5C1 
 313      26F3DB46 
 313      B3
 314 0b6a F7B35297 		.ascii	"\367\263R\227\262\366z:Q\011C\246%\234S\257\365\207"
 314      B2F67A3A 
 314      510943A6 
 314      259C53AF 
 314      F587
 315 0b7c 99F37CC6 		.ascii	"\231\363|\306\314q.p\373\"&\302\034\006@Wx\016\0143"
 315      CC712E70 
 315      FB2226C2 
 315      1C064057 
 315      780E0C33 
 316 0b90 C3D327D1 		.ascii	"\303\323'\321\241a\232\210\350\015p3\232\235C\302\003"
 316      A1619A88 
 316      E80D7033 
 316      9A9D43C2 
 316      03
 317 0ba1 BF31AD09 		.ascii	"\2771\255\011\2164\253B\302\203c\026\333\272\2131[\203"
 317      8E34AB42 
 317      C2836316 
 317      DBBA8B31 
 317      5B83
 318 0bb3 8684C3AC 		.ascii	"\206\204\303\254@\330\347\215\242\260FH\353\353\230"
 318      40D8E78D 
 318      A2B04648 
 318      EBEB98
 319 0bc2 E8D88DC4 		.ascii	"\350\330\215\304\221\213\\K\234\253\321\270>6*\304h"
 319      918B5C4B 
 319      9CABD1B8 
 319      3E362AC4 
 319      68
 320 0bd3 F4FDF3B2 		.ascii	"\364\375\363\2627\337\320H-\235\202\214\015\346-?7\033"
 320      37DFD048 
 320      2D9D828C 
 320      0DE62D3F 
 320      371B
 321 0be5 6EB62FDF 		.ascii	"n\266/\337\370\0179\365\307<"
 321      F80F39F5 
 321      C73C
 322              		.text
 323              		.section	.gnu.lto_.symtab.5d06dbe7f15da23c,"",%progbits
 324 0000 70616C52 		.ascii	"palReadBus\000"
 324      65616442 
 324      757300
 325 000b 00       		.ascii	"\000"
 326 000c 00       		.ascii	"\000"
 327 000d 00       		.ascii	"\000"
 328 000e 00000000 		.ascii	"\000\000\000\000\000\000\000\000"
 328      00000000 
 329 0016 18010000 		.ascii	"\030\001\000\000"
 330 001a 70616C57 		.ascii	"palWriteBus\000"
ARM GAS  /tmp/ccIPXe4t.s 			page 26


 330      72697465 
 330      42757300 
 331 0026 00       		.ascii	"\000"
 332 0027 00       		.ascii	"\000"
 333 0028 00       		.ascii	"\000"
 334 0029 00000000 		.ascii	"\000\000\000\000\000\000\000\000"
 334      00000000 
 335 0031 1D010000 		.ascii	"\035\001\000\000"
 336 0035 70616C53 		.ascii	"palSetBusMode\000"
 336      65744275 
 336      734D6F64 
 336      6500
 337 0043 00       		.ascii	"\000"
 338 0044 00       		.ascii	"\000"
 339 0045 00       		.ascii	"\000"
 340 0046 00000000 		.ascii	"\000\000\000\000\000\000\000\000"
 340      00000000 
 341 004e 25010000 		.ascii	"%\001\000\000"
 342 0052 63685379 		.ascii	"chSysHalt\000"
 342      7348616C 
 342      7400
 343 005c 00       		.ascii	"\000"
 344 005d 02       		.ascii	"\002"
 345 005e 00       		.ascii	"\000"
 346 005f 00000000 		.ascii	"\000\000\000\000\000\000\000\000"
 346      00000000 
 347 0067 30010000 		.ascii	"0\001\000\000"
 348 006b 5F70616C 		.ascii	"_pal_lld_setgroupmode\000"
 348      5F6C6C64 
 348      5F736574 
 348      67726F75 
 348      706D6F64 
 349 0081 00       		.ascii	"\000"
 350 0082 02       		.ascii	"\002"
 351 0083 00       		.ascii	"\000"
 352 0084 00000000 		.ascii	"\000\000\000\000\000\000\000\000"
 352      00000000 
 353 008c 36010000 		.ascii	"6\001\000\000"
 354              		.text
 355              		.section	.gnu.lto_.opts,"",%progbits
 356 0000 272D666D 		.ascii	"'-fmath-errno' '-fsigned-zeros' '-ftrapping-math' '"
 356      6174682D 
 356      6572726E 
 356      6F272027 
 356      2D667369 
 357 0033 2D666E6F 		.ascii	"-fno-trapv' '-fno-strict-overflow' '-fno-openmp' '-"
 357      2D747261 
 357      70762720 
 357      272D666E 
 357      6F2D7374 
 358 0066 666E6F2D 		.ascii	"fno-openacc' '-mcpu=cortex-m4' '-mfloat-abi=hard' '"
 358      6F70656E 
 358      61636327 
 358      20272D6D 
 358      6370753D 
 359 0099 2D6D6670 		.ascii	"-mfpu=fpv4-sp-d16' '-mno-thumb-interwork' '-mthumb'"
 359      753D6670 
ARM GAS  /tmp/ccIPXe4t.s 			page 27


 359      76342D73 
 359      702D6431 
 359      36272027 
 360 00cc 20272D4F 		.ascii	" '-O0' '-Werror' '-fomit-frame-pointer' '-falign-fu"
 360      30272027 
 360      2D576572 
 360      726F7227 
 360      20272D66 
 361 00ff 6E637469 		.ascii	"nctions=16' '-ffunction-sections' '-fdata-sections'"
 361      6F6E733D 
 361      31362720 
 361      272D6666 
 361      756E6374 
 362 0132 20272D66 		.ascii	" '-fno-common' '-flto' '-fsingle-precision-constant"
 362      6E6F2D63 
 362      6F6D6D6F 
 362      6E272027 
 362      2D666C74 
 363 0165 2700     		.ascii	"'\000"
 364              		.text
 365              		.comm	__gnu_lto_v1,1,1
 366              		.comm	__gnu_lto_slim,1,1
 367              		.ident	"GCC: (GNU Tools for Arm Embedded Processors 7-2017-q4-major) 7.2.1 20170904 (release) [ARM
ARM GAS  /tmp/ccIPXe4t.s 			page 28


DEFINED SYMBOLS
                            *ABS*:0000000000000000 pal.c
                            *COM*:0000000000000001 __gnu_lto_v1
                            *COM*:0000000000000001 __gnu_lto_slim

NO UNDEFINED SYMBOLS
