ARM GAS  /tmp/ccOvkuBK.s 			page 1


   1              		.cpu cortex-m4
   2              		.eabi_attribute 27, 1
   3              		.eabi_attribute 28, 1
   4              		.eabi_attribute 20, 1
   5              		.eabi_attribute 21, 1
   6              		.eabi_attribute 23, 3
   7              		.eabi_attribute 24, 1
   8              		.eabi_attribute 25, 1
   9              		.eabi_attribute 26, 1
  10              		.eabi_attribute 30, 6
  11              		.eabi_attribute 34, 1
  12              		.eabi_attribute 18, 4
  13              		.file	"pal_lld.c"
  14              		.section	.gnu.lto_.inline.fc7ef4fc543edc76,"",%progbits
  15 0000 789C6363 		.ascii	"x\234cc``hc@\000f\006\006A\001\006\006&\271\206_\214"
  15      60606863 
  15      40006606 
  15      06410106 
  15      0626B986 
  16 0016 0C2C0C4C 		.ascii	"\014,\014L 1F\006\225/@\212\211\257\241\026&\304\314"
  16      20314606 
  16      952F408A 
  16      89AFA116 
  16      26C4CC
  17 0029 03E4334C 		.ascii	"\003\3443L\360\243\224fb\270\302p\031d\366\022\306\017"
  17      F0A39466 
  17      62B8C270 
  17      1964F612 
  17      C60F
  18 003b 13B860A6 		.ascii	"\023\270`\2463\000\0003\207\020\305"
  18      33000033 
  18      8710C5
  19              		.text
  20              		.section	.gnu.lto_initgpio.fc7ef4fc543edc76,"",%progbits
  21 0000 789CA594 		.ascii	"x\234\245\224Mh\023A\024\200\337\333\267?Ijz\020\204"
  21      4D681341 
  21      1480DFDB 
  21      B73F496A 
  21      7A1084
  22 0013 0A3DF420 		.ascii	"\012=\364 \204^\262\320\242'O*\210P\251P\357\322Vl\003"
  22      845EB2D0 
  22      A2274F2A 
  22      8850A950 
  22      EFD2566C 
  23 0028 C1045BBC 		.ascii	"\301\004[\274v\023Z\2326\021DL\205\260h\016\212z\220"
  23      76135A9A 
  23      3611444C 
  23      85B0680E 
  23      8A7A90
  24 003b 2ADAC6A6 		.ascii	"*\332\306\246Uc\252\3617\326\326Z\213G\353\017-A\350"
  24      5563AAF1 
  24      37D6D65A 
  24      8B47EB0F 
  24      2D41E8
  25 004e D543EABC 		.ascii	"\325C\352\274\331\006\244=\310\222\201y\273og\336\267"
  25      D906A43D 
  25      C8928179 
ARM GAS  /tmp/ccOvkuBK.s 			page 2


  25      BB6F67DE 
  25      B7
  26 005f DFCC32AB 		.ascii	"\337\3142\253\003@Z\0038\"\256\373D\007\002T@tD\221"
  26      03405A03 
  26      3822AEFB 
  26      44070254 
  26      40744491 
  27 0073 200C2938 		.ascii	" \014)8\204)\272JX\034\3759\243\264\336\266D+\\\373"
  27      8429BA4A 
  27      581CFD39 
  27      A3B4DEB6 
  27      442B5CFB 
  28 0087 7330668D 		.ascii	"s0f\2154\331\0040A \033>\304V1kq\370\276MI\262\011Q"
  28      34D90430 
  28      41201B3E 
  28      C456316B 
  28      71F8BE4D 
  29 009f 15E96639 		.ascii	"\025\351f9\263\326\310\251\202-\"M\376\270\023S\350"
  29      B3D6C8A9 
  29      822D224D 
  29      FEB81353 
  29      E8
  30 00b0 1082B8B7 		.ascii	"\020\202\270\267\2462\025\014\334\262\254\270U\370~"
  30      A632150C 
  30      DCB2ACB8 
  30      55F87E
  31 00bf 93AC0336 		.ascii	"\223\254\0036\021N#\011 Na3>\302f\020\217\000s\030\020"
  31      114E2309 
  31      204E6133 
  31      3EC26610 
  31      8F007318 
  32 00d4 D3D7AB93 		.ascii	"\323\327\253\223\277T:,K\247+7J\015\333\245\225\246"
  32      BF543A2C 
  32      4BA72B37 
  32      4A0DDBA5 
  32      95A6
  33 00e6 8C55506D 		.ascii	"\214UPmR\361\361\316Z\025p\006\003\\\360\355A5\355\327"
  33      52F1F1CE 
  33      5A157006 
  33      035CF0ED 
  33      4135EDD7 
  34 00fa 554716F3 		.ascii	"UG\026\363\250\003\257nrI+X\325\255Q\001\331\377u\315"
  34      A803AF6E 
  34      72492B58 
  34      D5AD5101 
  34      D9FF75CD 
  35 010e B317458D 		.ascii	"\263\027E\215\246p \016*\007\215\203\316\301\340\340"
  35      A670200E 
  35      2A078D83 
  35      CEC1E0E0 
  36 011e 4546FA90 		.ascii	"EF\372\220\245\000\022r\355c$6\21460\236_\337\032dx"
  36      A5001272 
  36      ED632436 
  36      8C36309E 
  36      5FDF1A64 
  37 0133 8650BC73 		.ascii	"\206P\274sb\244\270`\360\322U\351<W,\227\364,^\217\211"
  37      62A4B860 
ARM GAS  /tmp/ccOvkuBK.s 			page 3


  37      F0D255E9 
  37      3C572C97 
  37      F42C5E8F 
  38 0148 FD6BB149 		.ascii	"\375k\261IL\362\342\254\320\344\261\315\344\225U4\357"
  38      4CF2E2AC 
  38      D0E4B1CD 
  38      E4955534 
  38      EF
  39 0159 5997E590 		.ascii	"Y\227\345\220\201s\230\305\264d\343\0234a\003\213\313"
  39      817398C5 
  39      B464E313 
  39      3461038B 
  39      CB
  40 016a E3773546 		.ascii	"\343w5F\377\313\245]\334l\217p\364d\310\207O\267\311"
  40      FFCBA55D 
  40      DC6C8F70 
  40      F464C887 
  40      4FB7C9
  41 017d 2BB97CCE 		.ascii	"+\271|\316/\310\3031&{\361\231$\313O[@S\210\202\364"
  41      2FC8C331 
  41      267BF199 
  41      24CB4F5B 
  41      40538882 
  42 0192 4ECC373A 		.ascii	"N\3147:\342\212K\323\347\222\2470\257\270\313\324\235"
  42      E28A4BD3 
  42      E792A730 
  42      AFB8CBD4 
  42      9D
  43 01a3 DABC44C9 		.ascii	"\332\274D\311\017\364\202\325\024Gm\254\246F.\325^J"
  43      0FF482D5 
  43      14476DAC 
  43      A6462ED5 
  43      5E4A
  44 01b5 9ECABC52 		.ascii	"\236\312\274R\235j\257$Jc\324kV#Gm\274\246\246\272T"
  44      9D6AAF24 
  44      4A63D46B 
  44      5623476D 
  44      BCA6A6BA 
  45 01ca 7B23793A 		.ascii	"{#y:\363\336\326\251\366N\242\014F\275g5\325QK\326\324"
  45      F3DED6A9 
  45      F64EA20C 
  45      46BD6735 
  45      D5514BD6 
  46 01df 34976A65 		.ascii	"4\227je\311\3630\357C\235j\013\022\345e\324GV\323\034"
  46      C9F330EF 
  46      439D6A0B 
  46      12E565D4 
  46      4756D31C 
  47 01f3 B5544D6D 		.ascii	"\265TMm'\361\177j\213\222\347c\336R\235j\237$\252\201"
  47      27F17F6A 
  47      8B92E763 
  47      DE529D6A 
  47      9F24AA81 
  48 0207 51CBACA6 		.ascii	"Q\313\254\246;j\227jj\206K\265\317\222\267\207y+u\252"
  48      3B6A976A 
  48      6A864BB5 
  48      CF92B787 
ARM GAS  /tmp/ccOvkuBK.s 			page 4


  48      792B75AA 
  49 021b 7D91283F 		.ascii	"}\221(?\243VY\315\200\337\030\317\316\246P\376\266\270"
  49      A35659CD 
  49      80DF18CF 
  49      CEA650FE 
  49      B6B8
  50 022d 25F8FC8A 		.ascii	"%\370\374\212#\327\036\014\232G\373C=\241\316.32`\366"
  50      23D71E0C 
  50      9A47FB43 
  50      3DA1CE2E 
  50      333260F6 
  51 0241 7787CD68 		.ascii	"w\207\315h\344\302\340\200\331u\372d{\233\331\321q\314"
  51      E4C2E080 
  51      D975FA64 
  51      7B9BD9D1 
  51      71CC
  52 0253 3C7EEA44 		.ascii	"<~\352D\347\30563\332\035>\023\016\237\015\366\202\326"
  52      E7C53633 
  52      DA1D3E13 
  52      0E9F0DF6 
  52      82D6
  53 0265 170D45A2 		.ascii	"\027\015E\242zo\344\374\271P\337_\211\264\332&"
  53      7A6FE4FC 
  53      B950DF5F 
  53      89B4DA26 
  54              		.text
  55              		.section	.gnu.lto__pal_lld_init.fc7ef4fc543edc76,"",%progbits
  56 0000 789C95D6 		.ascii	"x\234\225\326[H\024a\024\000\340\377\354?;;{U\037\204"
  56      5B481461 
  56      1400E0FF 
  56      EC3F3B3B 
  56      7B551F84 
  57 0014 1E847C08 		.ascii	"\036\204|\010\242\027\007\012z*z(\210\302\250\260\367"
  57      A217070A 
  57      7A2A7A28 
  57      88C2A8B0 
  57      F7
  58 0025 E8422948 		.ascii	"\350B)HFE\257N\246\271e\202\224Z\311V\013%\006\021\026"
  58      4645AF4E 
  58      A6B96582 
  58      945AC956 
  58      0B250611 
  59 003a 5DBC94B5 		.ascii	"]\274\224\265\255\255]\25545\315\256\226\232\353V\012"
  59      ADAD5DAD 
  59      3435CDAE 
  59      969AEB56 
  59      0A
  60 004b 0961649D 		.ascii	"\011ad\235\363\377\343v\321a\333\205=\373\317\314\231"
  60      F3FFE376 
  60      D161DB85 
  60      3DFBCFCC 
  60      99
  61 005c 73BEB3FB 		.ascii	"s\276\263\373\263\273*c,\2521\266\004_\323\361\3118"
  61      B3BB2A63 
  61      2CAA31B6 
  61      045FD3F1 
  61      C938
ARM GAS  /tmp/ccOvkuBK.s 			page 5


  62 006e 031BC327 		.ascii	"\003\033\303'\000\036\000+\264A!\034\346\225\034\302"
  62      001E002B 
  62      B441211C 
  62      E6951CC2 
  63 007e A5434DB6 		.ascii	"\245CM\266\005u\006>B\307\306\324\003F\311\234\000g"
  63      0575063E 
  63      42C7C6D4 
  63      0346C99C 
  63      0067
  64 0090 AC9A33F1 		.ascii	"\254\2323\361\200\313\260\000\263:\212/\006x\031\017"
  64      80CBB000 
  64      B33A8A2F 
  64      0678190F 
  65 00a0 7000050F 		.ascii	"p\000\005\017\307\333k\336\373\350\320\006\231x82U?"
  65      C7DB6BDE 
  65      FBE8D006 
  65      99783832 
  65      553F
  66 00b2 ACF0C5C0 		.ascii	"\254\360\305\300p}-v\272\315=\277\3260\212\214P\354"
  66      707D2D76 
  66      BACD3DBF 
  66      D6308A8C 
  66      50EC
  67 00c4 2C37E605 		.ascii	",7\346\0058\236\004\216\005\341*d\300\025\310`x\212"
  67      389E048E 
  67      05E12A64 
  67      C015C860 
  67      788A
  68 00d6 4103CCA7 		.ascii	"A\003\314\247\374\201KSU^U\221\015\241\021TF\302\372"
  68      FC814B53 
  68      555E5591 
  68      0DA11154 
  68      46C2FA
  69 00e9 4E7BC898 		.ascii	"N{\310\230\372Y\2125j\241c\365\\\300{\024\033\006;\247"
  69      FA598A35 
  69      6AA163F5 
  69      5CC07B14 
  69      1B063BA7 
  70 00fd 95422B3B 		.ascii	"\225B+;\255TZ9h\245\321\312\211AuQpS\360P\360R\360Q"
  70      AD545A39 
  70      68A5D1CA 
  70      89417551 
  70      7053F050 
  71 0115 48A1904A 		.ascii	"H\241\220J!\215B:\010\004\363\213Y\017r|\203x\024\212"
  71      218D423A 
  71      0804F38B 
  71      590F727C 
  71      8378148A 
  72 0129 BE7EEC6D 		.ascii	"\276~\354mu\221\244\206\003\002\213OF\206\2344\253\002"
  72      7591A486 
  72      03028B4F 
  72      46869C34 
  72      AB02
  73 013b C698DF50 		.ascii	"\306\230\337P\240\011'\210B\270\331)sl\230S]\022~\342"
  73      A0092788 
  73      42B8D929 
  73      736C9853 
ARM GAS  /tmp/ccOvkuBK.s 			page 6


  73      5D127EE2 
  74 014f 903934D3 		.ascii	"\22094\323\215p{\233\032\204S\373\360M\315\014p\007"
  74      8D707B9B 
  74      1A8453FB 
  74      F04DCD0C 
  74      7007
  75 0161 168266BC 		.ascii	"\026\202f\274\213\256\365447x\365\013F1\004\270\006"
  75      8BAEF534 
  75      343778F5 
  75      0B463104 
  75      B806
  76 0173 D7210855 		.ascii	"\327!\010U\242=\334\000\235QwM\226\345f\237\375\337"
  76      A23DDC00 
  76      9D51774D 
  76      96E5669F 
  76      FDDF
  77 0185 0E803CA3 		.ascii	"\016\200<\243\310^\025\335\017\313\025\352e\207\237"
  77      C85E15DD 
  77      0FCB15EA 
  77      65879F
  78 0194 1C5A24A6 		.ascii	"\034Z$\246\353\220H\232\2657\267\350}\363w\357[\240"
  78      EB90489A 
  78      B537B7E8 
  78      7DF377EF 
  78      5BA0
  79 01a6 637DD1FE 		.ascii	"c}\321\376\\\037\227\355\354\377\016:{u\273E\365\220"
  79      5C1F97ED 
  79      ECFF0E3A 
  79      7B75BB45 
  79      F590
  80 01b8 A82E76DB 		.ascii	"\250.v\333\355\277's\314\230L\303\342\3773\211\303\242"
  80      EDBF2773 
  80      CC984CC3 
  80      E2FF3389 
  80      C3A2
  81 01ca 57F877AF 		.ascii	"W\370w\257V\232D\243v\223\245\345-\036Y\337\371\347"
  81      569A44A3 
  81      7693A5E5 
  81      2D1E59DF 
  81      F9E7
  82 01dc 47C4677C 		.ascii	"G\304g|D\301(m/g\015O\207;f\375\361\262#\275\200\365"
  82      44C1286D 
  82      2F670D4F 
  82      873B66FD 
  82      F1B223BD 
  83 01f2 2B446B17 		.ascii	"+Dk\027DD\007\334 t\361DKg\205\253\360\007]\014\372"
  83      444407DC 
  83      2074F144 
  83      4B6785AB 
  83      F0075D0C 
  84 0207 701F411B 		.ascii	"p\037A\033\016\310\340.\024\262\030\224d\212M\214iM"
  84      0EC8E02E 
  84      14B21894 
  84      648A4D8C 
  84      694D
  85 0219 4DB17E07 		.ascii	"M\261~\007\246i\001\356\256&\035\334\303\014\274\360"
  85      A66901EE 
ARM GAS  /tmp/ccOvkuBK.s 			page 7


  85      AE261DDC 
  85      C30CBCF0 
  86 0229 B57FE031 		.ascii	"\265\177\3401\020\305\003\206A;\352>d 2\300\275\322"
  86      10C50386 
  86      413BEA3E 
  86      642032C0 
  86      BDD2
  87 023b 7D75A964 		.ascii	"}u\251d\273\222w>\020Nn\341|(\234\217\022:\333\245\263"
  87      BB92773E 
  87      104E6EE1 
  87      7C289C8F 
  87      123ADBA5 
  88 0250 26FCBDD5 		.ascii	"&\374\275\325i:\375\344|LNW\3349h:\335\311;\237\010"
  88      693AFDE4 
  88      7C4C4E57 
  88      DC39683A 
  88      DDC93B9F 
  89 0265 A762E17C 		.ascii	"\247b\341|*\234\035\011\235\235\322Y\031>\321\3455\235"
  89      2A9C1D09 
  89      9D9DD259 
  89      193ED1E5 
  89      359D
  90 0277 15E47C46 		.ascii	"\025\344|FNw\334Y\265L:=\311;\273\204\323n\341\354\026"
  90      4E77DC59 
  90      B54C3A3D 
  90      C93BBB84 
  90      D36EE1EC 
  91 028c CE9E84CE 		.ascii	"\316\236\204\316\347\322\351?_y\206\233\316\343\344"
  91      E7D2E93F 
  91      5F79869B 
  91      CEE3E4
  92 029b EC25A727 		.ascii	"\354%\247'\356\214\230No\362\316>\341T-\234/\204\263"
  92      EE8C984E 
  92      6FF2CE3E 
  92      E1542D9C 
  92      2F84B3
  93 02ae 3FA1F3A5 		.ascii	"?\241\363\245t\366\327\267\217j\2463H\316W\344\364\306"
  93      74F6D7B7 
  93      8F6AA633 
  93      48CE57E4 
  93      F4C6
  94 02c0 9D13A6D3 		.ascii	"\235\023\246\323\227\274\363\265p:,\234o\204\363mB\347"
  94      97BCF3B5 
  94      703A2C9C 
  94      6F84F36D 
  94      42E7
  95 02d2 3BE97C5A 		.ascii	";\351|Z7\354\267\233\316s\344\034 \247/\356\254]/\235"
  95      37ECB79B 
  95      CE73E41C 
  95      20A72FEE 
  95      AC5D2F9D 
  96 02e6 29C93BDF 		.ascii	")\311;\337\013\247f\341\374 \234\203\011\235C\322yt"
  96      0BA766E1 
  96      FC209C83 
  96      099D43D2 
  96      7974
  97 02f8 A2EEDDB4 		.ascii	"\242\356\335\264\363\"9\207\311\231\022wv\233\316\324"
ARM GAS  /tmp/ccOvkuBK.s 			page 8


  97      F3223987 
  97      C9991277 
  97      769BCED4 
  98 0308 E49D1F85 		.ascii	"\344\235\037\205\323i\341\034\021\316hB\347\250tF\256"
  98      D369E11C 
  98      11CE6842 
  98      E7A87446 
  98      AE
  99 0319 9CEF9A76 		.ascii	"\234\357\232v6\2223F\316\324\270\263$G:\323\222w~\022"
  99      36923346 
  99      CED4B8B3 
  99      24473AD3 
  99      92777E12 
 100 032d 4E9785F3 		.ascii	"N\227\205\363\263p~I\350\034\223\316\311\301H\331\364"
 100      B3707E49 
 100      E81C93CE 
 100      C9C148D9 
 100      F4
 101 033e FE0C9173 		.ascii	"\376\014\221s\234\234i\344\374\014E\3013U\342\027D\374"
 101      9C9C69E4 
 101      FC0C45C1 
 101      3355E217 
 101      44FC
 102 0350 7DF1D37D 		.ascii	"}\361\323}\370\265\275(+K_\236\233\2679om\216^\260["
 102      F8B5BD28 
 102      2B4B5F9E 
 102      9BB7396F 
 102      6D8E5EB0 
 103 0365 CFDD94AF 		.ascii	"\317\335\224\257\357,\330\265g\267\236\263a\315\242"
 103      EF2CD8B5 
 103      67B79EB3 
 103      61CDA2
 104 0374 857A76F6 		.ascii	"\205zv\366\012}\345\272Uk\367.\324wn\312\337\230\237"
 104      0A7DE5BA 
 104      556BF72E 
 104      D4776ECA 
 104      DF989F
 105 0387 BF356B0B 		.ascii	"\2775k\013S\267\024\354\330\226\267\375\027:\301\352"
 105      53B714EC 
 105      D896B7FD 
 105      173AC1EA 
 106 0397 56       		.ascii	"V"
 107              		.text
 108              		.section	.gnu.lto__pal_lld_setgroupmode.fc7ef4fc543edc76,"",%progbits
 109 0000 789CA557 		.ascii	"x\234\245W\013PT\347\025\376\317\375\357\356]\226e\327"
 109      0B5054E7 
 109      15FECFFD 
 109      EFEE5D96 
 109      65D7
 110 0012 6782468D 		.ascii	"g\202F\215\032\221\240\310*\030\343L\3630\261F\235I"
 110      1A91A0C8 
 110      2A18E34C 
 110      F330B146 
 110      9D49
 111 0024 9BCC808F 		.ascii	"\233\314\200\217\316t\2465\321\031\235Ba\200f\332N\247"
 111      CE74A635 
 111      D1199D42 
ARM GAS  /tmp/ccOvkuBK.s 			page 9


 111      618066DA 
 111      4EA7
 112 0036 5D051631 		.ascii	"]\005\0261\246\332\246\312t\313tH\003E\233`4\222\010"
 112      A6DAA6CA 
 112      74CB7448 
 112      03459B60 
 112      349208
 113 0049 24A60414 		.ascii	"$\246\004\024\305\006\254\226$.\024\343\243B\320\240"
 113      C506AC96 
 113      242E14E3 
 113      A342D0A0 
 114 0059 08440579 		.ascii	"\010D\005y\364\234\377\277\227\313.\333:\014L\356\227"
 114      F49CFFBF 
 114      97CB2EDB 
 114      3A0C4CEE 
 114      97
 115 006a BBE79EEF 		.ascii	"\273\347\236\357\234\363\235\377\251\2251\326<\221\261"
 115      9CF39DFF 
 115      A99531D6 
 115      3C91B1
 116 0079 5FE2FFF3 		.ascii	"_\342\377\363\361a\023\030(\014\037\340\210\\Q\031\363"
 116      F1611318 
 116      280C1FE0 
 116      885C5119 
 116      F3
 117 008a 280E0455 		.ascii	"(\016\004UU,\364\036F\357\026\305J\357\032\275[\301"
 117      552CF41E 
 117      46EF16C5 
 117      4AEF1ABD 
 117      5BC1
 118 009c 869E9A40 		.ascii	"\206\236\232@\033\240+\204)v\372\032N_\355\302\022."
 118      1BA02B84 
 118      2976FA1A 
 118      4E5FEDC2 
 118      122E
 119 00ae D0A14490 		.ascii	"\320\241D\220\335I\366\010p\241\305)\262\270\00001\260"
 119      DD49F608 
 119      70A1C529 
 119      B2B80030 
 119      31B0
 120 00c0 DF285CB5 		.ascii	"\337(\\\265X5[\230=\334\021\341t\001\376f\372\337n\376"
 120      58355B98 
 120      3DDC11E1 
 120      7401FE66 
 120      FADF6EFE 
 121 00d4 070ED5B9 		.ascii	"\007\016\325\271\255\025JL\211\007\377\252\362\007\355"
 121      AD154A4C 
 121      8907FFAA 
 121      F207ED
 122 00e3 5E4F4E64 		.ascii	"^ONd\001z\354\327\275\340(\304\240\327\271\354\303\005"
 122      017AECD7 
 122      BDE028C4 
 122      A0D7B9EC 
 122      C305
 123 00f5 FC755EC0 		.ascii	"\374u^\300\001T\374y\273\336w\325I?\025\230\215?k\032"
 123      0154FC79 
 123      BBDE77D5 
ARM GAS  /tmp/ccOvkuBK.s 			page 10


 123      493F1598 
 123      8D3F6B1A 
 124 0109 86CAED7C 		.ascii	"\206\312\355|\0310|\037\250\275\323j\213.\366xvx\252"
 124      19307C1F 
 124      A8BDD36A 
 124      8B2EF678 
 124      7678AA
 125 011c FA8BB867 		.ascii	"\372\213\270g^\001\347\360!p\014\010\037\300\014(\203"
 125      5E01E7F0 
 125      21700C08 
 125      1FC00C28 
 125      83
 126 012d 190C4D0C 		.ascii	"\031\014M\014\216A4\272\017\375\365p\236\215\177GP\277"
 126      8E4134BA 
 126      0FFDF570 
 126      9E8D7F47 
 126      50BF
 127 013f 2CC9F5D9 		.ascii	",\311\365\331uj\355\273\223\212\263<k\012\270\012\345"
 127      756AEDBB 
 127      938AB33C 
 127      6B0AB80A 
 127      E5
 128 0150 C1649541 		.ascii	"\301d\225A\205 w\037-~3\234\257\020\344\2137\313\376"
 128      8520771F 
 128      2D7E339C 
 128      AF10E48B 
 128      37CBFE
 129 0163 64901BDE 		.ascii	"d\220\033\336\235^$\310\026\250\014&[\030|\004\321\304"
 129      9D5E24C8 
 129      16A80C26 
 129      5B187C04 
 129      D1C4
 130 0175 D8BDFDE0 		.ascii	"\330\275\375\340%\316W\011\366\345\316\316r{\324\333"
 130      25CE5709 
 130      F6E5CECE 
 130      727BD4DB 
 131 0185 327569E4 		.ascii	"2ui\344[Y\236\323\036\265\200[\341\343@>\375\241\373"
 131      5B599ED3 
 131      1EB5805B 
 131      E1E3403E 
 131      FDA1FB
 132 0198 C1A1B3BF 		.ascii	"\301\241\263\277\267\361\265\202\372\333=\277+t\351"
 132      B7F1B582 
 132      FADB3DBF 
 132      2B74E9
 133 01a7 D4BE589F 		.ascii	"\324\276X\237\247*{6\021?\011I\274\365\346\311z\205"
 133      A72A7B36 
 133      113F0949 
 133      BCF5E6C9 
 133      7A85
 134 01b9 7F5F10F3 		.ascii	"\177_\020\363;\016\334\016\327\211]&\261*$\261\365B"
 134      3B0EDC0E 
 134      D7895D26 
 134      B12A24B1 
 134      F542
 135 01cb D61FAD3C 		.ascii	"\326\037\255<I\020\233N\037hs\352\304\353&\261:$q\357"
 135      49109B4E 
ARM GAS  /tmp/ccOvkuBK.s 			page 11


 135      1F6873EA 
 135      C4EB26B1 
 135      3A2471EF 
 136 01df 80DF63E5 		.ascii	"\200\337c\345?\024\304\206\257Z\013@'^1\211'B\022\337"
 136      3F14C486 
 136      AF5A0B40 
 136      275E3189 
 136      274212DF 
 137 01f3 B875EF2D 		.ascii	"\270u\357-\225\277*\210\007\367\356\272\037\246\023"
 137      95BF2A88 
 137      07F7EEBA 
 137      1FA613
 138 0202 9B4C626D 		.ascii	"\233LbmH\342\225#\203\373\"\254*\234\202(8\211O\015"
 138      48E29523 
 138      83FB22AC 
 138      2A9C8228 
 138      38894F0D 
 139 0216 3E9FE2F3 		.ascii	">\237\342\363w|\216C\224\234Zp\032\254@\203p\271\260"
 139      777C8E43 
 139      949C5A70 
 139      1AAC4083 
 139      70B9B0
 140 0229 248C6F13 		.ascii	"$\214o\023Y\012>)nT\364,\027K\247\024\015\017B]\350"
 140      590A3E29 
 140      6E54F42C 
 140      174BA714 
 140      0D0F425D 
 141 023e 026FEC79 		.ascii	"\002o\354y\035x\262\240^\273\377\355^c\374z\336\346"
 141      1D78B2A0 
 141      5EBBFFED 
 141      5E63FC7A 
 141      DEE6
 142 0250 9E228F42 		.ascii	"\236\"\217B\304\177\204$\356ko=\242\362TA\334s\332\333"
 142      C47F8424 
 142      EE6B6F3D 
 142      A2F25441 
 142      DC73DADB 
 143 0264 660C42A3 		.ascii	"f\014B\243I\254\017I\034h?\362\216\235\247\013\342\361"
 143      49AC0F49 
 143      1C683FF2 
 143      8E9DA70B 
 143      E2F1
 144 0276 333DB946 		.ascii	"3=\271F\261'\3762L<\373\177[\362OlA\003>\237\341s\006"
 144      B127FE32 
 144      4C3CFB7F 
 144      5BF24F6C 
 144      41033E9F 
 145 028d 5B415DC0 		.ascii	"[A]\300^\234\303^0f\377_\035\013\246\275w\336R\345\031"
 145      5E9CC35E 
 145      3066FF5F 
 145      1D0BA6BD 
 145      77DE52E5 
 146 02a2 1CCAC589 		.ascii	"\034\312\305\211\036\333\\\3268\371\007\200\363ZS\010"
 146      1EDB5CD6 
 146      38F90780 
 146      F35A5308 
 147 02b2 38814A60 		.ascii	"8\201J`!\260\022h\0046\004[\030\275\331\351-\234\336"
ARM GAS  /tmp/ccOvkuBK.s 			page 12


 147      21B01268 
 147      0436045B 
 147      18BDD9E9 
 147      2D9CDE
 148 02c5 1C0411F4 		.ascii	"\034\004\021\364\323Io.\202\011\004\023\011&\021L&\230"
 148      D3496F2E 
 148      82090413 
 148      0926114C 
 148      2698
 149 02d7 423095E0 		.ascii	"B0\225\340!\202\207\011\"\011\246\021L'x\204\200\226"
 149      21828709 
 149      2209A611 
 149      4C277884 
 149      8096
 150 02e9 97369360 		.ascii	"\2276\223`\026\301\243\004\263\011\346\020\314%x\214"
 150      16C1A304 
 150      B309E610 
 150      CC25788C 
 151 02f9 601E4114 		.ascii	"`\036A\024\301|\202h\202\307\011b\010\026\020,$\210"
 151      C17C8268 
 151      82C70962 
 151      0816102C 
 151      2488
 152 030b 25584410 		.ascii	"%XD\020G\340&XL\260\204 \236 Al\005K\031\265\356\011"
 152      47E02658 
 152      4CB08420 
 152      9E20416C 
 152      054B19B5 
 153 0321 46CD5BC6 		.ascii	"F\315[\306\250}O2j\340rF\355{\012h\305?-|\236\021>\317"
 153      A87D4F32 
 153      6AE07246 
 153      ED7B0A68 
 153      C53F2D7C 
 154 0339 0A9F15C2 		.ascii	"\012\237\025\302\3479Fm~^x\256\004\212\266\212Q\303"
 154      E739466D 
 154      7E5E78AE 
 154      048AB68A 
 154      51C3
 155 034b 5F60D4F2 		.ascii	"_`\324\362\325\214\232\276\206Q\333\327\002\355Y\211"
 155      D58C9ABE 
 155      8651DBD7 
 155      02ED5989 
 156 035b 22639288 		.ascii	"\"c\222\210\263N\304Y/\342l\020\3617\2128\214\355\024"
 156      B34EC459 
 156      2FE26C10 
 156      F1378A38 
 156      8CED14
 157 036e DB671EC7 		.ascii	"\333g\036\307]\237_\207\254~\357q\177\032\015\266\217"
 157      5D9F5F87 
 157      AC7EEF71 
 157      7F1A0DB6 
 157      8F
 158 037f 3FEDE34F 		.ascii	"?\355\343O\321\266\333u\270\304A;\250\006\034\316\343"
 158      D1B6DB75 
 158      B8C4413B 
 158      A8061CCE 
 158      E3
ARM GAS  /tmp/ccOvkuBK.s 			page 13


 159 0390 4C41AF2E 		.ascii	"LA\257.o\275\3770\227n \335N\016\335\255r\221\233\015"
 159      6FBDFF30 
 159      976E20DD 
 159      4E0EDDAD 
 159      72919B0D 
 160 03a4 0F8F7F49 		.ascii	"\017\217\177I\267~o\235\356\364\014\372\241S\331\211"
 160      B77E6F9D 
 160      EEF40CFA 
 160      A153D989 
 161 03b4 535E9B8C 		.ascii	"S^\233\214\005\320h\304j\361\227\351n\012\306\202\330"
 161      05D068C4 
 161      6AF197E9 
 161      6E0AC682 
 161      D8
 162 03c5 20EEB368 		.ascii	" \356\263h7\023w\014'\3462q]Qe\277C&\266\300\347\301"
 162      3713770C 
 162      27E63271 
 162      5D5165BF 
 162      4326B6C0 
 163 03db 8957A09F 		.ascii	"\211W\240\237I\036\360_\322\355\252$\367\354\312\271"
 163      491EF05F 
 163      D2EDAA24 
 163      F7ECCAB9 
 164 03eb CB255983 		.ascii	"\313%Y\203/\202\311\317\241\037:\035\352\3529d\225U"
 164      2F82C9CF 
 164      A11F3A1D 
 164      EAEA3964 
 164      9555
 165 03fd BBE04BE1 		.ascii	"\273\340K\341\264\243\347\300\005\213tz\036=\366\347"
 165      B4A3E7C0 
 165      058B747A 
 165      1E3DF6E7 
 166 040d 549FD5C8 		.ascii	"T\237\325\310\003W\007\\\020\253)\017O\016\275\243\245"
 166      0357075C 
 166      10AB290F 
 166      4F0EBDA3 
 166      A5
 167 041e CDBF92AE 		.ascii	"\315\277\222\256\026\037O\020\262\257Avs\315\011\320"
 167      161F4F10 
 167      B2AF4176 
 167      73CD09D0 
 168 042e AD18E0BD 		.ascii	"\255\030\340\275o*z#d\012\006~\271\034\357@\202\217"
 168      6F2A7A23 
 168      640A067E 
 168      B91CEF40 
 168      828F
 169 0440 AF54988F 		.ascii	"\257T\230\217':\373\256\236\203;\260\024\007E\351{\377"
 169      273AFBAE 
 169      9E833BB0 
 169      140745E9 
 169      7BFF
 170 0452 32B67C83 		.ascii	"2\266|\203\263\262\315\217\246'\260\267\212\357(\231"
 170      B3B2CD8F 
 170      A627B0B7 
 170      8AEF2899 
 171 0462 929C675A 		.ascii	"\222\234gZ\321\262\014;\246\374\355(\032\3269\373Z\333"
 171      D1B20C3B 
ARM GAS  /tmp/ccOvkuBK.s 			page 14


 171      A6FCED28 
 171      1AD639FB 
 171      5ADB
 172 0474 D1F224B6 		.ascii	"\321\362$\266Ai\022>\353\235>A[\216u+\276\017\311\264"
 172      4169123E 
 172      EB9D3E41 
 172      5B8E752B 
 172      BE0FC9B4 
 173 0488 D1D9D4F6 		.ascii	"\321\331\324\366)`\275\252QoKs\241B+\335\307\361\277"
 173      2960BDAA 
 173      516F4B73 
 173      A1422BDD 
 173      C7F1BF
 174 049b E523BBA4 		.ascii	"\345#\273\244a\227\232d\227|^\177\230t\322\320o\344"
 174      61979A64 
 174      977C5E7F 
 174      9874D2D0 
 174      6FE4
 175 04ad C1AB810A 		.ascii	"\301\253\201\012\315\322\251\323\233g\221N\253D75i\354"
 175      CDD2A9D3 
 175      9B67914E 
 175      AB443735 
 175      69EC
 176 04bf 68FEB9B4 		.ascii	"h\376\271\264\332`\341\014LA\015\355\312=\310\245\361"
 176      DA60E10C 
 176      4C410DED 
 176      CA3DC8A5 
 176      F1
 177 04d0 05B4CB0C 		.ascii	"\005\264\313\014\003\315\345 ma\262\220\341I\246\341"
 177      03CDE520 
 177      6D61B290 
 177      E149A6E1 
 178 04e0 24FBB791 		.ascii	"$\373\267\221\243]'\332q\352\240k`\264\325h\227\243"
 178      A35D27DA 
 178      71EAA06B 
 178      60B4D568 
 178      97A3
 179 04f2 FA46CB25 		.ascii	"\372F\313%=Z8F\033\241C\223V\007~0\013\357\325\371\021"
 179      3D5A3846 
 179      1BA14393 
 179      56077E30 
 179      0BEFD5F9 
 180 0507 2327800D 		.ascii	"#'\200\015'@\013`\022G`\2225\350\207\226\352\312\366"
 180      27400B60 
 180      12476092 
 180      35E88796 
 180      EACAF6
 181 051a F61C9734 		.ascii	"\366\034\22749GN\013.6\342\217\253\353k\255\205\360"
 181      39474E0B 
 181      2E36E28F 
 181      ABEB6BAD 
 181      85F0
 182 052c E7ED7883 		.ascii	"\347\355x\203\301S\0115\255\205\2134\326\370\355\213"
 182      C1530935 
 182      AD858B34 
 182      D6F8ED8B 
 183 053c 6395C722 		.ascii	"c\225\307\"\334\245\236\354\355\364\311\016_A!\354\023"
ARM GAS  /tmp/ccOvkuBK.s 			page 15


 183      DCA59EEC 
 183      EDF4C90E 
 183      5F4121EC 
 183      13
 184 054d 4B132E81 		.ascii	"K\023.\201\233\262\015z{\365\206\273\260GR\2221\004"
 184      9BB20D7A 
 184      7BF586BB 
 184      B0475292 
 184      3104
 185 055f 13301FDA 		.ascii	"\0230\037\332\311x\317[\027.\215\023}\034g\307\004\252"
 185      C978CF5B 
 185      172E8D13 
 185      7D1C67C7 
 185      04AA
 186 0571 AB71975F 		.ascii	"\253q\227_\214CP\021\205?e\017(\343\262Y\306\025pcL"
 186      8C435011 
 186      853F650F 
 186      28E3B259 
 186      C6157063 
 187 0586 A9F2BAA1 		.ascii	"\251\362\272\241r\322\030e]\025\361\304}\357?\206\254"
 187      72D21865 
 187      5D15F1C4 
 187      7DEF3F86 
 187      AC
 188 0597 3CBDDEC9 		.ascii	"<\275\336\3118XRV\273.k\012&@\273\224\345\327\335\246"
 188      38585256 
 188      BB2E6B0A 
 188      2640BB94 
 188      E5D7DDA6 
 189 05ab FA384EF1 		.ascii	"\3728N\361)\343\222u\315,\243\225dM\225\262n\030\262"
 189      29E39275 
 189      CD2CA395 
 189      644D95B2 
 189      6E18B2
 190 05be 1E1AA3AC 		.ascii	"\036\032\243\2546\021O\241x_\033\262\014\021\017\017"
 190      36114FA1 
 190      785F1BB2 
 190      0C110F0F 
 191 05ce CBAAD32D 		.ascii	"\313\252\323-\221\230\000\355RV\205.k\232\217\343:\215"
 191      919800ED 
 191      5256852E 
 191      6B9A8FE3 
 191      3A8D
 192 05e0 1C97AC76 		.ascii	"\034\227\254v\263\214\353$k\232\314[\337R\244O\374\351"
 192      B38CEB24 
 192      6B9ACC5B 
 192      DF52A44F 
 192      FCE9
 193 05f2 B4BF9E97 		.ascii	"\264\277\236\227\033PSM\243a\025KI\036\003x\311\347"
 193      1B50534D 
 193      A361154B 
 193      491E0378 
 193      C9E7
 194 0604 F8F16CCD 		.ascii	"\370\361l\315\340\241\345\362+\255\273\2723\371\007"
 194      E0A1E5F2 
 194      2BADBBBA 
 194      33F907
ARM GAS  /tmp/ccOvkuBK.s 			page 16


 195 0613 1C727FD3 		.ascii	"\034r\177\323\340\306\260\263U\354\030\330\270{\305"
 195      E0C6B0B3 
 195      55EC18D8 
 195      B87BC5
 196 0622 7AE31E19 		.ascii	"z\343\036\031c\343\276\021\025\213kVGp\343p\231\255"
 196      63E3BE11 
 196      158B6B56 
 196      4770E370 
 196      99AD
 197 0634 096CDC4C 		.ascii	"\011l\334LL\200\366\300\306\315\022\233\313L\331\270"
 197      4C80F6C0 
 197      C6CD129B 
 197      CB4CD9B8 
 198 0644 F6908DFB 		.ascii	"\366\220\215\373\365\203\032w\323,\343\0265n\226\220"
 198      F5831A77 
 198      D32CE316 
 198      356E9690 
 199 0654 A719F2FA 		.ascii	"\247\031\362\372\014y\217\216Q^\247\210\253R\334\333"
 199      0C798F8E 
 199      515EA788 
 199      AB52DCDB 
 200 0664 C1F2668F 		.ascii	"\301\362f\217\2227\007\023\240=P\336\\!o\316\270\344"
 200      92370713 
 200      A03D50DE 
 200      5C216FCE 
 200      B8E4
 201 0676 75996574 		.ascii	"u\231et\223\274\271B\236\315\220w\377\244.\357\2611"
 201      93BCB942 
 201      9ECD9077 
 201      FFA42EEF 
 201      B131
 202 0688 CAEB1171 		.ascii	"\312\353\021q-\024\367\333\340\325<o\324j\216\302\004"
 202      2D14F7DB 
 202      E0D53C6F 
 202      D46A8EC2 
 202      04
 203 0699 680F5CCD 		.ascii	"h\017\\\315\363}\034O\265()\2577\244\274\327\036$\357"
 203      F37D1C4F 
 203      B52829AF 
 203      37A4BCD7 
 203      1E24EF
 204 06ac 8E59C65D 		.ascii	"\216Y\306]\2227_\310\0133\344\355<\245\313\213\036\243"
 204      92375FC8 
 204      0B33E4ED 
 204      3CA5CB8B 
 204      1EA3
 205 06be BC7B66DC 		.ascii	"\274{f\334\336`y\217\217\222\027\203\011\320\036(o\201"
 205      DE60798F 
 205      8F921783 
 205      09D01E28 
 205      6F81
 206 06d0 9017332E 		.ascii	"\220\0273.y}f\031\367I\336\002&\026hC\271\261@G\254"
 206      797D6619 
 206      F749DE02 
 206      26166843 
 206      B9B14047 
 207 06e5 48BB217A 		.ascii	"H\273!zW\211.z\341\030E\367\233Ka x\312\306\216\232"
ARM GAS  /tmp/ccOvkuBK.s 			page 17


 207      57892E7A 
 207      E11845F7 
 207      9B4B6120 
 207      78CAC68E 
 208 06fa B28B3001 		.ascii	"\262\2130\001\332\003\247l\234\230\262\213\3065e\007"
 208      DA03A76C 
 208      9C98B28B 
 208      C6356507 
 209 070a CD328648 		.ascii	"\3152\206Ht\234\220\027n\310\333m\310s\217Q\236G\031"
 209      749C9017 
 209      6EC8DB6D 
 209      C8738F51 
 209      9E4719
 210 071d 5E0ADB95 		.ascii	"^\012\333\225 y\213G\311[\202\011\320\036(/^\310[2."
 210      20798B47 
 210      C95B8209 
 210      D01E282F 
 210      5EC85B32 
 211 0732 793BCC32 		.ascii	"y;\3142\262\024L\021/\3449\344\015\014\357\251\267\267"
 211      B2144C11 
 211      2FE439E4 
 211      0D0CEFA9 
 211      B7B7
 212 0744 CABB6122 		.ascii	"\312\273a\"\335\030\027\352\373um\305b\335:\362n\241"
 212      DD1817EA 
 212      FB756DC5 
 212      62DD3AF2 
 212      6EA1
 213 0756 E28D315B 		.ascii	"\342\2151[\221\023`'^C\030\317\343N\031\250\323[\332"
 213      91136027 
 213      5E4318CF 
 213      E34E19A8 
 213      D35BDA
 214 0769 AD5FE693 		.ascii	"\255_\346\223\3602@\201\204\365xw\246\264\256\303\263"
 214      F0324081 
 214      84F57877 
 214      A6B4AEC3 
 214      B3
 215 077a D4B8AC77 		.ascii	"\324\270\254wz\353\273\223\245y=\236E\246\371\363\014"
 215      7AEBBB93 
 215      A5793D9E 
 215      45A6F9F3 
 215      0C
 216 078b 69DD8073 		.ascii	"i\335\200s\331\260\356\367vt\377X\2327\312#\342\203"
 216      D9B0EEF7 
 216      7674FF58 
 216      9A37CA23 
 216      E283
 217 079d DCCF8ED8 		.ascii	"\334\317\216\330\345\021\001\220\243\310+\260\013\353"
 217      E5110190 
 217      A3C82BB0 
 217      0BEB
 218 07ab F81A80E5 		.ascii	"\370\032\200\345\343@\336\204\035\205m\005\232\374\207"
 218      E340DE84 
 218      1D856D05 
 218      9AFC87
 219 07ba A4A815CF 		.ascii	"\244\250\025\317_<\253\022\342\342\334+\267n{e\333K"
ARM GAS  /tmp/ccOvkuBK.s 			page 18


 219      5F3CAB12 
 219      E2E2DC2B 
 219      B76E7B65 
 219      DB4B
 220 07cc 89EED40C 		.ascii	"\211\356\324\014"
 221 07d0 F7D64DC9 		.ascii	"\367\326M\311\356\264\324\364\314\014wb\322\367\022"
 221      EEB4D4F4 
 221      CC0C7762 
 221      D2F712
 222 07df E2DD2FBE 		.ascii	"\342\335/\276\370]\367\352\227\327\276\364Z\274;mS\362"
 222      F85DF7EA 
 222      97D7BEF4 
 222      5ABC3B6D 
 222      53F2
 223 07f1 8F929337 		.ascii	"\217\222\2237\307\275\312T\362PS6e\374DMI\335\274\205"
 223      C7BDCA54 
 223      F2505336 
 223      65FC444D 
 223      49DDBC85 
 224 0805 BFB22D53 		.ascii	"\277\262-S\335\224\234\231nI\373Y\332\346t-5#m\313\226"
 224      DD949C99 
 224      6E49FB59 
 224      DAE6742D 
 224      35236DCB 
 225 081a CDE9D6D4 		.ascii	"\315\351\326\324\314_\244mI\267\220K\272\222\262TI\211"
 225      CC5FA46D 
 225      49B7904B 
 225      BA92B254 
 225      4989
 226 082c 575296D8 		.ascii	"WR\226\330\310\221\250\377\005\177\006\304\362"
 226      C891A8FF 
 226      057F06C4 
 226      F2
 227              		.text
 228              		.section	.gnu.lto_.symbol_nodes.fc7ef4fc543edc76,"",%progbits
 229 0000 789C6363 		.ascii	"x\234cc``h\002b\006\246\036\246z\006\206\011\347\030"
 229      60606802 
 229      6206A61E 
 229      A67A0686 
 229      09E718
 230 0013 1880D48E 		.ascii	"\030\200\324\216\306\203\015l@\261^\246zF\230\330\256"
 230      C6830D6C 
 230      40B15EA6 
 230      7A4698D8 
 230      AE
 231 0024 4647A048 		.ascii	"FG\240H\037S=\023\212\0103#\003Cs\373\033y\020}\030"
 231      1F533D13 
 231      8A083323 
 231      034373FB 
 231      1B79107D 
 232 0039 4A377741 		.ascii	"J7wA\371P\272\271\033\312\207\322\315}P>\224n\356\177"
 232      F950BAB9 
 232      1BCA87D2 
 232      CD7D503E 
 232      946EEE7F 
 233 004d 23CF0000 		.ascii	"#\317\000\000\304\365\"\320"
 233      C4F522D0 
ARM GAS  /tmp/ccOvkuBK.s 			page 19


 234              		.text
 235              		.section	.gnu.lto_.refs.fc7ef4fc543edc76,"",%progbits
 236 0000 789C6363 		.ascii	"x\234cc```\004b\006\000\000D\000\010"
 236      60606004 
 236      62060000 
 236      440008
 237              		.text
 238              		.section	.gnu.lto_.decls.fc7ef4fc543edc76,"",%progbits
 239 0000 789CCD59 		.ascii	"x\234\315YkPTI\226\276y\263\252\250*\0120\320\235\365"
 239      6B505449 
 239      96BE79B3 
 239      AAA82A0A 
 239      30D09DF5 
 240 0014 47C786D1 		.ascii	"G\307\206\321C\330Ll\217%hO\354nL\367\266\002-Fc\313"
 240      43D84C6C 
 240      8F25684F 
 240      EC6E4CF7 
 240      B6022D46 
 241 002a 143DBB31 		.ascii	"\024=\2731\373\207a\004[bU\010(7\234\330\210\215\313"
 241      FB876104 
 241      5B625508 
 241      28379CD8 
 241      888DCB
 242 003d 4B908782 		.ascii	"K\220\207\202`+\240\266\012\266\362\360\325-\"\002R"
 242      602BA0B6 
 242      0AB6F2F0 
 242      D52D2202 
 242      52
 243 004e 0D8A88A2 		.ascii	"\015\212\210\242\210\212\202 \017\021\025\037\274Z\004"
 243      888A8220 
 243      0F11151F 
 243      BC5A04
 244 005d 44D99399 		.ascii	"D\331\223\231\267\252\262n\0253\3233\177\346F\234\312"
 244      B7AAB26E 
 244      1533D333 
 244      7FE6469C 
 244      CA
 245 006e 3C37BF3C 		.ascii	"<7\277<\347\344\311\223'3oi\004A\270\364O\202\220\215"
 245      E7E4C993 
 245      27336F69 
 245      0441B8F4 
 245      4F82908D 
 246 0082 05A11C09 		.ascii	"\005\241\034\011\302,<*x\367\203`\177\240I\370Gh\373"
 246      C22C3C2A 
 246      78F78360 
 246      7FA049F8 
 246      4768FB
 247 0095 18280409 		.ascii	"\030(\004\011N\217Q\024\004=\224\277\007\362\006Z@\010"
 247      4E8F5114 
 247      043D94BF 
 247      07F2065A 
 247      4008
 248 00a7 70F7A1FC 		.ascii	"p\367\241\374\000\250\023h\015\360\363\201z\241\356"
 248      00A81368 
 248      0DF0F381 
 248      7AA1EE
 249 00b6 09D40EA4 		.ascii	"\011\324\016\244\002\376&\224^P\336\202R\017\345\015"
ARM GAS  /tmp/ccOvkuBK.s 			page 20


 249      02FE2694 
 249      5E50DE82 
 249      520FE50D 
 250 00c6 28D550DE 		.ascii	"(\325P\336\201\322\035\312\353\004\017e\033\224\036"
 250      81D21DCA 
 250      EB040F65 
 250      1B941E
 251 00d5 5022D916 		.ascii	"P\"\331\026\345\363\277\"\223\313\333\360o\200+D\314"
 251      E5F3BF22 
 251      93CBDBF0 
 251      6F802B44 
 251      CC
 252 00e6 06624BBE 		.ascii	"\006bK\276\254\377_\241\334\007\264\0371;\177\006\344"
 252      ACFF5FA1 
 252      DC07B41F 
 252      313B7F06 
 252      E4
 253 00f7 0EEF73A1 		.ascii	"\016\357s\241\314\000Z\016\364\317@\037\001-\001\362"
 253      CC005A0E 
 253      F4CF401F 
 253      012D01F2 
 254 0107 03FA1068 		.ascii	"\003\372\020h)\220?\220\021\010\324Q\177\270\262%_d"
 254      29903F90 
 254      1108D451 
 254      7FB8B225 
 254      5F64
 255 0119 F2785B56 		.ascii	"\362x[V\003.\020\350S\240\006\331/\377%\330}\242\221"
 255      032E10E8 
 255      53A006D9 
 255      2FFF25D8 
 255      7DA291
 256 012c FD417C41 		.ascii	"\375A|A\374@\306N\306m\035s\210\\\036P\350\313\303h"
 256      FC40C64E 
 256      C66D1D73 
 256      885C1E50 
 256      E8CBC368 
 257 0140 2821ABCC 		.ascii	"(!\253\314\320\203\272I\013\232\207\220\214\344\037"
 257      D083BA49 
 257      0B9A8790 
 257      8CE41F
 258 014f C2CF5A1F 		.ascii	"\302\317Z\037\322\316\000\"\26262\224\363Xd,\220(\330"
 258      D2CE0022 
 258      B2363294 
 258      F358642C 
 258      9028D8
 259 0162 B1F61E9C 		.ascii	"\261\366\036\234T\2563\242\217@M\341m\241\226!\301\372"
 259      54AE33A2 
 259      8F404DE1 
 259      6DA19621 
 259      C1FA
 260 0174 DAAA1ED9 		.ascii	"\332\252\036\3310V<'\025\311\235\\Y'\260\330$N\350:"
 260      30563C27 
 260      15C99D5C 
 260      5927B0D8 
 260      244EE83A 
 261 0188 39D2A4EE 		.ascii	"9\322\244\356E\017\000\372;O![\273\011\221\267\351\333"
 261      450F00FA 
ARM GAS  /tmp/ccOvkuBK.s 			page 21


 261      3B4F215B 
 261      BB0991B7 
 261      E9DB
 262 019a 86EF622C 		.ascii	"\206\357b,\322\372\216\234\224\343*\354N\353wF\0062"
 262      D2FA8E9C 
 262      94E32AEC 
 262      4EEB7746 
 262      0632
 263 01ac BD96944B 		.ascii	"\275\226\224K\354\321\376\237\200\316\"l\365\347\315"
 263      ECD1FE9F 
 263      80CE226C 
 263      F5E7CD
 264 01bb E453FB70 		.ascii	"\344S\373p\006F\336z\244\002v\264\245\340\241'\260\013"
 264      0646DE7A 
 264      A40276B4 
 264      A5E0A127 
 264      B00B
 265 01cd F46811B0 		.ascii	"\364h\021\260/\223\037\365\272\263\326\205\300\266\215"
 265      2F931FF5 
 265      BAB3D685 
 265      C0B68D
 266 01dc 5CDB2FB3 		.ascii	"\\\333/\263\363\210\031\333\267\035\320\340UTIwSI\031"
 266      F38819DB 
 266      B71DD0E0 
 266      55544977 
 266      534919
 267 01ef 91F3811E 		.ascii	"\221\363\201\036\221\241x\301\253\223\317\253\246<\330"
 267      91A178C1 
 267      AB93CFAB 
 267      A63CD8
 268 01fe 2B8268DB 		.ascii	"+\202h\3339V\354\206CH]\354\351x\323\345\211\364\276"
 268      3956EC86 
 268      43485DEC 
 268      E978D3E5 
 268      89F4BE
 269 0211 69929428 		.ascii	"i\222\224(\035L\222t\301\002\252B\357\241s\350=\001"
 269      1D4C9274 
 269      C102AA42 
 269      EFA173E8 
 269      3D01
 270 0223 FD807C49 		.ascii	"\375\200|I\237J\264D@\027\340e-\274\374\226\230n\231"
 270      9F4AB444 
 270      4017E065 
 270      2DBCFC96 
 270      986E99
 271 0236 2DF8247F 		.ascii	"-\370$\177L\222\026!\013\322\243:\204)\006\234\365\201"
 271      4C921621 
 271      0BD2A33A 
 271      8429069C 
 271      F581
 272 0248 9E0DA6A4 		.ascii	"\236\015\246\2448\347\260\006g\"\252\243\272\360\321"
 272      38E7B006 
 272      6722AAA3 
 272      BAF0D1
 273 0257 25712E1D 		.ascii	"%q.\035\027\347\3241\\\372~c\212$\211\250\001t\324\333"
 273      17E7D431 
 273      5CFA7E63 
ARM GAS  /tmp/ccOvkuBK.s 			page 22


 273      8A2489A8 
 273      0174D4DB 
 274 026b 75804AA6 		.ascii	"u\200J\246\244\377|W\202\210\353\250\022TP\375c\263"
 274      A4FF7C57 
 274      8288EBA8 
 274      125450FD 
 274      63B3
 275 027d 9A79440B 		.ascii	"\232yD\013\354p\356\245\026\0217\260\266\301{I\371\032"
 275      EC70EEA5 
 275      161137B0 
 275      B6C17B49 
 275      F91A
 276 028f 7C8531D9 		.ascii	"|\2051\331o;$\015\276\311\230\254\341\311C*|\2171\347"
 276      6F3B240D 
 276      BEC998AC 
 276      E1C9432A 
 276      7C8F31E7 
 277 02a3 6A5FF833 		.ascii	"j_\3703\011\357\001w\276{\324\342\316&\240\027\001\337"
 277      09EF0177 
 277      BE7BD4E2 
 277      CE26A017 
 277      01DF
 278 02b5 91F4BADD 		.ascii	"\221\364\272\335\003?\240P]\342\275\211\0065\362\361"
 278      033FA050 
 278      5DE2BD89 
 278      0635F2F1 
 279 02c5 99EFE3E3 		.ascii	"\231\357\343\343\343\353\343s\230\214\314\322S\363a"
 279      E3EBE373 
 279      988CCCD2 
 279      53F361
 280 02d4 D3D81349 		.ascii	"\323\330\023I\332e\240&\267\200\311\255h\276}\250\347"
 280      DA65A026 
 280      B780C9AD 
 280      68BE7DA8 
 280      E7
 281 02e5 E147407E 		.ascii	"\341G@~\360#\260\016\323\377^ Y\2221E_R\242\253\355"
 281      F023B00E 
 281      D3FF5E20 
 281      59923145 
 281      5F52A2AB 
 282 02fa E81CE28F 		.ascii	"\350\034\342\217l \244\022\3205\000\\\245m\004\016>"
 282      6C20A412 
 282      D035005C 
 282      A56D040E 
 282      3E
 283 030b 41B7C185 		.ascii	"A\267\301\205m\310\007\265\003\335\004\272\005t\003"
 283      6DC807B5 
 283      03DD04BA 
 283      057403
 284 031a E80ED075 		.ascii	"\350\016\320u\344C\003\214)\354\344\0246)\0256:\231"
 284      E443038C 
 284      29ECE414 
 284      36291536 
 284      3A99
 285 032c F7891DDD 		.ascii	"\367\211\035\335\254D\033\025\340!N\364e\327\242\253"
 285      AC441B15 
 285      E0214EF4 
ARM GAS  /tmp/ccOvkuBK.s 			page 23


 285      65D7A2AB 
 286 033c C8AF3CB9 		.ascii	"\310\257<\271//x'\300x\010L\220'\326n\346\365&\357\242"
 286      2F2F7827 
 286      C078084C 
 286      9027D66E 
 286      E6F526EF 
 287 0351 24A96929 		.ascii	"$\251i)\025V\343\3321L\030\3037s\272\257\2704\224\241"
 287      1556E3DA 
 287      314C18C3 
 287      3773BAAF 
 287      B83494A1 
 288 0365 6116EBDE 		.ascii	"a\026\353\336%\267j\360\036\2726\305\322\232\256gj4"
 288      25B76AF0 
 288      1EBA36C5 
 288      D29AAE67 
 288      6A34
 289 0377 DFD7A57F 		.ascii	"\337\327\245\177Q\007\270\365\247\270\230\015l\260I"
 289      5107B8F5 
 289      A7B8980D 
 289      6CB049
 290 0386 034B1BDD 		.ascii	"\003K\033\335\203\216w\3551K\206I\365\027\235\2339\350"
 290      838E77ED 
 290      314B8649 
 290      F5179D9B 
 290      39E8
 291 0398 3E5F5698 		.ascii	">_V\2306\247B\341\317j\003YG\256\014\337\304\206t\333"
 291      36A742E1 
 291      CF6A0359 
 291      47AE0CDF 
 291      C48674DB 
 292 03ac AA429DDC 		.ascii	"\252B\235\334\270\005t\037\031d\340\211\236\232\011"
 292      B805741F 
 292      1964E089 
 292      9E9A09
 293 03bb 2F95C8DE 		.ascii	"/\225\310\336\241\315*\362\256p\274\373\251\216E\273"
 293      A1CD2AF2 
 293      AE70BCFB 
 293      A98E45BB 
 294 03cb 2F976EBC 		.ascii	"/\227n\274Y\272\231<4\260K\304\245,\205\355m;\035\244"
 294      59BA993C 
 294      34B04BC4 
 294      A52C85ED 
 294      6D3B1DA4 
 295 03df 87C59BF4 		.ascii	"\207\305\233\364\027-^\350pj6\257\327\003\237d\275\217"
 295      172D5EE8 
 295      706A36AF 
 295      D7039F64 
 295      BD8F
 296 03f1 4FF69C55 		.ascii	"O\366\234U\3433\214\311\312\253\257W\341*\306\024\345"
 296      E3338CC9 
 296      CAABAF57 
 296      E12AC614 
 296      E5
 297 0402 E7A4AAF1 		.ascii	"\347\244\252\361\005\306\224\354\312>\245\307\026\306"
 297      05C694EC 
 297      CA3EA5C7 
 297      16C6
ARM GAS  /tmp/ccOvkuBK.s 			page 24


 298 0410 58D3DB02 		.ascii	"X\323\333\002\226\336.\315\276\266x1\343DbO\351\335"
 298      96DE2ECD 
 298      BEB67831 
 298      E344624F 
 298      E9DD
 299 0422 691DAE67 		.ascii	"i\035\256g\320#\323oFH\272[L\322\035\346\222\335b\226"
 299      D023D36F 
 299      4648BA5B 
 299      4CD21DE6 
 299      92DD6296 
 300 0436 ECEAAE5E 		.ascii	"\354\352\256^\371\326\200\233\330\204\237(\230\231\361"
 300      F9D6809B 
 300      D8849F28 
 300      9899F1
 301 0445 B266A2EC 		.ascii	"\262f\242\354$I\355+\240A\260\3731\031\314\013\030\314"
 301      2449ED2B 
 301      A041B0FB 
 301      3119CC0B 
 301      18CC
 302 0457 62793043 		.ascii	"by0C\360\362)\227\355\026\357I%\231\3509\004\3303\373"
 302      F0F22997 
 302      ED16EF49 
 302      2599E839 
 302      04D833FB 
 303 046b AC2E9613 		.ascii	"\254.\226\023\321\205\234\373\203z|\213\351Hl\335=>"
 303      D1859CFB 
 303      837A7C8B 
 303      E9486CDD 
 303      3D3E
 304 047d A78E9139 		.ascii	"\247\216\2219u\014\227\372_\244\331n\030t\274\264\353"
 304      750C97FA 
 304      5FA4D96E 
 304      1874BCB4 
 304      EB
 305 048e 786ECD76 		.ascii	"xn\315v\211\223\207k\264\270\213*QM\034\253h\367D\220"
 305      8993876B 
 305      B4B88B2A 
 305      514D1CAB 
 305      68F74490 
 306 04a2 7DB8D815 		.ascii	"}\270\330\025\005n\362\307\344\300}\005\012\307!l~t"
 306      056EF2C7 
 306      E4C07D05 
 306      0AC7216C 
 306      7E74
 307 04b4 C8033D35 		.ascii	"\310\003=5\213j\307\006$)\335@\325\215\202:\322\301"
 307      8B6AC706 
 307      2429DD40 
 307      D58D823A 
 307      D2C1
 308 04c6 66A67271 		.ascii	"f\246rq7\177\234/Y\0221\005?q\011\036\344\326\366\273"
 308      377F9C2F 
 308      59123105 
 308      3F71091E 
 308      E4D6F6BB 
 309 04da 1A3D5902 		.ascii	"\032=Y\002c\216K\033\254\276\\\377\354\214\036\262\346"
 309      638E4B1B 
 309      ACBE5CFF 
ARM GAS  /tmp/ccOvkuBK.s 			page 25


 309      EC8C1EB2 
 309      E6
 310 04eb 025F2676 		.ascii	"\002_&v\242\206[\347\003 w\022-\230#\303\200\330\366"
 310      A2865BE7 
 310      03207712 
 310      2D9823C3 
 310      80D8F6
 311 04fe 5ACF046A 		.ascii	"Z\317\004j\005\321\376hn\364.\202\206H\245\213\313\356"
 311      05D1FE68 
 311      6EF42E82 
 311      8648A58B 
 311      CBEE
 312 0510 1182261E 		.ascii	"\021\202&\036\231\002\217L\200G^;,\333\2275\013i>\002"
 312      99028F4C 
 312      80475E3B 
 312      2CDB9735 
 312      0B693E02 
 313 0524 94A3D1A8 		.ascii	"\224\243\321\250\345\374\2563\272\005 4an\241\202\203"
 313      E5FCAE33 
 313      BA052034 
 313      616EA182 
 313      83
 314 0535 44E894DC 		.ascii	"D\350\224\334p\247\302\200{Y\210>\272z2Q\213\007\030"
 314      70A7C280 
 314      7B59883E 
 314      BA7A3251 
 314      8B0718
 315 0548 73A0E5C4 		.ascii	"s\240\345\304U5~\302\230\352\262\023m\"~\311\230\362"
 315      55357EC2 
 315      98EAB213 
 315      6D227EC9 
 315      98F2
 316 055a AA910C84 		.ascii	"\252\221\014\204'\0303\232z\322\214\337\262z\362\376"
 316      2718339A 
 316      7AD28CDF 
 316      B27AF2FE 
 317 056a EC1B220B 		.ascii	"\354\033\"\013\377\017\201\375z\373\276^\225\2741\221"
 317      FF0F81FD 
 317      7AFBBE5E 
 317      95BC3191 
 318 057a E5F05DFB 		.ascii	"\345\360]\373\261j-N\302\004\3531\3252\360\314K\336"
 318      B16A2D4E 
 318      C204EB31 
 318      D532F0CC 
 318      4BDE
 319 058c 98E8D644 		.ascii	"\230\350\326D6\247\344$\311\322h\365u/\370z\026\274"
 319      36A7E424 
 319      C9D268F5 
 319      752FF87A 
 319      16BC
 320 059e B74D749D 		.ascii	"\267Mt\235$\031\274\377\327,\245\022\364\033%\232\317"
 320      2419BCFF 
 320      D72CA512 
 320      F41B259A 
 320      CF
 321 05af C00EB933 		.ascii	"\300\016\2713Q|\017%\210\244\221\340\211\2673E_\224"
 321      517C0F25 
ARM GAS  /tmp/ccOvkuBK.s 			page 26


 321      88A491E0 
 321      89B73345 
 321      5F94
 322 05c1 25FAA064 		.ascii	"%\372\240d\240\235@\351@i@)@\331@\333\2012\200v\000"
 322      A09D40E9 
 322      40694029 
 322      40D940DB 
 322      81328076 
 323 05d6 A58AD618 		.ascii	"\245\212\326\030%\026L\177l\267 ITX\320\315\357U\004"
 323      25164C7F 
 323      6CB72049 
 323      5458D0CD 
 323      EF5504
 324 05e9 DDC9D93B 		.ascii	"\335\311\331;\343\332^\016\335\317\311\356W\242\317"
 324      E3DA5E0E 
 324      DDCFC9EE 
 324      57A2CF
 325 05f8 23A533DA 		.ascii	"#\2453\3328\341o\225\360F'\370\020'\275O\011\177`\267"
 325      38E16F95 
 325      F04627F8 
 325      1027BD4F 
 325      097F60B7 
 326 060c 458EBC6A 		.ascii	"E\216\274j\266\023\002\312q'$\242\336Us\263&)\275`T"
 326      B61302CA 
 326      712724A2 
 326      DE5573B3 
 326      2629BD60 
 327 0621 0C6B8C53 		.ascii	"\014k\214S\334\343Z1og37\254w\256\207e\025\016\013\357"
 327      DCE35A31 
 327      6F673337 
 327      AC77AE87 
 327      65150E0B 
 328 0636 41AD9EC1 		.ascii	"A\255\236\301\247!\346\037\272v\232\237\274\313ZZ&\317"
 328      A721E61F 
 328      BA769A9F 
 328      BCCB5A5A 
 328      26CF
 329 0648 A8712A0D 		.ascii	"\250q*\015I\261\266&i9\362\235\317F\333x\201n\217\271"
 329      49B1B626 
 329      6939F29D 
 329      CF46DB78 
 329      816E8FB9 
 330 065c D03747B4 		.ascii	"\3207G\264%92\3669B\011\355\202\010\372[\242\011\314"
 330      253932F6 
 330      394209ED 
 330      8208FA5B 
 330      A209CC
 331 066f 397AEDCD 		.ascii	"9z\355\315\200\236\337(sE~\243\314\023\015\262!d\277"
 331      809EDF28 
 331      73457EA3 
 331      CC130DB2 
 331      2164BF
 332 0682 38D455E9 		.ascii	"8\324U\351A\367J\362\272\013\321\315\362z}\355Y\317"
 332      41F74AF2 
 332      BA0BD1CD 
 332      F27A7DED 
 332      59CF
ARM GAS  /tmp/ccOvkuBK.s 			page 27


 333 0694 855F53FB 		.ascii	"\205_S\373\222\244y\"\372\375\317l\371O@_\213\013\341"
 333      92A47922 
 333      FAFDCF6C 
 333      F94F405F 
 333      8B0BE1
 334 06a7 77B7A862 		.ascii	"w\267\250b\022v^N\357\360x\377\240d\261H\226\307C\313"
 334      12765E4E 
 334      EFF078FF 
 334      A064B148 
 334      96C743CB 
 335 06bb EF366C93 		.ascii	"\3576l\223Z\241\343\247\024\210*\354\251\275\202\034"
 335      5AA1E3A7 
 335      14882AEC 
 335      A9BD821C 
 336 06cb FED119F0 		.ascii	"\376\321\031\360?\372\036\346K@{\304\367\241\177iy\376"
 336      3FFA1EE6 
 336      4B407BC4 
 336      F7A17F69 
 336      79FE
 337 06dd 231D6EA2 		.ascii	"#\035n\242\316\263\235B\275\345S\350\251\232\344\027"
 337      CEB39D42 
 337      BDE553E8 
 337      A99AE417 
 338 06ed F23E6D21 		.ascii	"\362>m!|F\312\316\355n\270\235\201\307\217}w@\313\032"
 338      7C46CACE 
 338      ED6EB89D 
 338      81C78F7D 
 338      7740CB1A 
 339 0701 8F91C6A7 		.ascii	"\217\221\306\247o\033\237\251q7k,o\271\334%\337/\322"
 339      6F1B9FA9 
 339      71376B2C 
 339      6FB9DC25 
 339      DF2FD2
 340 0714 48E3ADD7 		.ascii	"H\343\255\327\255\251z<\300\032g\237v\024\311\247\201"
 340      ADA97A3C 
 340      C01A679F 
 340      7614C9A7 
 340      81
 341 0725 117A83A9 		.ascii	"\021z\203\251\310-\362\302\317X\343\255\301C\311\006"
 341      C82DF2C2 
 341      CF58E3AD 
 341      C143C906 
 342 0735 D6D84AAF 		.ascii	"\326\330J\2574;\277?\255\307c\254\361\330\340\276\035"
 342      343BBF3F 
 342      ADC763AC 
 342      F1D8E0BE 
 342      1D
 343 0746 72E3BF00 		.ascii	"r\343\277\000[\321r\356\201\032O\261\266\256\261\366"
 343      5BD172EE 
 343      811A4FB1 
 343      B6AEB1F6 
 344 0756 54772CA9 		.ascii	"Tw,\251(sr&\357\250\006\2472\246\271k\262\317\215\365"
 344      28737226 
 344      EFA806A7 
 344      32A6B96B 
 344      B2CF8DF5 
 345 076a 9A21C60C 		.ascii	"\232!\306\014e\315v\031\344\234Fn,\251-\257\216\212"
ARM GAS  /tmp/ccOvkuBK.s 			page 28


 345      65CD7619 
 345      E49C466E 
 345      2CA92DAF 
 345      8E8A
 346 077c 780705BB 		.ascii	"x\007\005\273g\026$\376\206Oil;\350\251Y\332<\226LO"
 346      671624FE 
 346      864F696C 
 346      3BE8A959 
 346      DA3C964C 
 347 0791 DBE4B0F5 		.ascii	"\333\344\260\365-D\323q\230V\333i\312q\031\223\036\375"
 347      2D44D371 
 347      9856DB69 
 347      CA711993 
 347      1EFD
 348 07a3 21093480 		.ascii	"!\0114\200\011\374\033%\374\2008GN+\201@<F\033\217\313"
 348      09FC1B25 
 348      FC803847 
 348      4E2B8140 
 348      3C461B8F 
 349 07b8 51F83D44 		.ascii	"Q\370=D\341\031\210\2602\240\012\240\023@\247\201\312"
 349      E11988B0 
 349      32A00AA0 
 349      1340A781 
 349      CA
 350 07c9 814E017D 		.ascii	"\201N\001}\007t\322"
 350      0774D2
 351 07d0 96CBA8E6 		.ascii	"\226\313\250\346\317\355\232\213\224\232\017\213JC\353"
 351      CFED9A8B 
 351      949A0F8B 
 351      4A43EB
 352 07df BFB0C34B 		.ascii	"\277\260\303K\225\360|Q\261/\326\257\261\243\367+\321"
 352      95F07C51 
 352      B12FD6AF 
 352      B1A3F72B 
 352      D1
 353 07f0 FB9CD09C 		.ascii	"\373\234\320\234\023\016)\321\007\225\350~Nv\241\022"
 353      130E29D1 
 353      0795E87E 
 353      4E76A112 
 354 0800 5DC0192E 		.ascii	"]\300\031.\347\262+,\227\035W\3462\272\364\233\275s"
 354      E7B22B2C 
 354      971D57E6 
 354      32BAF49B 
 354      BD73
 355 0812 2592CB88 		.ascii	"%\222\313\210\260\243Ja\312\335\276\236s\331\021%\270"
 355      B0A34A61 
 355      CADDBE9E 
 355      73D91125 
 355      B8
 356 0823 58E4B3CD 		.ascii	"X\344\263\315\017S\317S\274\360n\032,b^\365\370\230"
 356      0F53CF53 
 356      BCF06E1A 
 356      2C625EF5 
 356      F898
 357 0835 9B2DDDB4 		.ascii	"\233-\335\264\337\240\351\346\034t>kO7\307\235\323\215"
 357      DFA0E9E6 
 357      1C743E6B 
ARM GAS  /tmp/ccOvkuBK.s 			page 29


 357      4F37C79D 
 357      D38D
 358 0847 75965125 		.ascii	"u\226Q%L\356_3\321`Gm\371h\227\301\361l\357J\254\360"
 358      4CEE5F33 
 358      D160476D 
 358      F96897C1 
 358      F16CEF4A 
 359 085d 5364368C 		.ascii	"Sd6\2144\235\323\362\251\253\312!u\235\027\255g\374"
 359      349DD3F2 
 359      A9ABCA21 
 359      759D17AD 
 359      67FC
 360 086f EF333BB6 		.ascii	"\3573;\266\251i\336\202w\362\031\377\207\274\221B\335"
 360      A969DE82 
 360      77F219FF 
 360      87BC9142 
 360      DD
 361 0880 9C69AB86 		.ascii	"\234i\253\206\246\255jk\332\032\357~\375@\017i\353 "
 361      A6AD6A6B 
 361      DA1AEF7E 
 361      FD400F69 
 361      EB20
 362 0892 4D5B8B0A 		.ascii	"M[\213\012\257\331\322\026\000\321^\273\367\240\352"
 362      AFD9D216 
 362      00D15EBB 
 362      F7A0EA
 363 08a1 98B66A69 		.ascii	"\230\266ji\332zq$)\327\013\177\303\326wiK\311\214\012"
 363      DA7A7124 
 363      29D70B7F 
 363      C3D67769 
 363      4BC98C0A 
 364 08b5 57B02999 		.ascii	"W\260)\231\270\370\270H;\3477\006q\256\373?,\360{\267"
 364      B8F8B848 
 364      3BE73706 
 364      71AEFB3F 
 364      2CF07BB7 
 365 08c9 E9370651 		.ascii	"\3517\006Q\217\352\354\372\033\254'\342\312\246\272"
 365      8FEAECFA 
 365      1BAC27E2 
 365      CAA6BA
 366 08d8 343D1D32 		.ascii	"4=\0352A\260!'_\234\310\361\300\027\230\342\301\251"
 366      41B02127 
 366      5F9CC8F1 
 366      C01798E2 
 366      C1A9
 367 08ea E433EE73 		.ascii	"\3443\356s)\2764\247\342\351\265$f.\202\314\006\027"
 367      29BE34A7 
 367      E2E9B524 
 367      662E82CC 
 367      0617
 368 08fc 5A67F377 		.ascii	"Zg\363w\024i\250V\202\250\027\251\332\312\355{\037{"
 368      1469A856 
 368      82A817A9 
 368      DACAED7B 
 368      1F7B
 369 090e E0AB4C6D 		.ascii	"\340\253Lm\301\345\003\007u\310\327\300\244]\357\234"
 369      C1E50307 
ARM GAS  /tmp/ccOvkuBK.s 			page 30


 369      75C8D7C0 
 369      A45DEF9C 
 370 091e 478E8DE8 		.ascii	"G\216\215\350\012L\313e\273\274<:ss\354I\250\011\214"
 370      0A4CCB65 
 370      BBBC3C3A 
 370      7373EC49 
 370      A8098C
 371 0931 73D896AE 		.ascii	"s\330\226\256>j\274\252\243Z\211\234F\246\365v\351\217"
 371      3E6ABCAA 
 371      A35A899C 
 371      46A6F576 
 371      E98F
 372 0943 9FCC39BD 		.ascii	"\237\3149\275W\351\3646[\247\267\250\276\346\204\301"
 372      57E9F436 
 372      5BA7B7A8 
 372      BEE684C1 
 373 0953 36BDBF2E 		.ascii	"6\275\277.\263O/\000\321\005\273a\027\224\323{\215N"
 373      B34F2F00 
 373      D105BB61 
 373      1794D37B 
 373      8D4E
 374 0965 6F776DD5 		.ascii	"owm\3256O\275\354\311\264?{\013D-\242\036z\235\035\274"
 374      364FBDEC 
 374      C9B43F7B 
 374      0B442DA2 
 374      1E7A9D1D 
 375 097a D2A86779 		.ascii	"\322\250gy^\"y\336\322\230\371\002\341v\026$i}\251\267"
 375      5E2279DE 
 375      D298F902 
 375      E1761624 
 375      697DA9B7 
 376 098e E4C649EA 		.ascii	"\344\306I\352\304\227e\225\036l\023\260PO\327\277\276"
 376      C4976595 
 376      1E6C13B0 
 376      504FD7BF 
 376      BE
 377 099f E781BB18 		.ascii	"\347\201\273\0308gd,WC\364K\262\277\240\227}\035\334"
 377      3867642C 
 377      5743F44B 
 377      B2BFA097 
 377      7D1DDC
 378 09b2 12617620 		.ascii	"\022av \207\240\245\364\002ZYQ4\254\365\316\226\027"
 378      87A0A5F4 
 378      025A5951 
 378      34ACF5CE 
 378      9617
 379 09c4 F8A72A7A 		.ascii	"\370\247*z\301\270\011k\221\235jn\213\336\326>\004\275"
 379      C1B8096B 
 379      919D6A6E 
 379      8BDED63E 
 379      04BD
 380 09d6 A7AA7FC4 		.ascii	"\247\252\177\304\023\017\312z\032^\215\273\343!\306"
 380      130FCA7A 
 380      1A5E8DBB 
 380      E321C6
 381 09e5 741DCE3B 		.ascii	"t\035\316;\242b\026>!\374\376\231\231d\025\036f\215"
 381      A262163E 
ARM GAS  /tmp/ccOvkuBK.s 			page 31


 381      21FCFE99 
 381      9964151E 
 381      668D
 382 09f7 89D51D39 		.ascii	"\211\325\0359\362\255\264\227^Z\023s\2135x\2125\276"
 382      F2ADB497 
 382      5E5A1373 
 382      8B35788A 
 382      35BE
 383 0a09 79797444 		.ascii	"yytD\203\223\324\224\251\354\333]'\357\256\367\350\242"
 383      8393D494 
 383      A9ECDB5D 
 383      27EFAEF7 
 383      E8A2
 384 0a1b 1EDF376A 		.ascii	"\036\3377j\300Y\2541\245\370v\246\033\336\303\230\361"
 384      C059AC31 
 384      A5F876A6 
 384      1BDEC398 
 384      F1
 385 0a2c FB598D06 		.ascii	"\373Y\215\006|\2101\027\233\036\336\322\3422\306d\\"
 385      7C883117 
 385      9B1EDED2 
 385      E232C664 
 385      5C
 386 0a3d AA6894B7 		.ascii	"\252h\224\267\357&\302'<9\225\212q\205\254@\366\234"
 386      EF26C227 
 386      3C39958A 
 386      7185AC40 
 386      F69C
 387 0a4f B7ECB9D1 		.ascii	"\267\354\271\321\326\206t\035\256c\215-\333w\355\026"
 387      D686741D 
 387      AE638D2D 
 387      DB77ED16 
 388 0a5f F165C6CC 		.ascii	"\361e\306\314\026\216\3547\340\033\214\251)J)\321\342"
 388      168EEC37 
 388      E01B8CA9 
 388      294A29D1 
 388      E2
 389 0a70 0EC65457 		.ascii	"\016\306TW\3264\312\037\320\226\222\205t=\253\313\200"
 389      D634CA1F 
 389      D0969285 
 389      743DABCB 
 389      80
 390 0a81 FB58DB89 		.ascii	"\373X\333\211'\251\0267\374T\356\3252U\356\211Ge\346"
 390      27A91637 
 390      FC54EED5 
 390      3255EE89 
 390      4765E6
 391 0a94 7E8511BF 		.ascii	"~\205\021\277a\365CO\252 \003$k(\323\327\3758\335\023"
 391      61F5434F 
 391      AA200324 
 391      6B28D3D7 
 391      FD38DD13 
 392 0aa8 6731665B 		.ascii	"g1f[\335\356Z\035\336\303\230\213\275\017\020>\310\352"
 392      DDEE5A1D 
 392      DEC3988B 
 392      BD0F103E 
 392      C8EA
ARM GAS  /tmp/ccOvkuBK.s 			page 32


 393 0aba CFD22D1D 		.ascii	"\317\322-\035\".aLIUV\237\032\177\307\230\207\225\311"
 393      222E614C 
 393      4955569F 
 393      1A7FC798 
 393      8795C9
 394 0acd 132A7C96 		.ascii	"\023*|\2261e3\007Zu\270\2321\255\347{\037y\342\006\306"
 394      31653307 
 394      5A75B89A 
 394      31ADE77B 
 394      1F79E206 
 395 0ae2 941FEB1E 		.ascii	"\224\037\353\036t\223c\206|\367+>\327\013\307\377F\332"
 395      74936386 
 395      7CF72B3E 
 395      D70BC7FF 
 395      46DA
 396 0af4 B8E8ECAB 		.ascii	"\270\350\354\253\2742\015\362qz\270\313\221\355~t\243"
 396      BC320DF2 
 396      717AB8CB 
 396      91ED7E74 
 396      A3
 397 0b05 13D79E2E 		.ascii	"\023\327\236.\276\231 \025/\244\007\342\007\260\"\322"
 397      BE992015 
 397      2FA407E2 
 397      07B022D2 
 398 0b15 31B724BB 		.ascii	"1\267$\273\034\366F\270\275\326\247c\373g\247\227J\270"
 398      1CF646B8 
 398      BDD6A763 
 398      FB67A797 
 398      4AB8
 399 0b27 F32D6268 		.ascii	"\363-bh;\266\237\267G\225x\247;J\033\017\377Q\0117*"
 399      3BB69FB7 
 399      479578A7 
 399      3B4A1B0F 
 399      FF510937 
 400 0b3c CF0CCD99 		.ascii	"\317\014\315\231\230m\230\020\334\350\236\014\267\206"
 400      986D9810 
 400      DCE89E0C 
 400      B786
 401 0b4a 3CBA2B2A 		.ascii	"<\272+*\245\247s\322\237+\245\273\270+dp\370\001%\376"
 401      A5A773D2 
 401      9F2BA5BB 
 401      B82B6470 
 401      F80125FE 
 402 0b5e A1E884E7 		.ascii	"\241\350\204\347\345\277p-\237\333\355\33328\353\373"
 402      E5BF702D 
 402      9FDBEDDB 
 402      3238EBFB 
 403 0b6e 95D6F739 		.ascii	"\225\326\3679\035K\370\301\266)\341\255\312\3016\363"
 403      1D4BF8C1 
 403      B629E1AD 
 403      CAC136F3 
 404 0b7e AE7CE5D2 		.ascii	"\256|\345\322\225\374gO~^\007\225\350b\247\323Zg:g\314"
 404      95FC674F 
 404      7E5E0795 
 404      E862A7D3 
 404      5A673A67 
 405 0b93 33A5314E 		.ascii	"3\2451N7\325~\336\2301\245x\347\333\3444\217\037v\035"
ARM GAS  /tmp/ccOvkuBK.s 			page 33


 405      37D57EDE 
 405      9831A578 
 405      E7DBE434 
 405      8F1F761D 
 406 0ba7 669CF821 		.ascii	"f\234\370!\336\361O\225\360'N\0235\306\343\037\273\036"
 406      DEF14F95 
 406      F0274E13 
 406      35C6E31F 
 406      BB1E
 407 0bb9 2D1F3799 		.ascii	"-\0377\231\034\274]\011\347\316\217\016\247\253\011"
 407      1CBC5D09 
 407      E7CE8F0E 
 407      A7AB09
 408 0bc8 F0063B60 		.ascii	"\360\006;`\02389Zec_\224\210}\320\033r[\2032\005h\032"
 408      1338395A 
 408      65635F94 
 408      887DD01B 
 408      725B8332 
 409 0bdf EA99506E 		.ascii	"\352\231Pn\003\232\202\372,\320[r\333\003>\027(\025"
 409      039A82FA 
 409      2CD05B72 
 409      DB033E17 
 409      2815
 410 0bf1 280D2809 		.ascii	"(\015(\011(\017\350\035\264IPf\000}\0154\011|\026\224"
 410      280FE81D 
 410      B4495066 
 410      007D0D34 
 410      097C1694 
 411 0c05 3B817280 		.ascii	";\201r\200f\310\215\020\312=@\011@\273\201va\376\033"
 411      66C88D10 
 411      CA3D4009 
 411      40BB8176 
 411      61FE1B
 412 0c18 43271FD5 		.ascii	"C'\037\325\275\312\321\034V\016~\214\237\212\021\327"
 412      BDCAD11C 
 412      560E7E8C 
 412      9F8A11D7 
 413 0c28 2B98FF2E 		.ascii	"+\230\377.=\226\301ER\267\353\204\302\317E'/\177\334"
 413      3D96C145 
 413      52B7EB84 
 413      C2CF4527 
 413      2F7FDC
 414 0c3b 756870E6 		.ascii	"uhp\346L\363\326\337W\302;\354\326\313\237\345\322p"
 414      4CF3D6DF 
 414      57C23BEC 
 414      D6CB9FE5 
 414      D270
 415 0c4d BE24CD23 		.ascii	"\276$\315#(\347\017\015\215\231\270\344\214$m\327Pa"
 415      28E70F0D 
 415      8D99B8E4 
 415      8C246DD7 
 415      5061
 416 0c5f 9DAE8539 		.ascii	"\235\256\2059\304\015\037\010\257\225\370\353N\370~"
 416      C40D1F08 
 416      AF95F8EB 
 416      4EF87E
 417 0c6e 3ECE865C 		.ascii	">\316\206\\\307%7\266z~l\217\\\347\033>\352ykn\270\266"
ARM GAS  /tmp/ccOvkuBK.s 			page 34


 417      C72537B6 
 417      7A7E6C8F 
 417      5CE71B3E 
 417      EA796B6E 
 418 0c84 865F83BC 		.ascii	"\206_\203\274\364\036\327\363\35601\274\370;\256\243"
 418      F41ED7F3 
 418      EE3031BC 
 418      F83BAEA3 
 419 0c94 DEF617C3 		.ascii	"\336\366\027\303\253\362\362nw\234\342F\317\202}\257"
 419      ABF2F26E 
 419      779CE246 
 419      CF827DAF 
 420 0ca4 AB0A45E5 		.ascii	"\253\012E\345_\014\326\345\200\012`\025\374\275\254"
 420      5F0CD6E5 
 420      800A6015 
 420      FCBDAC
 421 0cb3 08F9FB4C 		.ascii	"\010\371\373L\026\246\247\325|\260j/\266\035\012I\314"
 421      16A6A7D5 
 421      7CB06A2F 
 421      B61D0A49 
 421      CC
 422 0cc4 B0CF23ED 		.ascii	"\260\317#\355\327\332\335\370\373H>\346\357#\205\230"
 422      D7DADDF8 
 422      FB483EE6 
 422      EF238598 
 423 0cd4 DE474849 		.ascii	"\336GHI\316\247\217\023\257\350\\\377\331!\374\345\377"
 423      CEA78F13 
 423      AFE85CFF 
 423      D921FCE5 
 423      FF
 424 0ce5 74A07D78 		.ascii	"t\240}x>\271\314\354\030\313\322\361\232\311\327\024"
 424      3EB9CCEC 
 424      18CBD2F1 
 424      9AC9D714 
 425 0cf5 BBE6FDB2 		.ascii	"\273\346\375\262\346\375T\3637Y\247\367\032~~\210\016"
 425      E6FD54F3 
 425      3759A7F7 
 425      1A7E7E88 
 425      0E
 426 0d06 092E33E7 		.ascii	"\011.3\347\023\245Dr<\246\207Y&\364\000\376\271\240"
 426      13A54472 
 426      3CA68759 
 426      26F400FE 
 426      B9A0
 427 0d18 8DDE1C6D 		.ascii	"\215\336\034m\376*6:\306\177\311\022c\300\206\350?D"
 427      FE2A363A 
 427      C67FC912 
 427      63C086E8 
 427      3F44
 428 0d2a AF0D33C6 		.ascii	"\257\0153\306\304\0337Dl4\306\306\304\231\343\215a_"
 428      C41B3744 
 428      6C34C6C6 
 428      C499E38D 
 428      615F
 429 0d3c AE59E66F 		.ascii	"\256Y\346o\014\011\0114\256\012]\275\366\177\374\215"
 429      0C090934 
 429      AE0A5DBD 
ARM GAS  /tmp/ccOvkuBK.s 			page 35


 429      F67FFC8D 
 430 0d4c B1111BC3 		.ascii	"\261\021\033\3037n\214\\\262N\273\352\213\337.\012\360"
 430      376E8C5C 
 430      B24EBBEA 
 430      8BDF2E0A 
 430      F0
 431 0d5d F3135411 		.ascii	"\363\023T\021\353\3436\352\303\303\267Do6/\363\0177"
 431      EBE336EA 
 431      C3C3B744 
 431      6F362FF3 
 431      0F37
 432 0d6f 2F376E89 		.ascii	"/7n\211\2173F\304m\372\345\346\230\315Q\277\214\212"
 432      8F3346C4 
 432      6DFAE5E6 
 432      98CD51BF 
 432      8C8A
 433 0d81 F843B431 		.ascii	"\370C\2641z\363\272\215[\"\243\214\233\"\326m\210\336"
 433      7AF3BA8D 
 433      5B22A38C 
 433      9B22D66D 
 433      88DE
 434 0d93 1C650C8F 		.ascii	"\034e\014\217\214Z\037\261e\2439\334\374\307\330\250"
 434      8C5A1FB1 
 434      65A339DC 
 434      FCC7D8A8 
 435 0da3 F8251B04 		.ascii	"\370%\033\004\255\265\367/\376D\357\370?\306\033\303"
 435      ADB5F72F 
 435      FE44EFF8 
 435      3FC61BC3 
 436 0db3 E3CD9100 		.ascii	"\343\315\221\000\205.8&2N\035\273%62\316-&>6**2N\023"
 436      852E3826 
 436      324E1DBB 
 436      253632CE 
 436      2D263E36 
 437 0dcc 43C4C5A9 		.ascii	"C\304\305\2517\305DF\305\021\2636,\373\311\343\332 "
 437      37C54446 
 437      C511B336 
 437      2CFBC9E3 
 437      DA20
 438 0dde 78C79B37 		.ascii	"x\307\2337\201%\304-\341\361Q\346-\261\341f\325\212"
 438      8125C42D 
 438      E1F151E6 
 438      2DB1E166 
 438      D58A
 439 0df0 CF4CC1E4 		.ascii	"\317L\301\344'D\025\022\360\271I\2652\314dB\377\211"
 439      27441512 
 439      F0B949B5 
 439      32CC6442 
 439      FF89
 440 0e02 82D5EB36 		.ascii	"\202\325\3536FE\304\311c\367\373U\270Yk\255`\350\211"
 440      4645C4C9 
 440      63F7FB55 
 440      B8596BAD 
 440      60E889
 441 0e15 D7069AF0 		.ascii	"\327\006\232\360\352@\223:\364\267\241\201&\267\265"
 441      EA40933A 
 441      F4B7A181 
ARM GAS  /tmp/ccOvkuBK.s 			page 36


 441      26B7B5
 442 0e24 61A14141 		.ascii	"a\241AA\201&\315\332/\177\027\032dR\257Y\033\030d\302"
 442      8126CDDA 
 442      2F7F171A 
 442      6452AF59 
 442      1B1864C2 
 443 0e38 2B4D2603 		.ascii	"+M&\003\247\317\374\323\015^'x\204\313\365p2\235\232"
 443      A7CFFCD3 
 443      0D5E2778 
 443      84CBF570 
 443      329D9A
 444 0e4b D0E0C008 		.ascii	"\320\340\300\010s\204&t\025+>cE\020+\002Y\021\300\212"
 444      73842674 
 444      152B3E63 
 444      45102B02 
 444      5911C08A 
 445 0e5f 95AC58C1 		.ascii	"\225\254X\301\212\325\244\320\205\256\010\011\210\331"
 445      8AD5A4D0 
 445      85AE0809 
 445      88D9
 446 0e6d BC3EFAAB 		.ascii	"\274>\372\253\177\260\211\205\261|\025\027\263%\226"
 446      7FB08985 
 446      B17C1517 
 446      B32596
 447 0e7c F8551B1D 		.ascii	"\370U\033\035C\212p\263!:\206X\266)\"\376\277\303\315"
 447      438A70B3 
 447      213A8658 
 447      B62922FE 
 447      BFC3CD
 448 0e8f 7AC64447 		.ascii	"z\306DG\206\233\325aa\001\253L:SPX\220\351?\202\002"
 448      869BD561 
 448      6101AB4C 
 448      3A535058 
 448      90E93F82 
 449 0ea4 7F8503C2 		.ascii	"\177\205\003\302\300a\201\001\366W\037\351V\204\256"
 449      C0618101 
 449      F6571FE9 
 449      5684AE
 450 0eb3 F40F090D 		.ascii	"\364\017\011\015\372\302Dj~\254fm]\256[\021\274r\231"
 450      FAC2446A 
 450      7EAC666D 
 450      5DAE5B11 
 450      BC7299
 451 0ec6 DC1A6CC3 		.ascii	"\334\032l\303\005+q\313\334\210\024xCJ?\276\305\337"
 451      052B71CB 
 451      DC881478 
 451      434A3FBE 
 451      C5DF
 452 0ed8 8D48A02D 		.ascii	"\215H\240-\3012\"\330\021\341\247%}Ma_\232H\305\217"
 452      C13222D8 
 452      11E1A725 
 452      7D4D615F 
 452      9A48C58F 
 453 0eec 546C6D4B 		.ascii	"TlmK\265\2447k\013\266\202\202\031\010\007\2546\251"
 453      B5A4376B 
 453      0BB68282 
 453      190807AC 
ARM GAS  /tmp/ccOvkuBK.s 			page 37


 453      36A9
 454 0efe 023E5B65 		.ascii	"\002>[er\013\015\011!\245\030`\322Cu\265\177\030\341"
 454      720B0D09 
 454      21A51860 
 454      D24375B5 
 454      7F18E1
 455 0f11 149317B5 		.ascii	"\024\223\027\265\325l\014X\023\266:\014&\217\315\337"
 455      D56C0C58 
 455      13B63A0C 
 455      268FCDDF 
 456 0f21 67CBB76E 		.ascii	"g\313\267n5\322\351^\277|\351G[\267B\264\271\233\002"
 456      35D2E95E 
 456      BF7CE947 
 456      5BB742B4 
 456      B99B02
 457 0f34 02C2BF84 		.ascii	"\002\302\277\204\260\015\214Z\377\377\317\352\243\222"
 457      B00D8C5A 
 457      FFFFCFEA 
 457      A392
 458              		.text
 459              		.section	.gnu.lto_.symtab.fc7ef4fc543edc76,"",%progbits
 460 0000 5F70616C 		.ascii	"_pal_lld_init\000"
 460      5F6C6C64 
 460      5F696E69 
 460      7400
 461 000e 00       		.ascii	"\000"
 462 000f 00       		.ascii	"\000"
 463 0010 00       		.ascii	"\000"
 464 0011 00000000 		.ascii	"\000\000\000\000\000\000\000\000"
 464      00000000 
 465 0019 3D010000 		.ascii	"=\001\000\000"
 466 001d 5F70616C 		.ascii	"_pal_lld_setgroupmode\000"
 466      5F6C6C64 
 466      5F736574 
 466      67726F75 
 466      706D6F64 
 467 0033 00       		.ascii	"\000"
 468 0034 00       		.ascii	"\000"
 469 0035 00       		.ascii	"\000"
 470 0036 00000000 		.ascii	"\000\000\000\000\000\000\000\000"
 470      00000000 
 471 003e 4C010000 		.ascii	"L\001\000\000"
 472              		.text
 473              		.section	.gnu.lto_.opts,"",%progbits
 474 0000 272D666D 		.ascii	"'-fmath-errno' '-fsigned-zeros' '-ftrapping-math' '"
 474      6174682D 
 474      6572726E 
 474      6F272027 
 474      2D667369 
 475 0033 2D666E6F 		.ascii	"-fno-trapv' '-fno-strict-overflow' '-fno-openmp' '-"
 475      2D747261 
 475      70762720 
 475      272D666E 
 475      6F2D7374 
 476 0066 666E6F2D 		.ascii	"fno-openacc' '-mcpu=cortex-m4' '-mfloat-abi=hard' '"
 476      6F70656E 
 476      61636327 
ARM GAS  /tmp/ccOvkuBK.s 			page 38


 476      20272D6D 
 476      6370753D 
 477 0099 2D6D6670 		.ascii	"-mfpu=fpv4-sp-d16' '-mno-thumb-interwork' '-mthumb'"
 477      753D6670 
 477      76342D73 
 477      702D6431 
 477      36272027 
 478 00cc 20272D4F 		.ascii	" '-O0' '-Werror' '-fomit-frame-pointer' '-falign-fu"
 478      30272027 
 478      2D576572 
 478      726F7227 
 478      20272D66 
 479 00ff 6E637469 		.ascii	"nctions=16' '-ffunction-sections' '-fdata-sections'"
 479      6F6E733D 
 479      31362720 
 479      272D6666 
 479      756E6374 
 480 0132 20272D66 		.ascii	" '-fno-common' '-flto' '-fsingle-precision-constant"
 480      6E6F2D63 
 480      6F6D6D6F 
 480      6E272027 
 480      2D666C74 
 481 0165 2700     		.ascii	"'\000"
 482              		.text
 483              		.comm	__gnu_lto_v1,1,1
 484              		.comm	__gnu_lto_slim,1,1
 485              		.ident	"GCC: (GNU Tools for Arm Embedded Processors 7-2017-q4-major) 7.2.1 20170904 (release) [ARM
ARM GAS  /tmp/ccOvkuBK.s 			page 39


DEFINED SYMBOLS
                            *ABS*:0000000000000000 pal_lld.c
                            *COM*:0000000000000001 __gnu_lto_v1
                            *COM*:0000000000000001 __gnu_lto_slim

NO UNDEFINED SYMBOLS
