ARM GAS  /tmp/cchAKi0r.s 			page 1


   1              		.cpu cortex-m4
   2              		.eabi_attribute 27, 1
   3              		.eabi_attribute 28, 1
   4              		.eabi_attribute 20, 1
   5              		.eabi_attribute 21, 1
   6              		.eabi_attribute 23, 3
   7              		.eabi_attribute 24, 1
   8              		.eabi_attribute 25, 1
   9              		.eabi_attribute 26, 1
  10              		.eabi_attribute 30, 6
  11              		.eabi_attribute 34, 1
  12              		.eabi_attribute 18, 4
  13              		.file	"st.c"
  14              		.section	.gnu.lto_.inline.89807cbb208b73cf,"",%progbits
  15 0000 789C6D8D 		.ascii	"x\234m\215\315\021@0\020F\237deB\322\203\023G%(AmJP"
  15      CD114030 
  15      10469F64 
  15      6542D283 
  15      13472528 
  16 0018 8A921C14 		.ascii	"\212\222\034\024`\231\021L\262\227\235}\373\3758\340"
  16      6099114C 
  16      B2979D7D 
  16      FBFD38E0 
  17 0028 E09D165C 		.ascii	"\340\235\026\\\015\306/3\202\271P\205X%\262\217\017"
  17      0DC62F33 
  17      82B95085 
  17      5825B28F 
  17      0F
  18 0039 3119B119 		.ascii	"1\031\261\031\221,\247F\242\022\263v)Y\333p\204^\261"
  18      912CA746 
  18      A212B376 
  18      2959DB70 
  18      845EB1
  19 004c DBA6141F 		.ascii	"\333\246\024\037\364\265\314\367\272\017|\331\332\020"
  19      F4B5CCF7 
  19      BA0F7CD9 
  19      DA10
  20 005a 877F476E 		.ascii	"\207\177Gn\015E\015\037\005'\315\322\0165"
  20      0D450D1F 
  20      0527CDD2 
  20      0E35
  21              		.text
  22              		.section	.gnu.lto_st_lld_start_alarm.89807cbb208b73cf,"",%progbits
  23 0000 789C8D91 		.ascii	"x\234\215\221\317k\023A\024\307\337w\336n\026\003\325"
  23      CF6B1341 
  23      14C7DF77 
  23      DE6E1603 
  23      D5
  24 0011 93B71C7A 		.ascii	"\223\267\034z\020J=d\210z\350]/J\213\207\366.\212B\002"
  24      104A3D64 
  24      887AE85D 
  24      2F4A8B87 
  24      F62E8A42 
  25 0026 918A091E 		.ascii	"\221\212\011\036\3554T\332j\217\246BXt/\326\212\226"
  25      ED3454DA 
  25      6A8FA642 
  25      58742FD6 
ARM GAS  /tmp/cchAKi0r.s 			page 2


  25      8A96
  26 0038 FA3BB64D 		.ascii	"\372;\266Mu]E*X\177\035\374\003\024\177\320CQ\011J\251"
  26      755D452A 
  26      587F1DFC 
  26      03147FD0 
  26      4351094A 
  27 004d 56DF4C08 		.ascii	"V\337L\010x\260\340\203\235\331\267\357\373\336\347"
  27      78B0E083 
  27      9DD9B7EF 
  27      FBDEE7
  28 005c 3B3B2922 		.ascii	";;)\"*(\242\036\331\267\313CL\220\024\012\220\0044\244"
  28      2A28A21E 
  28      D9B7CB43 
  28      4C90140A 
  28      900434A4 
  29 0070 3084093E 		.ascii	"0\204\011>\317HF?\316\251\356+F\"\276\360-}\335\274"
  29      CF48463F 
  29      CEA9EE2B 
  29      4622BEF0 
  29      2D7DDDBC 
  30 0084 321C32D1 		.ascii	"2\0342\321$\223\013\334F\267\310^\217\334\010\371\234"
  30      24930BDC 
  30      46B7C85E 
  30      8FDC08F9 
  30      9C
  31 0095 54004FD2 		.ascii	"T\000O\322\257\313\265\367[m\252\320)\351x|\366I\232"
  31      AFCBB5F7 
  31      5B6DAAD0 
  31      29E9787C 
  31      F6499A
  32 00a8 F780E47D 		.ascii	"\367\200\344}\375\373\247k\333\272.\033S1\361\363)6"
  32      FDFBA76B 
  32      DBBA2E1B 
  32      5331F1F3 
  32      2936
  33 00ba 3B4266DC 		.ascii	";Bf\334\003\313@\334E\006w\220!\371D\250\243\313\352"
  33      03CB40DC 
  33      45067790 
  33      21F944A8 
  33      A3CBEA
  34 00cd DFDDDCA8 		.ascii	"\337\335\334\250v\244\274\026\020\367\221\"kq\366\215"
  34      76A4BC16 
  34      10F79122 
  34      6B71F68D 
  35 00dd 1F9B8DDF 		.ascii	"\037\233\215\337\243&\3769\205_\007\266@z<e\027\266"
  35      A326FE39 
  35      855F07B6 
  35      407A3C65 
  35      17B6
  36 00ef 8B0FD74E 		.ascii	"\213\017\327Nc\316\3458\313\331x\005\225\346\347\205"
  36      63CEE538 
  36      CBD97805 
  36      95E6E785 
  37 00ff 0F819D51 		.ascii	"\017\201\235Qc\310\350\0273?\276\244\255K\017\366|\036"
  37      63C8E817 
  37      333FBEA4 
  37      AD4B0FF6 
ARM GAS  /tmp/cchAKi0r.s 			page 3


  37      7C1E
  38 0111 E684BD82 		.ascii	"\346\204\275\202\244\366\254\307\212D1y&y\031\264\024"
  38      A4F6ACC7 
  38      8A443179 
  38      267919B4 
  38      14
  39 0122 D64B2359 		.ascii	"\326K#Y~\232\212pqX\324\321i\001\3712\010\363\322e\253"
  39      7E9A8A70 
  39      7158D4D1 
  39      6901F932 
  39      08F3D265 
  40 0137 6FEBF3F5 		.ascii	"o\353\363\365\016=cF\206Mg\310), B\325\031\220\342\364"
  40      0E3D6346 
  40      864D67C8 
  40      292C2042 
  40      D51990E2 
  41 014c EADA5290 		.ascii	"\352\332R\220\233\265\305\350\026B\016\320\200\306\316"
  41      9BB5C5E8 
  41      16420ED0 
  41      80C6CE
  42 015b 8CFB878B 		.ascii	"\214\373\207\213\310\325\330'\347\260\321v\250\332v"
  42      C8D5D827 
  42      E7B0D176 
  42      A8DA76
  43 016a 9A4B6D3B 		.ascii	"\232Km;\377\342\253M\370\001\0368\276\273\320\207\320"
  43      FFE2AB4D 
  43      F8011E38 
  43      BEBBD087 
  43      D0
  44 017b 7F9F2600 		.ascii	"\177\237&\000!v\303+\315\351E\277\305\343\377\343\361"
  44      2176C32B 
  44      CDE945BF 
  44      C5E3FFE3 
  44      F1
  45 018c A6BC478E 		.ascii	"\246\274G\216\247,/q\274\306\245\211\253\351\026O\341"
  45      A72C2F71 
  45      BCC6A589 
  45      ABE9164F 
  45      E1
  46 019d B174ADA2 		.ascii	"\261t\255\242\022\255W\341n\321\306\230u'\015\271lV"
  46      12AD57E1 
  46      6ED1C698 
  46      75270DB9 
  46      6C56
  47 01af EFCD178E 		.ascii	"\357\315\027\216\024\016\366\353\301\222\316\037.\352"
  47      140EF6EB 
  47      C192CE1F 
  47      2EEA
  48 01bd 138327CB 		.ascii	"\023\203'\313%\335?\320\267{\227\356\355\335\247\007"
  48      25DD3FD0 
  48      B77B97EE 
  48      EDDDA707 
  49 01cd F6F79DCA 		.ascii	"\366\367\235\312\351R\371P\261x4\233'\257\\8~\354\017"
  49      E952F950 
  49      B178349B 
  49      27AF5C38 
  49      7EEC0F
ARM GAS  /tmp/cchAKi0r.s 			page 4


  50 01e0 2C49D3BF 		.ascii	",I\323\277"
  51              		.text
  52              		.section	.gnu.lto_st_lld_stop_alarm.89807cbb208b73cf,"",%progbits
  53 0000 789C4D4F 		.ascii	"x\234MO=KBQ\030~\237{nW(\204\226\266\206V\227{0\177"
  53      3D4B4251 
  53      187E9F7B 
  53      6E572884 
  53      96B68656 
  54 0018 422D91D2 		.ascii	"B-\221\322\240{\024\015W\270`\2444\346Q\012\215\032"
  54      A07B140D 
  54      57B860A4 
  54      34E6510A 
  54      8D1A
  55 002a D34024EE 		.ascii	"\323@$\356\"-IH\037f4\310\035\242\245\214\206~@_\204"
  55      222D4948 
  55      1F6634C8 
  55      1DA2A58C 
  55      867E405F 
  56 003f 4334086D 		.ascii	"C4\010m\326{\256K/\274\034x\316\363\365ZD4\011\242\030"
  56      D67BAE4B 
  56      2FBC1C78 
  56      CEF3F55A 
  56      443409A2 
  57 0054 BF53BC24 		.ascii	"\277S\274$\010\006\361\202A\002\345\015\344\261/\016"
  57      0806F182 
  57      4102E50D 
  57      E4B12F0E 
  58 0064 04FCD247 		.ascii	"\004\374\322G\307\210\034+\236\356am\342D=*Q\027DUA"
  58      C7881C2B 
  58      9EEE616D 
  58      E2443D2A 
  58      51174455 
  59 0079 C1E00C11 		.ascii	"\301\340\014\021b\336KkX\011[\346\010\3079,\322N\247"
  59      62DE4B6B 
  59      58095BE6 
  59      08C7392C 
  59      D24EA7
  60 008c 4F635D35 		.ascii	"Oc]5\374-\251\356[\003\255E\023T\027\214\227\003\361"
  60      FC2DA9EE 
  60      5B03AD45 
  60      1354178C 
  60      9703F1
  61 009f AEE048D1 		.ascii	"\256\340H\321Gq\360\331{\017iMM\200\255\036\232?\337"
  61      4771F0D9 
  61      7B0F694D 
  61      4D80AD1E 
  61      9A3FDF
  62 00b2 E37B9C02 		.ascii	"\343{\234\002\350X\023\027\230\246>\374\301\235\255"
  62      E8581317 
  62      98A63EFC 
  62      C19DAD
  63 00c1 49CCA8EE 		.ascii	"I\314\250\356\370\275\320\210\241\263o\374\373[\313"
  63      F8BDD088 
  63      A1B36FFC 
  63      FB5BCB
  64 00d0 C35181D9 		.ascii	"\303Q\201\331\336\026G\030l\204KV\351\337\347\366u;"
  64      DE164718 
ARM GAS  /tmp/cchAKi0r.s 			page 5


  64      6C844B56 
  64      E9DFE7F6 
  64      753B
  65 00e2 2C9B6ABB 		.ascii	",\233j\273\240f\352B\240\015\017\225\240\000\256 \377"
  65      A066EA42 
  65      A00D0F95 
  65      A000AE20 
  65      FF
  66 00f3 BB713574 		.ascii	"\273q5tX\365\205\242\367ZEp\205\236\262\356\314]\243"
  66      58F585A2 
  66      F75A4570 
  66      859EB2EE 
  66      CC5DA3
  67 0106 B62DE79C 		.ascii	"\266-\347\234\364jz))3Y\351\254\270r=\263\221\313\312"
  67      F46A7A29 
  67      293359E9 
  67      ACB8723D 
  67      B391CBCA 
  68 011a 642A119B 		.ascii	"d*\021\233\225\361\370\274L-$6\2432\233[v\3355\333\241"
  68      95F1F8BC 
  68      4C2D2436 
  68      A3329B5B 
  68      76DD35DB 
  69 012f 3F765464 		.ascii	"?vTd-"
  69      2D
  70              		.text
  71              		.section	.gnu.lto_st_lld_set_alarm.89807cbb208b73cf,"",%progbits
  72 0000 789C2550 		.ascii	"x\234%PKH[Q\020\235\223yy\201\024\333\225\273,\\\024"
  72      4B485B51 
  72      109D9379 
  72      798114DB 
  72      95BB2C5C 
  73 0015 4417B9A4 		.ascii	"D\027\271\244\272\310^7b\244\013\335\027\213\205\004"
  73      BAC85E37 
  73      62A40BDD 
  73      178B8504 
  74 0025 229626B8 		.ascii	"\"\226&\27047A\321\324.\253Bx\224\267\261-TI\255\237"
  74      343741D1 
  74      D42EAB42 
  74      7894B7B1 
  74      2D5449AD 
  75 003a D44FE111 		.ascii	"\324O\341\021\212\330\205\332fQp\253TEE\024JE,\352\334"
  75      8AD885DA 
  75      665170AB 
  75      54454514 
  75      4A452CEA 
  76 004f 9781E1DE 		.ascii	"\227\201\341\336\271s\316\3149\327&\242\021\020\305"
  76      B973CECC 
  76      39D726A2 
  76      1110C5
  77 005e E56C9424 		.ascii	"\345l\224$&\004H\022\362H\240\\\0009\274\341\267\214"
  77      26044812 
  77      F248A05C 
  77      0039BCE1 
  77      B78C
  78 0070 EAF8E16A 		.ascii	"\352\370\341j\240\345\203\226\360fj\017\346\364O\315"
  78      A0E58396 
ARM GAS  /tmp/cchAKi0r.s 			page 6


  78      F0666A0F 
  78      E6F44FCD 
  79 0080 0E134D33 		.ascii	"\016\023M3\371\201E\264\010\354\327\350g\207'\245\003"
  79      F98145B4 
  79      08ECD7E8 
  79      678727A5 
  79      03
  80 0091 58525E6E 		.ascii	"XR^n\227\016\036\2322\200&)\213\336\353\357an\007\311"
  80      970E1E9A 
  80      32802629 
  80      8BDEEBEF 
  80      616E07C9 
  81 00a5 FDE6DFD1 		.ascii	"\375\346\337\321\247G\315\263Z\027\264\367\177\226\365"
  81      A747CDB3 
  81      5A17B4F7 
  81      7F96F5
  82 00b4 6387192B 		.ascii	"c\207\031+`\031\210eD\260\204\010\311\023\241\202f\203"
  82      60198865 
  82      44B08408 
  82      C913A182 
  82      6683
  83 00c6 DF5FB89D 		.ascii	"\337_\270\235j\260\255\372B|\205MFb\271\026\364\364"
  83      6AB0ADFA 
  83      427C854D 
  83      4662B916 
  83      F4F4
  84 00d8 EDDDB8F6 		.ascii	"\355\335\270\366\316\336c\257;\010\341X\262\334\220"
  84      CEDE63AF 
  84      3B08E158 
  84      B2DC90
  85 00e7 68C2D756 		.ascii	"h\302\327Vdq\304'(\374=>\375\0232\314\022C\006\356\314"
  85      6471C427 
  85      28FC3D3E 
  85      FD1332CC 
  85      124306EE 
  86 00fc 5F5D848D 		.ascii	"_]\204\2156\013\306\225\205U\331x\202j\351G\334\200"
  86      360BC695 
  86      8555D978 
  86      826AE947 
  86      DC80
  87 010e 04313D56 		.ascii	"\0041=V\335\015\325\021F\301Fu{\323v\361./hwD\026\005"
  87      DD0DD511 
  87      46C14675 
  87      7BD376F1 
  87      2E2F6877 
  88 0125 6510D684 		.ascii	"e\020\326\204e\272\277+k\225\0065\257G\363\272\311a"
  88      65BABF2B 
  88      6B950635 
  88      AF47F3BA 
  88      C961
  89 0137 1BEB7031 		.ascii	"\033\353p1\345\013\220\346\307\363\353\255P\254l\232"
  89      E50B90E6 
  89      C7F3EBAD 
  89      50AC6C9A 
  90 0147 EE17381C 		.ascii	"\356\0278\034\302\006\024Z#\376\317}C\254$F\317Qp\027"
  90      C206145A 
  90      23FECF7D 
ARM GAS  /tmp/cchAKi0r.s 			page 7


  90      43AC2446 
  90      CF517017 
  91 015b 67E05B33 		.ascii	"g\340[31\301bP\244\307\242Q\325\221L=O=\355UC\031\225"
  91      31C16250 
  91      A4C7A251 
  91      D5914C3D 
  91      4F3DED55 
  92 0172 EC4FAB97 		.ascii	"\354O\253\227C\257\262\031\325\333\327\323\366D%\022"
  92      43AFB219 
  92      D5DBD7D3 
  92      F6442512 
  93 0182 9DAAAFAB 		.ascii	"\235\252\257\253g8\2462\331g\351\364@4IV65\370\342\036"
  93      6738A632 
  93      D967E9F4 
  93      40344956 
  93      3635F8E2 
  94 0197 8CAF88F4 		.ascii	"\214\257\210\364"
  95              		.text
  96              		.section	.gnu.lto_st_lld_get_alarm.89807cbb208b73cf,"",%progbits
  97 0000 789C6550 		.ascii	"x\234eP1K[Q\024>\337;\317'\255M\007\333I2\2708\350\220"
  97      314B5B51 
  97      143EDF3B 
  97      CF27AD4D 
  97      07DB4932 
  98 0018 4BCC4FB0 		.ascii	"K\314O\260KA\351\220\354Eq\210%\2404\301\325kL0V\247"
  98      4B41E990 
  98      EC457188 
  98      25A034C1 
  98      D56B4C30 
  99 002e D244088F 		.ascii	"\322D\010\217\362J\251\272H*\246\215F\2214\210\350\020"
  99      F24AA9BA 
  99      482AA68D 
  99      46913488 
  99      E810
 100 0040 AB0EFE00 		.ascii	"\253\016\376\000]\202\264\241\005A\322!zn\354\346\205"
 100      5D82B4A1 
 100      0541D221 
 100      7A6EECE6 
 100      85
 101 0051 73EF39F7 		.ascii	"s\3579\367\373\356\371\276s\035\"z\007\242\220\234~"
 101      FBEEF9BE 
 101      731D227A 
 101      07A2909C 
 101      7E
 102 0062 09B20916 		.ascii	"\011\262\011\026I\200eg\010D\240\031\2131\203%\376\300"
 102      49806567 
 102      0844A019 
 102      8B318325 
 102      FEC0
 103 0074 384D7D75 		.ascii	"8M}uy\221]&\330R\376\255\345/\237\232\022\350\225\362"
 103      79915D26 
 103      D852FEAD 
 103      E52F9F9A 
 103      12E895F2 
 104 0088 57E3A0F8 		.ascii	"W\343\240\370\244\177U\353\244\256,\377\353\332.\236"
 104      A47F55EB 
 104      A4AE2CFF 
ARM GAS  /tmp/cchAKi0r.s 			page 8


 104      EBDA2E9E 
 105 0098 E8472E5B 		.ascii	"\350G.[\224\023z\021~l\302\210\340\033\372I\330\027"
 105      94137A11 
 105      7E6CC288 
 105      E01BFA49 
 105      D817
 106 00aa 1BADACCF 		.ascii	"\033\255\254\317\261\015*\227\337\341\210\024A\200\215"
 106      B10D2A97 
 106      DFE18814 
 106      41808D
 107 00b9 DFCD1F4E 		.ascii	"\337\315\037N\337g\255\337\353J\253\360\374\323\\\372"
 107      DF67ADDF 
 107      EB4AABF0 
 107      FCD35CFA 
 108 00c9 50DB0FFB 		.ascii	"P\333\017\373\010\271\204\276\302YGE\267n\347u\245\241"
 108      08B984BE 
 108      C2594745 
 108      B76EE775 
 108      A5A1
 109 00db EAC5FD67 		.ascii	"\352\305\375g6\310ef2|\312\230\326\264`R\276B\362\272"
 109      36C86566 
 109      327CCA98 
 109      D6B46052 
 109      BE42F2BA 
 110 00ef 7EFBA5DB 		.ascii	"~\373\245\333(\345\331\350\034\257\337\374yl\3343\264"
 110      28E5D9E8 
 110      1CAFDFFC 
 110      796CDC33 
 110      B4
 111 0100 2C1B5BD2 		.ascii	",\033[\322\367\012\325\275\243\236{\222\2318\227\256"
 111      F70AD5BD 
 111      A39E7B92 
 111      993897AE 
 112 0110 FEECBC27 		.ascii	"\376\354\274'\031\323\273\325\332\201\343\341\343\254"
 112      19D3BBD5 
 112      DA81E3E1 
 112      E3AC
 113 011e 3CF0562C 		.ascii	"<\360V,\221\261\245\031\266\215#\201\317K\345\222O\255"
 113      91B1A519 
 113      B68D2381 
 113      CF4BE592 
 113      4FAD
 114 0130 EBD4ACEE 		.ascii	"\353\324\254\356u\271\003ex\310\266M\010\270\326h\036"
 114      75B90365 
 114      78C8B64D 
 114      08B8D668 
 114      1E
 115 0141 76060B06 		.ascii	"v\006\013\006\364\312\226\313\016v\2400\320\236\005"
 115      F4CA96CB 
 115      0E76A030 
 115      D09E05
 116 0150 BB08B6AD 		.ascii	"\273\010\266\255\012\231\353\362\361\313\2224\220\364"
 116      0A99EBF2 
 116      F1CB9234 
 116      90F4
 117 015e DEFCB762 		.ascii	"\336\374\267bH\031\361@2K0\020PC\321\211\261\211Wa5"
 117      4819F140 
ARM GAS  /tmp/cchAKi0r.s 			page 9


 117      324B3010 
 117      5043D189 
 117      B1895761 
 118 0173 1957D1D1 		.ascii	"\031W\321\321\230\232\232|\233\210\253pd$4\250\206\207"
 118      989A9A7C 
 118      9B88AB70 
 118      642434A8 
 118      8687
 119 0185 5FA8C8CB 		.ascii	"_\250\310\313\221\351\240\212'^\307b\343\201(\335\001"
 119      91E9A08A 
 119      275EC762 
 119      E38128DD 
 119      01
 120 0196 9B1989CD 		.ascii	"\233\031\211\315"
 121              		.text
 122              		.section	.gnu.lto_st_lld_is_alarm_active.89807cbb208b73cf,"",%progbits
 123 0000 789C5D90 		.ascii	"x\234]\220=HBQ\024\307\317y\347\371\242\300\032jtpq"
 123      3D484251 
 123      14C7CF79 
 123      E7F9A2C0 
 123      1A6A7470 
 124 0015 68F1664E 		.ascii	"h\361fN\315\265\004E\203\356Q4(\010FJkW\315>\250)\362"
 124      CDB50445 
 124      83EE5134 
 124      2808464A 
 124      6B57CD3E 
 125 002c 83B2101A 		.ascii	"\203\262\020\032\"H*2Mmx\010\325\324\007\015EKCSEHC"
 125      22482A32 
 125      4D6D7808 
 125      D5D4070D 
 125      454B4353 
 126 0043 104154E7 		.ascii	"\020AT\347\372\232zp\317{\274\377\357\374\317\377\\"
 126      FA9A7A70 
 126      CF7BBCFF 
 126      EFFCCFFF 
 126      5C
 127 0054 0300B208 		.ascii	"\003\000\262\010\340\345\267\203\017\350\200\032\360"
 127      E0E5B783 
 127      0FE8801A 
 127      F0
 128 0061 41E24AC8 		.ascii	"A\342J\310\022 \314h\2043\270L\253\204\251\305\332\235"
 128      1220CC68 
 128      8433B84C 
 128      AB84A9C5 
 128      DA9D
 129 0073 BD7B5BCA 		.ascii	"\275{[\312\27043\245\366\335\375kI9f\323\004\350u`\217"
 129      B83433A5 
 129      F6DDFD6B 
 129      493966D3 
 129      04E87560 
 130 0088 32C143EC 		.ascii	"2\301C\354\006f\037\017\276SvCW\032\377,\242\301V\200"
 130      06661F0F 
 130      BE537643 
 130      571AFF2C 
 130      A2C15680 
 131 009c 2C14EBEB 		.ascii	",\024\353\3535\303\265%\345\2124\033\225\256X\"\231"
 131      35C3B525 
ARM GAS  /tmp/cchAKi0r.s 			page 10


 131      E58A341B 
 131      95AE5822 
 131      99
 132 00ad 95FA7F17 		.ascii	"\225\372\177\027F\217\320\265wc3\345\367\317\2744\037"
 132      468FD0B5 
 132      776333E5 
 132      F7CFBC34 
 132      1F
 133 00be FA9E8B57 		.ascii	"\372\236\213W\235\006B\2168b\2164R\305\006\252\017\026"
 133      9D06428E 
 133      38628E34 
 133      52C506AA 
 133      0F16
 134 00d0 548145E2 		.ascii	"T\201E\342\354\364\202\361\367\247\215\363\0165q\215"
 134      ECF482F1 
 134      F7A78DF3 
 134      0E35718D 
 135 00e0 D4BCCBC2 		.ascii	"\324\274\313\302\307[\333\022\347D\224\374\350XB\007"
 135      C75BDB12 
 135      E74494FC 
 135      E8584207 
 136 00f0 BC60BDDA 		.ascii	"\274`\275\332j1\0323\351d\375\252\305bT\366\223\372"
 136      6A311A33 
 136      E964FDAA 
 136      C56254F6 
 136      93FA
 137 0102 C59991C7 		.ascii	"\305\231\221\307\315\030\363\316\034\021\033a\231\273"
 137      CD18F3CE 
 137      1C111B61 
 137      99BB
 138 0110 94765BAE 		.ascii	"\224v[\256\226\355\242 gcJ\322\361\030\363\230j\006"
 138      96EDA220 
 138      67634AD2 
 138      F118F398 
 138      6A06
 139 0122 C00A0A36 		.ascii	"\300\012\0126N|\315\335\377Y\223\345~\372\363av(w\215"
 139      4E7CCDDD 
 139      FF5993E5 
 139      7EFAF361 
 139      7628778D 
 140 0136 AFB6DA9C 		.ascii	"\257\266\332\234\236(\315\357\220\005\331\230ch\357"
 140      9E28CDEF 
 140      9005D998 
 140      6368EF
 141 0145 B5F269B7 		.ascii	"\265\362i\267 \300\232\032\306\033\261/=q\246\014\177"
 141      20C09A1A 
 141      C61BB12F 
 141      3D71A60C 
 141      7F
 142 0156 3430EEFC 		.ascii	"40\356\374\353\200\346\322|\237\274\261\307\355\026"
 142      EB80E6D2 
 142      7C9FBCB1 
 142      C7ED16
 143 0165 FD81E078 		.ascii	"\375\201\340xp\304'\302\021\021\030\013\211\311\360"
 143      70C427C2 
 143      1111180B 
 143      89C9F0
ARM GAS  /tmp/cchAKi0r.s 			page 11


 144 0174 5434227C 		.ascii	"T4\"|\376ao\257\030\032\032\020\376\301\341i\217\210"
 144      FE616FAF 
 144      181A1A10 
 144      FEC1E169 
 144      8F88
 145 0186 444743A1 		.ascii	"DGC\241\011w\000~\001\254\014\207\210"
 145      0977007E 
 145      01AC0C87 
 145      88
 146              		.text
 147              		.section	.gnu.lto_stInit.89807cbb208b73cf,"",%progbits
 148 0000 789C6363 		.ascii	"x\234cc``\230\007\304\262@,\012\304\014\314\014\214"
 148      60609807 
 148      C4B2402C 
 148      0AC40CCC 
 148      0C8C
 149 0012 4C0C40CC 		.ascii	"L\014@\314\310\010\34402\32431\3263\3660Oaf<\324\376"
 149      C808E430 
 149      32D43331 
 149      D633F630 
 149      4F61663C 
 150 0028 6C2793E6 		.ascii	"l'\223\346\362\006 80\375\207d\303\212\003\214s\230"
 150      F2062038 
 150      30FD8764 
 150      C38A038C 
 150      7398
 151 003a 1918A631 		.ascii	"\031\030\24613\200\001\343fFM\006\240\262G\033\377M"
 151      338001E3 
 151      66464D06 
 151      A0B2471B 
 151      FF4D
 152 004c E5656381 		.ascii	"\345ec\201\2103nadc\000\031\264\376\022\353\201\206"
 152      88336E61 
 152      64630019 
 152      B4FE12EB 
 152      8186
 153 005e 7FFFDB1B 		.ascii	"\177\377\333\033\016\334Y\304\370\237\025(\327\001\326"
 153      0EDC59C4 
 153      F89F1528 
 153      D701D6
 154 006d D7C90CB4 		.ascii	"\327\311\014\264\214\371\015c\363\202\337\322`\305@"
 154      8CF90D63 
 154      F382DFD2 
 154      60C540
 155 007c 1376EE7C 		.ascii	"\023v\356|s\233\275\376o\003\307\034f\306i\314@\335"
 155      739BBDFE 
 155      6F03C71C 
 155      66C669CC 
 155      40DD
 156 008e 8C5B19EB 		.ascii	"\214[\031\353\031\346\000U\276clZ\360\237\033\254\016"
 156      19E60055 
 156      BE636C5A 
 156      F09F1BAC 
 156      0E
 157 009f 043A4092 		.ascii	"\004:@\222@\375\322zz\372\316\031\231I\231\376\301\372"
 157      40FDD27A 
 157      7AFACE19 
ARM GAS  /tmp/cchAKi0r.s 			page 12


 157      994999FE 
 157      C1FA
 158 00b1 F9C5FA19 		.ascii	"\371\305\372\031\2119\372\305E\311\372\305%z\311\014"
 158      8939FAC5 
 158      45C9FAC5 
 158      257AC90C 
 159 00c1 00C15538 		.ascii	"\000\301U8r"
 159      72
 160              		.text
 161              		.section	.gnu.lto_stStartAlarm.89807cbb208b73cf,"",%progbits
 162 0000 789C6D50 		.ascii	"x\234mPMK\034A\020\2557\3253\273\306\370q\024\024\331"
 162      4D4B1C41 
 162      10AD37D5 
 162      33BBC6F8 
 162      711414D9 
 163 0014 438278D9 		.ascii	"C\202x\331\311\177\020\274z\360\027\250\010.(\202\353"
 163      C97F10BC 
 163      7AF017A8 
 163      082E2882 
 163      EB
 164 0025 7D3ABAAB 		.ascii	"}:\272\253+1x1\243,C\030\242\213\240\210\212\211\272"
 164      2B317831 
 164      A32C4318 
 164      A28BA088 
 164      8A89BA
 165 0038 7E0EDE43 		.ascii	"~\016\336C0\220\223\236\024=m\002\232\\\222\020\265"
 165      3090939E 
 165      143D6D02 
 165      9A5C9210 
 165      B5
 166 0049 7A164902 		.ascii	"z\026I\002\026tWW\363\352\325{\345\020\321\015\210\236"
 166      16745757 
 166      F3EAD57B 
 166      E510D10D 
 166      889E
 167 005b 4B7E2187 		.ascii	"K~!\207\034\202Er\300r\263\245\210\264e\313\245\024"
 167      1C824572 
 167      C072B3A5 
 167      88B465CB 
 167      A514
 168 006d 24C18680 		.ascii	"$\301\206\200\011\344Y\254lx\230\346Y\306\361\344U\331"
 168      09E459AC 
 168      6C7898E6 
 168      59C6F1E4 
 168      55D9
 169 007f 6A5FD212 		.ascii	"j_\322\022\321\334\2563\241\363M\201\264\373Lq`\023"
 169      D1DCAE33 
 169      A1F34D81 
 169      B4FB4C71 
 169      6013
 170 0091 ED823AC9 		.ascii	"\355\202:\311\255\007\374\212\003\006\224\224\327\037"
 170      AD07FC8A 
 170      03069494 
 170      D71F
 171 009f 8B17F5A6 		.ascii	"\213\027\365\246\264\220\222\362\367\362\372Y\003\267"
 171      B49092F2 
 171      F7F2FA59 
ARM GAS  /tmp/cchAKi0r.s 			page 13


 171      03B7
 172 00ad 82E4FD6E 		.ascii	"\202\344\375nu\246\344\264\225\264\036\323Qe\201\365"
 172      75A6E4B4 
 172      95B41ED3 
 172      516581F5 
 173 00bd B380195B 		.ascii	"\263\200\031[`!\304\007\264\340=ZH\276\010\333h3\370"
 173      6021C407 
 173      B4E03D5A 
 173      48BE08DB 
 173      6833F8
 174 00d0 F38DDB37 		.ascii	"\363\215\3337u\216\012\037fb\007bC\262\374\254}\266"
 174      758E0A1F 
 174      66620762 
 174      43B2FCAC 
 174      7DB6
 175 00e2 237D7B37 		.ascii	"#}{7\251\243\037\213\370\322\231\204t*\007q+\025b\205"
 175      A9A31F8B 
 175      F8D29984 
 175      742A0771 
 175      2B156285 
 176 00f6 0516C73C 		.ascii	"\005\026\307<%\204\304\025\214\207w\323l\030\212\014"
 176      2584C415 
 176      8C8777D3 
 176      6C188A0C 
 177 0106 E12E972B 		.ascii	"\341.\227+\247\011\357\217N\006l\373lH\313\360\204\303"
 177      A709EF8F 
 177      4E066CFB 
 177      6C48CBF0 
 177      84C3
 178 0118 A14BE44E 		.ascii	"\241K\344N;\376\002\375\374\361\247\204\361\243@\330"
 178      3BFE02FD 
 178      FCF1A784 
 178      F1A340D8 
 179 0128 158526A6 		.ascii	"\025\205&\246X\305\244\271T\254\351\177\276\204o\006"
 179      58C5A4B9 
 179      54ACE97F 
 179      BE846F06 
 180 0138 634FF8FE 		.ascii	"cO\370\376\355O\306;\030\377u\364\275^p\262\311\244"
 180      ED4FC63B 
 180      18FF75F4 
 180      BD5E70B2 
 180      C9A4
 181 014a 3166FE7E 		.ascii	"1f\376~\236|-\324\206x\373\2621\340\032\034\310\372"
 181      9E7C2DD4 
 181      8678FBB2 
 181      31E01A1C 
 181      C8FA
 182 015c F7CD1C83 		.ascii	"\367\315\034\203^\334\314C\320\363Z\247\014\303!BT\267"
 182      5EDCCC43 
 182      D0F35AA7 
 182      0CC32142 
 182      54B7
 183 016e 70042FE0 		.ascii	"p\004/\340'\261\024\273*%,\325=\"\246\3267\376\021\211"
 183      27B114BB 
 183      2A252CD5 
 183      3D22A6D6 
 183      37FE1189 
ARM GAS  /tmp/cchAKi0r.s 			page 14


 184 0182 98223B01 		.ascii	"\230\";\001?\245o\030\013W^Wi\252k\022\367\"\2709\235"
 184      3FA56F18 
 184      0B575E57 
 184      69AA6B12 
 184      F722B839 
 185 0197 763B0632 		.ascii	"v;\0062\275\231\256nw8\353\016\364\014\272\331\221>"
 185      BD99AE6E 
 185      7738EB0E 
 185      F40CBAD9 
 185      913E
 186 01a9 373B9AEE 		.ascii	"7;\232\356\243DOov43\324\177\017\250\033\236\314"
 186      A3444F6F 
 186      763433D4 
 186      7F0FA81B 
 186      9ECC
 187              		.text
 188              		.section	.gnu.lto_stStopAlarm.89807cbb208b73cf,"",%progbits
 189 0000 789C6363 		.ascii	"x\234cc``X\000\304\262@,\012\304\014\314\014\214L\014"
 189      60605800 
 189      C4B2402C 
 189      0AC40CCC 
 189      0C8C4C0C 
 190 0014 40CCC808 		.ascii	"@\314\310\010\34402\32431\3263\3660Oaf<\324\376l'\223"
 190      E43032D4 
 190      3331D633 
 190      F6304F61 
 190      663CD4FE 
 191 002b E6F20620 		.ascii	"\346\362\006 80\375\033[[C\253\304\034f\006\206i\314"
 191      3830FD1B 
 191      5B5B43AB 
 191      C41C6606 
 191      8669CC
 192 003e 0C60C0B8 		.ascii	"\014`\300\270\231Q\223\001\250\354\321\306\177Sy\331"
 192      99519301 
 192      A8ECD1C6 
 192      7F5379D9 
 193 004e 5820E28C 		.ascii	"X \342\214[\030\331\030@\006\255\277\304z\240\341\337"
 193      5B18D918 
 193      4006ADBF 
 193      C47AA0E1 
 193      DF
 194 005f FFF68603 		.ascii	"\377\366\206\003G\0263\376u\003\312u\200\365u2\003-"
 194      471633FE 
 194      7503CA75 
 194      80F57532 
 194      032D
 195 0071 637EC3D8 		.ascii	"c~\303\330\274\340{/3X5\320\210\235;\337\334f\257\377"
 195      BCE07B2F 
 195      335835D0 
 195      889D3BDF 
 195      DC66AFFF 
 196 0085 DBC03187 		.ascii	"\333\3001\207\231q\0323P;\343V\306z\2069@\245\357\030"
 196      99711A33 
 196      503BE356 
 196      C67A8639 
 196      40A5EF18 
 197 0099 9B16FCEE 		.ascii	"\233\026\374\356e\004+\004\201\016\220,\320\004i==}"
ARM GAS  /tmp/cchAKi0r.s 			page 15


 197      65042B04 
 197      810E902C 
 197      D004693D 
 197      3D7D
 198 00ab E78CCCA4 		.ascii	"\347\214\314\244L\377`\375\374b\375\214\304\034\375"
 198      4CFF60FD 
 198      FC62FD8C 
 198      C41CFD
 199 00ba E2A264FD 		.ascii	"\342\242d\375\342\022\275d\006\000&-91"
 199      E212BD64 
 199      0600262D 
 199      3931
 200              		.text
 201              		.section	.gnu.lto_stSetAlarm.89807cbb208b73cf,"",%progbits
 202 0000 789C6D51 		.ascii	"x\234mQ\317K\024q\024\177\237\357\373\316\314\232\265"
 202      CF4B1471 
 202      147F9FEF 
 202      FBCECC9A 
 202      B5
 203 0011 760C92D8 		.ascii	"v\014\222\330C!^v\372\037<t\354\320_\240\"\270`\010"
 203      43215E76 
 203      FA1F3C74 
 203      ECD05FA0 
 203      22B86008 
 204 0025 ADF7F9B6 		.ascii	"\255\367\371\266\356\352J\241\227\232b\031d\360\007"
 204      EEEA4AA1 
 204      979A6219 
 204      64F007
 205 0034 81106A9A 		.ascii	"\201\020j\232\272\2259x\217\260\253\236\322:\204\025"
 205      BA953978 
 205      8FB0AB9E 
 205      D23A8415 
 206 0044 211E4ADA 		.ascii	"!\036J\332|\337\231\204\204\036\314{\337\367\370\274"
 206      7CDF9984 
 206      841ECC7B 
 206      DFF7F8BC 
 207 0054 CFFBBC37 		.ascii	"\317\373\2747.\021\345\024\321\015\2117\345#\227 )\024"
 207      2E11E514 
 207      D10D8937 
 207      E5239720 
 207      2914
 208 0066 583C2B4D 		.ascii	"X<+Md\224#NkH\200\003\010\010\024(\326\016\002<\344"
 208      6494234E 
 208      6B488003 
 208      08081428 
 208      D60E023C 
 209 007b 478CEDF1 		.ascii	"G\214\355\361\317M\325\375\314\210%O^xc\246v%\222\366"
 209      CF4DD5FD 
 209      CC88254F 
 209      5E7863A6 
 209      762592F6 
 210 008f 902935AC 		.ascii	"\220)5\254\240[P;\325\245\210\037p\304\200\226\364\307"
 210      A05B503B 
 210      D5A5881F 
 210      70C48096 
 210      F4C7
 211 00a1 BBC67EDE 		.ascii	"\273\306~\336\246\012\005IO\026\226\366:\370\032H\336"
ARM GAS  /tmp/cchAKi0r.s 			page 16


 211      A60A0549 
 211      4F1696F6 
 211      3AF81A48 
 211      DE
 212 00b2 33CFA7E6 		.ascii	"3\317\247\346\335\256yc*&\331\233es=b\306\032X\010\361"
 212      DDAE7963 
 212      2A26D99B 
 212      65733D62 
 212      C61A5808 
 213 00c7 129D5845 		.ascii	"\022\235XE'I\211\260\216.\213\377\270\334z|\311\325"
 213      274989B0 
 213      8E2E8BFF 
 213      B8DC7A7C 
 213      C9D5
 214 00d9 F1D94C6C 		.ascii	"\361\331Ll@\326\220(\225\305\017NbZ\177\306Mr0\207\315"
 214      40D69028 
 214      95C50F4E 
 214      625A7FC6 
 214      4D723087 
 215 00ee 5B6D904E 		.ascii	"[m\220N\255\254\363\220\366S=\225YgY\233'\204\225\370"
 215      ADACF390 
 215      F6533D95 
 215      5967599B 
 215      278495F8 
 216 0102 10A3F1F7 		.ascii	"\020\243\361\367I\2664\015\206\014h6\017w\275\340\267"
 216      49B6340D 
 216      860C6836 
 216      0F77BDE0 
 216      B7
 217 0113 C945EC84 		.ascii	"\311E\354\204l\231\233\010\204\303\245/\250\264\306"
 217      6C999B08 
 217      84C3A52F 
 217      A8B4C6
 218 0122 90219580 		.ascii	"\220!\225\200\351\023\252\273=\177s\351\014k\333\357"
 218      E913AABB 
 218      3D7F73E9 
 218      0C6BDBEF 
 219 0132 3DBBA506 		.ascii	"=\273\245\006\341\225\350\2666\301:\235R-\244J\317\017"
 219      E195E8B6 
 219      36C13A9D 
 219      522DA44A 
 219      CF0F
 220 0144 F042AB04 		.ascii	"\360B\253\004\257e\300\277\375\271\3642\243\277\266"
 220      AF65C0BF 
 220      FDB9F432 
 220      A3BFB6
 221 0153 8EF28293 		.ascii	"\216\362\202\223\373\346\354\272\266\366s\347k\275="
 221      FBE6ECBA 
 221      B6F673E7 
 221      6BBD3D
 222 0162 C6F4FDCB 		.ascii	"\306\364\375\313\021\267aS~\312\033;\307\242\347Vj\020"
 222      11B76153 
 222      7ECA1B3B 
 222      C7A2E756 
 222      6A10
 223 0174 F453630A 		.ascii	"\364Sc\012\226\341-bd\267\331B\020\361\205T\212\223"
 223      96E12D62 
ARM GAS  /tmp/cchAKi0r.s 			page 17


 223      64B7D942 
 223      10F18554 
 223      8A93
 224 0186 49898FF3 		.ascii	"I\211\217\363\377\021\323\036\332\203 \0211\015\366"
 224      FF11D31E 
 224      DA832011 
 224      310DF6
 225 0195 22BE48DF 		.ascii	"\"\276H\337P\211O&3\232\354nr\016\021|\265X\364{\006"
 225      50894F26 
 225      339AEC6E 
 225      720E117C 
 225      B558F47B 
 226 01aa 4B7DA5DB 		.ascii	"K}\245\333w\374\341\262?\330;\344\227\357\365\373\345"
 226      77FCE1B2 
 226      3FD83BE4 
 226      97EFF5FB 
 226      E5
 227 01bb 91623F79 		.ascii	"\221b?y\275}\345\221\322\335\201S\036P\243\321"
 227      BD7DE591 
 227      D2DD8153 
 227      1E50A3D1 
 228              		.text
 229              		.section	.gnu.lto_stGetAlarm.89807cbb208b73cf,"",%progbits
 230 0000 789C6552 		.ascii	"x\234eR=O\024Q\024\275g\356\233\231]A\242\321\202 \306"
 230      3D4F1451 
 230      14BD67EE 
 230      9B995D41 
 230      A2D18220 
 231 0015 6D286876 		.ascii	"m(hvJ\177\000?\300\302_\2404\220\230\230\270\366\363"
 231      4A7F003F 
 231      C0C25FA0 
 231      34909898 
 231      B8F6F3
 232 0028 DC0F8568 		.ascii	"\334\017\205hBbt08\3215\232X*a\375X\004Y)\210\215\037"
 232      42627430 
 232      38D1359A 
 232      582A61FD 
 232      58045929 
 233 003f D8D2694C 		.ascii	"\330\322iL\214Y\326\240\205\301\304\305\363f\267\220"
 233      8C59D6A0 
 233      85C1C4C5 
 233      F366B790 
 234 004f 50CC7D73 		.ascii	"P\314}s\337;\347\236s\357{\201\210\034\363DNr=\315O"
 234      DF3BE79E 
 234      73EF7B81 
 234      881CF344 
 234      4E723DCD 
 235 0064 42015378 		.ascii	"B\001SxPF\365\214\210\365|\006c\300\005>\002\306\000"
 235      5046F58C 
 235      88F57C06 
 235      63C0053E 
 235      02C600
 236 0077 2014127B 		.ascii	" \024\022{j\374\0001n\350-\305f\365i\252\3275U\201a"
 236      6AFC0031 
 236      6EE82DC5 
 236      66F569AA 
 236      D7355581 
ARM GAS  /tmp/cchAKi0r.s 			page 18


 237 008c BAF36EE1 		.ascii	"\272\363n\341\313\220K\201\002\323vg\24318\376\330\332"
 237      CB904B81 
 237      02D37667 
 237      A33138FE 
 237      D8DA
 238 009e B26DCDFF 		.ascii	"\262m\315\377\014\3576>\332|\252\236$\20470\212%\214"
 238      0CEF363E 
 238      DA7CAA9E 
 238      24843730 
 238      8A258C
 239 00b1 BA9ACF30 		.ascii	"\272\232\3170.D\177^\354\336>\034\230:]\020\300\375"
 239      2E447F5E 
 239      ECDE3E1C 
 239      983A5D10 
 239      C0FD
 240 00c3 E714A6A8 		.ascii	"\347\024\246\250\307\263\305\355\3357\301\330Cko\332"
 240      C7B3C5ED 
 240      DD37C1D8 
 240      436B6FDA 
 241 00d3 56E7FEF1 		.ascii	"V\347\376\361\007\225\332[k\016\226\"\351\005\306X\341"
 241      0795DA5B 
 241      6B0E9622 
 241      E905C658 
 241      E1
 242 00e4 C927BF65 		.ascii	"\311'\277e\273{\327l\353\375\251\225\306\336\321<$U"
 242      BB7BD76C 
 242      EBFDA995 
 242      C6DED13C 
 242      2455
 243 00f6 C21972E2 		.ascii	"\302\031r\342x2\343$\030\371\253\263\312D\333\250\324"
 243      7832E324 
 243      18F9ABB3 
 243      CA44DBA8 
 243      D4
 244 0107 7FCCA993 		.ascii	"\177\314\251\223]PP\264\331lo\205\361_\233K\325$J'x"
 244      5D5050B4 
 244      D96C6F85 
 244      F15F9B4B 
 244      D5244A27 
 245 011c 89986C5F 		.ascii	"\211\230l_\276\243\334\275\212\036\322#X\276\242\272"
 245      BEA3DCBD 
 245      8A1ED223 
 245      58BEA2BA 
 246 012c 35D1CFC9 		.ascii	"5\321\317\311Lj\353\037B7\007\036\241\331\2676\253&"
 246      4C6AEB1F 
 246      4237071E 
 246      A1D9B736 
 246      AB26
 247 013e 53A916B2 		.ascii	"S\251\026\262\316\366\013\004\211s\202e\012\374\317"
 247      CEF60B04 
 247      89738265 
 247      0AFCCF
 248 014d 0FE1D2CA 		.ascii	"\017\341\322\312\237\265_C\304\015s\303\215\307\355"
 248      9FB55F43 
 248      C40D73C3 
 248      8DC7ED
 249 015c ED6E6ECF 		.ascii	"\355nn\317\014\324q\357\312\221TsX\341\205\274r:\016"
ARM GAS  /tmp/cchAKi0r.s 			page 19


 249      0CD471EF 
 249      CA915473 
 249      58E185BC 
 249      723A0E
 250 016f FD68A906 		.ascii	"\375h\251\006\242\357X[p\025VQGo\226\257\021\247\232"
 250      A2EF585B 
 250      70155651 
 250      476F96AF 
 250      11A79A
 251 0182 CFACF8FD 		.ascii	"\317\254\370\375\206\177\317\215\364l\347\366\3739\224"
 251      867FCF8D 
 251      F46CE7F6 
 251      FB3994
 252 0191 B899602D 		.ascii	"\270\231`-kx \243\360\025\3507\276\202y6\325A\271\320"
 252      6B7820A3 
 252      F015E837 
 252      BE827936 
 252      D541B9D0 
 253 01a5 E7F5C6E8 		.ascii	"\347\365\306\350\356I\344D\261\030MLM\237\237>s6\272"
 253      EE49E444 
 253      B1184D4C 
 253      4D9F9F3E 
 253      7336BA
 254 01b8 588AA6CE 		.ascii	"X\212\246\316]\210J\227&\243\322\345\342\244\374\003"
 254      5D884A97 
 254      26A3D2E5 
 254      E2A4FC03 
 255 01c8 D950A42B 		.ascii	"\331P\244+"
 256              		.text
 257              		.section	.gnu.lto_.symbol_nodes.89807cbb208b73cf,"",%progbits
 258 0000 789C5DCA 		.ascii	"x\234]\312\313\015\3020\020\204\341\361811\026\024A"
 258      CB0DC230 
 258      1084E1F1 
 258      38313116 
 258      1441
 259 0012 255004F5 		.ascii	"%P\004\365\254\021\007\336\020^\025\244\012\270\321"
 259      AC1107DE 
 259      105E15A4 
 259      0AB8D1
 260 0021 003580E8 		.ascii	"\0005\200\350\003a\222 a_\366\227\276Y\003`\254\302"
 260      03619220 
 260      615FF697 
 260      BE590360 
 260      ACC2
 261 0033 E18C0294 		.ascii	"\341\214\002\224w \344\342o\336\004\233STj\013\012S"
 261      7720E4E2 
 261      6FDE049B 
 261      53546A0B 
 261      0A53
 262 0045 5B52746A 		.ascii	"[Rtj+J\226\332\232\222\377\354:\031\005\331PL$\371\221"
 262      2B4A96DA 
 262      9A92FFEC 
 262      3A1905D9 
 262      504C24F9 
 263 005a F0034073 		.ascii	"\360\003@sK\351\304\317;J\021?\237\250\232\347\222b"
 263      4BE9C4CF 
 263      3B4A113F 
ARM GAS  /tmp/cchAKi0r.s 			page 20


 263      9FA89AE7 
 263      9262
 264 006c E3E94CD6 		.ascii	"\343\351L\326\223\332S\272\365\004x?\004\324\201\342"
 264      93DA53BA 
 264      F504783F 
 264      04D481E2 
 265 007c FE41E73D 		.ascii	"\376A\347=T\217\267\322&k\333\307\253.0}\206\026\252"
 265      548FB7D2 
 265      266BDBC7 
 265      AB2E307D 
 265      8616AA
 266 008f 71DBEEB6 		.ascii	"q\333\356\266\337\270%\252o]\353\256u\247k\307\007\367"
 266      DFB825AA 
 266      6F5DEBAE 
 266      75A76BC7 
 266      07F7
 267 00a1 6E5924   		.ascii	"nY$"
 268              		.text
 269              		.section	.gnu.lto_.refs.89807cbb208b73cf,"",%progbits
 270 0000 789C6363 		.ascii	"x\234cc``\020\000bF6&vfFN&.\026Fn&\036\026\006\000\004"
 270      60601000 
 270      62463626 
 270      7666464E 
 270      262E1646 
 271 001b 410062   		.ascii	"A\000b"
 272              		.text
 273              		.section	.gnu.lto_.decls.89807cbb208b73cf,"",%progbits
 274 0000 789CB558 		.ascii	"x\234\265X{PT\327\031\277\347\236]\\\226\005\014I\034"
 274      7B5054D7 
 274      19BFE79E 
 274      5D5C9605 
 274      0C491C
 275 0013 9B98A926 		.ascii	"\233\230\251&\246\322\231\204\025M\3228\323\311$A\233"
 275      A6D29984 
 275      154DD238 
 275      D3C92441 
 275      9B
 276 0024 D8C6245D 		.ascii	"\330\306$]\354L:\323\231\015AR\230\341\341\300\232\031"
 276      EC4C3AD3 
 276      990D4152 
 276      98E1E1C0 
 276      9A19
 277 0036 FFEAE5A1 		.ascii	"\377\352\345\241R4\025\025\025\020\303\"\212\030\020"
 277      52341515 
 277      1510C322 
 277      8A1810
 278 0045 9F80800F 		.ascii	"\237\200\200\017\002\210\213\274AQ\020\024D\005\321"
 278      02888BBC 
 278      41511014 
 278      4405D1
 279 0054 02A21105 		.ascii	"\002\242\021\005\014\375\316\343r\357^\027k\377\350"
 279      0CFDCEE3 
 279      72EF5E17 
 279      6BFFE8
 280 0063 9DF9BCF7 		.ascii	"\235\371\274\367;\347\367\375\276\307\371\316\341\254"
 280      3BE7F7FD 
 280      BEC7F9CE 
ARM GAS  /tmp/cchAKi0r.s 			page 21


 280      E1AC
 281 0071 6E8220BC 		.ascii	"n\202 \274\360\262 \\\027\005\341+,\010\223\360x\300"
 281      F0B2205C 
 281      1705E12B 
 281      2C0893F0 
 281      78C0
 282 0083 D84F82F2 		.ascii	"\330O\202\362\230@j@\352@\032@\232A\332A\256\200t\201"
 282      98406A40 
 282      EA401A40 
 282      9A41DA41 
 282      AE807481 
 283 0097 5C03E901 		.ascii	"\\\003\351\001\351\005\271\0112\014\002T\302\030y#A"
 283      E905B909 
 283      320C0254 
 283      C2187923 
 283      41
 284 00a8 704382D3 		.ascii	"pC\202\323\263\015t\003\274\277\006\361\001y\011\244"
 284      B30D7403 
 284      BCBF06F1 
 284      017909A4 
 285 00b8 12E48F30 		.ascii	"\022\344\2170\276\034\344\025\020\023b\034\357\300\373"
 285      BE1CE415 
 285      1013621C 
 285      EFC0FB
 286 00c7 3D907741 		.ascii	"=\220wA\020\217C\373\244\301\204\216\363\311\034&\216"
 286      108F43FB 
 286      A4C1848E 
 286      F3C91C26 
 286      8E
 287 00d8 97EDEA5C 		.ascii	"\227\355\352\\\330\355~\3168\020\217\003\361\374\265"
 287      D8ED7ECE 
 287      38108F03 
 287      F1FCB5
 288 00e7 4F364CCC 		.ascii	"O6L\314\370\0378H\375\310\373O\232\272\034\003]\017"
 288      F81F3848 
 288      FDC8FB4F 
 288      9ABA1C03 
 288      5D0F
 289 00f9 EF0BDC7E 		.ascii	"\357\013\334~\201\340:\227vn\377\231\306\276\230\327"
 289      81E03A97 
 289      766EFF99 
 289      C6BE98D7 
 290 0109 8CE4B302 		.ascii	"\214\344\263\002\276k\3718,-]\253\233.b/\003\234\247"
 290      BE6BF938 
 290      2C2D5DAB 
 290      9B2E622F 
 290      039CA7
 291 011c 8B1A9018 		.ascii	"\213\032\220\030>\207\271\313\360\376\002\336_\202<"
 291      3E87B9CB 
 291      F0FE02DE 
 291      5F823C
 292 012b 84EF2190 		.ascii	"\204\357!\220?\303\267\203\333\223\272w\361\230\310"
 292      3FC3B783 
 292      DB93BA77 
 292      F198C8
 293 013a BAD7F0D8 		.ascii	"\272\327\360\330\3064~\316<#6\322?\256\326\247\3629"
 293      C6347ECE 
ARM GAS  /tmp/cchAKi0r.s 			page 22


 293      3C2336D2 
 293      3FAED6A7 
 293      F239
 294 014c 63B320E6 		.ascii	"c\263 \346\324Ul=\252\330\032xlXS\267s\210\365\370\363"
 294      D4556C3D 
 294      AAD81A78 
 294      6C5853B7 
 294      7388F5F8 
 295 0161 FA088477 		.ascii	"\372\010\204w\223\312G\257\312G3\317\211\364\374J\215"
 295      93CA47AF 
 295      CA4733CF 
 295      89F4FC4A 
 295      8D
 296 0172 9F148C06 		.ascii	"\237\024\214\006b\277\3173]C]\224m&B|E\325\017\321'"
 296      62BFCF33 
 296      5D435D94 
 296      6D26427C 
 296      45D50FD1 
 297 0187 E587CC33 		.ascii	"\345\207\3143\200\210\344I\206\322\232\3219\304D\024"
 297      8088E449 
 297      86D29AD1 
 297      39C44414 
 298 0197 14AC62A1 		.ascii	"\024\254b\241bU\031#\372\0104\024u,42$\310\303\262{"
 298      62551923 
 298      FA083414 
 298      752C3432 
 298      24C8C3B2 
 299 01ac 348591F1 		.ascii	"4\205\221\361*V\304\215\\E'\260\365'E\350<4\354\320"
 299      2A56C48D 
 299      5C4527B0 
 299      F52745E8 
 299      3C34ECD0 
 300 01c0 77A3AB00 		.ascii	"w\243\253\000\375\253\227\220l\210@d4\353\330\203tO"
 300      FDAB9790 
 300      6C884064 
 300      34EBD883 
 300      744F
 301 01d2 2CD2EF9C 		.ascii	",\322\357\234\223\361\257\342\227\351g\351\301\356G"
 301      93F1AFE2 
 301      97E967E9 
 301      C1EE47
 302 01e1 DE7EF912 		.ascii	"\336~\371\022{\014\241\002*BX.g\227\343@\036\336\210"
 302      7B0CA102 
 302      2A42582E 
 302      6797E340 
 302      1EDE88
 303 01f4 D1022322 		.ascii	"\321\002#\"\021x\303\320\241\273%\217=\331\020A\264"
 303      1178C3D0 
 303      A1BB258F 
 303      3DD91041 
 303      B4
 304 0205 6C1ED93B 		.ascii	"l\036\331;\003/\241\337\315\011\2073\010\332\307\210"
 304      032FA1DF 
 304      CD098733 
 304      08DAC788 
 305 0215 74A0DEAB 		.ascii	"t\240\336\253O\357\365\002\365%#\232\233\202\305k\355"
 305      4FEFF502 
ARM GAS  /tmp/cchAKi0r.s 			page 23


 305      F525239A 
 305      9B82C56B 
 305      ED
 306 0226 E39D5EC8 		.ascii	"\343\235^\310\350\233(Iq\222=^r\377T@'\321\034T\206"
 306      E89B2849 
 306      71923D5E 
 306      72FF5440 
 306      27D11C54 
 307 023b E608E834 		.ascii	"\346\010\3504\362%\214\305\310O@%0x\002\006sH@\345}"
 307      F2258CC5 
 307      C84F4025 
 307      30780206 
 307      734840E5 
 308 0250 A91FA48D 		.ascii	"\251\037\244\215H\322\\t\012\031Q)\302\024\003\025X"
 308      48D25C74 
 308      0A195129 
 308      C2140315 
 308      58
 309 0261 6064211E 		.ascii	"`d!\036\330\273e\217\033^K\002\020\313v\335<+N\347\342"
 309      D8BB658F 
 309      1B5E4B02 
 309      10CB76DD 
 309      3C2B4EE7 
 310 0276 A7695D5C 		.ascii	"\247i]\\\312}\275z\235$\211\250\034\\\234Q\\\200G\346"
 310      CA7DBD7A 
 310      9D2489A8 
 310      1C5C9C51 
 310      5C8047E6 
 311 028a 6373E195 		.ascii	"cs\341\225\011o\234\217\250\223u\215E\267\247uR5\255"
 311      096F9C8F 
 311      A893758D 
 311      45B7A775 
 311      5235AD
 312 029d 93D182B7 		.ascii	"\223\321\202\267r\250\223JpR\2418)\227\235\034\316?"
 312      72A8934A 
 312      7052A138 
 312      29979D1C 
 312      CE3F
 313 02af D865D041 		.ascii	"\330e\320AkQD\244\216\214\235\235\034-\367f\025\025"
 313      6B5144A4 
 313      8E8C9D9D 
 313      1C2DF766 
 313      1515
 314 02c1 49B187EB 		.ascii	"I\261\207\353v{\260\212\316\004U\332xa\253\367\354\035"
 314      767BB08A 
 314      CE0455DA 
 314      7861ABF7 
 314      EC1D
 315 02d3 843E395E 		.ascii	"\204>9^\232)\242\257g\241s\340\264\032\234\012\310\201"
 315      9A29A2AF 
 315      67A173E0 
 315      B41A9C0A 
 315      C881
 316 02e5 66C3BF67 		.ascii	"f\303\277g\221\216\321\267\035\270\274A|\335.\225\227"
 316      918ED1B7 
 316      1DB8BC41 
 316      7CDD2E95 
ARM GAS  /tmp/cchAKi0r.s 			page 24


 316      97
 317 02f6 4BE54365 		.ascii	"K\345Ce\363\363.\367KR\022X\"\035A\242B%\242B\262\376"
 317      F3F32EF7 
 317      4B521258 
 317      221D41A2 
 317      4225A242 
 318 030c E838EA46 		.ascii	"\3508\352F\350\030\272\006MT\203^\007\202+\223%vO\274"
 318      E818BA06 
 318      4D54835E 
 318      07822B93 
 318      25764FBC 
 319 0320 993550FE 		.ascii	"\2315P\376\246\311\024\375\264\256k\251\353H\356y\317"
 319      A6C914FD 
 319      B4AE6BA9 
 319      EB48EE79 
 319      CF
 320 0331 84D43F83 		.ascii	"\204\324?\203{\036x+]*\217\223$\273H@\350\274\342\365"
 320      7B1E782B 
 320      5D2A8F93 
 320      24BB4840 
 320      E8BCE2F5 
 321 0345 BCD66B1D 		.ascii	"\274\326k\035\365z\346\366\336t\035\316b^k\033R\373"
 321      F57AE6F6 
 321      DE741DCE 
 321      625E6B1B 
 321      52FB
 322 0357 BD38D379 		.ascii	"\2758\323y\277)&\022\177\275\302T\257ej\240LE;\267\177"
 322      BF292612 
 322      7FBDC254 
 322      AF656AA0 
 322      4C453BB7 
 323 036c 808F32A2 		.ascii	"\200\2172\242\211\315\353\357\211\352\360I\311\225\370"
 323      89CDEBEF 
 323      89EAF049 
 323      C995F8
 324 037b 9B9CE22F 		.ascii	"\233\234\342/\355\257v\347N\007\017\371d\307K\271`6"
 324      EDAF76E7 
 324      4E070FF9 
 324      64C74BB9 
 324      6036
 325 038d 9F8050A3 		.ascii	"\237\200P\243\342\265Q\353\265\231zm\230p\034q\303\225"
 325      E2B551EB 
 325      B5997A6D 
 325      98701C71 
 325      C395
 326 039f CC6DFDD9 		.ascii	"\314m\375\331\326\324\031\270\203*\272]UE\203\036\310"
 326      D6D419B8 
 326      832ABA5D 
 326      5545831E 
 326      C8
 327 03b0 7D0E02B7 		.ascii	"}\016\002\267\310w\003\351&)>y&X.\236\203\026B/]\202"
 327      C87703E9 
 327      26293E79 
 327      26582E9E 
 327      8316422F 
 328 03c6 5EBA80DC 		.ascii	"^\272\200\334\201\365\"@\332 \262t\311@G\322%h\276\231"
 328      81F52240 
ARM GAS  /tmp/cchAKi0r.s 			page 25


 328      DA20B274 
 328      C94047D2 
 328      2568BE99 
 329 03da F43347DE 		.ascii	"\3643G\336\270\002QQ+\337\273,\362\311\352\341|\203"
 329      B8025151 
 329      2BDFBB2C 
 329      F2C9EAE1 
 329      7C83
 330 03ec 3A4D0251 		.ascii	":M\002Q\322\274\354\224f\355X\374v\271\270WKf\357\221"
 330      D2BCEC94 
 330      66ED58FC 
 330      76B9B857 
 330      4B66EF91 
 331 0400 F304146A 		.ascii	"\363\004\024jQ\362l\321\346\331N\363\334pt\360\232\036"
 331      51F26CD1 
 331      E6D94EF3 
 331      DC7074F0 
 331      9A1E
 332 0412 77B33C77 		.ascii	"w\263<wu\226\244\220\025\267\003\325d\347\302\276\343"
 332      7596A490 
 332      15B703D5 
 332      64E7C2BE 
 332      E3
 333 0423 9204AD2F 		.ascii	"\222\004\255/\351\350\232w(\\\035Z\256+\224+>\277#I"
 333      E9E89A77 
 333      285C1D5A 
 333      AE2B942B 
 333      3EBF2349 
 334 0437 8FE331E5 		.ascii	"\217\3431\345zXUW\255\343\\\003\277bk.\2615\357T\230"
 334      7A585557 
 334      ADE35C03 
 334      BF626B2E 
 334      B135EF54 
 335 044c 3AB54C5D 		.ascii	":\265L]\224\251f\374\250\027NfDI\355yv\023'\352xu\212"
 335      94A966FC 
 335      A8174E66 
 335      4449ED79 
 335      761327EA 
 336 0463 88847455 		.ascii	"\210\204tU!\272\252%\272F\211\266\036\033\315\324\343"
 336      21BAAA25 
 336      BA4689B6 
 336      1E1BCDD4 
 336      E3
 337 0474 0CC6345C 		.ascii	"\014\3064\\\034\373\300\2133\235\177\315)\244n\205\251"
 337      1CFBC08B 
 337      339D7FCD 
 337      29A46E85 
 337      A9
 338 0485 5BCBD443 		.ascii	"[\313\324C\231\362\0374\035\365\304\373\031\323\272"
 338      99F21F34 
 338      1DF5C4FB 
 338      19D3BA
 339 0494 CCDE514F 		.ascii	"\314\336QO\316\324\2209+\213\325|.\355\255\353\012\325"
 339      CED49039 
 339      2B8BD57C 
 339      2EEDADEB 
 339      0AD5
ARM GAS  /tmp/cchAKi0r.s 			page 26


 340 04a6 752D552F 		.ascii	"u-U/\245\272\267i\310\356\215\2172\252\311{\005mz\240"
 340      A5BAB769 
 340      C8EE8D8F 
 340      32AAC97B 
 340      056D7AA0 
 341 04ba EA96C8FE 		.ascii	"\352\226\310\376~+\363p\277\224h\244[\021\335P\230n"
 341      7E2BF370 
 341      BF9468A4 
 341      5B11DD50 
 341      986E
 342 04cc F0FE4037 		.ascii	"\360\376@7)C\371\360\336T\214O3\206\213\217N\215\231"
 342      2943F9F0 
 342      DE548C4F 
 342      33868B8F 
 342      4E8D99
 343 04df B0832ABA 		.ascii	"\260\203*\272\374\370\037\207u\310\227u\247Q\325ew`"
 343      FCF81F87 
 343      75C89775 
 343      A751D565 
 343      7760
 344 04f1 A7F4295D 		.ascii	"\247\364)]F[q\370\037d\230\266'y\323\223Q\312\226\360"
 344      465B71F8 
 344      1F6498B6 
 344      2779D393 
 344      51CA96F0 
 345 0505 ECA95EEE 		.ascii	"\354\251^\356\207^&S\002\032\000\302\333\320~\340\360"
 345      875E2653 
 345      021A00C2 
 345      DBD07EE0 
 345      F0
 346 0516 4886E3B1 		.ascii	"H\206\343\261\273\221\243\023\377\033\272\347\321d\225"
 346      BB91A313 
 346      FF1BBAE7 
 346      D16495
 347 0525 C9943475 		.ascii	"\311\2244u\352\242\273\020\211|\360\012\350\337\310"
 347      EAA2BB10 
 347      897CF00A 
 347      E8DFC8
 348 0534 C4BBBEB1 		.ascii	"\304\273\276\261v\373\016oz\220\302\030?H'\343\323\036"
 348      76FB0E6F 
 348      7A90C218 
 348      3F4827E3 
 348      D31E
 349 0546 4E7F5E0D 		.ascii	"N\177^\015\321\2150(\037\225\261\255mp\344\261R\336"
 349      D18D3028 
 349      1F95B1AD 
 349      6D70E4B1 
 349      52DE
 350 0558 79FCFEF9 		.ascii	"y\374\376\371\343R\202\236`\320-\245\220\267\344B\016"
 350      E352829E 
 350      60D02DA5 
 350      90B7E442 
 350      0E
 351 0569 D3428EF7 		.ascii	"\323B\216\367\247\264#vP\233@\275U\232Re$\231I<V\037"
 351      A7B42376 
 351      509B40BD 
 351      559A5265 
ARM GAS  /tmp/cchAKi0r.s 			page 27


 351      2499493C 
 352 057f 75A82334 		.ascii	"u\250#45\363\034t\217e\226=PR\251g\306\236\344\317\367"
 352      35F31C74 
 352      8F65963D 
 352      5052A967 
 352      C69EE4CF 
 353 0594 9E947D3A 		.ascii	"\236\224}:v\312\367\223iIj\032\322\373$\323\330%\351"
 353      76CAF793 
 353      69496A1A 
 353      D2FB24D3 
 353      D825E9
 354 05a7 434497E0 		.ascii	"CD\227\340\001\260\335\247l?#\037\231\223f\2723\343"
 354      01B0DDA7 
 354      6C3F231F 
 354      999366BA 
 354      33E3
 355 05b9 DE0C35FA 		.ascii	"\336\0145\372\356\263\320]ec]\246yC8\023\226\356!L\221"
 355      EEB3D05D 
 355      65635DA6 
 355      79433813 
 355      96EE214C 
 356 05ce F2D5E724 		.ascii	"\362\325\347$c\374\204\365DV\375\375\035F\274QG\225"
 356      63FC84F5 
 356      4456FDFD 
 356      1D46BC51 
 356      4795
 357 05e0 1F2E6EDE 		.ascii	"\037.n\336\257\1773[j\242\333\372\367i9Rbr,\265C\217"
 357      AF7F335B 
 357      6AA2DBFA 
 357      F7693952 
 357      62722CB5 
 358 05f6 A132B0E5 		.ascii	"\2412\260\345T\216\036\301\310(\232'\2401\364&\330>"
 358      548E1EC1 
 358      C8289A27 
 358      A031F426 
 358      D83E
 359 0608 196E7A62 		.ascii	"\031nzbb9\032I\275\034\3533\321\264\005\232\220\013"
 359      62391A49 
 359      BD1CEB33 
 359      D1B4059A 
 359      900B
 360 061a 34CE0A74 		.ascii	"4\316\012t\251=\241\204W\327\003\324\342\236\355g\334"
 360      A93DA184 
 360      57D703D4 
 360      E29EED67 
 360      DC
 361 062b 59812E93 		.ascii	"Y\201.\223\351\323\265-\355^\332\002\375\002lO(\333"
 361      E9D3B52D 
 361      ED5EDA02 
 361      FD026C4F 
 361      28DB
 362 063d 244D7942 		.ascii	"$MyBN\371\302\325M\001\332\372L\013N\335\225]$\316K"
 362      4EF9C2D5 
 362      4D01DAFA 
 362      4C0B4EDD 
 362      955D24CE 
 363 0652 D191FA48 		.ascii	"\321\221\372H\"\255OO^(\266\263\202d\326<\236\300\274"
ARM GAS  /tmp/cchAKi0r.s 			page 28


 363      22AD4F4F 
 363      5E28B6B3 
 363      8264D63C 
 363      9EC0BC
 364 0665 201DAFC5 		.ascii	" \035\257\305\332\313\023\346\022\024\255\006\354v\025"
 364      DACB13E6 
 364      1214AD06 
 364      EC7615
 365 0674 6D9C086D 		.ascii	"m\234\010m%B5\342ER\215\261\244\214;\206y\005j\332\272"
 365      254235E2 
 365      45528DB1 
 365      A48C3B86 
 365      79056ADA 
 366 0689 D69D7D1E 		.ascii	"\326\235}\036\270\224\021\217\346\234\3125\311\304\277"
 366      B894118F 
 366      E69CCA35 
 366      C9C4BF
 367 0698 7626EE75 		.ascii	"v&\356u\"^\007\304\011\204x=%\226K\343\303K\223^\366"
 367      225E07C4 
 367      0984783D 
 367      25964BE3 
 367      C34B935E 
 368 06ad E03C6F2D 		.ascii	"\340<o-\003\231\036\314+\366d\225+'\323\255\267\262"
 368      03991ECC 
 368      2BF66495 
 368      2B27D3AD 
 368      B7B2
 369 06bf 12F8AA34 		.ascii	"\022\370\2524\021\275\262\355\334\260\016;X\020\251"
 369      11BDB2ED 
 369      DCB00E3B 
 369      5810A9
 370 06ce 2D479691 		.ascii	"-G\226\221%\212\177\256\253\024I\241n\274^\217\033\230"
 370      258A7FAE 
 370      AB1449A1 
 370      6EBC5E8F 
 370      1B98
 371 06e0 F5C6B385 		.ascii	"\365\306\263\205\325\3742\350 zJie\231\007nf\223\275"
 371      D5FC32E8 
 371      207A4A69 
 371      6599076E 
 371      6693BD
 372 06f3 49D72BDD 		.ascii	"I\327+\335p\033S\344\240|xP\231W~\206\313@\007\233,"
 372      701B53E4 
 372      A07C7850 
 372      99577E86 
 372      CB40079B 
 373 0708 2B3E59CD 		.ascii	"+>Y\315\023X\250\272\001\371\260\033P\321\255\232j#"
 373      1358A8BA 
 373      01F9B01B 
 373      50D1AD9A 
 373      6A23
 374 071a CB4742A0 		.ascii	"\313GB\240\237j\351\374\020_c\226\025#\207\367\363\334"
 374      9F6AE9FC 
 374      105F6396 
 374      152387F7 
 374      F3DC
 375 072c 30A8DDC9 		.ascii	"0\250\335\311\225\223\336\323v\\\252\310;n\247HS\371"
ARM GAS  /tmp/cchAKi0r.s 			page 29


 375      9593DED3 
 375      765CAAC8 
 375      3B6EA748 
 375      53F9
 376 073e 39F9F01F 		.ascii	"9\371\360\037\224&\321\321\233\341vq\016J\021\011:M"
 376      9426D1D1 
 376      9BE17671 
 376      0E4A1109 
 376      3A4D
 377 0750 F4916DE8 		.ascii	"\364\221m\350y\321\263\357\252\227\032\275I|\006\272"
 377      79D1B3EF 
 377      AA971ABD 
 377      497C06BA 
 378 0760 207BDF4E 		.ascii	" {\337N#\356eA\356\272\337u\233\257\227/\271\227?,\213"
 378      23EE6541 
 378      EEBADF75 
 378      9BAF972F 
 378      B9973F2C 
 379 0775 37E03E36 		.ascii	"7\340>6\267\355\364\356\372\031\370\016S\344\313\264"
 379      B7EDF4EE 
 379      FA19F80E 
 379      53E4CBB4 
 380 0785 0FBD4CA3 		.ascii	"\017\275L\243\270K\037\343!6sf\313\326.\204\3573e0\341"
 380      B84B1FE3 
 380      21367366 
 380      CBD62E84 
 380      EF336530 
 381 079a 6637AFCF 		.ascii	"f7\257\317lP\267\327\336Y\200\037\261\251_\034\225\013"
 381      6C50B7D7 
 381      DE59801F 
 381      B1A95F1C 
 381      950B
 382 07ac F02FECBB 		.ascii	"\360/\354\273\272(w?\302p\252\021e$\275\372\216\021"
 382      BA28773F 
 382      C270AA11 
 382      6524BDFA 
 382      8E11
 383 07be 2732C5DE 		.ascii	"'2\305\336\222q\302\20072%\347\321\216\034\023Nf"
 383      9271C280 
 383      373225E7 
 383      D18E1C13 
 383      4E66
 384 07d0 CA85928B 		.ascii	"\312\205\222\213\211\036x;S\022\217\034I\365\300iL\211"
 384      891E783B 
 384      53128F1C 
 384      49F5C069 
 384      4C89
 385 07e2 2B6BDFC2 		.ascii	"+k\337\302o\251\335D\277\261\357\206\235\357O\311\215"
 385      6FA9DD44 
 385      BFB1EF86 
 385      9DEF4FC9 
 385      8D
 386 07f3 FCE56DA9 		.ascii	"\374\345m\251\033Ex7\003o\031\036\331\3466\355:\024"
 386      1B457837 
 386      036F191E 
 386      D9E636ED 
 386      3A14
ARM GAS  /tmp/cchAKi0r.s 			page 30


 387 0805 C8EBB090 		.ascii	"\310\353\260\220.Cqa\366\220A\273\016\377\204\312&\322"
 387      2E437161 
 387      F69041BB 
 387      0EFF84CA 
 387      26D2
 388 0817 CA1EA295 		.ascii	"\312\036\242\225-\220+[Uu\352\011\322\256\303t\350Y"
 388      2D902B5B 
 388      5575EA09 
 388      D2AEC374 
 388      E859
 389 0829 E51BECEB 		.ascii	"\345\033\354\353<\320|\366\2748_~|\311?{\244\204x\370"
 389      3CD07CF6 
 389      BC385F7E 
 389      7CC93F7B 
 389      A48478F8 
 390 083d 5D908FBB 		.ascii	"]\220\217\273\016\376\353{\311^\201(\325n\330k'\304"
 390      0EFEEB7B 
 390      C95E8128 
 390      D56ED86B 
 390      27C4
 391 084f 17957D90 		.ascii	"\027\225}\220AyO\222\310\005fR\021\001\327\201\004L"
 391      41794F92 
 391      C8056652 
 391      1101D781 
 391      044C
 392 0861 E17BB5F0 		.ascii	"\341{\265\360=\024\356\257\240\257\207+\350\\-:\321"
 392      3D14EEAF 
 392      A0AF872B 
 392      E85C2D3A 
 392      D1
 393 0872 091D2B95 		.ascii	"\011\035+\225\217E\304Rt:\034\004;8Z\3562\264\355\251"
 393      8F45C452 
 393      743A1C04 
 393      3B385AEE 
 393      32B4EDA9 
 394 0886 500654E4 		.ascii	"P\006T\344\373]\223\253\341#*x\216\026\236\242\215\274"
 394      FB5D93AB 
 394      E1232A78 
 394      8E169EA2 
 394      8DBC
 395 0898 2552416F 		.ascii	"%RAo\326\242\377\245\"\337\302W\003~g\010(\037\242\315"
 395      D6A2FFA5 
 395      22DFC257 
 395      037E6708 
 395      281FA2CD 
 396 08ac A393040F 		.ascii	"\243\223\004\017\307\007\252\020}\321Iq>*\0019\006R"
 396      C707AA10 
 396      7DD14971 
 396      3E2A0139 
 396      0652
 397 08be 08520452 		.ascii	"\010R\004R\005r\024\244\024\3444\310)\220j\220# gA\216"
 397      057214A4 
 397      14E434C8 
 397      29906A90 
 397      23206741 
 398 08d3 83948394 		.ascii	"\203\224\203\224\201\024\203T\202\234\001\371I\234O"
 398      81148354 
ARM GAS  /tmp/cchAKi0r.s 			page 31


 398      829C01F9 
 398      499C4F
 399 08e2 FF2CB328 		.ascii	"\377,\263(;T9\035\320Fi\326V\340\274j\355\262]\257\235"
 399      3B54391D 
 399      D04669D6 
 399      56E0BC6A 
 399      EDB25DAF 
 400 08f7 135C5582 		.ascii	"\023\\U\202d\327%P\027L\025\312\217.CQ\201;T\221\330"
 400      64D72550 
 400      174C15CA 
 400      8F2E4351 
 400      813B5491 
 401 090c B5E0CCA7 		.ascii	"\265\340\314\247\"iQ\301\263\\\303\325M\247\212{\243"
 401      226951C1 
 401      B35CC3D5 
 401      4DA78A7B 
 401      A3
 402 091d 169DF474 		.ascii	"\026\235\364tG\253\340[\265\360-\316p\350\317\201H\326"
 402      47ABE05B 
 402      B5F02DCE 
 402      70E8CF81 
 402      48D6
 403 092f A487A149 		.ascii	"\244\207\241I\017r\270\274\005\321\006%\026\366\243"
 403      0F72B8BC 
 403      05D10625 
 403      16F6A3
 404 093e B8E1AE4F 		.ascii	"\270\341\256O,\264\006A\011\374f\245\254\336\325A\362"
 404      2CB40641 
 404      09FC66A5 
 404      ACDED541 
 404      F2
 405 094f 63CBB190 		.ascii	"c\313\261\220\272\376\336u\244\252\274\306T\025\336"
 405      BAFEDE75 
 405      A4AABCC6 
 405      5415DE
 406 095e E7BA819D 		.ascii	"\347\272\201\235\372]U\264]Z\370\266\247\212\246B\377"
 406      FA5D55B4 
 406      5D5AF8B6 
 406      A78AA642 
 406      FF
 407 096f E0FA18A0 		.ascii	"\340\372\030\240hr\245\252k\313\365\302\227\350i'\026"
 407      6872A5AA 
 407      6BCBF5C2 
 407      97E86927 
 407      16
 408 0980 26B6E77B 		.ascii	"&\266\347{#\337\027Y\272\017\007\335\340\016\215j\300"
 408      23DF1759 
 408      BA0F07DD 
 408      E00E8D6A 
 408      C0
 409 0991 F89C3875 		.ascii	"\370\2348u\225$\311O\263Q\220\003\366\307\377{\257\220"
 409      9524C94F 
 409      B3519003 
 409      F6C7FF7B 
 409      AF90
 410 09a3 9FB867B2 		.ascii	"\237\270g\262\212u\352\273u\215*?\370m.\322\2735y\223"
 410      8A75EABB 
ARM GAS  /tmp/cchAKi0r.s 			page 32


 410      758D2A3F 
 410      F86D2ED2 
 410      BB357993 
 411 09b7 FF7119DD 		.ascii	"\377q\031\335=\244{#\213f4T6\367D\234\024G\356\323\364"
 411      3DA47B23 
 411      8B663454 
 411      36F7449C 
 411      1447EED3 
 412 09cc 172FBB13 		.ascii	"\027/\273\023\327\212o\020\322\365\023}\236\0347\262"
 412      D78A6F10 
 412      D2F5137D 
 412      9E1C37B2 
 413 09dc 444A3450 		.ascii	"DJ4PP\273\014\252\243\240\314\211\3614/\265g\362\203"
 413      50BB0CAA 
 413      A3A0CC89 
 413      F1342FB5 
 413      67F283
 414 09ef 45F15CCF 		.ascii	"E\361\\\317=\327S\317\255\365\2673\261\032|\331\011"
 414      3DD753CF 
 414      ADF5B733 
 414      B11A7CD9 
 414      09
 415 0a00 DCC0C10D 		.ascii	"\334\300\301\015\024\034W\321\224jP\203\207\234\300"
 415      141C57D1 
 415      946A5083 
 415      879CC0
 416 0a0f 8D1CDC48 		.ascii	"\215\034\334H\301C}\025\005F5\230\\j\025p\023\0077Q"
 416      C1437D15 
 416      05463598 
 416      5C6A1570 
 416      13073751 
 417 0a23 70CBE68D 		.ascii	"p\313\346\215\205\336j\260\303\211\271\231\203\233)"
 417      85DE6AB0 
 417      C389B999 
 417      839B29
 418 0a32 78774DEE 		.ascii	"xwM\356\337\324Xr\215S\260-\034\333B\261\025\005mw\335"
 418      DFD45872 
 418      8D53B02D 
 418      1CDB42B1 
 418      15056D77 
 419 0a47 D5E02627 		.ascii	"\325\340&'\342V\016n\245\340'\215\235\237\362\352\216"
 419      E2560E6E 
 419      A5E0278D 
 419      9D9FF2EA 
 419      8E
 420 0a58 77BE9F29 		.ascii	"w\276\237)%\317\244\365\355\225\353{A|C\360\211\261"
 420      25CFA4F5 
 420      ED95EB7B 
 420      417C43F0 
 420      89B1
 421 0a6a 59C3C357 		.ascii	"Y\303\303WYclA\3216kPxPt\304+~~\346\200\320\260o\302"
 421      59636C41 
 421      D1366B50 
 421      785074C4 
 421      2B7E7EE6 
 422 0a83 BE083447 		.ascii	"\276\0104G\305\230C\203\302\3151\321\301\346\030\233"
 422      C5984383 
ARM GAS  /tmp/cchAKi0r.s 			page 33


 422      C2CD31D1 
 422      C1E6189B 
 423 0a93 5FB0E193 		.ascii	"_\260\341\223\317\37727\300\337_0Z\255k\302\"m\213\027"
 423      CFFF3237 
 423      C0DF5F30 
 423      5AAD6BC2 
 423      226D8B17 
 424 0aa7 596DEF98 		.ascii	"Ym\357\230\327\304D\233\301\356\355\310\250\310\220"
 424      D7C4449B 
 424      C1EEEDC8 
 424      A8C890
 425 0ab6 B74382BE 		.ascii	"\267C\202\276\0113\207E\006\207\257Y\025b\216\010\012"
 425      09338745 
 425      0687AF59 
 425      15628E08 
 425      0A
 426 0ac7 0E0D8B0C 		.ascii	"\016\015\213\0141[W\205|\033\264&\334f\265\255]\035"
 426      315B5785 
 426      7C1BB426 
 426      DC66B5AD 
 426      5D1D
 427 0ad9 12E3172A 		.ascii	"\022\343\027*\030d\353\337>\303:fm\214\031\002[\005"
 427      1864EBDF 
 427      3EC33A66 
 427      6D8C1902 
 427      5B05
 428 0aeb 50307107 		.ascii	"P0q\007\325\026\026\021b\265\375\3069\300h\333\224E"
 428      D5161611 
 428      62B5FDC6 
 428      39C068DB 
 428      9445
 429 0afd 70280171 		.ascii	"p(\001q\037\376O\347\261:*\332\026c\016\\\271b\361\""
 429      1FFE4FE7 
 429      B13A2ADA 
 429      16630E5C 
 429      B962F122 
 430 0b11 F3679F2D 		.ascii	"\363g\237-5\257\\\276\342;\1773+\001X\2740U\214\250"
 430      35AF5CBE 
 430      E23B7F33 
 430      2B0158BC 
 430      30558CA8 
 431 0b25 D5AC1633 		.ascii	"\325\254\0263\345\221\020\233\363\300\337\345\201Y|"
 431      E591109B 
 431      F3C0DFE5 
 431      81597C
 432 0b34 202C86E9 		.ascii	" ,\206\351\326\240`[\330w!z\353\307QQ\341n1\266\345"
 432      D6A0605B 
 432      D877217A 
 432      EBC75151 
 432      E16E31B6 
 433 0b49 9161B657 		.ascii	"\221a\266W\247\257\250`\212\261\005\222\332\177D\214"
 433      A7AFA860 
 433      8AB10592 
 433      DA7F448C 
 434 0b59 3D8812B5 		.ascii	"=\210\022\265\232~\033\341;\304&\177~\0222\205`\356"
 434      9A7E1BE1 
 434      3BC4267F 
ARM GAS  /tmp/cchAKi0r.s 			page 34


 434      7E123285 
 434      60EE
 435 0b6b 80D63D38 		.ascii	"\200\326=84pm\314\247A\3416]phP\364\274g\227\005\362"
 435      34706DCC 
 435      A741E136 
 435      5D706850 
 435      F4BC6797 
 436 0b81 F354FB12 		.ascii	"\363T\373\022<\255\326o\327D\006[\255~K\374\337{\337"
 436      3CADD66F 
 436      D744065B 
 436      AD7E4BFC 
 436      DF7BDF
 437 0b94 206B1E8A 		.ascii	" k\036\212_'\310\357\336\365P\302p\236Y\242\017\010"
 437      5F27C8EF 
 437      DEF550C2 
 437      709E59A2 
 437      0F08
 438 0ba6 5861592C 		.ascii	"XaY,~a\321-]\361\221\005/\015\260\350>^\272\322\202"
 438      7E61D12D 
 438      5DF19105 
 438      2F0DB0E8 
 438      3E5EBAD2 
 439 0bbb 03022CD8 		.ascii	"\003\002,\330\002\362\221\305\202\277\014\014\300\001"
 439      02F291C5 
 439      82BF0C0C 
 439      C001
 440 0bc9 9FAFD405 		.ascii	"\237\257\324\005\004,\263P\374\"\372\257?^\366\211E"
 440      042CB350 
 440      FC22FAAF 
 440      3F5EF689 
 440      45
 441 0bda 0C04CBE5 		.ascii	"\014\004\313\345\313,\272\300\025\200\016\260,\002\361"
 441      CB2CBAC0 
 441      15800EB0 
 441      2C02F1
 442 0be9 07E45796 		.ascii	"\007\344W\226w\236\177\021#H?\205E@\236\036S\212\325"
 442      779E7F11 
 442      23483F85 
 442      45409E1E 
 442      538AD5
 443 0bfc F61FF397 		.ascii	"\366\037\363\227-\013"
 443      2D0B
 444              		.text
 445              		.section	.gnu.lto_.symtab.89807cbb208b73cf,"",%progbits
 446 0000 7374496E 		.ascii	"stInit\000"
 446      697400
 447 0007 00       		.ascii	"\000"
 448 0008 00       		.ascii	"\000"
 449 0009 00       		.ascii	"\000"
 450 000a 00000000 		.ascii	"\000\000\000\000\000\000\000\000"
 450      00000000 
 451 0012 DB000000 		.ascii	"\333\000\000\000"
 452 0016 73745374 		.ascii	"stStartAlarm\000"
 452      61727441 
 452      6C61726D 
 452      00
 453 0023 00       		.ascii	"\000"
ARM GAS  /tmp/cchAKi0r.s 			page 35


 454 0024 00       		.ascii	"\000"
 455 0025 00       		.ascii	"\000"
 456 0026 00000000 		.ascii	"\000\000\000\000\000\000\000\000"
 456      00000000 
 457 002e DD000000 		.ascii	"\335\000\000\000"
 458 0032 73745374 		.ascii	"stStopAlarm\000"
 458      6F70416C 
 458      61726D00 
 459 003e 00       		.ascii	"\000"
 460 003f 00       		.ascii	"\000"
 461 0040 00       		.ascii	"\000"
 462 0041 00000000 		.ascii	"\000\000\000\000\000\000\000\000"
 462      00000000 
 463 0049 DF000000 		.ascii	"\337\000\000\000"
 464 004d 73745365 		.ascii	"stSetAlarm\000"
 464      74416C61 
 464      726D00
 465 0058 00       		.ascii	"\000"
 466 0059 00       		.ascii	"\000"
 467 005a 00       		.ascii	"\000"
 468 005b 00000000 		.ascii	"\000\000\000\000\000\000\000\000"
 468      00000000 
 469 0063 E1000000 		.ascii	"\341\000\000\000"
 470 0067 73744765 		.ascii	"stGetAlarm\000"
 470      74416C61 
 470      726D00
 471 0072 00       		.ascii	"\000"
 472 0073 00       		.ascii	"\000"
 473 0074 00       		.ascii	"\000"
 474 0075 00000000 		.ascii	"\000\000\000\000\000\000\000\000"
 474      00000000 
 475 007d E3000000 		.ascii	"\343\000\000\000"
 476 0081 73745F6C 		.ascii	"st_lld_init\000"
 476      6C645F69 
 476      6E697400 
 477 008d 00       		.ascii	"\000"
 478 008e 02       		.ascii	"\002"
 479 008f 00       		.ascii	"\000"
 480 0090 00000000 		.ascii	"\000\000\000\000\000\000\000\000"
 480      00000000 
 481 0098 E5000000 		.ascii	"\345\000\000\000"
 482 009c 63685379 		.ascii	"chSysHalt\000"
 482      7348616C 
 482      7400
 483 00a6 00       		.ascii	"\000"
 484 00a7 02       		.ascii	"\002"
 485 00a8 00       		.ascii	"\000"
 486 00a9 00000000 		.ascii	"\000\000\000\000\000\000\000\000"
 486      00000000 
 487 00b1 F0000000 		.ascii	"\360\000\000\000"
 488              		.text
 489              		.section	.gnu.lto_.opts,"",%progbits
 490 0000 272D666D 		.ascii	"'-fmath-errno' '-fsigned-zeros' '-ftrapping-math' '"
 490      6174682D 
 490      6572726E 
 490      6F272027 
 490      2D667369 
ARM GAS  /tmp/cchAKi0r.s 			page 36


 491 0033 2D666E6F 		.ascii	"-fno-trapv' '-fno-strict-overflow' '-fno-openmp' '-"
 491      2D747261 
 491      70762720 
 491      272D666E 
 491      6F2D7374 
 492 0066 666E6F2D 		.ascii	"fno-openacc' '-mcpu=cortex-m4' '-mfloat-abi=hard' '"
 492      6F70656E 
 492      61636327 
 492      20272D6D 
 492      6370753D 
 493 0099 2D6D6670 		.ascii	"-mfpu=fpv4-sp-d16' '-mno-thumb-interwork' '-mthumb'"
 493      753D6670 
 493      76342D73 
 493      702D6431 
 493      36272027 
 494 00cc 20272D4F 		.ascii	" '-O0' '-Werror' '-fomit-frame-pointer' '-falign-fu"
 494      30272027 
 494      2D576572 
 494      726F7227 
 494      20272D66 
 495 00ff 6E637469 		.ascii	"nctions=16' '-ffunction-sections' '-fdata-sections'"
 495      6F6E733D 
 495      31362720 
 495      272D6666 
 495      756E6374 
 496 0132 20272D66 		.ascii	" '-fno-common' '-flto' '-fsingle-precision-constant"
 496      6E6F2D63 
 496      6F6D6D6F 
 496      6E272027 
 496      2D666C74 
 497 0165 2700     		.ascii	"'\000"
 498              		.text
 499              		.comm	__gnu_lto_v1,1,1
 500              		.comm	__gnu_lto_slim,1,1
 501              		.ident	"GCC: (GNU Tools for Arm Embedded Processors 7-2017-q4-major) 7.2.1 20170904 (release) [ARM
ARM GAS  /tmp/cchAKi0r.s 			page 37


DEFINED SYMBOLS
                            *ABS*:0000000000000000 st.c
                            *COM*:0000000000000001 __gnu_lto_v1
                            *COM*:0000000000000001 __gnu_lto_slim

NO UNDEFINED SYMBOLS
