ARM GAS  /tmp/ccrnUhVQ.s 			page 1


   1              		.cpu cortex-m4
   2              		.eabi_attribute 27, 1
   3              		.eabi_attribute 28, 1
   4              		.eabi_attribute 20, 1
   5              		.eabi_attribute 21, 1
   6              		.eabi_attribute 23, 3
   7              		.eabi_attribute 24, 1
   8              		.eabi_attribute 25, 1
   9              		.eabi_attribute 26, 1
  10              		.eabi_attribute 30, 6
  11              		.eabi_attribute 34, 1
  12              		.eabi_attribute 18, 4
  13              		.file	"st_lld.c"
  14              		.section	.gnu.lto_.inline.dc9be9ecc327086d,"",%progbits
  15 0000 789C858C 		.ascii	"x\234\205\214\261\021\200 \014\000\037\210\010h\343"
  15      B1118020 
  15      0C001F88 
  15      0868E3
  16 000f 045A5B38 		.ascii	"\004Z[8\212\2639\202\3438\216#\010\205X\230\323\024"
  16      8AB33982 
  16      E3388E23 
  16      08855898 
  16      D314
  17 0021 9FBBBF7C 		.ascii	"\237\273\277|<0\033\352t \016\254\234\013\202-\312\274"
  17      3C301BEA 
  17      74200EAC 
  17      9C0B822D 
  17      CABC
  18 0033 8C45FA4C 		.ascii	"\214E\372L\273\217\365&e8]\013~R\364\203F\357\274\256"
  18      BB8FF526 
  18      65385D0B 
  18      7E52F483 
  18      46EFBCAE 
  19 0047 DBBF7741 		.ascii	"\333\277wA\357\"\351\3403\324\220\210C\216\302\266\336"
  19      EF22E9E0 
  19      33D49088 
  19      438EC2B6 
  19      DE
  20 0058 912BCFF3 		.ascii	"\221+\317\363\276\000\033n\014k"
  20      BE001B6E 
  20      0C6B
  21              		.text
  22              		.section	.gnu.lto_port_lock.dc9be9ecc327086d,"",%progbits
  23 0000 789C5550 		.ascii	"x\234UPKhSA\024\275\347\315$J\375\340\306])/\213,\212"
  23      4B685341 
  23      14BDE7CD 
  23      244AFDE0 
  23      C65D292F 
  24 0017 F2C69D6B 		.ascii	"\362\306\235k\011\010.\202\320\354\225\366\371 \201"
  24      09082E82 
  24      D0EC95F6 
  24      F92081
  25 0026 A6292F2F 		.ascii	"\246)//\265n\354\020\012I\321\235m\325\020\251\250\240"
  25      B56EEC10 
  25      0A49D19D 
  25      6DD510A9 
  25      A8A0
ARM GAS  /tmp/ccrnUhVQ.s 			page 2


  26 0038 0B3FB5F5 		.ascii	"\013?\265\365\327O\352\303\202\270\021\242\350\316U"
  26      D74FEAC3 
  26      82B811A2 
  26      E8CE55
  27 0047 AB2D7E10 		.ascii	"\253-~\020\252\033W\265w& \366\302\235\341\336\271\347"
  27      AA1B57B5 
  27      772620F6 
  27      C29DE1DE 
  27      B9E7
  28 0059 CC393749 		.ascii	"\31497ID7@t\221\357\303\234$\010\016q\202\233\004\032"
  28      44374074 
  28      91EFC39C 
  28      24080E71 
  28      829B041A 
  29 006d 733086CB 		.ascii	"s0\206\313bR\340Umc\301\351\275\2539\342\253\263=\367"
  29      6252E055 
  29      6D63C1E9 
  29      BDAB39E2 
  29      ABB33DF7 
  30 0081 755B8BA6 		.ascii	"u[\213\246 \232\026d\003\363\350%\236[{\274=u );}<A"
  30      209A1664 
  30      03F3E825 
  30      9E5B7BBC 
  30      3D752029 
  31 0099 925908FC 		.ascii	"\222Y\010\374\360n|\266).1\006\220\\n\275m\254\0374"
  31      F06E7CB6 
  31      292E3106 
  31      905C6EBD 
  31      6DAC1F34 
  32 00ad A50397CB 		.ascii	"\245\003\227\313\315\345\332\007\010\017\206\342\307"
  32      CDE5DA07 
  32      080F86E2 
  32      C7
  33 00ba 463D96E9 		.ascii	"F=\226\351\333ZWu\334\306\033-\233B\3409\004S\342\031"
  33      DB5A5775 
  33      DCC61B2D 
  33      9B42E039 
  33      0453E219 
  34 00ce BAF114DD 		.ascii	"\272\361\024\335\235/_ \375\350}\"\326\333\177k:\376"
  34      9D2F5F20 
  34      FDE87D22 
  34      D6DB7F6B 
  34      3AFE
  35 00e0 7C07BFCF 		.ascii	"|\007\277\317H\307v\211\352V\326\204`3\342\033\252\021"
  35      48C77689 
  35      EA56D684 
  35      6033E21B 
  35      AA11
  36 00f2 3584C3D4 		.ascii	"5\204\303\324\265\257\272%\315\257\002.\026\230\347"
  36      B5AFBA25 
  36      CDAF022E 
  36      1698E7
  37 0101 3BAA6BF3 		.ascii	";\252k\363\253\327_\343\237\364qk\361J\273\307\022\031"
  37      ABD75FE3 
  37      9FF4716B 
  37      F14ABBC7 
  37      1219
ARM GAS  /tmp/ccrnUhVQ.s 			page 3


  38 0113 07D302FF 		.ascii	"\007\323\002\377;\303\"\222X2\306\370\000\333\363\371"
  38      3BC32292 
  38      5832C6F8 
  38      00DBF3F9 
  39 0123 F1D6CCDC 		.ascii	"\361\326\314\334\237\256T4\243\257\271M!\315\370\203"
  39      9FAE5434 
  39      A3AFB94D 
  39      21CDF883 
  40 0133 F525BD57 		.ascii	"\365%\275W\232e.#E\246\363\251\2618\331e\024\266 \033"
  40      9A652E23 
  40      45A6F3A9 
  40      B138D965 
  40      14B6201B 
  41 0147 461956EC 		.ascii	"F\031V\354*\356\255\254~\331\237:\337\301&\314\344\257"
  41      2AEEADAC 
  41      7ED99F3A 
  41      DFC126CC 
  41      E4AF
  42 0159 87731FF7 		.ascii	"\207s\037\367Y\354K\203E\014I?Q\275\271\331\202]\251"
  42      59EC4B83 
  42      450C493F 
  42      51BDB9D9 
  42      825DA9
  43 016c 893AAB22 		.ascii	"\211:\253\"\0369\342y*\223/\014\024N\347T\251\254\302"
  43      1E39E279 
  43      2A932F0C 
  43      144EE754 
  43      A9ACC2
  44 017f 480D97C2 		.ascii	"H\015\227\302\250\254N\364e3\331Q\345\347\375R\030\234"
  44      A8AC4EF4 
  44      6533D951 
  44      E5E7FD52 
  44      189C
  45 0191 1D395EF4 		.ascii	"\0359^\364\362\224\030\351\037\254\004\336nD0\032\251"
  45      F29418E9 
  45      1FAC04DE 
  45      6E44301A 
  45      A9
  46 01a2 4C36772A 		.ascii	"L6w*\247\012C\376`\345\\\240,\302/\236\254\014\371\014"
  46      A70A43FE 
  46      60E55CA0 
  46      2CC22F9E 
  46      AC0CF90C 
  47 01b6 3A94CDF5 		.ascii	":\224\315\365\271\003\375\345`8,\034u\323\307\310\011"
  47      B903FDE5 
  47      60382C1C 
  47      75D3C7C8 
  47      09
  48 01c7 694F3128 		.ascii	"iO1(\226\302\013\264\003f$\243\365"
  48      96C20BB4 
  48      036624A3 
  48      F5
  49              		.text
  50              		.section	.gnu.lto_port_unlock.dc9be9ecc327086d,"",%progbits
  51 0000 789C5550 		.ascii	"x\234UPMkSA\024\275\347\315$\225\372\201\233\356\012"
  51      4D6B5341 
  51      14BDE7CD 
ARM GAS  /tmp/ccrnUhVQ.s 			page 4


  51      2495FA81 
  51      9BEE0A
  52 0013 4D165914 		.ascii	"M\026Y\024\345\215;\327\022\020\\\204B\363\003J\373"
  52      E58D3BD7 
  52      12105C84 
  52      42F3034A 
  52      FB
  53 0024 7C9040D3 		.ascii	"|\220@\323\224\227\227Z7v\010\225D\332E\301\0325D\""
  53      9497975A 
  53      37760895 
  53      44DA45C1 
  53      1A354422 
  54 0038 2AE8C2CF 		.ascii	"*\350\302\317\326\257~\230>Z\0207b\025\335\271j\261"
  54      D6AF7E98 
  54      3E5A1037 
  54      6215DDB9 
  54      6AB1
  55 004a 828AA0B8 		.ascii	"\202\212\240\270pU{g\002\242\027\356\014\367\316=g\316"
  55      70557B67 
  55      02A217EE 
  55      0CF7CE3D 
  55      67CE
  56 005c B97122BA 		.ascii	"\271q\"\272\006\242s|\367p\222 8\304\011n\022h\312\301"
  56      06A2737C 
  56      F7709220 
  56      38C4096E 
  56      1268CAC1 
  57 0070 1466C5BC 		.ascii	"\024f\305\274\300zug\311\351\277\2559\242\313s}w\365"
  57      C07A7567 
  57      C9E9BFAD 
  57      39A2CB73 
  57      7D77F5
  58 0083 A6164D41 		.ascii	"\246\026MAT\027d\003\213\350'\236\333z\264{\351`\\v"
  58      54176403 
  58      8BE8279E 
  58      DB7AB47B 
  58      E9605C76 
  59 0097 FA788C38 		.ascii	"\372x\2148\263\020\370\341\355\364\303\246\230a\014"
  59      B310F8E1 
  59      EDF4C3A6 
  59      98610C
  60 00a6 20B9FCF1 		.ascii	" \271\374\361\272\261}\310\224\016\022\\~^\255\276\207"
  60      BAB17DC8 
  60      940E125C 
  60      7E5EADBE 
  60      87
  61 00b7 706128BE 		.ascii	"pa(\276\355\324\"\231\272\251uEG\233x\245eS\010<\203"
  61      EDD42299 
  61      BAA97545 
  61      479B78A5 
  61      6553083C 
  62 00cc 604A3C45 		.ascii	"`J<E/\236\240\267\363\345s\244\036\274\213Ez\367OUG"
  62      2F9EA0B7 
  62      F3E573A4 
  62      1EBC8B45 
  62      7AF74F55 
  63 00e1 BF6EA135 		.ascii	"\277n\2415$\035\333%\252YY\027\004\233\021_P\011\251"
ARM GAS  /tmp/ccrnUhVQ.s 			page 5


  63      241DDB25 
  63      AA595917 
  63      049B115F 
  63      5009A9
  64 00f4 211CA6AE 		.ascii	"!\034\246\256\237_\177\323e~\025 ,1\317WT\266\0267\256"
  64      9F5F7FD3 
  64      657E1520 
  64      2C31CF57 
  64      54B61637 
  65 0109 BEC45FE9 		.ascii	"\276\304_\351\323\326\342\305z\237%2\016\352\002\377"
  65      D3D6E2C5 
  65      7A9F2532 
  65      0EEA02FF 
  66 0119 3AC332E2 		.ascii	":\3032\342X1\306\370`\032\362\370\361Fk\341ww2l\351"
  66      5831C6F8 
  66      601AF2F8 
  66      F1466BE1 
  66      7777326C 
  67 012e 2B89A690 		.ascii	"+\211\246\220f\374\336\366\212\336'\3152W\221$\323\371"
  67      66FCDEF6 
  67      8ADE27CD 
  67      32579124 
  67      D3F9
  68 0140 D8589EEF 		.ascii	"\330X\236\3576\012_@6\2142\264\355*\356\2647>\035H\236"
  68      360A5F40 
  68      368C32B4 
  68      ED2AEEB4 
  68      373E1D48 
  69 0155 E9606366 		.ascii	"\351`cf\362\347\375\205\017\373-v\315`\021A\322wT\256"
  69      F2E7FD85 
  69      0FFB2D76 
  69      CD601141 
  69      D27754AE 
  70 0169 AFB56157 		.ascii	"\257\265aWj\242\306\252\210G\216\270\256J\347\362#\371"
  70      6AA2C6AA 
  70      88478EB8 
  70      AE4AE7F2 
  70      23F9
  71 017b 81AC2A96 		.ascii	"\201\254*\226T\020\252\361b\020\226\324\211\301L:3\251"
  71      5410AAF1 
  71      621096D4 
  71      89C14C3A 
  71      33A9
  72 018d BC9C570C 		.ascii	"\274\234W\014\374\241\211\343\0057G\261\211\341\321"
  72      FCA189E3 
  72      053747B1 
  72      89E1D1
  73 019c B2EFFE8F 		.ascii	"\262\357\376\217\360'C\225\316dOeU~\314\033-\237\366"
  73      F0274395 
  73      CE644F65 
  73      557ECC1B 
  73      2D9FF6
  74 01af 95457885 		.ascii	"\225Ex\205\223\3451\217A\2073\331\301\304\310p\311\037"
  74      93E5318F 
  74      418733D9 
  74      C1C4C870 
  74      C91F
ARM GAS  /tmp/ccrnUhVQ.s 			page 6


  75 01c1 0FF24713 		.ascii	"\017\362G\023\251c\344\004\324U\360\013\305\340,\355"
  75      A963E404 
  75      D455F00B 
  75      C5E02CED 
  76 01d1 014865A3 		.ascii	"\001He\243\025"
  76      15
  77              		.text
  78              		.section	.gnu.lto_port_lock_from_isr.dc9be9ecc327086d,"",%progbits
  79 0000 789C6363 		.ascii	"x\234cc``X\010\304\272@,\012\304\014\314\014\214L\014"
  79      60605808 
  79      C4BA402C 
  79      0AC40CCC 
  79      0C8C4C0C 
  80 0014 40CCC808 		.ascii	"@\314\310\010\34402\32431\3263\3660Oaf<\324\376l'\223"
  80      E43032D4 
  80      3331D633 
  80      F6304F61 
  80      663CD4FE 
  81 002b E6F20620 		.ascii	"\346\362\006 80}\237\374\232\206\013\015\314s\230\031"
  81      38307D9F 
  81      FC9A860B 
  81      0DCC7398 
  81      19
  82 003c 18A63133 		.ascii	"\030\24613\200\001\343fFM\006\240\272G\033\377M\345"
  82      8001E366 
  82      464D06A0 
  82      BA471BFF 
  82      4DE5
  83 004e 65638188 		.ascii	"ec\201\2103nadc\000\231\264\376\022\353\201\206\177"
  83      336E6164 
  83      630099B4 
  83      FE12EB81 
  83      867F
  84 0060 FFDB1B0E 		.ascii	"\377\333\033\016\274Y\312x5\036(\327\001\326\327\311"
  84      BC59CA78 
  84      351E28D7 
  84      01D6D7C9 
  85 0070 0CB48DF9 		.ascii	"\014\264\215\371\015c\363\202\345\373\231\301\252\201"
  85      0D63F382 
  85      E5FB99C1 
  85      AA81
  86 007e 46ECDCF9 		.ascii	"F\354\334\371\3466{\375\337\006\2169\314\214\323\230"
  86      E6367BFD 
  86      DF068E39 
  86      CC8CD398 
  87 008e 81DA19B7 		.ascii	"\201\332\031\2672\3263\314\001*}\307\330\264`\365~F"
  87      32D633CC 
  87      012A7DC7 
  87      D8B460F5 
  87      7E46
  88 00a0 B04210E8 		.ascii	"\260B\020\350\000\311\002M\320\326\323\323w\316\310"
  88      00C9024D 
  88      D0D6D3D3 
  88      77CEC8
  89 00af 4CCAF40F 		.ascii	"L\312\364\017\326\317/\326/*\321/\310/*)\326w\014\362"
  89      D6CF2FD6 
  89      2F2AD12F 
ARM GAS  /tmp/ccrnUhVQ.s 			page 7


  89      C82F2A29 
  89      D6770CF2 
  90 00c3 75F6ADD0 		.ascii	"u\366\255\320O\316H\316/J\215/3\317\325\313`\000\000"
  90      4FCE48CE 
  90      2F4A8D2F 
  90      33CFD5CB 
  90      600000
  91 00d6 91213FB1 		.ascii	"\221!?\261"
  92              		.text
  93              		.section	.gnu.lto_port_unlock_from_isr.dc9be9ecc327086d,"",%progbits
  94 0000 789C6363 		.ascii	"x\234cc``X\010\304\272@,\012\304\014\314\014\214L\014"
  94      60605808 
  94      C4BA402C 
  94      0AC40CCC 
  94      0C8C4C0C 
  95 0014 40CCC808 		.ascii	"@\314\310\010\34402\32431\3263\3660Oaf<\324\376l'\223"
  95      E43032D4 
  95      3331D633 
  95      F6304F61 
  95      663CD4FE 
  96 002b E6F20620 		.ascii	"\346\362\006 80\375\213\374\232\206\013\015\314s\230"
  96      3830FD8B 
  96      FC9A860B 
  96      0DCC7398 
  97 003b 1918A631 		.ascii	"\031\030\24613\200\001\343fFM\006\240\272G\033\377M"
  97      338001E3 
  97      66464D06 
  97      A0BA471B 
  97      FF4D
  98 004d E5656381 		.ascii	"\345ec\201\2103nadc\000\231\264\376\022\353\201\206"
  98      88336E61 
  98      64630099 
  98      B4FE12EB 
  98      8186
  99 005f 7FFFDB1B 		.ascii	"\177\377\333\033\016\374Y\312\370;\036(\327\001\326"
  99      0EFC59CA 
  99      F83B1E28 
  99      D701D6
 100 006e D7C90CB4 		.ascii	"\327\311\014\264\215\371\015c\363\202\317\373\231\301"
 100      8DF90D63 
 100      F382CFFB 
 100      99C1
 101 007c AA8146EC 		.ascii	"\252\201F\354\334\371\3466{\375\337\006\2169\314\214"
 101      DCF9E636 
 101      7BFDDF06 
 101      8E39CC8C 
 102 008c D39881DA 		.ascii	"\323\230\201\332\031\2672\3263\314\001*}\307\330\264"
 102      19B732D6 
 102      33CC012A 
 102      7DC7D8B4 
 103 009c E0FB7E46 		.ascii	"\340\373~F\260B\020\350\000\311\002M\320\326\323\323"
 103      B04210E8 
 103      00C9024D 
 103      D0D6D3D3 
 104 00ac 77CEC84C 		.ascii	"w\316\310L\312\364\017\326\317/\326/*\321/\310/*)\326"
 104      CAF40FD6 
 104      CF2FD62F 
ARM GAS  /tmp/ccrnUhVQ.s 			page 8


 104      2AD12FC8 
 104      2F2A29D6 
 105 00c0 770CF275 		.ascii	"w\014\362u\366\255\320O\316H\316/J\215/3\317\325\313"
 105      F6ADD04F 
 105      CE48CE2F 
 105      4A8D2F33 
 105      CFD5CB
 106 00d3 60000005 		.ascii	"`\000\000\005\310@\265"
 106      C840B5
 107              		.text
 108              		.section	.gnu.lto_chSysLockFromISR.dc9be9ecc327086d,"",%progbits
 109 0000 789C6363 		.ascii	"x\234cc``\370\010\304\312@,\012\304\014\314\014\214"
 109      6060F808 
 109      C4CA402C 
 109      0AC40CCC 
 109      0C8C
 110 0012 4C0C40CC 		.ascii	"L\014@\314\310\010\34402\32431\3263\3660Oaf<\324\376"
 110      C808E430 
 110      32D43331 
 110      D633F630 
 110      4F61663C 
 111 0028 6C2793E6 		.ascii	"l'\223\346\362\006 80}\212\324\232\206\013\015\314s"
 111      F2062038 
 111      307D8AD4 
 111      9A860B0D 
 111      CC73
 112 003a 981918A6 		.ascii	"\230\031\030\24613\200\001\343fFM\006\240\272G\033\377"
 112      31338001 
 112      E366464D 
 112      06A0BA47 
 112      1BFF
 113 004c 4DE56563 		.ascii	"M\345ec\201\2103nadc\000\231\264\376\022\353\201\206"
 113      8188336E 
 113      61646300 
 113      99B4FE12 
 113      EB8186
 114 005f 7FFFDB1B 		.ascii	"\177\377\333\033\016\334Y\3128?\212\225\201\241\003"
 114      0EDC59CA 
 114      383F8A95 
 114      81A103
 115 006e ACAF9319 		.ascii	"\254\257\223\031h\033\363\033\306\346\005\233\2670\203"
 115      681BF31B 
 115      C6E6059B 
 115      B73083
 116 007d 55038DD8 		.ascii	"U\003\215\330\271\363\315m\366\372\277\015\034s\230"
 116      B9F3CD6D 
 116      F6FABF0D 
 116      1C7398
 117 008c 19A73103 		.ascii	"\031\2471\003\2653ne\254g\230\003T\012R\270\325\004"
 117      B5336E65 
 117      AC679803 
 117      540A52B8 
 117      D504
 118 009e BB3A90B3 		.ascii	"\273:\220\263\267!\251\333\211C\035\320^\306\355Pu\357"
 118      B721A9DB 
 118      89431DD0 
 118      5EC6ED50 
ARM GAS  /tmp/ccrnUhVQ.s 			page 9


 118      75EF
 119 00b0 189B16EC 		.ascii	"\030\233\026\354\337\302\010V\010\002\035 \333\200\006"
 119      DFC20856 
 119      08021D20 
 119      DB8006
 120 00bf 29EAE9E9 		.ascii	")\352\351\351;gd&e\372\007\353\347\027\353\027\225\350"
 120      3B676426 
 120      65FA07EB 
 120      E717EB17 
 120      95E8
 121 00d1 67E625E7 		.ascii	"g\346%\347\224\246\244\352'g\024W\026\353e0\000\000"
 121      94A6A4EA 
 121      27671457 
 121      16EB6530 
 121      0000
 122 00e3 05D7559F 		.ascii	"\005\327U\237"
 123              		.text
 124              		.section	.gnu.lto_osalSysLockFromISR.dc9be9ecc327086d,"",%progbits
 125 0000 789C6363 		.ascii	"x\234cc``X\004\304\312@,\012\304\014\314\014\214L\014"
 125      60605804 
 125      C4CA402C 
 125      0AC40CCC 
 125      0C8C4C0C 
 126 0014 40CCC808 		.ascii	"@\314\310\010\34402\32431\3263\3660Oaf<\324\376l'\223"
 126      E43032D4 
 126      3331D633 
 126      F6304F61 
 126      663CD4FE 
 127 002b E6F20620 		.ascii	"\346\362\006 80}\222\322\301\326\206.\2039\314\014\014"
 127      38307D92 
 127      D2C1D686 
 127      2E8339CC 
 127      0C0C
 128 003d D39819C0 		.ascii	"\323\230\031\300\200q3\243&\003P\335\243\215\377\246"
 128      807133A3 
 128      260350DD 
 128      A38DFFA6 
 129 004d F2B2B140 		.ascii	"\362\262\261@\304\031\2670\2621\200LZ\177\211\365@\303"
 129      C419B730 
 129      B231804C 
 129      5A7F89F5 
 129      40C3
 130 005f BFFFED0D 		.ascii	"\277\377\355\015\007\336,e\234\371\210\003(\331\001"
 130      07DE2C65 
 130      9CF98803 
 130      28D901
 131 006e D6D8C90C 		.ascii	"\326\330\311\014\264\216\371\015c\363\202\365G\014\301"
 131      B48EF90D 
 131      63F382F5 
 131      470CC1
 132 007d CA8166EC 		.ascii	"\312\201f\354\334\371\3466{\375\337\006\2169\314\214"
 132      DCF9E636 
 132      7BFDDF06 
 132      8E39CC8C 
 133 008d D39881FA 		.ascii	"\323\230\201\372\031\2672\3263\314\001*}\307\330\264"
 133      19B732D6 
 133      33CC012A 
ARM GAS  /tmp/ccrnUhVQ.s 			page 10


 133      7DC7D8B4 
 134 009d 60F31141 		.ascii	"`\363\021A\260B\020\350\000\311\002MP\324\323\323w\316"
 134      B04210E8 
 134      00C9024D 
 134      50D4D3D3 
 134      77CE
 135 00af C84CCAF4 		.ascii	"\310L\312\364\017\326\317/\326\317H\314\001R@\242\250"
 135      0FD6CF2F 
 135      D6CF48CC 
 135      015240A2 
 135      A8
 136 00c0 044CEB65 		.ascii	"\004L\353e0\000\000X\210<\243"
 136      30000058 
 136      883CA3
 137              		.text
 138              		.section	.gnu.lto_osalOsTimerHandlerI.dc9be9ecc327086d,"",%progbits
 139 0000 789C6363 		.ascii	"x\234cc``X\004\304\312@,\012\304\014\314\014\214L\014"
 139      60605804 
 139      C4CA402C 
 139      0AC40CCC 
 139      0C8C4C0C 
 140 0014 40CCC808 		.ascii	"@\314\310\010\34402\32431\3263\3660Oaf<\324\376l'\223"
 140      E43032D4 
 140      3331D633 
 140      F6304F61 
 140      663CD4FE 
 141 002b E6F20620 		.ascii	"\346\362\006 80}\236\332\301\326\206.\2039\314\014\014"
 141      38307D9E 
 141      DAC1D686 
 141      2E8339CC 
 141      0C0C
 142 003d D39819C0 		.ascii	"\323\230\031\300\200q3\243&\003P\335\243\215\377\246"
 142      807133A3 
 142      260350DD 
 142      A38DFFA6 
 143 004d F2B2B140 		.ascii	"\362\262\261@\304\031\2670\2621\200LZ\177\211\365@\303"
 143      C419B730 
 143      B231804C 
 143      5A7F89F5 
 143      40C3
 144 005f BFFFED0D 		.ascii	"\277\377\355\015\007\276,e\334\372\214\003(\331\001"
 144      07BE2C65 
 144      DCFA8C03 
 144      28D901
 145 006e D6D8C90C 		.ascii	"\326\330\311\014\264\216\371\015c\363\202\347g\014\301"
 145      B48EF90D 
 145      63F382E7 
 145      670CC1
 146 007d CA8166EC 		.ascii	"\312\201f\354\334\371\3466{\375\337\006\2169\314\214"
 146      DCF9E636 
 146      7BFDDF06 
 146      8E39CC8C 
 147 008d D39881FA 		.ascii	"\323\230\201\372\031\2672\3263\314\001*}\307\330\264"
 147      19B732D6 
 147      33CC012A 
 147      7DC7D8B4 
 148 009d E0F51941 		.ascii	"\340\365\031A\260B\020\350\000\311\002MP\324\323\323"
ARM GAS  /tmp/ccrnUhVQ.s 			page 11


 148      B04210E8 
 148      00C9024D 
 148      50D4D3D3 
 149 00ad 77CEC84C 		.ascii	"w\316\310L\312\364\017\326\317/\326\317H\314\001R@\242"
 149      CAF40FD6 
 149      CF2FD6CF 
 149      48CC0152 
 149      40A2
 150 00bf A8044CEB 		.ascii	"\250\004L\353e0\000\000\233@=["
 150      65300000 
 150      9B403D5B 
 151              		.text
 152              		.section	.gnu.lto_chSysUnlockFromISR.dc9be9ecc327086d,"",%progbits
 153 0000 789C6363 		.ascii	"x\234cc``\370\010\304\312@,\012\304\014\314\014\214"
 153      6060F808 
 153      C4CA402C 
 153      0AC40CCC 
 153      0C8C
 154 0012 4C0C40CC 		.ascii	"L\014@\314\310\010\34402\32431\3263\3660Oaf<\324\376"
 154      C808E430 
 154      32D43331 
 154      D633F630 
 154      4F61663C 
 155 0028 6C2793E6 		.ascii	"l'\223\346\362\006 80\375\216\324\232\206\013\015\314"
 155      F2062038 
 155      30FD8ED4 
 155      9A860B0D 
 155      CC
 156 0039 73981918 		.ascii	"s\230\031\030\24613\200\001\343fFM\006\240\272G\033"
 156      A6313380 
 156      01E36646 
 156      4D06A0BA 
 156      471B
 157 004b FF4DE565 		.ascii	"\377M\345ec\201\2103nadc\000\231\264\376\022\353\201"
 157      63818833 
 157      6E616463 
 157      0099B4FE 
 157      12EB81
 158 005e 867FFFDB 		.ascii	"\206\177\377\333\033\016\274Y\312\370=\212\225\201\241"
 158      1B0EBC59 
 158      CAF83D8A 
 158      9581A1
 159 006d 03ACAF93 		.ascii	"\003\254\257\223\031h\033\363\033\306\346\005\217\267"
 159      19681BF3 
 159      1BC6E605 
 159      8FB7
 160 007b 32835503 		.ascii	"2\203U\003\215\330\271\363\315m\366\372\277\015\034"
 160      8DD8B9F3 
 160      CD6DF6FA 
 160      BF0D1C
 161 008a 739819A7 		.ascii	"s\230\031\2471\003\2653ne\254g\230\003T\012R\370\324"
 161      3103B533 
 161      6E65AC67 
 161      9803540A 
 161      52F8D4
 162 009d 14BB3A90 		.ascii	"\024\273:\220\263\267!\251{\211C\035\320^\306\355Pu"
 162      B3B721A9 
ARM GAS  /tmp/ccrnUhVQ.s 			page 12


 162      7B89431D 
 162      D05EC6ED 
 162      5075
 163 00af EF189B16 		.ascii	"\357\030\233\026\274\337\312\010V\010\002\035 \333\200"
 163      BCDFCA08 
 163      5608021D 
 163      20DB80
 164 00be 0629EAE9 		.ascii	"\006)\352\351\351;gd&e\372\007\353\347\027\353\027\225"
 164      E93B6764 
 164      2665FA07 
 164      EBE717EB 
 164      1795
 165 00d0 E867E625 		.ascii	"\350g\346%\347\224\246\244\352'g\024W\026\353e0\000"
 165      E794A6A4 
 165      EA276714 
 165      5716EB65 
 165      3000
 166 00e2 00F5AC57 		.ascii	"\000\365\254W\023"
 166      13
 167              		.text
 168              		.section	.gnu.lto_osalSysUnlockFromISR.dc9be9ecc327086d,"",%progbits
 169 0000 789C6363 		.ascii	"x\234cc``X\004\304\312@,\012\304\014\314\014\214L\014"
 169      60605804 
 169      C4CA402C 
 169      0AC40CCC 
 169      0C8C4C0C 
 170 0014 40CCC808 		.ascii	"@\314\310\010\34402\32431\3263\3660Oaf<\324\376l'\223"
 170      E43032D4 
 170      3331D633 
 170      F6304F61 
 170      663CD4FE 
 171 002b E6F20620 		.ascii	"\346\362\006 80}\207\322\301\326\206.\2039\314\014\014"
 171      38307D87 
 171      D2C1D686 
 171      2E8339CC 
 171      0C0C
 172 003d D39819C0 		.ascii	"\323\230\031\300\200q3\243&\003P\335\243\215\377\246"
 172      807133A3 
 172      260350DD 
 172      A38DFFA6 
 173 004d F2B2B140 		.ascii	"\362\262\261@\304\031\2670\2621\200LZ\177\211\365@\303"
 173      C419B730 
 173      B231804C 
 173      5A7F89F5 
 173      40C3
 174 005f BFFFED0D 		.ascii	"\277\377\355\015\007\376,e\334\377\210\003(\331\001"
 174      07FE2C65 
 174      DCFF8803 
 174      28D901
 175 006e D6D8C90C 		.ascii	"\326\330\311\014\264\216\371\015c\363\202\337G\014\301"
 175      B48EF90D 
 175      63F382DF 
 175      470CC1
 176 007d CA8166EC 		.ascii	"\312\201f\354\334\371\3466{\375\337\006\2169\314\214"
 176      DCF9E636 
 176      7BFDDF06 
 176      8E39CC8C 
ARM GAS  /tmp/ccrnUhVQ.s 			page 13


 177 008d D39881FA 		.ascii	"\323\230\201\372\031\2672\3263\314\001*}\307\330\264"
 177      19B732D6 
 177      33CC012A 
 177      7DC7D8B4 
 178 009d E0FF1141 		.ascii	"\340\377\021A\260B\020\350\000\311\002MP\324\323\323"
 178      B04210E8 
 178      00C9024D 
 178      50D4D3D3 
 179 00ad 77CEC84C 		.ascii	"w\316\310L\312\364\017\326\317/\326\317H\314\001R@\242"
 179      CAF40FD6 
 179      CF2FD6CF 
 179      48CC0152 
 179      40A2
 180 00bf A8044CEB 		.ascii	"\250\004L\353e0\000\000\2704=\227"
 180      65300000 
 180      B8343D97 
 181              		.text
 182              		.section	.gnu.lto_SysTick_Handler.dc9be9ecc327086d,"",%progbits
 183 0000 789C6363 		.ascii	"x\234cc``\350ad`0\006\322\242@\314\300\314\300\310\304"
 183      6060E861 
 183      64603006 
 183      D2A240CC 
 183      C0CCC0C8 
 184 0015 00C48C40 		.ascii	"\000\304\214@A\006F\206z&\306z\306\036\346)\314\214"
 184      41064686 
 184      7A26C67A 
 184      C61EE629 
 184      CC8C
 185 0027 87DA9FED 		.ascii	"\207\332\237\355d\322\\\336\000\004\007\246\377\340"
 185      64D25CDE 
 185      000407A6 
 185      FFE0
 186 0035 6B6C6895 		.ascii	"klh\225\230\303\314\3000\215\231\001\014\03073j2\000"
 186      98C3CCC0 
 186      308D9901 
 186      0C183733 
 186      6A3200
 187 0048 953DDAF8 		.ascii	"\225=\332\370o*/\033\013D\234q\013#\033\003\310\240"
 187      6F2A2F1B 
 187      0B449C71 
 187      0B231B03 
 187      C8A0
 188 005a F597580F 		.ascii	"\365\227X\0174\374\373\337\336p\340\316\022\306\331"
 188      34FCFBDF 
 188      DE70E0CE 
 188      12C6D9
 189 0069 FE9C0C0C 		.ascii	"\376\234\014\014\035`}\235\314@\313\230\33706/\370="
 189      1D607D9D 
 189      CC40CB98 
 189      DF30362F 
 189      F83D
 190 007b 9719AC1A 		.ascii	"\227\031\254\032h\304\316\235on\263\327\377m\340\230"
 190      68C4CE9D 
 190      6F6EB3D7 
 190      FF6DE098 
 191 008b C3CC388D 		.ascii	"\303\3148\215\031\250\235q+c=\303\034\240R\240B\005"
 191      19A89D71 
ARM GAS  /tmp/ccrnUhVQ.s 			page 14


 191      2B633DC3 
 191      1CA052A0 
 191      4205
 192 009d ECAA406E 		.ascii	"\354\252@n\336\206P\265`\241\034vu@[\031\267#\251[\212"
 192      DE8650B5 
 192      60A11C76 
 192      75405B19 
 192      B723A95B 
 193 00b2 431D0B50 		.ascii	"C\035\013P\335\016$u+q\250c\005\252\333\211\244n#\016"
 193      DD0E2475 
 193      2B71A863 
 193      05AADB89 
 193      A46E230E 
 194 00c6 756C4075 		.ascii	"ul@u\273\010\372\202\035\250j7T\325;\306\246\005\333"
 194      BB08FA82 
 194      1DA86A37 
 194      54D53BC6 
 194      A605DB
 195 00d9 E7318215 		.ascii	"\3471\202\025\202@\007($\200\3364\324\323\323w\316\310"
 195      82400728 
 195      2480DE34 
 195      D4D3D377 
 195      CEC8
 196 00eb 4CCAF40F 		.ascii	"L\312\364\017\326\317/\326\317H\314\321/\310/*)\326"
 196      D6CF2FD6 
 196      CF48CCD1 
 196      2FC82F2A 
 196      29D6
 197 00fd 0F0EF135 		.ascii	"\017\016\36156\322\367\361q\321\017\361\364-3\324/."
 197      36D2F7F1 
 197      71D10FF1 
 197      F42D33D4 
 197      2F2E
 198 010f 89CFC949 		.ascii	"\211\317\311I\321Kf\000\000\317k\210l"
 198      D14B6600 
 198      00CF6B88 
 198      6C
 199              		.text
 200              		.section	.gnu.lto_st_lld_init.dc9be9ecc327086d,"",%progbits
 201 0000 789C7591 		.ascii	"x\234u\221\317KTQ\024\307\317\367\035}3\203\330\"\020"
 201      CF4B5451 
 201      14C7CFF7 
 201      1D7D3383 
 201      D82210
 202 0013 5CCCC2A5 		.ascii	"\\\314\302\245\263\231\313\344\237`\233Bi1\356#k\241"
 202      B399CBE4 
 202      9F609B42 
 202      6931EE23 
 202      6BA1
 203 0025 316034D2 		.ascii	"1`4\322v\2363\215\277\011\0279\202>\352\201\220m$Bs"
 203      769E338D 
 203      BF091739 
 203      823EEA81 
 203      906D2442 
 204 003a 1A73EAF9 		.ascii	"\032s\352\371\210\250EI-,i\021\264\220\020q\323\200"
 204      88A84549 
 204      2D2C6911 
ARM GAS  /tmp/ccrnUhVQ.s 			page 15


 204      B4901071 
 204      D380
 205 004c D1A0E3B9 		.ascii	"\321\240\343\271w,\027\352\201w\037\367\334\357\371"
 205      772C17EA 
 205      81771FF7 
 205      DCEFF9
 206 005b 7EBEF73D 		.ascii	"~\276\367=\233\210\256ZD\035\362n\221\207\230 [X\200"
 206      9B88AE5A 
 206      441DF26E 
 206      91879820 
 206      5B5880
 207 006e 6C40190B 		.ascii	"l@\031\013\031L\362CF0\262]\262b\013\216\224?\263rq"
 207      194CF243 
 207      4630B25D 
 207      B2620B8E 
 207      943FB372 
 208 0083 D8C9B7BA 		.ascii	"\330\311\267\272LT`2\205%\304Hd?\237\037N7\333\015\365"
 208      4C546032 
 208      8525C448 
 208      643F9F1F 
 208      4E37DB0D 
 209 0098 3E966193 		.ascii	">\226a\2236z\366\245\321w\016k#\216\377v\036\237\223"
 209      367AF6A5 
 209      D1770E6B 
 209      238EFF76 
 209      1E9F93
 210 00ab 1190CBC2 		.ascii	"\021\220\313\302\221\205\365B4jl\306X\330\274\203l\345"
 210      9185F542 
 210      346A6CC6 
 210      58D8BC83 
 210      6CE5
 211 00bd D7C6075B 		.ascii	"\327\306\007[O\3172\304\364\307\336T-2\301\242\304\224"
 211      4FCF32C4 
 211      F4C7DE54 
 211      2D32C1A2 
 211      C494
 212 00cf 9F732EE0 		.ascii	"\237s.\340\005\242\264\203\240\362>\246E\242(\344\203"
 212      05A2B483 
 212      A0F23EA6 
 212      45A228E4 
 212      83
 213 00e0 8D505DA1 		.ascii	"\215P]\241S\254\005\037\337\331\036\036\015IZ\357\266"
 213      53AC051F 
 213      DFD91E1E 
 213      0D495AEF 
 213      B6
 214 00f1 202C31C2 		.ascii	" ,1\302\212L\351\323\315\342j\261Y-:\367\207\2346\227"
 214      8A4CE9D3 
 214      CDE26AB1 
 214      592D3AF7 
 214      879C3697 
 215 0105 19457898 		.ascii	"\031Ex\2306\001\360\022J\004\325\271\337E\326n\214\307"
 215      3601F012 
 215      4A04D5B9 
 215      DF45D66E 
 215      8CC7
 216 0117 39A06468 		.ascii	"9\240dh\331\312\323o\221z&\353$@\373q\200\263\210\326"
ARM GAS  /tmp/ccrnUhVQ.s 			page 16


 216      D9CAD36F 
 216      917A26EB 
 216      2440FB71 
 216      80B388D6 
 217 012b B9C45543 		.ascii	"\271\304UC4\237\370\225!\376\317/M\254\375\343m\035"
 217      349FF895 
 217      21FECF2F 
 217      4DACFDE3 
 217      6D1D
 218 013d F3F8F485 		.ascii	"\363\370\364\205\317\342\361\271\274\262\341Y\232\367"
 218      CFE2F1B9 
 218      BCB2E159 
 218      9AF7
 219 014b DAF02AE3 		.ascii	"\332\360*\343\371}s\303\006\204\360F\246v\221\367\252"
 219      F97D73C3 
 219      0684F046 
 219      A67691F7 
 219      AA
 220 015c 4FD8FC31 		.ascii	"O\330\37419/\225v\277\2072\007N\330\345\306\202\016"
 220      392F9576 
 220      BF873207 
 220      4ED8E5C6 
 220      820E
 221 016e 0A1F197D 		.ascii	"\012\037\031}P\375\363\251l\202\332h\302:\242\322\032"
 221      50FDF3A9 
 221      6C82DA68 
 221      C23AA2D2 
 221      1A
 222 017f FFFBF541 		.ascii	"\377\373\365A\270\336\012#@\324\345\020\355!\353\315"
 222      B8DE0A23 
 222      40D4E510 
 222      ED21EBCD 
 223 018f 2FC0D8E9 		.ascii	"/\300\330\351\032\325\036\302O\304\343\252\263\257\277"
 223      1AD51EC2 
 223      4FC4E3AA 
 223      B3AFBF
 224 019e B7FF5A52 		.ascii	"\267\377ZR\015\244U\337\215\224\2723pw0\255\222=\335"
 224      0DA455DF 
 224      8D94BA33 
 224      707730AD 
 224      923DDD
 225 01b1 1D975457 		.ascii	"\035\227TW\327e\325s\245\373^B\245\007\257\247R\267"
 225      D765D573 
 225      A5FB5E42 
 225      A507AFA7 
 225      52B7
 226 01c3 E237E908 		.ascii	"\3427\351\010\031c\3101"
 226      1963C831 
 227              		.text
 228              		.section	.gnu.lto_.symbol_nodes.dc9be9ecc327086d,"",%progbits
 229 0000 789C5DD1 		.ascii	"x\234]\321;r\0021\014\306qI\336\365\356\362~\225\034"
 229      3B720231 
 229      0CC67149 
 229      DEF5EEF2 
 229      7E951C
 230 0013 064EF699 		.ascii	"\006N\366\231\320BB\336](8\005t\014=gH\206:)r\200\004"
 230      D04242DE 
ARM GAS  /tmp/ccrnUhVQ.s 			page 17


 230      5D283805 
 230      740C3D67 
 230      48863A29 
 231 002a AFBD9989 		.ascii	"\257\275\231\211\334\350?\363\223:Y\"\232\212\037\362"
 231      DCE83FF3 
 231      933A5922 
 231      9A8A1FF2 
 232 003a 4B20DA9C 		.ascii	"K \332\234\251\316\336\035\235\365\346\030\234\332\202"
 232      A9CEDE1D 
 232      9DF5E618 
 232      9CDA82
 233 0049 21A9DD30 		.ascii	"!\251\3350Ljo\214,\265OF\236\3327\303\246\266e\024\251"
 233      4C6A6F8C 
 233      2CB54F46 
 233      9EDA37C3 
 233      A6B66514 
 234 005e 7D31CAD4 		.ascii	"}1\312\324V\202\352\317\016\213\271\227\265\240\245"
 234      5682EACF 
 234      0E8BB997 
 234      B5A0A5
 235 006d 841F05ED 		.ascii	"\204\037\005\355 D\316\315<<\010:\012\236\004]\005/"
 235      2044CECD 
 235      3C3C083A 
 235      0A9E045D 
 235      052F
 236 007f 829E8267 		.ascii	"\202\236\202gA_\301\275`\240`#\030*\270\023\214\024"
 236      415FC1BD 
 236      60A06023 
 236      182AB813 
 236      8C14
 237 0091 DC0AC60A 		.ascii	"\334\012\306\012^\005\223\377`\374\033v\357?l\014\307"
 237      5E0593FF 
 237      60FC1B76 
 237      EF3F6C0C 
 237      C7
 238 00a2 66D2B443 		.ascii	"f\322\264C\247\3206]\352\346Yt\333\215-\372M{\361\256"
 238      A7D0365D 
 238      EAE65974 
 238      DB8D2DFA 
 238      4D7BF1AE 
 239 00b6 30F1AE2C 		.ascii	"0\361\256,\242W\343\246\243\270\257\362\270\257,-?\352"
 239      A257E3A6 
 239      A3B8AFF2 
 239      B8AF2C2D 
 239      3FEA
 240 00c8 96B40B1D 		.ascii	"\226\264\013\035\322)t@\227\272\255I(]\001\316\033\223"
 240      D2297440 
 240      97BAAD49 
 240      285D01CE 
 240      1B93
 241 00da E8       		.ascii	"\350"
 242              		.text
 243              		.section	.gnu.lto_.refs.dc9be9ecc327086d,"",%progbits
 244 0000 789C6363 		.ascii	"x\234cc```\004b\006\000\000D\000\010"
 244      60606004 
 244      62060000 
 244      440008
ARM GAS  /tmp/ccrnUhVQ.s 			page 18


 245              		.text
 246              		.section	.gnu.lto_.decls.dc9be9ecc327086d,"",%progbits
 247 0000 789C9596 		.ascii	"x\234\225\226{PT\327\035\307\357\271gw\301\345e\220"
 247      7B5054D7 
 247      1DC7EFB9 
 247      6777C1E5 
 247      6590
 248 0012 A64E87CE 		.ascii	"\246N\207\316\330\310\214dRY\215\31643\355\0375$i\230"
 248      D8C88C64 
 248      52598DCE 
 248      3433ED1F 
 248      35246998 
 249 0026 C19A11D2 		.ascii	"\301\232\021\322\231\376\265Y\227\033\331)\354\332\335"
 249      99FEB559 
 249      971BD929 
 249      ECDADD
 250 0035 C5C46953 		.ascii	"\305\304iS/,\032\036\212\020)*Z\265\370V\210\030%\032"
 250      2F2C1A1E 
 250      8A10292A 
 250      5AB5F856 
 250      8818251A 
 251 0049 F0C14344 		.ascii	"\360\301CD\036\206\207\312C\236\242\"\361\005\210\200"
 251      1E8687CA 
 251      439EA222 
 251      F1058880 
 252 0059 8A427FE7 		.ascii	"\212B\177\347\234{\367\356\256@\354\235\371\355\275"
 252      9C7BF7EE 
 252      AE40EC9D 
 252      F9EDBD
 253 0068 E7ECEFFB 		.ascii	"\347\354\357\373\371\375\316\357\374\356C\303q\334."
 253      F9FDCEEF 
 253      FCEE43C3 
 253      71DC2E
 254 0077 3F8EF353 		.ascii	"?\216\363Sq\\\020\346\270I8|a\256\214S\216_\200\225"
 254      715C10E6 
 254      B849387C 
 254      61AE8C53 
 254      8E5F8095 
 255 008b 809D03BB 		.ascii	"\200\235\003\273 \375W\001V\011V\005V\015V\013v\005"
 255      20FD5701 
 255      56095605 
 255      560D560B 
 255      7605
 256 009d AC1EAC11 		.ascii	"\254\036\254\021\354*\330u\260\026\2606\260v\260N\260"
 256      EC2AD875 
 256      B016B036 
 256      B076B04E 
 256      B0
 257 00ae 6EB09B60 		.ascii	"n\260\233`\203\334\253\307\027\210\3434p\376\014,\020"
 257      83DCABC7 
 257      1788E334 
 257      70FE0C2C 
 257      10
 258 00bf 2C08EC3E 		.ascii	",\010\354>\330\030\330\013\311\207\227r\341\321\253"
 258      D818D80B 
 258      C9879772 
 258      E1D1AB
ARM GAS  /tmp/ccrnUhVQ.s 			page 19


 259 00ce FA7FBCA6 		.ascii	"\372\177\274\246\376\3344\372\3650\207%=\206\353b\027"
 259      FEDC34FA 
 259      F5308725 
 259      3D86EB62 
 259      17
 260 00df CD0529AE 		.ascii	"\315\005)\256\347\341\230AS&\305\362<\276\236F\003["
 260      E7E19841 
 260      5326C5F2 
 260      3CBE9E46 
 260      035B
 261 00f1 40EB4A62 		.ascii	"@\353Jb\221\3725N\241M\237!^\245\244\367<\266\314\240"
 261      91FA354E 
 261      A14D9F21 
 261      5EA5A4F7 
 261      3CB6CCA0 
 262 0105 21FB777D 		.ascii	"!\373w}\012\315\326\031r$\373M\366\264\205s\357\023"
 262      0ACDD619 
 262      7224FB4D 
 262      F6B48573 
 262      EF13
 263 0117 F9D83643 		.ascii	"\371\3306C\274ZI\357y\354\234F\343\315\261\276\"=\323"
 263      BC5A49EF 
 263      79EC9C46 
 263      E3CDB1BE 
 263      223DD3
 264 012a CD293D47 		.ascii	"\315)=G8\244\237\332\247`\355ALGXo\302u\020\351\013"
 264      38A49FDA 
 264      A760ED41 
 264      4C47586F 
 264      C27510E9 
 265 013f B00530FE 		.ascii	"\260\0050\376%b=1\300\261x\0010~\003\314\017\261\374"
 265      25623D31 
 265      C0B17801 
 265      307E03CC 
 265      0FB1FC
 266 0152 48FF4ED5 		.ascii	"H\377N\325\233\331\030\335K\334|\314\267\033u\222\316"
 266      9BD918DD 
 266      4BDC7CCC 
 266      B71B7592 
 266      CE
 267 0163 41B31182 		.ascii	"A\263\021\202\263g\023\221\361\244|\220\377\231\003"
 267      B3671391 
 267      F1A47C90 
 267      FF9903
 268 0172 6B36A733 		.ascii	"k6\2473z\265\367$_0\236S|\025\205\013\325E\214\350\301"
 268      7AB5F724 
 268      5F309E53 
 268      7C15850B 
 268      D5458CE8 
 269 0187 D1545C73 		.ascii	"\321T\\s\241\231!N\236\226\303#\247\217\354\357BE\222"
 269      A199214E 
 269      9E96C323 
 269      A78FECEF 
 269      424592
 270 019a 68AAECA4 		.ascii	"h\252\354\244Z\221\"t\034\037\274\254\356A]\340\372"
 270      5A912274 
 270      1C1FBCAC 
ARM GAS  /tmp/ccrnUhVQ.s 			page 20


 270      EE415DE0 
 270      FA
 271 01ab 577F2ED3 		.ascii	"W\177.\323;\036\221\331\203cO\323\3751O\257\207*z\363"
 271      3B1E91D9 
 271      83634FD3 
 271      FD314FAF 
 271      872A7AF3 
 272 01bf 31F6A5D7 		.ascii	"1\366\245\327u9\031?\315\012\313\027\331\341\375\025"
 272      7539193F 
 272      CD0ACB17 
 272      D9E1FD15 
 273 01cf 87BE4758 		.ascii	"\207\276GX\256g\345\344Xi@:F\201Z\304\303\260i\260\356"
 273      AE67E5E4 
 273      5869403A 
 273      46815AC4 
 273      C3B069B0 
 274 01e4 3F3E300C 		.ascii	"?>0\014\322\242\3310\314\3374\231\255\236\233Ct\231"
 274      D2A2D930 
 274      CCDF3499 
 274      AD9E9B43 
 274      7499
 275 01f6 0E71368F 		.ascii	"\016q6\217>{\023\375\200\202\321\031\024\0149\026\243"
 275      3E7B13FD 
 275      8082D119 
 275      140C3916 
 275      A3
 276 0207 B9F06B56 		.ascii	"\271\360kV1Ro\301\303o\002\336\332+\226\226\212\245"
 276      31526FC1 
 276      C36F02DE 
 276      DA2B9696 
 276      8AA5
 277 0219 63DBE73D 		.ascii	"c\333\347=k\355\027\3054\020\"\025qDE\010\243\323(\214"
 277      6BED17C5 
 277      34102215 
 277      71444508 
 277      A3D3288C 
 278 022d ACB98884 		.ascii	"\254\271\210\204G\247P\017B'Q7,\242\004\275\005\200"
 278      47A7500F 
 278      42275137 
 278      2CA204BD 
 278      0580
 279 023f 9E3D77B7 		.ascii	"\236=w\267\372a+\315\371\372\351\211|\265\004+\377g"
 279      FA612BCD 
 279      F9FAE989 
 279      7CB5042B 
 279      FF67
 280 0251 AE589A24 		.ascii	"\256X\232$\212{y\012:\253\200\316z\202\316QP\305hs\201"
 280      8A7B790A 
 280      3AAB80CE 
 280      7A82CE51 
 280      50C56873 
 281 0266 17FE1705 		.ascii	"\027\376\027\0055\344ol\306\022\350\371Wn\240\363\012"
 281      35E46F6C 
 281      C612E8F9 
 281      576EA0F3 
 281      0A
 282 0277 E8BC27E8 		.ascii	"\350\274'\350\002\005U\337.(\367\307Y\210\222v$\356"
ARM GAS  /tmp/ccrnUhVQ.s 			page 21


 282      020555DF 
 282      2E28F7C7 
 282      59889276 
 282      24EE
 283 0289 7E430235 		.ascii	"~C\0025\255w\003\225*\240ROP\031\005\015\216\326fa|"
 283      AD770395 
 283      2AA0524F 
 283      5019050D 
 283      8ED66661 
 284 029e 9081EA9A 		.ascii	"\220\201\352\232\357\265yI\244\361oC\373O\211\342\006"
 284      EFB57949 
 284      A4F16F43 
 284      FB4F89E2 
 284      06
 285 02af 512C6565 		.ascii	"Q,ee*WX\345\236\254\012\312\272{H\034\363\307m\214\225"
 285      2A5758E5 
 285      9EAC0ACA 
 285      BA7B481C 
 285      F3C76D8C 
 286 02c4 9C947E57 		.ascii	"\234\224~W%\261n\235\013I\251\330(6@\315?\246\233\203"
 286      25B16E9D 
 286      0B49A9D8 
 286      283640CD 
 286      3FA69B83 
 287 02d8 2E2AB08B 		.ascii	".*\260\213\236\260J\012{:RV\346\2153X\323\234\274Ry"
 287      9EB04A0A 
 287      7B3A5256 
 287      E68D3358 
 287      D39CBC52 
 288 02ed 5F2EFAF3 		.ascii	"_.\372\363\355\330m\215\227\024\324%OT\025Ee\037\250"
 288      EDD86D8D 
 288      9714D425 
 288      4F541545 
 288      651FA8
 289 0300 4A55E13C 		.ascii	"JU\341<\206\3129\277\255Y\355\\\343{\367\334\326xYa"
 289      86CA39BF 
 289      AD59ED5C 
 289      E37BF7DC 
 289      D6785961 
 290 0314 5DF66455 		.ascii	"]\366dUSV^k\333w\032\\\304X7Ou\034\365s\256qQ\252\373"
 290      53565E6B 
 290      DB771A5C 
 290      C458374F 
 290      751CF573 
 291 032d 1A6B1458 		.ascii	"\032k\024X\215'\254\226\302.o8\011\005\253a\260\216"
 291      8D27AC96 
 291      C22E6F38 
 291      0905AB61 
 291      B08E
 292 033f 9B0DDB09 		.ascii	"\233\015\333\011l/\300Z\332\027\225\2243\330\037\031"
 292      6C2FC05A 
 292      DA179594 
 292      33D81F19 
 293 034f AC4E81D5 		.ascii	"\254N\201\325y\302\256P\330\320\246\201\275\001x\023"
 293      79C2AE50 
 293      D8D0A681 
 293      BD017813 
ARM GAS  /tmp/ccrnUhVQ.s 			page 22


 294 035f A6B0CD0F 		.ascii	"\246\260\315\017\316\034\300\022\254\253\332\227\025"
 294      CE1CC012 
 294      ACABDA97 
 294      15
 295 036c 4C6405FB 		.ascii	"Ld\005\373QA\375\350\211\252\247\250\316\223\273\237"
 295      5141FDE8 
 295      89AAA7A8 
 295      CE93BB9F 
 296 037c 69F07686 		.ascii	"i\360v\206\272\262q\367\035-\240z\240J\365\217BK\012"
 296      BAB271F7 
 296      1D2DA07A 
 296      A04AF58F 
 296      424B0A
 297 038f FBC5142D 		.ascii	"\373\305\024-K\252A!5H7.j\244\204\341\235\305\221\370"
 297      4BAA4121 
 297      3548372E 
 297      6AA484E1 
 297      9DC591F8 
 298 03a3 3A03ECCA 		.ascii	":\003\354\312\271Z\354#\001\332'BrO\211\311j*oR\344"
 298      B95AEC23 
 298      01DA2742 
 298      724F89C9 
 298      6A2A6F52 
 299 03b8 4DB2FC2A 		.ascii	"M\262\374*\225\247\236\256\330\214\3616\025\325\327"
 299      95A79EAE 
 299      D88CF136 
 299      15D5D7
 300 03c7 140DD721 		.ascii	"\024\015\327!I?\376\355\274Z\247\376\232\242\277&\353"
 300      493FFEED 
 300      BC5AA7FE 
 300      9AA2BF26 
 300      EB
 301 03d8 AF537D5F 		.ascii	"\257S}_\377\313\011\214\2172}cOf\221\2673~\250\022\277"
 301      FFCB098C 
 301      8F327D63 
 301      4F6691B7 
 301      337EA812 
 302 03ed 59D137CB 		.ascii	"Y\3217\313\372\026\252\2779\342h\363\302UL\337ri\244"
 302      FA16AABF 
 302      39E268F3 
 302      C2554CDF 
 302      7269A4
 303 0400 462DE96B 		.ascii	"F-\351k\037\375\266\304\251oU\364\255\262\276\215\352"
 303      1FFDB6C4 
 303      A96F55F4 
 303      ADB2BE8D 
 303      EA
 304 0411 BB0787AB 		.ascii	"\273\007\207\253|p/\3237\235-\277\345'\351\207\267\377"
 304      7C702FD3 
 304      379D2DBF 
 304      E527E987 
 304      B7FF
 305 0423 A1D3A9BF 		.ascii	"\241\323\251\277\241\350o\310\372v\252o\336\362pH\215"
 305      A1E86FC8 
 305      FA76AA6F 
 305      DEF27048 
 305      8D
ARM GAS  /tmp/ccrnUhVQ.s 			page 23


 306 0434 47987E78 		.ascii	"G\230~x\270\272^\211\277T\211\337\241\350;d}'\325\357"
 306      B8BA5E89 
 306      BF5489DF 
 306      A1E83B64 
 306      7D27D5EF 
 307 0448 AB181DF1 		.ascii	"\253\030\035\361\305ij\252/\250-\314\224\353\327\373"
 307      C5696AAA 
 307      2FA82DCC 
 307      94EBD7FB 
 308 0458 FB5CB19C 		.ascii	"\373\\\261\234\265A\227\242\356\222\325\335T\335\330"
 308      B54197A2 
 308      EE92D5DD 
 308      54DDD8
 309 0467 75E0903F 		.ascii	"u\340\220?\336\303\324\215\216\372L?g\365\226\356pF"
 309      DEC3D48D 
 309      8EFA4C3F 
 309      67F596EE 
 309      7046
 310 0479 EF51F43D 		.ascii	"\357Q\364=\262\376&\325\237xz\337\201\361I\246\357\274"
 310      B2FE26D5 
 310      9F787ADF 
 310      81F149A6 
 310      EFBC
 311 048b 7CE41886 		.ascii	"|\344\030\206\347\366\002-\"o\222\000\230:\376\340\207"
 311      E7F6022D 
 311      226F9200 
 311      983AFEE0 
 311      87
 312 049c 677E6C8A 		.ascii	"g~l\212\326g\313\343\375^\270A\012\227\\\270\013\263"
 312      D667CBE3 
 312      FD5EB841 
 312      0A975CB8 
 312      0BB3
 313 04ae A7BE8A34 		.ascii	"\247\276\2124\365\225\334[\376\354\251?/\033\363\335"
 313      F595DC5B 
 313      FEECA93F 
 313      2F1BF3DD 
 314 04be 6DE31DFE 		.ascii	"m\343\035\376H\033\232\"\212I\342^\2078\013n\265\273"
 314      481B9A22 
 314      8A49E25E 
 314      87380B6E 
 314      B5BB
 315 04d0 F0D4EF83 		.ascii	"\360\324\357\203\247>\372\011\205\022$\311\011\335\206"
 315      A73EFA09 
 315      851224C9 
 315      09DD86
 316 04df C95B3079 		.ascii	"\311[0y\220\274 J\273K\346\357\331\227!\212*\324\217"
 316      90BC204A 
 316      BB4BE6EF 
 316      D997218A 
 316      2AD48F
 317 04f2 B4E88E92 		.ascii	"\264\350\216\222\370\002-{C\034\331\237\225\247\301"
 317      F8022D7B 
 317      431CD99F 
 317      95A7C1
 318 0501 991A9202 		.ascii	"\231\032\222\002_\262\363N%?]\220\007\323\006\251\257"
 318      5FB2F34E 
ARM GAS  /tmp/ccrnUhVQ.s 			page 24


 318      253F5D90 
 318      07D306A9 
 318      AF
 319 0512 9DDFDF2A 		.ascii	"\235\337\337*\212\363\320}\210qO\211\001!Y\220\252\303"
 319      8AF3D07D 
 319      88714F89 
 319      01215990 
 319      AAC3
 320 0524 45654805 		.ascii	"EeH\005/p\352\001/'\230\253\035;tA\345\234{\210\350"
 320      2F70EA01 
 320      2F2798AB 
 320      1D3B7441 
 320      E59C7B88 
 321 0539 E4D0F9AE 		.ascii	"\344\320\371\256\034~\332w\333\000}\267=B\322\313mb"
 321      1C7EDA77 
 321      DB007DB7 
 321      3D42D2CB 
 321      6D62
 322 054b F78D0179 		.ascii	"\367\215\001yw\273[\361a\307\306\315\342\177\021uC\275"
 322      77BB5BF1 
 322      61C7C6CD 
 322      E27F1175 
 322      43BD
 323 055d 4A16BDF2 		.ascii	"J\026\275\362\026\015\322-\312\032|\274U\243M!!\350"
 323      160DD22D 
 323      CA1A7CBC 
 323      55A34D21 
 323      21E8
 324 056f 0A49BDE5 		.ascii	"\012I\275\3455rh\210\244\214t\301hQ0}\345==\367\334"
 324      35726888 
 324      A48C74C1 
 324      6851307D 
 324      E53D3DF7 
 325 0584 170FD1EA 		.ascii	"\027\017\321\352\250\362\035G\007U(4\030\2017\322\036"
 325      A8F21D47 
 325      07552834 
 325      188137D2 
 325      1E
 326 0595 94DFDD1C 		.ascii	"\224\337\335\034\032\205\005<\226\242\300\221+\002}"
 326      1A85053C 
 326      96A2C091 
 326      2B027D
 327 05a4 703D9986 		.ascii	"p=\231\206koz\246\025\025\367\211x.\207\226P:\032\206"
 327      6B6F7AA6 
 327      1515F789 
 327      782E8796 
 327      503A1A86 
 328 05b8 7A8ED270 		.ascii	"z\216\322p#\000|\202h\300\244\222G\343\252\300LZ\000"
 328      23007C82 
 328      68C0A492 
 328      47E3AAC0 
 328      4C5A00
 329 05cb 780222CA 		.ascii	"x\002\"\312V*0\206\002\345$\351\000\024\267\307\013"
 329      562A3086 
 329      02E524E9 
 329      0014B7C7 
 329      0B
ARM GAS  /tmp/ccrnUhVQ.s 			page 25


 330 05dc 8AFD59DB 		.ascii	"\212\375Y\333h`x\241.\371\254\317\264\313{&/\357)\013"
 330      686078A1 
 330      2EF9ACCF 
 330      B4CB7B26 
 330      2FEF290B 
 331 05f0 F7246DC3 		.ascii	"\367$m\303\230\324s^0<\334\267+\303\227\365\334{0<\326"
 331      98D4735E 
 331      303CDCB7 
 331      2BC397F5 
 331      DC7B303C 
 332 0605 9B5D8B3C 		.ascii	"\233]\213<\223\031\007\330s\012{A\223y\306\222yA\223"
 332      931907D8 
 332      730A7B41 
 332      9379C692 
 332      794193
 333 0618 69E92B8F 		.ascii	"i\351+\217\301\243\264\\\350h\301\356B\177\234\354E"
 333      C1A3B45C 
 333      E868C1EE 
 333      427F9CEC 
 333      45
 334 0629 07E9E515 		.ascii	"\007\351\345\025\2734\260\333h\202\326i\232\236\330"
 334      BB34B0DB 
 334      6882D669 
 334      9A9ED8
 335 0638 7635AFD8 		.ascii	"v5\257\330o\332\355O\344\311\366\213\274\264\375\347"
 335      6FDAED4F 
 335      E4C9F68B 
 335      BCB4FDE7 
 336 0648 FB2BDAE5 		.ascii	"\373+\332\345\257\210\226{\270\346\304\355\253\211b"
 336      AF88967B 
 336      B8E6C4ED 
 336      AB8962
 337 0657 50F2DBC4 		.ascii	"P\362\333\304\017\275\224\367\037M\302\267\316K\317"
 337      0FBD94F7 
 337      1F4DC2B7 
 337      CE4BCF
 338 0666 877D124F 		.ascii	"\207}\022OZa\317\213\361\035\376\276i\316f\2477\267"
 338      5A61CF8B 
 338      F11DFEBE 
 338      69CE66A7 
 338      37B7
 339 0678 522C07EF 		.ascii	"R,\007\357K\373\006\316\340\234[\362\244F\315J\345\015"
 339      4BFB06CE 
 339      E09C5BF2 
 339      A446CD4A 
 339      E50D
 340 068a C33B452F 		.ascii	"\303;E/\353}q\031[\335\366\246\023\037\222\232;^\353"
 340      EB7D7119 
 340      5BDDF6A6 
 340      131F929A 
 340      3B5EEB
 341 069d A6216FBC 		.ascii	"\246!o\274\255\205\"\302\225L\375\335d_\2037\256a\003"
 341      AD8522C2 
 341      954CFDDD 
 341      645F8337 
 341      AE6103
 342 06b0 F9632F90 		.ascii	"\371c/\220}\354}\337W}I\313vDD\344\001S0Q\307\343z\346"
ARM GAS  /tmp/ccrnUhVQ.s 			page 26


 342      7DEC7DDF 
 342      577D49CB 
 342      764444E4 
 342      01533051 
 343 06c8 DB9693F6 		.ascii	"\333\226\223\366@-\307My\215\270\232\207#\003gg\241"
 343      402DC74D 
 343      798DB89A 
 343      87230367 
 343      67A1
 344 06da 909090D0 		.ascii	"\220\220\220\320\2209yb\262C,\035x\216SO\357oL\024\367"
 344      90397962 
 344      B2432C1D 
 344      788E534F 
 344      EF6F4C14 
 345 06ef CF451B79 		.ascii	"\317E\033y-J\3411\372\206\237\243\220t\244\024\213\341"
 345      2D4AE131 
 345      FA869FA3 
 345      9074A414 
 345      8BE1
 346 0701 87CB13B3 		.ascii	"\207\313\023\263A\320{\206|\204$c\264\011\274\323=\275"
 346      41D07B86 
 346      7C842463 
 346      B409BCD3 
 346      3DBD
 347 0713 9379E27E 		.ascii	"\223y\342~\0271\177\022\240I\366'\364\257\247\2443w"
 347      17317F12 
 347      A049F627 
 347      F4AFA7A4 
 347      3377
 348 0725 F62C9938 		.ascii	"\366,\2318\216w\210\342l\342\305Iw0\347du\235\301G\340"
 348      8E7788E2 
 348      6CE2C549 
 348      7730E764 
 348      759DC147 
 349 073a AB255543 		.ascii	"\253%UCa\033\246\016Ns\315\222\232\026\276t9\224\306"
 349      611BA60E 
 349      4E73CD92 
 349      9A16BE74 
 349      3994C6
 350 074d 07A354FA 		.ascii	"\007\243T\372\037q\007(\312\344C\321f>\004m\001\313"
 350      1F710728 
 350      CAE443D1 
 350      663E046D 
 350      01CB
 351 075f 02CBE043 		.ascii	"\002\313\340C\344\217\357k\027\373w\004\340Do\372@<"
 351      E48FEF6B 
 351      17FB7704 
 351      E0446FFA 
 351      403C
 352 0771 F1B23B63 		.ascii	"\361\262;c\026\232\023:%\016\375\033(?Gd\253zt\006;"
 352      169A133A 
 352      250EFD1B 
 352      283F4764 
 352      AB7A7406 
 353 0786 408CB2C1 		.ascii	"@\214\262\301{+\357|4\221E\322\240%]]ej\327N\314vY\027"
 353      7B2BEF7C 
 353      349145D2 
ARM GAS  /tmp/ccrnUhVQ.s 			page 27


 353      A0255D5D 
 353      656AD74E 
 354 079e 8772A44E 		.ascii	"\207r\244N\314a\235\230T\330\253qu\036pk\333m\22239"
 354      CC619D98 
 354      54D8AB71 
 354      751E706B 
 354      DB6D9233 
 355 07b3 CF5A63B1 		.ascii	"\317Zc\261\332\365q\026\343\337\026\205\205\351\302"
 355      DAF57116 
 355      E3DF1685 
 355      85E9C2
 356 07c2 634DAB4C 		.ascii	"cM\253L+\242t\026\233.\326\020\247#"
 356      2BA27416 
 356      9B2ED610 
 356      A723
 357 07d0 FFD97451 		.ascii	"\377\331tQ\321\313\227\274\253\213\214\374@\027\035"
 357      D1CB97BC 
 357      AB8B8CFC 
 357      40171D
 358 07df B17CED62 		.ascii	"\261|\355b\235\015\374\343b\302\214\336\177\372\363"
 358      9D0DFCE3 
 358      62C28CDE 
 358      7FFAF3
 359 07ee A7F3C217 		.ascii	"\247\363\302\027/\346\336qWZ\355\222p\331\312\345\341"
 359      2FE6DE71 
 359      575AED92 
 359      70D9CAE5 
 359      E1
 360 07ff CBBFD419 		.ascii	"\313\277\324\031c\215\026\253\240_\373\273\370\260X"
 360      638D16AB 
 360      A05FFBBB 
 360      F8B058
 361 080e CE87C64B 		.ascii	"\316\207\306K0\223\210\201\316\330\372\317\255\226x"
 361      30938881 
 361      CED8FACF 
 361      AD9678
 362 081d BDC9660D 		.ascii	"\275\311f\015r\371\33399\333\030\033\265\316\026\011"
 362      72F9DB39 
 362      39DB181B 
 362      B5CE1609 
 363 082d 531FC14C 		.ascii	"S\037\301LD\324\312\337\274\022\320d6\306%\304\010\020"
 363      44D4CADF 
 363      BC12D064 
 363      36C625C4 
 363      0810
 364 083f CBB6CE06 		.ascii	"\313\266\316\006a\002-6C\334\214\"\262>\342D\324\344"
 364      61022D36 
 364      43DC8C22 
 364      B23EE244 
 364      D4E4
 365 0851 0CA239E4 		.ascii	"\014\2429\344\274\302\026m\212\027\254\037\033\3141"
 365      BCC2166D 
 365      8A17AC1F 
 365      1BCC31
 366 0860 71823522 		.ascii	"q\2025\"\220\306\376\224&$\201\202$\266\333d\000LD\233"
 366      90C6FE94 
 366      26248182 
ARM GAS  /tmp/ccrnUhVQ.s 			page 28


 366      24B6DB64 
 366      004C449B 
 367 0874 206949B8 		.ascii	" iI\270\370\377\255&\347\303\256\364&\263\311>W\037"
 367      F8FFAD26 
 367      E7C3AEF4 
 367      26B3C93E 
 367      571F
 368 0886 B36AB5DE 		.ascii	"\263j\265\336\030+\000\320\255\024\363gXy\214\260*a"
 368      182B00D0 
 368      AD14F367 
 368      58798CB0 
 368      2A61
 369 0898 352CE3D7 		.ascii	"5,\343\327z\233\335`\267\221_\250e\274`\260%@\371\215"
 369      7A9BDD60 
 369      B7915FA8 
 369      65BC60B0 
 369      2540F98D 
 370 08ac 5693FDE7 		.ascii	"V\223\375\347\010TG\252G\027\355V\207`'\324\262\346"
 370      085447AA 
 370      4717ED56 
 370      876027D4 
 370      B2E6
 371 08be 15E6AF5C 		.ascii	"\025\346\257\\\322\365\330\273@=\335Q\223\365\357za"
 371      D2F5D8BB 
 371      403DDD51 
 371      93F5EF7A 
 371      61
 372 08cf 8D29CEB2 		.ascii	"\215)\316\262:A\010r]\234`X+\320\215w\231\024\314v\301"
 372      3A410872 
 372      5D9C6058 
 372      2BD08D77 
 372      9914CC76 
 373 08e4 4A26E748 		.ascii	"J&\347HA!C+\204\024\010&\330\274\326d\214\022\354\220"
 373      4121432B 
 373      84140826 
 373      D8BCD664 
 373      8C12EC90 
 374 08f8 A05D8897 		.ascii	"\240]\210\227\322\373\304j\262@.\353\264z}\202\311l"
 374      D2FBC46A 
 374      B2402EEB 
 374      B47A7D82 
 374      C96C
 375 090a 5FF2AEDE 		.ascii	"_\362\256\336\276T\227`\263\352\014\326\370\205f\213"
 375      BE549760 
 375      B3EA0CD6 
 375      F885668B 
 376 091a 59582818 		.ascii	"YX(\030V\231\234+\2157\030cMfA\247\217\021>7$\304\331"
 376      56999C2B 
 376      8D371863 
 376      4D6641A7 
 376      8F113E37 
 377 0931 F5F6756B 		.ascii	"\365\366uk\004\262poY\375\366\014j\3500\035$\026\003"
 377      04B2706F 
 377      59FDF60C 
 377      6AE8301D 
 377      241603
 378 0944 AE205938 		.ascii	"\256 Y8\335F\033-\361\361\026\263|\023\220\254\301["
ARM GAS  /tmp/ccrnUhVQ.s 			page 29


 378      DD461B2D 
 378      F1F116B3 
 378      7C1390AC 
 378      C15B
 379 0956 658C3558 		.ascii	"e\2145X\375\364z\233`\327\277\277,\352\303OVF\370\031"
 379      FDF47A9B 
 379      60D7BFBF 
 379      2CEAC34F 
 379      5646F819 
 380 096a E2BE30AC 		.ascii	"\342\2760\254#\213\214\203\234\302\334q\302\227v]\370"
 380      238B8C83 
 380      9CC2DC71 
 380      C297765D 
 380      F8
 381 097b F2A88828 		.ascii	"\362\250\210(e\227\310\275d\214\377(\301Lx\370/\313"
 381      6597C8BD 
 381      648CFF28 
 381      C14C78F8 
 381      2FCB
 382 098d 2255912B 		.ascii	"\"U\221+\226}\240\012\217^\031\251\016_\026\031\361"
 382      967DA00A 
 382      8F5E19A9 
 382      0E5F1619 
 382      F1
 383 099e FE3BAF89 		.ascii	"\376;\257\211X\012z_\271m\243\241\002\377\003\361;\262"
 383      580A7A5F 
 383      B96DA3A1 
 383      02FF03F1 
 383      3BB2
 384 09b0 DC       		.ascii	"\334"
 385              		.text
 386              		.section	.gnu.lto_.symtab.dc9be9ecc327086d,"",%progbits
 387 0000 53797354 		.ascii	"SysTick_Handler\000"
 387      69636B5F 
 387      48616E64 
 387      6C657200 
 388 0010 00       		.ascii	"\000"
 389 0011 00       		.ascii	"\000"
 390 0012 00       		.ascii	"\000"
 391 0013 00000000 		.ascii	"\000\000\000\000\000\000\000\000"
 391      00000000 
 392 001b CD000000 		.ascii	"\315\000\000\000"
 393 001f 73745F6C 		.ascii	"st_lld_init\000"
 393      6C645F69 
 393      6E697400 
 394 002b 00       		.ascii	"\000"
 395 002c 00       		.ascii	"\000"
 396 002d 00       		.ascii	"\000"
 397 002e 00000000 		.ascii	"\000\000\000\000\000\000\000\000"
 397      00000000 
 398 0036 CF000000 		.ascii	"\317\000\000\000"
 399 003a 5F646267 		.ascii	"_dbg_check_lock_from_isr\000"
 399      5F636865 
 399      636B5F6C 
 399      6F636B5F 
 399      66726F6D 
 400 0053 00       		.ascii	"\000"
ARM GAS  /tmp/ccrnUhVQ.s 			page 30


 401 0054 02       		.ascii	"\002"
 402 0055 00       		.ascii	"\000"
 403 0056 00000000 		.ascii	"\000\000\000\000\000\000\000\000"
 403      00000000 
 404 005e D1000000 		.ascii	"\321\000\000\000"
 405 0062 5F737461 		.ascii	"_stats_start_measure_crit_isr\000"
 405      74735F73 
 405      74617274 
 405      5F6D6561 
 405      73757265 
 406 0080 00       		.ascii	"\000"
 407 0081 02       		.ascii	"\002"
 408 0082 00       		.ascii	"\000"
 409 0083 00000000 		.ascii	"\000\000\000\000\000\000\000\000"
 409      00000000 
 410 008b D3000000 		.ascii	"\323\000\000\000"
 411 008f 63685379 		.ascii	"chSysTimerHandlerI\000"
 411      7354696D 
 411      65724861 
 411      6E646C65 
 411      724900
 412 00a2 00       		.ascii	"\000"
 413 00a3 02       		.ascii	"\002"
 414 00a4 00       		.ascii	"\000"
 415 00a5 00000000 		.ascii	"\000\000\000\000\000\000\000\000"
 415      00000000 
 416 00ad D5000000 		.ascii	"\325\000\000\000"
 417 00b1 5F737461 		.ascii	"_stats_stop_measure_crit_isr\000"
 417      74735F73 
 417      746F705F 
 417      6D656173 
 417      7572655F 
 418 00ce 00       		.ascii	"\000"
 419 00cf 02       		.ascii	"\002"
 420 00d0 00       		.ascii	"\000"
 421 00d1 00000000 		.ascii	"\000\000\000\000\000\000\000\000"
 421      00000000 
 422 00d9 D7000000 		.ascii	"\327\000\000\000"
 423 00dd 5F646267 		.ascii	"_dbg_check_unlock_from_isr\000"
 423      5F636865 
 423      636B5F75 
 423      6E6C6F63 
 423      6B5F6672 
 424 00f8 00       		.ascii	"\000"
 425 00f9 02       		.ascii	"\002"
 426 00fa 00       		.ascii	"\000"
 427 00fb 00000000 		.ascii	"\000\000\000\000\000\000\000\000"
 427      00000000 
 428 0103 D9000000 		.ascii	"\331\000\000\000"
 429 0107 5F706F72 		.ascii	"_port_irq_epilogue\000"
 429      745F6972 
 429      715F6570 
 429      696C6F67 
 429      756500
 430 011a 00       		.ascii	"\000"
 431 011b 02       		.ascii	"\002"
 432 011c 00       		.ascii	"\000"
ARM GAS  /tmp/ccrnUhVQ.s 			page 31


 433 011d 00000000 		.ascii	"\000\000\000\000\000\000\000\000"
 433      00000000 
 434 0125 DB000000 		.ascii	"\333\000\000\000"
 435 0129 5F646267 		.ascii	"_dbg_check_leave_isr\000"
 435      5F636865 
 435      636B5F6C 
 435      65617665 
 435      5F697372 
 436 013e 00       		.ascii	"\000"
 437 013f 02       		.ascii	"\002"
 438 0140 00       		.ascii	"\000"
 439 0141 00000000 		.ascii	"\000\000\000\000\000\000\000\000"
 439      00000000 
 440 0149 DD000000 		.ascii	"\335\000\000\000"
 441 014d 5F646267 		.ascii	"_dbg_check_enter_isr\000"
 441      5F636865 
 441      636B5F65 
 441      6E746572 
 441      5F697372 
 442 0162 00       		.ascii	"\000"
 443 0163 02       		.ascii	"\002"
 444 0164 00       		.ascii	"\000"
 445 0165 00000000 		.ascii	"\000\000\000\000\000\000\000\000"
 445      00000000 
 446 016d DF000000 		.ascii	"\337\000\000\000"
 447 0171 5F737461 		.ascii	"_stats_increase_irq\000"
 447      74735F69 
 447      6E637265 
 447      6173655F 
 447      69727100 
 448 0185 00       		.ascii	"\000"
 449 0186 02       		.ascii	"\002"
 450 0187 00       		.ascii	"\000"
 451 0188 00000000 		.ascii	"\000\000\000\000\000\000\000\000"
 451      00000000 
 452 0190 E1000000 		.ascii	"\341\000\000\000"
 453 0194 6E766963 		.ascii	"nvicSetSystemHandlerPriority\000"
 453      53657453 
 453      79737465 
 453      6D48616E 
 453      646C6572 
 454 01b1 00       		.ascii	"\000"
 455 01b2 02       		.ascii	"\002"
 456 01b3 00       		.ascii	"\000"
 457 01b4 00000000 		.ascii	"\000\000\000\000\000\000\000\000"
 457      00000000 
 458 01bc F0000000 		.ascii	"\360\000\000\000"
 459              		.text
 460              		.section	.gnu.lto_.opts,"",%progbits
 461 0000 272D666D 		.ascii	"'-fmath-errno' '-fsigned-zeros' '-ftrapping-math' '"
 461      6174682D 
 461      6572726E 
 461      6F272027 
 461      2D667369 
 462 0033 2D666E6F 		.ascii	"-fno-trapv' '-fno-strict-overflow' '-fno-openmp' '-"
 462      2D747261 
 462      70762720 
ARM GAS  /tmp/ccrnUhVQ.s 			page 32


 462      272D666E 
 462      6F2D7374 
 463 0066 666E6F2D 		.ascii	"fno-openacc' '-mcpu=cortex-m4' '-mfloat-abi=hard' '"
 463      6F70656E 
 463      61636327 
 463      20272D6D 
 463      6370753D 
 464 0099 2D6D6670 		.ascii	"-mfpu=fpv4-sp-d16' '-mno-thumb-interwork' '-mthumb'"
 464      753D6670 
 464      76342D73 
 464      702D6431 
 464      36272027 
 465 00cc 20272D4F 		.ascii	" '-O0' '-Werror' '-fomit-frame-pointer' '-falign-fu"
 465      30272027 
 465      2D576572 
 465      726F7227 
 465      20272D66 
 466 00ff 6E637469 		.ascii	"nctions=16' '-ffunction-sections' '-fdata-sections'"
 466      6F6E733D 
 466      31362720 
 466      272D6666 
 466      756E6374 
 467 0132 20272D66 		.ascii	" '-fno-common' '-flto' '-fsingle-precision-constant"
 467      6E6F2D63 
 467      6F6D6D6F 
 467      6E272027 
 467      2D666C74 
 468 0165 2700     		.ascii	"'\000"
 469              		.text
 470              		.comm	__gnu_lto_v1,1,1
 471              		.comm	__gnu_lto_slim,1,1
 472              		.ident	"GCC: (GNU Tools for Arm Embedded Processors 7-2017-q4-major) 7.2.1 20170904 (release) [ARM
ARM GAS  /tmp/ccrnUhVQ.s 			page 33


DEFINED SYMBOLS
                            *ABS*:0000000000000000 st_lld.c
                            *COM*:0000000000000001 __gnu_lto_v1
                            *COM*:0000000000000001 __gnu_lto_slim

NO UNDEFINED SYMBOLS
