ARM GAS  /tmp/ccYrhfD7.s 			page 1


   1              		.cpu cortex-m4
   2              		.eabi_attribute 27, 1
   3              		.eabi_attribute 28, 1
   4              		.eabi_attribute 20, 1
   5              		.eabi_attribute 21, 1
   6              		.eabi_attribute 23, 3
   7              		.eabi_attribute 24, 1
   8              		.eabi_attribute 25, 1
   9              		.eabi_attribute 26, 1
  10              		.eabi_attribute 30, 6
  11              		.eabi_attribute 34, 1
  12              		.eabi_attribute 18, 4
  13              		.file	"status.c"
  14              		.section	.gnu.lto_.inline.9f81da7223804087,"",%progbits
  15 0000 789C6363 		.ascii	"x\234cc``\020a@\000F\006\006N\016\006\006&\276\206Z"
  15      60601061 
  15      40004606 
  15      064E0E06 
  15      0626BE86 
  16 0015 06160626 		.ascii	"\006\026\006&\260\030\000\017\371\001@"
  16      B018000F 
  16      F90140
  17              		.text
  18              		.section	.gnu.lto_set_status.9f81da7223804087,"",%progbits
  19 0000 789C7D92 		.ascii	"x\234}\222MK\034A\020\206\353\355\352\351u\305\275\344"
  19      4D4B1C41 
  19      1086EBED 
  19      EAE975C5 
  19      BDE4
  20 0012 BC87DCC4 		.ascii	"\274\207\334\304KV\3149?&\344'h\316\366\256\312\256"
  20      4B56CC39 
  20      3F26E427 
  20      68CEF6AE 
  20      CAAE
  21 0024 E8C183AB 		.ascii	"\350\301\203\253D\226\315\222\017b\022$hb\306\217M2"
  21      4496CD92 
  21      0F621224 
  21      6862C68F 
  21      4D32
  22 0036 8EE0C90F 		.ascii	"\216\340\311\017\224\020\203\307\200\"\022\366\344\331"
  22      941083C7 
  22      802212F6 
  22      E4D9
  23 0044 A4AA4797 		.ascii	"\244\252G\227\200\304\206\351\351\251\367\255\352zz"
  23      80C486E9 
  23      E9A9F7AD 
  23      EA7A7A
  24 0053 DA1151D5 		.ascii	"\332\021Q\325\020\335\223\367#y(G\220O\030\303D\336"
  24      10DD93F7 
  24      23792847 
  24      904F18C3 
  24      44DE
  25 0065 58992CC3 		.ascii	"X\231,\303I\304\232H#N#Q\2108@\022@\243\206m\3440\212"
  25      49C49A48 
  25      234E2351 
  25      88384012 
  25      40A3866D 
ARM GAS  /tmp/ccYrhfD7.s 			page 2


  26 007c 699E65A4 		.ascii	"i\236e\244\325\263u3\360\306\313H\346\367\341\027\023"
  26      D5B37533 
  26      F0C6CB48 
  26      E6F7E117 
  26      13
  27 008d 34A4D61C 		.ascii	"4\244\326\034S\030\370\210\001q\235O\370\245<\367\201"
  27      5318F888 
  27      01719D4F 
  27      F8A53CF7 
  27      81
  28 009e 647DF2F3 		.ascii	"d}\362\363\335o\327\377\332\373\212Ov\307\330\3675\030"
  28      DD6FD7FF 
  28      DAFB8A4F 
  28      76C7D8F7 
  28      3518
  29 00b0 F8049614 		.ascii	"\370\004\226\024<,b\260H\022 \254\242_\335\277\226\257"
  29      3C2C62B0 
  29      481220AC 
  29      A25FDDBF 
  29      96AF
  30 00c2 EA0567B3 		.ascii	"\352\005g\263\202\370,\235h\027\037\216\242\304_\375"
  30      82F82C9D 
  30      68171F8E 
  30      A2C45FFD 
  31 00d2 A94A8557 		.ascii	"\251J\205W8\264=\220\034ct\262\010\231T\013\015L\262"
  31      38B43D90 
  31      1C6374B2 
  31      0899540B 
  31      0D4CB2
  32 00e5 D0F129C6 		.ascii	"\320\361)\306O\266\367\313\254\351\013l\245\352juw\271"
  32      4FB6F7CB 
  32      ACE90B6C 
  32      A5EA6A75 
  32      77B9
  33 00f7 778A7567 		.ascii	"w\212ug F\2212\263\344\360\005*\227\347\013C\231\027"
  33      20469132 
  33      B3E4F005 
  33      2A97E70B 
  33      439917
  34 010a E29D4D9F 		.ascii	"\342\235M\237}/\250\327\300\317\324\274\305\232\370"
  34      7D2FA8D7 
  34      C0CFD4BC 
  34      C59AF8
  35 0119 2F905EF6 		.ascii	"/\220^\366\250G\014s\023\351A.3h\307\355to\307\265\320"
  35      A8470C73 
  35      13E9412E 
  35      3368C7ED 
  35      746FC7B5 
  36 012e 2CCB91DC 		.ascii	",\313\221\334o0K\025\254\353\026\242\375\2107\342Bi"
  36      6F304B15 
  36      ACEB16A2 
  36      FD8837E2 
  36      4269
  37 0140 C98F9755 		.ascii	"\311\217\227U\262\330@\013\365\320\251\210\233\315\027"
  37      B2D8400B 
  37      F5D0A988 
  37      9BCD17
ARM GAS  /tmp/ccYrhfD7.s 			page 3


  38 014f 8BE88A11 		.ascii	"\213\350\212\0216Q\25232\355x\345l\336t5\207\266jF\217"
  38      3651AA33 
  38      32ED78E5 
  38      6CDE7435 
  38      87B66A46 
  39 0164 E40B4AA2 		.ascii	"\344\013J\242\307\235\367qh2\207\204\3605\020M\262\275"
  39      C79DF771 
  39      68328784 
  39      F035104D 
  39      B2BD
  40 0176 81EF1CFE 		.ascii	"\201\357\034\376\003\337~>\375\366\032\336\340[\027"
  40      03DF7E3E 
  40      FDF61ADE 
  40      E05B17
  41 0185 3EBA816F 		.ascii	">\272\201o^\303\233[\244\267\321\314\177\321\222\273"
  41      5EC39B5B 
  41      A4B7D1CC 
  41      7FD192BB 
  42 0195 D0B6EE40 		.ascii	"\320\266\356@KU\013\177{\033\245.\212\334@\356\240\322"
  42      4B550B7F 
  42      7B1BA52E 
  42      8ADC40EE 
  42      A0D2
  43 01a7 7A990F97 		.ascii	"z\231\017\227@GM+\310\031\344\207G\036\217<\035~\360"
  43      40474D2B 
  43      C819E487 
  43      471E8F3C 
  43      1D7EF0
  44 01ba 845CB6FA 		.ascii	"\204\\\266\372\013h\262\305\010"
  44      0B68B2C5 
  44      08
  45              		.text
  46              		.section	.gnu.lto_.symbol_nodes.9f81da7223804087,"",%progbits
  47 0000 789C6363 		.ascii	"x\234cc``\020\001b\006\246\036\246z\006\206\011\347"
  47      60601001 
  47      6206A61E 
  47      A67A0686 
  47      09E7
  48 0012 181880D4 		.ascii	"\030\030\200\324\256FG\240\020\0002\010\004\203"
  48      AE4647A0 
  48      10003208 
  48      0483
  49              		.text
  50              		.section	.gnu.lto_.refs.9f81da7223804087,"",%progbits
  51 0000 789C6363 		.ascii	"x\234cc```\004b\006\000\000D\000\010"
  51      60606004 
  51      62060000 
  51      440008
  52              		.text
  53              		.section	.gnu.lto_.decls.9f81da7223804087,"",%progbits
  54 0000 789CA556 		.ascii	"x\234\245VkLTG\024\276\347\316.\354^\236\001c\370AZ"
  54      6B4C5447 
  54      14BEE7CE 
  54      2EEC5E9E 
  54      0163F841 
  55 0015 62086C93 		.ascii	"b\010l\223\312\012\230\266?\352\217*T\215X\310\252i"
  55      CA0A98B6 
ARM GAS  /tmp/ccYrhfD7.s 			page 4


  55      3FEA8F2A 
  55      548D58C8 
  55      AA69
  56 0027 FCD31561 		.ascii	"\374\323\025a[hx\205]\232\230\364\307\205\305\342#\266"
  56      5B687885 
  56      5D9A98F4 
  56      C785C5E2 
  56      23B6
  57 0039 40AC51C4 		.ascii	"@\254Q\304J\261U\020\001\255`E@VDT\020\037X\361\005"
  57      4AB15510 
  57      01AD6045 
  57      40564454 
  57      101F58F1 
  58 004e B2D5C577 		.ascii	"\262\325\305w\025\237\274\254\364\314\235]\356\005\027"
  58      159FBCAC 
  58      F4CC9D5D 
  58      EE0517
  59 005d 63D24966 		.ascii	"c\322If\357\234;\337\234\363\315w\316\314]\017\216\343"
  59      EF9C3BDF 
  59      9CF3CD77 
  59      CECC5D0F 
  59      8EE3
  60 006f 32BC386E 		.ascii	"2\2748n\011p\334\3678\036\307\306\343\363\030'7\234"
  60      0970DCF7 
  60      381EC7C6 
  60      E3F31827 
  60      379C
  61 0081 E2DAB837 		.ascii	"\342\332\2707\333z\234\320\340s\025\366\026\354\236"
  61      DB7A9CD0 
  61      E07315F6 
  61      16EC9E
  62 0090 687B607F 		.ascii	"h{`\177\200c\015>\265\330\303p\254\302Np|\027\237\016"
  62      80630D3E 
  62      B5D8C370 
  62      ACC24E70 
  62      7C179F0E 
  63 00a4 EC036FF1 		.ascii	"\354\003o\361\271\231\300\375\334MU\336\375\320G!\340"
  63      B999C0FD 
  63      DC4D55DE 
  63      FDD04721 
  63      E0
  64 00b5 0F000CAD 		.ascii	"\017\000\014\255l\340d*5:\317\000<\270&\031j\3522i\016"
  64      6CE0642A 
  64      353ACF00 
  64      3CB82619 
  64      6AEA3269 
  65 00ca 58E73919 		.ascii	"X\3479\031+\257PxU,\006\251q\022\025%\027\211\031p\256"
  65      2BAF5078 
  65      552C06A9 
  65      71121525 
  65      17891970 
  66 00df D7AEF030 		.ascii	"\327\256\3600\201q\341\025^\301\271\310\035;\252\223"
  66      8171E115 
  66      5EC1B9C8 
  66      1D3BAA93 
  67 00ef 5384DEDA 		.ascii	"S\204\336\332\301Sj;\334@\350J_\256P\223\016\364\355"
  67      C1536A3B 
ARM GAS  /tmp/ccYrhfD7.s 			page 5


  67      DC40E84A 
  67      5FAE5093 
  67      0EF4ED
  68 0102 D9D18E72 		.ascii	"\331\321\216r?\302K\343+\266\341\355Z\342#\215/\366"
  68      3FC24BE3 
  68      2BB6E1ED 
  68      5AE2238D 
  68      2FF6
  69 0114 B6549088 		.ascii	"\266T\220\210}\"k\232\010\016\016\001q\351Y\273\326"
  69      7D226B9A 
  69      080E0E01 
  69      71E959BB 
  69      D6
  70 0125 51A9D948 		.ascii	"Q\251\331H X\200q\240\366\303\206\021\037f\323\351:"
  70      20588071 
  70      A0F6C386 
  70      111F66D3 
  70      E93A
  71 0137 DBB36A15 		.ascii	"\333\263j\025y\237\216\371\003\325\216oA'\354\246^l"
  71      799F8EF9 
  71      03D58E6F 
  71      4127ECA6 
  71      5E6C
  72 0149 E75ECC3C 		.ascii	"\347^\314<,\212\376\320\004\002\034\001\002\177B\004"
  72      2C8AFED0 
  72      04021C01 
  72      027F4204 
  73 0159 DD4EB080 		.ascii	"\335N\260\200\277\353D1O\024w\211$\210\203\350`\230"
  73      BFEB4431 
  73      4F147789 
  73      248883E8 
  73      6098
  74 016b 13CC4123 		.ascii	"\023\314A#\350\250K\212\202\006\010\206\303\020L\335"
  74      E8A84B8A 
  74      82060886 
  74      C3104CDD 
  75 017b 57EEAC68 		.ascii	"W\356\254h\363!_I\356oT?>K&\374\017\225\316:\270V\024"
  75      F3215F49 
  75      EE6F543F 
  75      3E4B26FC 
  75      0F95CE3A 
  76 0192 7968C100 		.ascii	"yh\301\000\315r\000\214\347>\302Q\367\021\352\372\273"
  76      CD72008C 
  76      E73EC251 
  76      F711EAFA 
  76      BB
  77 01a3 F778A930 		.ascii	"\367x\2510\237\222\243\014\025}wb|\310\346\207{\014"
  77      9F92A30C 
  77      157D7762 
  77      7CC8E687 
  77      7B0C
  78 01b5 108047B3 		.ascii	"\020\200G\263{\360\314\016/4g\010\340\217fO\311\365"
  78      7BF0CC0E 
  78      2F346708 
  78      E08F664F 
  78      C9F5
  79 01c7 8D24680B 		.ascii	"\215$h\013eQh\025\375yX5\023Z\321\3411t\310\301q\010"
ARM GAS  /tmp/ccYrhfD7.s 			page 6


  79      65516815 
  79      FD795835 
  79      135AD1E1 
  79      3174C8C1 
  80 01dd C25F1BA8 		.ascii	"\302_\033\250\234\345\370\343\221\217g\225\211e6\321"
  80      9CE5F8E3 
  80      918F6795 
  80      896536D1 
  81 01ed 76726FF0 		.ascii	"vro\360n\253X\201\313B(\012\352e\322\365To\250\003;"
  81      6EAB5881 
  81      CB42280A 
  81      EA65D2F5 
  81      546FA803 
  82 0202 C041E8C7 		.ascii	"\300A\350\307\254\265\301,\\|!\177\177)a<Th>\351*\271"
  82      ACB5C12C 
  82      5C7C217F 
  82      7F29613C 
  82      54683EE9 
  83 0218 E5CB7884 		.ascii	"\345\313x\204\240\271\375Y\337=-\233\325)f\003\330\354"
  83      A0B9FD59 
  83      DF3D2D9B 
  83      D5296603 
  83      D8EC
  84 022a F0AF8E62 		.ascii	"\360\257\216b\236\224\200\224\245\276S\225U\324Q8&\021"
  84      9E948094 
  84      A5BE5395 
  84      55D45138 
  84      2611
  85 023c 9B9F228F 		.ascii	"\233\237\"\217\341,\217\335?=\375\315\223\354\224\340"
  85      E12C8FDD 
  85      3F3DFDCD 
  85      93EC94E0 
  86 024c 7CFFD5B1 		.ascii	"|\377\325\261^_\020t\222\212eVQ\273\210\203v\334\341"
  86      5E5F1074 
  86      928A6556 
  86      51BB8883 
  86      76DCE1
  87 025f 09DC219C 		.ascii	"\011\334!\234E\035\303\235:v\342\313\016|\351JyxQ\001"
  87      451DC39D 
  87      3A76E2CB 
  87      0E7CE94A 
  87      79785101 
  88 0273 4D49172A 		.ascii	"MI\027*yF\336]\270\300\264\250\374\255\250\334\203\354"
  88      7946DE5D 
  88      B8C0B4A8 
  88      FCADA8DC 
  88      83EC
  89 0285 65311AB7 		.ascii	"e1\032\267\017\234\340\247\213qa\332\030\230\366v)\355"
  89      0F9CE0A7 
  89      8B7161DA 
  89      1898F676 
  89      29ED
  90 0297 E731C639 		.ascii	"\3471\30699F\0278\203l\355>\020+\240S\353;9\305\005"
  90      39461738 
  90      836CED3E 
  90      102BA053 
  90      EB3B39C5 
ARM GAS  /tmp/ccYrhfD7.s 			page 7


  91 02ac FBC737DB 		.ascii	"\373\3077\333}\310A&\324\243\374\001\273\027\0231\010"
  91      7DC84126 
  91      D4A3FC01 
  91      BB171331 
  91      08
  92 02bd CDEAE1FE 		.ascii	"\315\352\341\376Cjr\230\315m\332\334\332\252\"\315\314"
  92      436A7298 
  92      CD6DDADC 
  92      DAAA22CD 
  92      CC
  93 02ce D8B5ADA8 		.ascii	"\330\265\255\250@MZ\231QY\\\270_ m\314\330\272\367\362"
  93      404D5A99 
  93      51595CB8 
  93      5F206DCC 
  93      D8BAF7F2 
  94 02e2 A896B433 		.ascii	"\250\226\2643\343\367\321\261A*|\030\025\236(d\017c"
  94      E3F7D1B1 
  94      412A7C18 
  94      159E2864 
  94      0F63
  95 02f4 B2B7749E 		.ascii	"\262\267t\236\336\355M\3160IjJ^\275\362sI\202\245\245"
  95      DEED4DCE 
  95      30496A4A 
  95      5EBDF273 
  95      4982A5A5 
  96 0308 D6711385 		.ascii	"\326q\023\205\205gYG\027I\354\257\343\313k\262\354\365"
  96      85675947 
  96      1749ECAF 
  96      E3CB6BB2 
  96      ECF5
  97 031a EF35D093 		.ascii	"\3575\320\223\326\207\212\364\312\212\2049\0059Zt\375"
  97      D6878AF4 
  97      CA8A8439 
  97      05395A74 
  97      FD
  98 032b B6402EB3 		.ascii	"\266@.\263\020y\347\177~6m\210\277\247\0151T\032\325"
  98      1079E77F 
  98      7E366D88 
  98      BFA70D31 
  98      541AD5
  99 033e 26A96EC7 		.ascii	"&\251n\307\030\375r\214>\227\352y\303\345M\032b\227"
  99      18FD728C 
  99      3E97EA79 
  99      C3E54D1A 
  99      6297
 100 0350 82A85E56 		.ascii	"\202\250^V\324\367\370B`h\250\256H:$\330\201\227\023"
 100      D4F7F842 
 100      6068A8AE 
 100      483A24D8 
 100      819713
 101 0363 C1C12D08 		.ascii	"\301\301-\010\244\036\3406\006t@(\014@\250t\335\224"
 101      A41EE036 
 101      06744028 
 101      0C40A874 
 101      DD94
 102 0375 5356B63B 		.ascii	"SV\266;M!\315O\035\242\270\301[\012w\023\303\321\005"
 102      4D21CD4F 
ARM GAS  /tmp/ccYrhfD7.s 			page 8


 102      1DA2B8C1 
 102      5B0A7713 
 102      C3D105
 103 0388 1334F5D4 		.ascii	"\0234\365\324Ed\360\004\276c\3366\321\226G$\360U\267"
 103      4564F004 
 103      BE63DE36 
 103      D1964724 
 103      F055B7
 104 039b E0561AD5 		.ascii	"\340V\032\325\271\225\327M\002\336q\024\3049w\301.:"
 104      B995D74D 
 104      02DE7114 
 104      C43977C1 
 104      2E3A
 105 03ad D5C9D607 		.ascii	"\325\311\326\007u\002\204\206\316\3201\267/\233\002"
 105      75028486 
 105      CED031B7 
 105      2F9B02
 106 03bc 7659C553 		.ascii	"vY\305Ss\244J\273\214~\357\301\014\271\230&\221@\267"
 106      73A44ABB 
 106      8C7EEFC1 
 106      0CB99826 
 106      9140B7
 107 03cf 3DCDBEB9 		.ascii	"=\315\276\271\022\013\032\375\312\364\350b\212\306\312"
 107      120B1AFD 
 107      CAF4E862 
 107      8AC6CA
 108 03de 14F18250 		.ascii	"\024\361\202P(B\321T\221\373\250\310\035T\344\256S\021"
 108      2842D154 
 108      91FBA8C8 
 108      1D54E4AE 
 108      5311
 109 03f0 C6F95153 		.ascii	"\306\371QSP.\256\240\250\311\244\241\353Hq\235v\006"
 109      502EAEA0 
 109      A8C9A4A1 
 109      EB48719D 
 109      7606
 110 0402 3ACD9DDE 		.ascii	":\315\235\336)7\311\243\342>\013`\367Y\376\361K\365"
 110      2937C9A3 
 110      E23E0B60 
 110      F759FEF1 
 110      4BF5
 111 0414 DE642BFB 		.ascii	"\336d+\373.\014t\326\346iH)3J\032\237w\250\031P\203"
 111      2E0C74D6 
 111      E6694829 
 111      334A1A9F 
 111      77A81950 
 112 0429 E62F5D35 		.ascii	"\346/]5\235jR\306\346\032\253j\272y\262\233\031\373"
 112      9D6A52C6 
 112      E61AAB6A 
 112      BA79B29B 
 112      19FB
 113 043b 1A063702 		.ascii	"\032\0067\002\251a\306\223\202Z\013\251g\343\374\035"
 113      A961C693 
 113      825A0BA9 
 113      67E3FC1D 
 114 044b 85E778E6 		.ascii	"\205\347x\346\341C4\267\254/\265\253\330\015f\2477\353"
 114      E14334B7 
ARM GAS  /tmp/ccYrhfD7.s 			page 9


 114      AC2FB5AB 
 114      D80D66A7 
 114      37EB
 115 045d 1F3D158D 		.ascii	"\037=\025\215\032\322(a}F\272\034\017\3740\001X8\330"
 115      1AD22861 
 115      7D46BA1C 
 115      0FFC3001 
 115      5838D8
 116 0470 74F4A75C 		.ascii	"t\364\247\\\314\267\212\266vW&\2721\023OQ\333\021\324"
 116      CCB78AB6 
 116      765726BA 
 116      31134F51 
 116      DB11D4
 117 0483 78B2B6ED 		.ascii	"x\262\266\355\300RA\3417?-\021m\371DB\3773\025\375\020"
 117      C05241E1 
 117      373F2D11 
 117      6DF94442 
 117      FF3315FD 
 118 0498 64B85C9D 		.ascii	"d\270\\\235(\333\013D<\227&G\234\3259\216\271\020\371"
 118      28DB0B44 
 118      3C972647 
 118      9CD5398E 
 118      B910F9
 119 04ab 501842F5 		.ascii	"P\030B\365\362\360\371/>\307\260\017c\267\242\375\012"
 119      F2F0F92F 
 119      3EC7B00F 
 119      63B7A2FD 
 119      0A
 120 04bc 9FAFB1E7 		.ascii	"\237\257\261\347\342xt\242\202)\203\321y2\203\227S\031"
 120      E27874A2 
 120      822983D1 
 120      79328397 
 120      5319
 121 04ce 9C0445E9 		.ascii	"\234\004E\351P\3645\005\337G\356\371*\3207\025\276/"
 121      50F43505 
 121      DF47EEF9 
 121      2AD03715 
 121      BE2F
 122 04e0 4D45FF05 		.ascii	"ME\377\005S\305\350V8\037\234\012\177\374\006\374\276"
 122      53C5E856 
 122      381F9C0A 
 122      7FFC06FC 
 122      BE
 123 04f1 C2FBC5A9 		.ascii	"\302\373\305\251\360S2\027g]6\006Hu92\37101W\257\033"
 123      F0533217 
 123      675D3606 
 123      48753932 
 123      F9303157 
 124 0507 15597BE6 		.ascii	"\025Y{\3466k\212m=U\004>\355>\260\222g\207b[O\334o\313"
 124      366B8A6D 
 124      3D55043E 
 124      ED3EB092 
 124      6787625B 
 125 051f E51C8FE5 		.ascii	"\345\034\217\345\215f\201\301\037\340\211\350q/\232"
 125      8D6681C1 
 125      1FE089E8 
 125      712F9A
ARM GAS  /tmp/ccYrhfD7.s 			page 10


 126 052e 04C792B4 		.ascii	"\004\307\222\264u\015\327\251I\213T\222|s\223u.\350"
 126      750DD7A9 
 126      498B5492 
 126      7C739375 
 126      2EE8
 127 0540 02D96EDB 		.ascii	"\002\331n\333\217z\320\233\343\007>\020\362\371\211"
 127      8F7AD09B 
 127      E3073E10 
 127      F2F989
 128 054f 2B90EE7D 		.ascii	"+\220\356}\232R\202\265\274\356\177U\023\322\331sf\314"
 128      9A5282B5 
 128      BCEE7F55 
 128      13D2D973 
 128      66CC
 129 0561 21786F98 		.ascii	"!xo\230\370HJ\341\345#^\300{\273\210\340\220\036Yk\241"
 129      F8484AE1 
 129      E5235EC0 
 129      7BBB88E0 
 129      901E596B 
 130 0576 431B5844 		.ascii	"C\033XD/\204i\357]n\322\245\013\353\370@\372G\345IW"
 130      2F8469EF 
 130      5D6ED2A5 
 130      0BEBF840 
 130      FA47E549 
 131 058b 95967D38 		.ascii	"\225\226}8\337\345\273\000\353y\201\023\314&\213\321"
 131      DFE5BB00 
 131      EB798113 
 131      CC268BD1 
 132 059b 6C49B4E4 		.ascii	"lI\264\344\2305\354\021\221\244Y\370\305\212\220\005"
 132      9835EC11 
 132      91A459F8 
 132      C58A9005 
 133 05ab 91919CD6 		.ascii	"\221\221\234\326h\314I\315\260|b\264\314\325\347\230"
 133      68CC49CD 
 133      B07C62B4 
 133      CCD5E798 
 134 05bb B3F589D9 		.ascii	"\263\365\211\331\351\263323L\263M\211\253S\365\251\031"
 134      E9B33332 
 134      334CB34D 
 134      89AB53F5 
 134      A919
 135 05cd 496939C9 		.ascii	"Ii9\311&}zbRJj\206IoL6}\235\230\223f1Z\326d\231\314"
 135      267D7A62 
 135      524A6A86 
 135      496F4C36 
 135      7D9D9893 
 136 05e8 11299CA7 		.ascii	"\021)\234\247s\361\007oYl^c\326c\374dD\342\012\255\213"
 136      73F1076F 
 136      596C5E63 
 136      D663FC64 
 136      44E20AAD 
 137 05fd 02A7FAEC 		.ascii	"\002\247\372\354s\303\"\201\305\217\2162Z4\256\001\235"
 137      73C32281 
 137      C58F8E32 
 137      5A34AE01 
 137      9D
 138 060e 8853C52D 		.ascii	"\210S\305-XbP\315_f0\300\227\260H\235\224fJ\314v\202"
ARM GAS  /tmp/ccYrhfD7.s 			page 11


 138      586250CD 
 138      5F6630C0 
 138      97B0489D 
 138      94664ACC 
 139 0624 233F7282 		.ascii	"#?r\202\351\200\340\356\242#\"\364\013RRW\247\306/\323"
 139      E980E0EE 
 139      A22322F4 
 139      0B525257 
 139      A7C62FD3 
 140 0638 679AF529 		.ascii	"g\232\365)\211i\372\254\314l\213Y\277l\371\322\350("
 140      8969FAAC 
 140      CC6C8B59 
 140      BF6CF9D2 
 140      E828
 141 064a 7D5C5C8C 		.ascii	"}\\\\\214~a\302\342\370\357\242\364Y\211i\306\264\264"
 141      7E61C2E2 
 141      F8EFA2F4 
 141      598969C6 
 141      B4B4
 142 065c 64E441E2 		.ascii	"d\344A\342c\014dq\214A\235\260\"!\306\340\031\277,!"
 142      630C6471 
 142      8C419DB0 
 142      2221C6E0 
 142      19BF2C21 
 143 0670 3636C6E0 		.ascii	"66\306\340\021\277|eB\254A\2754>&\326@\346\033\014\336"
 143      11BF7C65 
 143      42AC41BD 
 143      343E26D6 
 143      40E61B0C 
 144 0685 664B3A72 		.ascii	"fK:r\372&+5\323h\371\017.\325\221\360"
 144      FA262B35 
 144      D368F90F 
 144      2ED591F0 
 145              		.text
 146              		.section	.gnu.lto_.symtab.9f81da7223804087,"",%progbits
 147 0000 7365745F 		.ascii	"set_status\000"
 147      73746174 
 147      757300
 148 000b 00       		.ascii	"\000"
 149 000c 00       		.ascii	"\000"
 150 000d 00       		.ascii	"\000"
 151 000e 00000000 		.ascii	"\000\000\000\000\000\000\000\000"
 151      00000000 
 152 0016 C4000000 		.ascii	"\304\000\000\000"
 153              		.text
 154              		.section	.gnu.lto_.opts,"",%progbits
 155 0000 272D666D 		.ascii	"'-fmath-errno' '-fsigned-zeros' '-ftrapping-math' '"
 155      6174682D 
 155      6572726E 
 155      6F272027 
 155      2D667369 
 156 0033 2D666E6F 		.ascii	"-fno-trapv' '-fno-strict-overflow' '-fno-openmp' '-"
 156      2D747261 
 156      70762720 
 156      272D666E 
 156      6F2D7374 
 157 0066 666E6F2D 		.ascii	"fno-openacc' '-mcpu=cortex-m4' '-mfloat-abi=hard' '"
ARM GAS  /tmp/ccYrhfD7.s 			page 12


 157      6F70656E 
 157      61636327 
 157      20272D6D 
 157      6370753D 
 158 0099 2D6D6670 		.ascii	"-mfpu=fpv4-sp-d16' '-mno-thumb-interwork' '-mthumb'"
 158      753D6670 
 158      76342D73 
 158      702D6431 
 158      36272027 
 159 00cc 20272D4F 		.ascii	" '-O0' '-Werror' '-fomit-frame-pointer' '-falign-fu"
 159      30272027 
 159      2D576572 
 159      726F7227 
 159      20272D66 
 160 00ff 6E637469 		.ascii	"nctions=16' '-ffunction-sections' '-fdata-sections'"
 160      6F6E733D 
 160      31362720 
 160      272D6666 
 160      756E6374 
 161 0132 20272D66 		.ascii	" '-fno-common' '-flto' '-fsingle-precision-constant"
 161      6E6F2D63 
 161      6F6D6D6F 
 161      6E272027 
 161      2D666C74 
 162 0165 2700     		.ascii	"'\000"
 163              		.text
 164              		.comm	__gnu_lto_v1,1,1
 165              		.comm	__gnu_lto_slim,1,1
 166              		.ident	"GCC: (GNU Tools for Arm Embedded Processors 7-2017-q4-major) 7.2.1 20170904 (release) [ARM
ARM GAS  /tmp/ccYrhfD7.s 			page 13


DEFINED SYMBOLS
                            *ABS*:0000000000000000 status.c
                            *COM*:0000000000000001 __gnu_lto_v1
                            *COM*:0000000000000001 __gnu_lto_slim

NO UNDEFINED SYMBOLS
